2014-12-04T22:39:02.022927277Z cache,rss,rss_huge,mapped_file,writeback,swap,pgpgin,pgpgout,pgfault,pgmajfault,inactive_anon,active_anon,inactive_file,active_file,unevictable,hierarchical_memory_limit,hierarchical_memsw_limit,total_cache,total_rss,total_rss_huge,total_mapped_file,total_writeback,total_swap,total_pgpgin,total_pgpgout,total_pgfault,total_pgmajfault,total_inactive_anon,total_active_anon,total_inactive_file,total_active_file,total_unevictable
2014-12-04T22:39:02.026181135Z 102400,83623936,67108864,32768,0,0,5566,1477,7517,0,16384,83656704,40960,0,0,18446744073709551615,18446744073709551615,102400,83623936,67108864,32768,0,0,5566,1477,7517,0,16384,83656704,40960,0,0
[2014-12-04T22:39:03.030007475Z] 102400,118394880,98566144,32768,0,0,6953,2040,8962,0,12288,118444032,40960,0,0,18446744073709551615,18446744073709551615,102400,118394880,98566144,32768,0,0,6953,2040,8962,0,12288,118444032,40960,0,0
[2014-12-04T22:39:04.036048738Z] 102400,118394880,98566144,32768,0,0,6953,2040,8962,0,12288,118444032,40960,0,0,18446744073709551615,18446744073709551615,102400,118394880,98566144,32768,0,0,6953,2040,8962,0,12288,118444032,40960,0,0
[2014-12-04T22:39:05.042694772Z] 102400,118394880,98566144,32768,0,0,6953,2040,8962,0,12288,118444032,40960,0,0,18446744073709551615,18446744073709551615,102400,118394880,98566144,32768,0,0,6953,2040,8962,0,12288,118444032,40960,0,0
[2014-12-04T22:39:06.047360958Z] 102400,118394880,98566144,32768,0,0,6953,2040,8962,0,12288,118444032,40960,0,0,18446744073709551615,18446744073709551615,102400,118394880,98566144,32768,0,0,6953,2040,8962,0,12288,118444032,40960,0,0
[2014-12-04T22:39:07.054007540Z] 102400,117723136,98566144,32768,0,0,6953,2204,8962,0,12288,117772288,40960,0,0,18446744073709551615,18446744073709551615,102400,117723136,98566144,32768,0,0,6953,2204,8962,0,12288,117772288,40960,0,0
[2014-12-04T22:39:08.060332404Z] 102400,129048576,109051904,32768,0,0,7163,2204,9174,0,12288,129097728,40960,0,0,18446744073709551615,18446744073709551615,102400,129048576,109051904,32768,0,0,7163,2204,9174,0,12288,129097728,40960,0,0
[2014-12-04T22:39:09.066513245Z] 102400,129060864,109051904,32768,0,0,7166,2204,9179,0,12288,129110016,40960,0,0,18446744073709551615,18446744073709551615,102400,129060864,109051904,32768,0,0,7166,2204,9179,0,12288,129110016,40960,0,0
[2014-12-04T22:39:10.071945613Z] 102400,129060864,109051904,32768,0,0,7166,2204,9179,0,12288,129110016,40960,0,0,18446744073709551615,18446744073709551615,102400,129060864,109051904,32768,0,0,7166,2204,9179,0,12288,129110016,40960,0,0
[2014-12-04T22:39:11.082554973Z] 102400,131158016,111149056,32768,0,0,7167,2204,9180,0,12288,131207168,40960,0,0,18446744073709551615,18446744073709551615,102400,131158016,111149056,32768,0,0,7167,2204,9180,0,12288,131207168,40960,0,0
[2014-12-04T22:39:12.087013929Z] 102400,131158016,111149056,32768,0,0,7167,2204,9180,0,12288,131207168,40960,0,0,18446744073709551615,18446744073709551615,102400,131158016,111149056,32768,0,0,7167,2204,9180,0,12288,131207168,40960,0,0
[2014-12-04T22:39:13.092842986Z] 102400,131158016,111149056,32768,0,0,7167,2204,9183,0,12288,131207168,40960,0,0,18446744073709551615,18446744073709551615,102400,131158016,111149056,32768,0,0,7167,2204,9183,0,12288,131207168,40960,0,0
[2014-12-04T22:39:14.101389891Z] 102400,131158016,111149056,32768,0,0,7167,2204,9183,0,12288,131207168,40960,0,0,18446744073709551615,18446744073709551615,102400,131158016,111149056,32768,0,0,7167,2204,9183,0,12288,131207168,40960,0,0
[2014-12-04T22:39:15.110024022Z] 888832,216006656,138412032,327680,4096,0,24064,4837,32602,0,303104,216088576,290816,212992,0,18446744073709551615,18446744073709551615,888832,216006656,138412032,327680,4096,0,24064,4837,32602,0,303104,216088576,290816,212992,0
[2014-12-04T22:39:16.127355775Z] 3178496,277106688,134217728,2326528,0,0,46235,11021,62411,0,2306048,277192704,446464,327680,0,18446744073709551615,18446744073709551615,3178496,277106688,134217728,2326528,0,0,46235,11021,62411,0,2306048,277192704,446464,327680,0
[2014-12-04T22:39:17.143673071Z] 4599808,399904768,146800640,2789376,4096,0,79503,18047,108825,0,2539520,399974400,1052672,897024,0,18446744073709551615,18446744073709551615,4599808,399937536,146800640,2789376,4096,0,79510,18047,108832,0,2539520,399974400,1052672,897024,0
[2014-12-04T22:39:18.150314435Z] 9117696,495026176,153092096,4943872,0,0,122684,39460,161618,0,5197824,495099904,2318336,1474560,0,18446744073709551615,18446744073709551615,9117696,495022080,153092096,4943872,0,0,122684,39461,161618,0,5197824,495095808,2318336,1474560,0
[2014-12-04T22:39:19.167873575Z] 32178176,590368768,171966464,27004928,0,0,161229,54208,204564,0,26017792,590499840,4083712,1884160,0,18446744073709551615,18446744073709551615,32178176,590368768,171966464,27004928,0,0,161229,54208,204564,0,26017792,590499840,4083712,1884160,0
[2014-12-04T22:39:20.210690425Z] 7122944,505667584,167772160,2826240,0,0,185804,106601,229892,0,2084864,505765888,3289088,1617920,0,18446744073709551615,18446744073709551615,7122944,505667584,167772160,2826240,0,0,185804,106601,229892,0,2084864,505765888,3289088,1617920,0
[2014-12-04T22:39:21.243331629Z] 31821824,531324928,167772160,25673728,0,0,207325,115828,253149,0,25030656,531460096,5021696,1634304,0,18446744073709551615,18446744073709551615,31821824,531324928,167772160,25673728,0,0,207325,115828,253149,0,25030656,531460096,5021696,1634304,0
[2014-12-04T22:39:22.238651516Z] 45518848,562442240,161480704,37523456,4096,0,231123,127152,280718,0,37011456,562577408,6569984,1802240,0,18446744073709551615,18446744073709551615,45518848,562442240,161480704,37523456,4096,0,231123,127152,280718,0,37011456,562577408,6569984,1802240,0
[2014-12-04T22:39:23.251656527Z] 52551680,562155520,159383552,45744128,0,0,258406,152788,310668,0,45232128,562270208,5632000,1548288,0,18446744073709551615,18446744073709551615,52551680,562155520,159383552,45744128,0,0,258406,152788,310668,0,45232128,562270208,5632000,1548288,0
[2014-12-04T22:39:24.532109589Z] 48721920,468623360,165675008,43540480,0,0,288908,212170,342071,0,42790912,468713472,4493312,1302528,0,18446744073709551615,18446744073709551615,48721920,468623360,165675008,43540480,0,0,288908,212170,342071,0,42790912,468713472,4493312,1302528,0
[2014-12-04T22:39:25.305140009Z] 3805184,282886144,138412032,1150976,0,0,318380,291822,376433,0,1507328,283017216,1499136,667648,0,18446744073709551615,18446744073709551615,3805184,282886144,138412032,1150976,0,0,318380,291822,376433,0,1507328,283017216,1499136,667648,0
[2014-12-04T22:39:26.314801066Z] 18513920,349036544,140509184,15552512,0,0,345756,300990,409054,0,15233024,349130752,2322432,819200,0,18446744073709551615,18446744073709551615,18513920,349036544,140509184,15552512,0,0,345756,300990,409054,0,15233024,349130752,2322432,819200,0
[2014-12-04T22:39:27.387533576Z] 2277376,281698304,140509184,856064,0,0,366085,343767,433770,0,602112,281833472,811008,729088,0,18446744073709551615,18446744073709551615,2277376,281702400,140509184,856064,0,0,366086,343767,433770,0,602112,281833472,811008,729088,0
[2014-12-04T22:39:28.386998126Z] 3219456,336658432,138412032,1236992,0,0,383853,348398,456844,0,999424,336793600,1232896,827392,0,18446744073709551615,18446744073709551615,3219456,336658432,138412032,1236992,0,0,383853,348398,456844,0,999424,336793600,1232896,827392,0
[2014-12-04T22:39:29.409313366Z] 5533696,386129920,140509184,2064384,4096,0,401858,354271,479626,0,2293760,386269184,2035712,1064960,0,18446744073709551615,18446744073709551615,5533696,386129920,140509184,2064384,4096,0,401858,354271,479626,0,2293760,386269184,2035712,1064960,0
[2014-12-04T22:39:30.825693591Z] 6459392,439590912,150994944,2859008,0,0,418466,360667,501277,0,2371584,439656448,2740224,1208320,0,18446744073709551615,18446744073709551615,6459392,439590912,150994944,2859008,0,0,418466,360667,501277,0,2371584,439656448,2740224,1208320,0
[2014-12-04T22:39:31.435680758Z] 18837504,474783744,144703488,13381632,0,0,442093,372169,529438,0,13512704,474898432,3772416,1409024,0,18446744073709551615,18446744073709551615,18837504,474783744,144703488,13381632,0,0,442093,372169,529438,0,13512704,474898432,3772416,1409024,0
[2014-12-04T22:39:32.505476152Z] 28577792,548741120,159383552,22536192,0,0,470672,384402,560828,0,21741568,548864000,4837376,1843200,0,18446744073709551615,18446744073709551615,28577792,548741120,159383552,22536192,0,0,470672,384402,560828,0,21741568,548864000,4837376,1843200,0
[2014-12-04T22:39:33.735826571Z] 48078848,520781824,171966464,30511104,4096,0,496595,416478,590310,0,35315712,529674240,3805184,1605632,0,18446744073709551615,18446744073709551615,48078848,520790016,171966464,30511104,4096,0,496597,416478,590312,0,35315712,529674240,3805184,1605632,0
[2014-12-04T22:39:34.592981018Z] 18833408,411795456,150994944,14770176,0,0,518643,468697,614335,0,14123008,411951104,3153920,1396736,0,18446744073709551615,18446744073709551615,18833408,411795456,150994944,14770176,0,0,518643,468697,614335,0,14123008,411951104,3153920,1396736,0
[2014-12-04T22:39:35.899804746Z] 26550272,391462912,148897792,14331904,0,0,545444,498578,646612,0,21311488,391700480,3272704,1679360,0,18446744073709551615,18446744073709551615,26550272,391462912,148897792,14331904,0,0,545444,498578,646616,0,21311488,391700480,3272704,1679360,0
[2014-12-04T22:39:36.629589732Z] 17715200,411758592,144703488,14082048,0,0,567746,517060,672778,0,13697024,411832320,2580480,1269760,0,18446744073709551615,18446744073709551615,17715200,411758592,144703488,14082048,0,0,567746,517060,672778,0,13697024,411832320,2580480,1269760,0
[2014-12-04T22:39:37.678694336Z] 35553280,498806784,155189248,30363648,4096,0,598531,525815,709368,0,30019584,498970624,3878912,1482752,0,18446744073709551615,18446744073709551615,35553280,498806784,155189248,30363648,4096,0,598531,525815,709368,0,30019584,498970624,3878912,1482752,0
[2014-12-04T22:39:38.694224172Z] 44474368,557383680,153092096,38825984,4096,0,623998,536336,739478,0,38207488,557563904,4456448,1630208,0,18446744073709551615,18446744073709551615,44474368,557383680,153092096,38825984,4096,0,623998,536336,739478,0,38207488,557563904,4456448,1630208,0
[2014-12-04T22:39:39.716118623Z] 75030528,510812160,167772160,55885824,0,0,646449,568318,764152,0,67760128,510922752,4866048,2224128,0,18446744073709551615,18446744073709551615,75030528,510812160,167772160,55885824,0,0,646449,568318,764152,0,67760128,510922752,4866048,2224128,0
[2014-12-04T22:39:40.780831463Z] 6402048,334503936,148897792,1417216,0,0,655320,633922,773639,0,851968,334675968,3543040,1835008,0,18446744073709551615,18446744073709551615,6402048,334503936,148897792,1417216,0,0,655320,633922,773639,0,851968,334675968,3543040,1835008,0
[2014-12-04T22:39:41.759052443Z] 26169344,380391424,144703488,18395136,0,0,686301,647852,807956,0,18329600,380559360,5734400,1933312,0,18446744073709551615,18446744073709551615,26169344,380391424,144703488,18395136,0,0,686301,647852,807957,0,18329600,380559360,5734400,1933312,0
[2014-12-04T22:39:43.047796392Z] 4042752,235249664,136314880,327680,0,0,706848,707192,833047,0,303104,235417600,2170880,1400832,0,18446744073709551615,18446744073709551615,4042752,235249664,136314880,327680,0,0,706848,707192,833047,0,303104,235417600,2170880,1400832,0
[2014-12-04T22:39:44.359314356Z] 5062656,246669312,142606336,860160,0,0,711186,710537,837695,0,667648,246824960,2719744,1507328,0,18446744073709551615,18446744073709551615,5062656,246669312,142606336,860160,0,0,711186,710537,837695,0,667648,246824960,2719744,1507328,0
[2014-12-04T22:39:44.871301117Z] 17444864,271843328,138412032,12587008,0,0,729142,718302,858431,0,12333056,271990784,3391488,1544192,0,18446744073709551615,18446744073709551615,17444864,271843328,138412032,12587008,0,0,729142,718302,858431,0,12333056,271990784,3391488,1544192,0
[2014-12-04T22:39:45.877496132Z] 24797184,336580608,148897792,19193856,0,0,747838,722464,882170,0,18898944,336760832,4001792,1716224,0,18446744073709551615,18446744073709551615,24797184,336580608,148897792,19193856,0,0,747838,722464,882170,0,18898944,336760832,4001792,1716224,0
[2014-12-04T22:39:46.896608057Z] 4685824,281722880,138412032,622592,0,0,767342,757716,907647,0,602112,281870336,2297856,1605632,0,18446744073709551615,18446744073709551615,4685824,281722880,138412032,622592,0,0,767342,757716,907648,0,602112,281870336,2297856,1605632,0
[2014-12-04T22:39:48.245590161Z] 6361088,362029056,157286400,1646592,40960,0,790703,766171,936888,0,1286144,362184704,2961408,1921024,0,18446744073709551615,18446744073709551615,6361088,362033152,157286400,1646592,40960,0,790703,766171,936889,0,1286144,362184704,2961408,1921024,0
[2014-12-04T22:39:48.914562561Z] 16265216,414490624,163577856,10403840,0,0,815530,777817,965712,0,9977856,414613504,3952640,2138112,0,18446744073709551615,18446744073709551615,16265216,414494720,163577856,10403840,0,0,815531,777817,965713,0,9977856,414613504,3952640,2138112,0
[2014-12-04T22:39:49.923333198Z] 43278336,461156352,167772160,35000320,4096,0,844731,792607,995383,0,34668544,461303808,6197248,2211840,0,18446744073709551615,18446744073709551615,43278336,461156352,167772160,35000320,4096,0,844731,792607,995383,0,34668544,461303808,6197248,2211840,0
[2014-12-04T22:39:51.262277419Z] 64659456,486862848,171966464,56528896,0,0,862505,800929,1014017,0,55619584,487022592,6533120,2306048,0,18446744073709551615,18446744073709551615,64659456,486871040,171966464,56528896,0,0,862507,800929,1014018,0,55619584,487022592,6533120,2306048,0
[2014-12-04T22:39:51.949578870Z] 15278080,268439552,146800640,9678848,0,0,878741,878970,1030643,0,9715712,268636160,3821568,1544192,0,18446744073709551615,18446744073709551615,15278080,268439552,146800640,9678848,0,0,878741,878970,1030643,0,9715712,268636160,3821568,1544192,0
[2014-12-04T22:39:52.977428128Z] 18837504,278482944,150994944,13123584,4096,0,893558,891488,1051310,0,13099008,278675456,3612672,1929216,0,18446744073709551615,18446744073709551615,18837504,278482944,150994944,13123584,4096,0,893558,891488,1051310,0,13099008,278675456,3612672,1929216,0
[2014-12-04T22:39:53.998746596Z] 4718592,281468928,142606336,622592,4096,0,917482,916597,1083119,0,602112,281649152,2306048,1613824,0,18446744073709551615,18446744073709551615,4718592,281468928,142606336,622592,4096,0,917482,916597,1083119,0,602112,281649152,2306048,1613824,0
[2014-12-04T22:39:55.442409813Z] 8052736,363769856,146800640,3022848,4096,0,948028,928280,1121629,0,2723840,372129792,3076096,2052096,0,18446744073709551615,18446744073709551615,8052736,363769856,146800640,3022848,4096,0,948028,928280,1121629,0,2723840,372129792,3076096,2052096,0
[2014-12-04T22:39:56.022811961Z] 9424896,409923584,150994944,3461120,8192,0,964626,935319,1141340,0,3215360,410062848,3805184,2199552,0,18446744073709551615,18446744073709551615,9424896,409923584,150994944,3461120,8192,0,964626,935319,1141340,0,3215360,410062848,3805184,2199552,0
[2014-12-04T22:39:57.676876710Z] 21905408,421793792,155189248,13295616,0,0,984284,950565,1161027,0,13668352,421990400,5722112,2310144,0,18446744073709551615,18446744073709551615,21905408,421793792,155189248,13295616,0,0,984284,950565,1161027,0,13668352,421990400,5722112,2310144,0
[2014-12-04T22:39:58.216846273Z] 50397184,363167744,153092096,10297344,0,0,1009997,984657,1187018,0,20574208,387117056,6332416,2281472,0,18446744073709551615,18446744073709551615,50397184,363167744,153092096,10297344,0,0,1009997,984657,1187018,0,20574208,387117056,6332416,2281472,0
[2014-12-04T22:39:59.498514092Z] 17149952,258252800,142606336,12316672,0,0,1026130,1032477,1203722,0,11993088,258428928,3362816,1597440,0,18446744073709551615,18446744073709551615,17149952,258252800,142606336,12316672,0,0,1026130,1032477,1203722,0,11993088,258428928,3362816,1597440,0
[2014-12-04T22:40:00.342785366Z] 26095616,226258944,140509184,491520,0,0,1050879,1063364,1234869,0,14258176,239513600,1978368,1351680,0,18446744073709551615,18446744073709551615,26095616,226258944,140509184,491520,0,0,1050879,1063364,1234869,0,14258176,239513600,1978368,1351680,0
[2014-12-04T22:40:01.134541414Z] 6598656,297680896,142606336,2457600,0,0,1077553,1079405,1269175,0,2433024,297877504,2301952,1667072,0,18446744073709551615,18446744073709551615,6598656,297680896,142606336,2457600,0,0,1077553,1079405,1269175,0,2433024,297877504,2301952,1667072,0
[2014-12-04T22:40:02.111883397Z] 7368704,355291136,157286400,2789376,0,0,1094805,1085981,1291816,0,2592768,355434496,2719744,1855488,0,18446744073709551615,18446744073709551615,7368704,355291136,157286400,2789376,0,0,1094805,1085981,1291816,0,2592768,355434496,2719744,1855488,0
[2014-12-04T22:40:03.130868938Z] 13619200,402448384,161480704,6774784,0,0,1117797,1097978,1318312,0,7143424,402640896,4132864,2134016,0,18446744073709551615,18446744073709551615,13619200,402448384,161480704,6774784,0,0,1117797,1097978,1318312,0,7143424,402640896,4132864,2134016,0
[2014-12-04T22:40:04.150262043Z] 19918848,432447488,157286400,12959744,0,0,1137609,1107906,1339505,0,12333056,432619520,5115904,2265088,0,18446744073709551615,18446744073709551615,19918848,432447488,157286400,12959744,0,0,1137609,1107906,1339505,0,12333056,432619520,5115904,2265088,0
[2014-12-04T22:40:05.173074131Z] 38428672,358551552,157286400,14344192,0,0,1156982,1142334,1359102,0,26947584,363687936,4362240,1953792,0,18446744073709551615,18446744073709551615,38428672,358551552,157286400,14344192,0,0,1156982,1142334,1359102,0,26947584,363687936,4362240,1953792,0
[2014-12-04T22:40:06.232414908Z] 48398336,387379200,165675008,40763392,0,0,1182579,1162036,1385042,0,40493056,387567616,5726208,1978368,0,18446744073709551615,18446744073709551615,48398336,387379200,165675008,40763392,0,0,1182579,1162036,1385042,0,40493056,387567616,5726208,1978368,0
[2014-12-04T22:40:07.218530018Z] 23224320,329490432,153092096,17645568,0,0,1201124,1200349,1408460,0,17326080,329678848,3952640,1748992,0,18446744073709551615,18446744073709551615,23224320,329490432,153092096,17645568,0,0,1201124,1200349,1408460,0,17326080,329678848,3952640,1748992,0
[2014-12-04T22:40:08.239391487Z] 4730880,278253568,140509184,593920,0,0,1227610,1243859,1442786,0,466944,278450176,2453504,1613824,0,18446744073709551615,18446744073709551615,4730880,278253568,140509184,593920,0,0,1227610,1243859,1442786,0,466944,278450176,2453504,1613824,0
[2014-12-04T22:40:09.443718919Z] 7671808,351358976,148897792,3031040,0,0,1250198,1250947,1472734,0,2768896,351547392,2850816,1851392,0,18446744073709551615,18446744073709551615,7671808,351358976,148897792,3031040,0,0,1250198,1250947,1472734,0,2768896,351547392,2850816,1851392,0
[2014-12-04T22:40:10.269115798Z] 10002432,391659520,153092096,3428352,4096,0,1268593,1259956,1494589,0,3760128,391864320,3948544,2088960,0,18446744073709551615,18446744073709551615,10002432,391659520,153092096,3428352,4096,0,1268593,1259956,1494589,0,3760128,391864320,3948544,2088960,0
[2014-12-04T22:40:11.297339376Z] 17481728,422473728,153092096,12845056,0,0,1289000,1272547,1516501,0,12136448,422645760,3465216,1675264,0,18446744073709551615,18446744073709551615,17481728,422473728,153092096,12845056,0,0,1289001,1272547,1516502,0,12136448,422645760,3465216,1675264,0
[2014-12-04T22:40:12.311472840Z] 36642816,352436224,155189248,20209664,0,0,1308016,1305517,1535672,0,30547968,352677888,3883008,1953792,0,18446744073709551615,18446744073709551615,36642816,352436224,155189248,20029440,0,0,1308016,1305517,1535672,0,30547968,352677888,3883008,1953792,0
[2014-12-04T22:40:13.331420064Z] 25272320,363593728,157286400,21483520,0,0,1324316,1323402,1552601,0,21069824,363757568,2629632,1372160,0,18446744073709551615,18446744073709551615,25272320,363597824,157286400,21483520,0,0,1324317,1323402,1552601,0,21069824,363757568,2629632,1372160,0
[2014-12-04T22:40:14.539741364Z] 10641408,322342912,144703488,7876608,0,0,1354563,1365759,1590738,0,7565312,322502656,1761280,1110016,0,18446744073709551615,18446744073709551615,10641408,322342912,144703488,7876608,0,0,1354563,1365759,1590738,0,7565312,322502656,1761280,1110016,0
[2014-12-04T22:40:15.360285842Z] 24899584,417632256,165675008,20811776,12288,0,1386596,1378201,1630321,0,20504576,417771520,2699264,1490944,0,18446744073709551615,18446744073709551615,24899584,417632256,165675008,20811776,12288,0,1386596,1378201,1630321,0,20504576,417771520,2699264,1490944,0
[2014-12-04T22:40:16.506562530Z] 5795840,370692096,150994944,3018752,0,0,1410340,1414492,1660820,0,2723840,370892800,1449984,1421312,0,18446744073709551615,18446744073709551615,5795840,370692096,150994944,3018752,0,0,1410340,1414492,1660820,0,2723840,370892800,1449984,1421312,0
[2014-12-04T22:40:17.383745556Z] 5570560,453492736,159383552,2158592,0,0,1437420,1424477,1695711,0,1523712,453656576,2093056,1748992,0,18446744073709551615,18446744073709551615,5570560,453513216,159383552,2158592,0,0,1437424,1424477,1695716,0,1523712,453713920,2093056,1748992,0
[2014-12-04T22:40:18.651253097Z] 19259392,480694272,161480704,14102528,0,0,1458613,1436199,1719696,0,13860864,480903168,3235840,1953792,0,18446744073709551615,18446744073709551615,19259392,480694272,161480704,14102528,0,0,1458613,1436199,1719696,0,13860864,480903168,3235840,1953792,0
[2014-12-04T22:40:19.413157732Z] 38305792,523522048,163577856,32051200,0,0,1481490,1445503,1743453,0,31490048,523673600,4575232,2031616,0,18446744073709551615,18446744073709551615,38305792,523522048,163577856,32051200,0,0,1481490,1445503,1743453,0,31490048,523673600,4575232,2031616,0
[2014-12-04T22:40:20.443987863Z] 51474432,551059456,169869312,44535808,0,0,1502545,1459175,1764859,0,43565056,551231488,5603328,2097152,0,18446744073709551615,18446744073709551615,51474432,551059456,169869312,44535808,0,0,1502545,1459175,1764859,0,43565056,551231488,5603328,2097152,0
[2014-12-04T22:40:21.469459483Z] 32231424,469041152,169869312,25100288,0,0,1520745,1502608,1783076,0,24829952,469245952,5410816,1748992,0,18446744073709551615,18446744073709551615,32231424,469041152,169869312,25100288,0,0,1520745,1502608,1783076,0,24829952,469245952,5410816,1748992,0
[2014-12-04T22:40:22.875257526Z] 29798400,311111680,157286400,26693632,0,0,1553622,1574636,1819492,0,26370048,311271424,2203648,1028096,0,18446744073709551615,18446744073709551615,29798400,311111680,157286400,26693632,0,0,1553622,1574636,1819492,0,26370048,311271424,2203648,1028096,0
[2014-12-04T22:40:23.498584779Z] 1912832,273158144,142606336,491520,0,0,1581553,1616086,1856993,0,466944,273354752,434176,815104,0,18446744073709551615,18446744073709551615,1912832,273158144,142606336,491520,0,0,1581553,1616086,1856993,0,466944,273354752,434176,815104,0
[2014-12-04T22:40:24.509984291Z] 5750784,430280704,150994944,3309568,4096,0,1632773,1630563,1926348,0,3051520,430366720,1110016,1388544,0,18446744073709551615,18446744073709551615,5750784,430288896,150994944,3309568,4096,0,1632776,1630563,1926350,0,3051520,430415872,1110016,1388544,0
[2014-12-04T22:40:25.743939611Z] 6737920,483864576,159383552,3416064,0,0,1652921,1639944,1950785,0,2932736,481906688,1884160,1716224,0,18446744073709551615,18446744073709551615,6737920,483864576,159383552,3416064,0,0,1652921,1639944,1950785,0,2932736,481906688,1884160,1716224,0
[2014-12-04T22:40:26.551454238Z] 10711040,554717184,159383552,6144000,0,0,1683161,1652425,1986736,0,5615616,554876928,2924544,1957888,0,18446744073709551615,18446744073709551615,10711040,554741760,159383552,6144000,0,0,1683166,1652425,1986741,0,5615616,554934272,2924544,1957888,0
[2014-12-04T22:40:27.575594968Z] 32407552,592572416,159383552,25927680,0,0,1708814,1663541,2012825,0,25104384,592703488,4915200,2174976,0,18446744073709551615,18446744073709551615,32407552,592572416,159383552,25927680,0,0,1708814,1663541,2012825,0,25104384,592703488,4915200,2174976,0
[2014-12-04T22:40:28.591577467Z] 30105600,472834048,171966464,24666112,0,0,1730893,1720014,2035223,0,23879680,473034752,3862528,2154496,0,18446744073709551615,18446744073709551615,30105600,472834048,171966464,24666112,0,0,1730893,1720014,2035223,0,23879680,473034752,3862528,2154496,0
[2014-12-04T22:40:29.610378645Z] 8609792,453058560,161480704,3780608,0,0,1758840,1755482,2065138,0,3072000,453238784,3756032,1572864,0,18446744073709551615,18446744073709551615,8609792,453058560,161480704,3780608,0,0,1758840,1755482,2065138,0,3072000,453238784,3756032,1572864,0
[2014-12-04T22:40:30.865164072Z] 56336384,542552064,159383552,49975296,0,0,1804565,1767195,2117574,0,49364992,542662656,4997120,1769472,0,18446744073709551615,18446744073709551615,56336384,542552064,159383552,49975296,0,0,1804565,1767195,2117574,0,49364992,542662656,4997120,1769472,0
[2014-12-04T22:40:31.625299320Z] 35172352,295735296,161480704,31338496,0,0,1828245,1859366,2145563,0,31313920,295952384,2203648,1458176,0,18446744073709551615,18446744073709551615,35172352,295735296,161480704,31338496,0,0,1828245,1859366,2145563,0,31313920,295952384,2203648,1458176,0
[2014-12-04T22:40:33.003394258Z] 2293760,254590976,146800640,495616,0,0,1838549,1884165,2158069,0,303104,254754816,802816,991232,0,18446744073709551615,18446744073709551615,2293760,254590976,146800640,495616,0,0,1838549,1884165,2158069,0,303104,254754816,802816,991232,0
[2014-12-04T22:40:33.686044596Z] 3653632,298672128,148897792,1101824,0,0,1857114,1892658,2181631,0,950272,298868736,1331200,1175552,0,18446744073709551615,18446744073709551615,3653632,298672128,148897792,1101824,0,0,1857114,1892658,2181631,0,950272,298868736,1331200,1175552,0
[2014-12-04T22:40:34.724509290Z] 17727488,341676032,148897792,14450688,0,0,1879585,1901705,2206998,0,14274560,341872640,1974272,1269760,0,18446744073709551615,18446744073709551615,17727488,341676032,148897792,14450688,0,0,1879585,1901705,2206998,0,14274560,341872640,1974272,1269760,0
[2014-12-04T22:40:35.752105078Z] 2416640,255172608,148897792,598016,0,0,1891300,1940832,2218814,0,405504,255369216,806912,1007616,0,18446744073709551615,18446744073709551615,2416640,255172608,148897792,598016,0,0,1891300,1940832,2218814,0,405504,255369216,806912,1007616,0
[2014-12-04T22:40:36.842188662Z] 14581760,274870272,148897792,11988992,0,0,1906690,1948443,2235921,0,11743232,275263488,1626112,1015808,0,18446744073709551615,18446744073709551615,14581760,274874368,148897792,11988992,0,0,1906691,1948443,2235921,0,11743232,275247104,1626112,1015808,0
[2014-12-04T22:40:37.817721040Z] 15757312,330641408,153092096,12828672,0,0,1923741,1952613,2257555,0,12505088,330780672,1884160,1171456,0,18446744073709551615,18446744073709551615,15757312,330641408,153092096,12828672,0,0,1923741,1952613,2257555,0,12505088,330780672,1884160,1171456,0
[2014-12-04T22:40:38.989631131Z] 35811328,372551680,157286400,32452608,0,0,1941098,1957908,2277217,0,32022528,372752384,2256896,1331200,0,18446744073709551615,18446744073709551615,35811328,372551680,157286400,32452608,0,0,1941098,1957908,2277217,0,32022528,372752384,2256896,1331200,0
[2014-12-04T22:40:39.853148720Z] 37724160,378433536,159383552,34152448,0,0,1946879,1962808,2283241,0,33546240,378617856,2580480,1384448,0,18446744073709551615,18446744073709551615,37724160,378433536,159383552,34152448,0,0,1946879,1962808,2283241,0,33546240,378617856,2580480,1384448,0
[2014-12-04T22:40:40.880799315Z] 19677184,283648000,150994944,17141760,8192,0,1964239,2006182,2300653,0,16850944,283795456,1605632,1024000,0,18446744073709551615,18446744073709551615,19677184,283648000,150994944,17141760,8192,0,1964239,2006182,2300653,0,16850944,283795456,1605632,1024000,0
[2014-12-04T22:40:42.443877991Z] 1351680,200228864,142606336,196608,0,0,1978023,2044295,2319060,0,176128,200376320,307200,671744,0,18446744073709551615,18446744073709551615,1351680,200228864,142606336,196608,0,0,1978023,2044295,2319060,0,176128,200376320,307200,671744,0
[2014-12-04T22:40:42.933352276Z] 2490368,272736256,150994944,724992,0,0,2002013,2052349,2351198,0,466944,272941056,815104,1003520,0,18446744073709551615,18446744073709551615,2490368,272736256,150994944,724992,0,0,2002013,2052349,2351198,0,466944,272941056,815104,1003520,0
[2014-12-04T22:40:44.156560161Z] 5615616,334798848,153092096,3031040,0,0,2024474,2059917,2378963,0,2600960,334999552,1499136,1306624,0,18446744073709551615,18446744073709551615,5615616,334798848,153092096,3031040,0,0,2024474,2059917,2378963,0,2600960,334999552,1499136,1306624,0
[2014-12-04T22:40:44.958589398Z] 23814144,343949312,153092096,20598784,0,0,2035218,2064495,2389949,0,20103168,344141824,2138112,1363968,0,18446744073709551615,18446744073709551615,23814144,343949312,153092096,20598784,0,0,2035218,2064495,2389949,0,20103168,344141824,2138112,1363968,0
[2014-12-04T22:40:45.981865144Z] 51048448,378474496,161480704,46350336,0,0,2061764,2078518,2416796,0,45957120,378613760,3506176,1376256,0,18446744073709551615,18446744073709551615,51048448,378474496,161480704,46350336,0,0,2061764,2078518,2416796,0,45957120,378613760,3506176,1376256,0
[2014-12-04T22:40:46.998461998Z] 63631360,412368896,165675008,58494976,0,0,2078498,2088504,2433707,0,57896960,412577792,4124672,1400832,0,18446744073709551615,18446744073709551615,63631360,412368896,165675008,58494976,0,0,2078498,2088504,2433707,0,57896960,412577792,4124672,1400832,0
[2014-12-04T22:40:48.017405782Z] 1167360,177176576,142606336,32768,0,0,2080083,2157649,2436706,0,12288,177377280,290816,663552,0,18446744073709551615,18446744073709551615,1167360,177176576,142606336,32768,0,0,2080083,2157649,2436706,0,12288,177377280,290816,663552,0
[2014-12-04T22:40:49.567191330Z] 2043904,257630208,144703488,622592,0,0,2103791,2162012,2469681,0,602112,257806336,364544,876544,0,18446744073709551615,18446744073709551615,2043904,257630208,144703488,622592,0,0,2103791,2162012,2469681,0,602112,257806336,364544,876544,0
[2014-12-04T22:40:50.052294785Z] 6410240,323694592,148897792,4292608,0,0,2128284,2170843,2500862,0,4263936,323903488,774144,1163264,0,18446744073709551615,18446744073709551615,6410240,323694592,148897792,4292608,0,0,2128284,2170843,2500862,0,4263936,323903488,774144,1163264,0
[2014-12-04T22:40:51.076229837Z] 3497984,331288576,155189248,954368,0,0,2134802,2177751,2507902,0,593920,331485184,1323008,1372160,0,18446744073709551615,18446744073709551615,3497984,331288576,155189248,954368,0,0,2134802,2177751,2507902,0,593920,331485184,1323008,1372160,0
[2014-12-04T22:40:52.367089020Z] 5140480,346902528,155189248,1970176,0,0,2143361,2182097,2516597,0,1511424,347078656,2039808,1380352,0,18446744073709551615,18446744073709551615,5140480,346902528,155189248,1970176,0,0,2143361,2182097,2516597,0,1511424,347078656,2039808,1380352,0
[2014-12-04T22:40:53.102108366Z] 28209152,358326272,148897792,23814144,0,0,2166441,2195223,2539782,0,23216128,358526976,3375104,1409024,0,18446744073709551615,18446744073709551615,28209152,358326272,148897792,23814144,0,0,2166441,2195223,2539782,0,23216128,358526976,3375104,1409024,0
[2014-12-04T22:40:54.108956586Z] 65011712,291684352,157286400,34193408,0,0,2184971,2226148,2558602,0,53551104,306552832,1757184,1048576,0,18446744073709551615,18446744073709551615,65011712,291684352,157286400,34193408,0,0,2184971,2226148,2558602,0,53551104,306552832,1757184,1048576,0
[2014-12-04T22:40:55.161495232Z] 36884480,255954944,159383552,33402880,0,0,2186504,2243782,2560262,0,33378304,256905216,1982464,1318912,0,18446744073709551615,18446744073709551615,36884480,255954944,159383552,33402880,0,0,2186504,2243782,2560262,0,33378304,256864256,1982464,1318912,0
[2014-12-04T22:40:56.151640989Z] 2035712,235208704,148897792,327680,0,0,2204768,2274086,2586962,0,434176,235384832,540672,856064,0,18446744073709551615,18446744073709551615,2035712,235208704,148897792,327680,0,0,2204769,2274086,2586963,0,434176,235384832,540672,856064,0
[2014-12-04T22:40:57.276898094Z] 2830336,292564992,146800640,724992,4096,0,2223937,2278547,2613127,0,598016,292765696,925696,1101824,0,18446744073709551615,18446744073709551615,2830336,292564992,146800640,724992,4096,0,2223937,2278547,2613127,0,598016,292765696,925696,1101824,0
[2014-12-04T22:40:58.245041710Z] 3469312,321896448,150994944,1204224,0,0,2236056,2285393,2627644,0,888832,322105344,1105920,1265664,0,18446744073709551615,18446744073709551615,3469312,321896448,150994944,1204224,0,0,2236056,2285393,2627644,0,888832,322105344,1105920,1265664,0
[2014-12-04T22:40:59.258737615Z] 7782400,339058688,150994944,4448256,0,0,2245586,2289680,2637538,0,4243456,339230720,1986560,1335296,0,18446744073709551615,18446744073709551615,7782400,339058688,150994944,4448256,0,0,2245586,2289680,2637538,0,4243456,339230720,1986560,1335296,0
[2014-12-04T22:41:00.278926154Z] 17129472,356794368,153092096,13524992,0,0,2260352,2298345,2652536,0,12988416,356999168,2535424,1392640,0,18446744073709551615,18446744073709551615,17129472,356794368,153092096,13524992,0,0,2260352,2298345,2652536,0,12988416,356999168,2535424,1392640,0
[2014-12-04T22:41:01.392064275Z] 15110144,267771904,146800640,12550144,0,0,2279525,2339745,2672090,0,12259328,267976704,1617920,1028096,0,18446744073709551615,18446744073709551615,15110144,267771904,146800640,12550144,0,0,2279525,2339745,2672090,0,12259328,267976704,1617920,1028096,0
[2014-12-04T22:41:02.337868080Z] 38809600,288391168,153092096,36114432,0,0,2291101,2343056,2684769,0,35823616,288595968,1748992,1032192,0,18446744073709551615,18446744073709551615,38809600,288391168,153092096,36114432,0,0,2291101,2343056,2684769,0,35823616,288595968,1748992,1032192,0
[2014-12-04T22:41:03.350894316Z] 39444480,292675584,155189248,35688448,0,0,2308179,2359444,2706732,0,35672064,292864000,2084864,1482752,0,18446744073709551615,18446744073709551615,39444480,292675584,155189248,35688448,0,0,2308179,2359444,2706732,0,35672064,292864000,2084864,1482752,0
[2014-12-04T22:41:04.361379266Z] 2953216,305762304,150994944,790528,0,0,2342483,2399459,2751703,0,598016,305897472,954368,1196032,0,18446744073709551615,18446744073709551615,2953216,305790976,150994944,790528,0,0,2342487,2399459,2751707,0,598016,305897472,954368,1196032,0
[2014-12-04T22:41:05.462767805Z] 16834560,451465216,157286400,12058624,0,0,2394416,2414988,2815145,0,11874304,451624960,3063808,1683456,0,18446744073709551615,18446744073709551615,16834560,451469312,157286400,12058624,0,0,2394417,2414988,2815146,0,11874304,451624960,3063808,1683456,0
[2014-12-04T22:41:06.432501786Z] 30654464,521957376,161480704,25628672,0,0,2429822,2432366,2856399,0,24944640,522145792,3526656,1966080,0,18446744073709551615,18446744073709551615,30654464,521957376,161480704,25628672,0,0,2429822,2432366,2856399,0,24944640,522145792,3526656,1966080,0
[2014-12-04T22:41:07.474006390Z] 18481152,429350912,155189248,12976128,4096,0,2451180,2478283,2878269,0,13185024,429518848,3309568,1769472,0,18446744073709551615,18446744073709551615,18481152,429350912,155189248,12976128,4096,0,2451181,2478283,2878270,0,13185024,429518848,3309568,1769472,0
[2014-12-04T22:41:08.490435875Z] 17563648,399360000,153092096,12091392,0,0,2487401,2522050,2918920,0,12279808,399552512,3538944,1507328,0,18446744073709551615,18446744073709551615,17563648,399360000,153092096,12091392,0,0,2487401,2522050,2918921,0,12279808,399552512,3538944,1507328,0
[2014-12-04T22:41:09.646718895Z] 4329472,279306240,146800640,2428928,0,0,2537695,2608462,2976768,0,2301952,279498752,802816,1015808,0,18446744073709551615,18446744073709551615,4329472,279306240,146800640,2428928,0,0,2537695,2608462,2976768,0,2301952,279498752,802816,1015808,0
[2014-12-04T22:41:10.547257549Z] 8556544,357834752,157286400,4718592,0,0,2569454,2623083,3015311,0,5033984,358002688,1990656,1318912,0,18446744073709551615,18446744073709551615,8556544,357834752,157286400,4718592,0,0,2569454,2623083,3015311,0,5033984,358002688,1990656,1318912,0
[2014-12-04T22:41:11.550746532Z] 34189312,469946368,176160768,29736960,0,0,2614339,2641493,3069831,0,29261824,470151168,2953216,1761280,0,18446744073709551615,18446744073709551615,34189312,469946368,176160768,29736960,0,0,2614339,2641493,3069831,0,29261824,470151168,2953216,1761280,0
[2014-12-04T22:41:12.562247966Z] 18677760,433197056,161480704,14315520,0,0,2648289,2685136,3109213,0,14069760,433360896,2719744,1662976,0,18446744073709551615,18446744073709551615,18677760,433197056,161480704,14315520,0,0,2648289,2685136,3109213,0,14069760,433360896,2719744,1662976,0
[2014-12-04T22:41:13.573733702Z] 37142528,401944576,163577856,2498560,0,0,2684307,2727351,3150352,0,13516800,426475520,2056192,1495040,0,18446744073709551615,18446744073709551615,37142528,401858560,163577856,2498560,0,0,2684307,2727372,3150352,0,13516800,426336256,2056192,1495040,0
[2014-12-04T22:41:14.586336303Z] 26931200,459939840,167772160,21610496,0,0,2720237,2753650,3190015,0,20914176,460132352,4067328,1732608,0,18446744073709551615,18446744073709551615,26931200,459939840,167772160,21610496,0,0,2720237,2753650,3190015,0,20914176,460132352,4067328,1732608,0
[2014-12-04T22:41:15.816990382Z] 34643968,331141120,163577856,1191936,0,0,2764214,2830766,3241501,0,11694080,349425664,1294336,1265664,0,18446744073709551615,18446744073709551615,34643968,331141120,163577856,1191936,0,0,2764214,2830766,3241501,0,11694080,349425664,1294336,1265664,0
[2014-12-04T22:41:17.060385744Z] 17051648,393519104,171966464,13496320,0,0,2789261,2847434,3271372,0,13230080,393732096,2232320,1376256,0,18446744073709551615,18446744073709551615,17051648,393519104,171966464,13496320,0,0,2789261,2847434,3271372,0,13230080,393732096,2232320,1376256,0
[2014-12-04T22:41:17.639832958Z] 4386816,390889472,165675008,1441792,0,0,2831425,2893843,3323151,0,1269760,391028736,1454080,1449984,0,18446744073709551615,18446744073709551615,4386816,390893568,165675008,1441792,0,0,2831426,2893843,3323152,0,1269760,391086080,1454080,1449984,0
[2014-12-04T22:41:18.639988985Z] 19603456,439074816,165675008,14663680,0,0,2859625,2907586,3354153,0,14528512,439246848,3178496,1679360,0,18446744073709551615,18446744073709551615,19603456,439078912,165675008,14663680,0,0,2859626,2907586,3354154,0,14528512,439246848,3178496,1679360,0
[2014-12-04T22:41:19.668270471Z] 6234112,390332416,157286400,1986560,0,0,2892765,2954357,3392939,0,1990656,390541312,2465792,1564672,0,18446744073709551615,18446744073709551615,6234112,390332416,157286400,1986560,0,0,2892765,2954357,3392939,0,1990656,390541312,2465792,1564672,0
[2014-12-04T22:41:20.681522624Z] 40099840,471912448,161480704,34254848,0,0,2935021,2969450,3440400,0,33554432,472068096,4587520,1740800,0,18446744073709551615,18446744073709551615,40099840,471912448,161480704,34254848,0,0,2935021,2969450,3440400,0,33554432,472068096,4587520,1740800,0
[2014-12-04T22:41:21.694857494Z] 28250112,449302528,176160768,23891968,12288,0,2967972,3017968,3478748,0,23277568,449511424,3125248,1622016,0,18446744073709551615,18446744073709551615,28250112,449302528,176160768,23891968,12288,0,2967973,3017968,3478749,0,23277568,449511424,3125248,1622016,0
[2014-12-04T22:41:22.703983163Z] 16310272,376819712,155189248,12890112,0,0,2994036,3060044,3509173,0,12472320,376922112,2236416,1388544,0,18446744073709551615,18446744073709551615,16310272,376819712,155189248,12890112,0,0,2994036,3060044,3509173,0,12472320,376922112,2236416,1388544,0
[2014-12-04T22:41:23.735102689Z] 13582336,373645312,157286400,9723904,0,0,3042474,3113500,3566953,0,9891840,373878784,1892352,1581056,0,18446744073709551615,18446744073709551615,13582336,373645312,157286400,9723904,0,0,3042474,3113500,3566953,0,9891840,373878784,1892352,1581056,0
[2014-12-04T22:41:24.819432672Z] 19771392,443912192,159383552,15069184,0,0,3071502,3124883,3601396,0,14467072,444035072,3215360,1867776,0,18446744073709551615,18446744073709551615,19771392,443924480,159383552,15069184,0,0,3071505,3124883,3601399,0,14467072,444035072,3215360,1867776,0
[2014-12-04T22:41:25.753759036Z] 6778880,410673152,161480704,1998848,0,0,3107096,3175342,3643342,0,2105344,410836992,2691072,1761280,0,18446744073709551615,18446744073709551615,6778880,410673152,161480704,1998848,0,0,3107096,3175342,3643342,0,2105344,410836992,2691072,1761280,0
[2014-12-04T22:41:26.787469821Z] 43245568,485863424,169869312,36995072,0,0,3145856,3190419,3686112,0,36564992,481812480,4583424,1875968,0,18446744073709551615,18446744073709551615,43245568,485863424,169869312,36995072,0,0,3145856,3190419,3686112,0,36564992,481812480,4583424,1875968,0
[2014-12-04T22:41:27.779863489Z] 29708288,438169600,171966464,25108480,0,0,3175533,3237086,3720647,0,24530944,438341632,3096576,1818624,0,18446744073709551615,18446744073709551615,29728768,438169600,171966464,25128960,0,0,3175537,3237086,3720651,0,24588288,438341632,3096576,1818624,0
[2014-12-04T22:41:28.846397621Z] 16539648,372834304,159383552,12484608,0,0,3206494,3286705,3755150,0,11890688,373047296,2863104,1568768,0,18446744073709551615,18446744073709551615,16539648,372834304,159383552,12484608,0,0,3206494,3286705,3755150,0,11890688,373047296,2863104,1568768,0
[2014-12-04T22:41:29.829308338Z] 13279232,352178176,159383552,9601024,0,0,3247661,3335754,3804218,0,9633792,352280576,2191360,1241088,0,18446744073709551615,18446744073709551615,13279232,352198656,159383552,9601024,0,0,3247665,3335754,3804222,0,9633792,352337920,2191360,1241088,0
[2014-12-04T22:41:30.848478007Z] 6983680,375214080,150994944,4722688,0,0,3297179,3381696,3866480,0,4591616,375406592,933888,1241088,0,18446744073709551615,18446744073709551615,6983680,375218176,150994944,4722688,0,0,3297179,3381696,3866481,0,4591616,375406592,933888,1241088,0
[2014-12-04T22:41:31.907843635Z] 6541312,479584256,167772160,2478080,0,0,3335577,3400343,3914957,0,2097152,479764480,2342912,1875968,0,18446744073709551615,18446744073709551615,6541312,479584256,167772160,2478080,0,0,3335577,3400343,3914958,0,2097152,479764480,2342912,1875968,0
[2014-12-04T22:41:32.938498590Z] 34508800,544387072,155189248,27086848,0,0,3377826,3417388,3963350,0,27475968,544612352,4624384,2183168,0,18446744073709551615,18446744073709551615,34508800,544387072,155189248,27086848,0,0,3377826,3417388,3963350,0,27475968,544612352,4624384,2183168,0
[2014-12-04T22:41:33.939970477Z] 60952576,649375744,176160768,52883456,0,0,3424368,3439507,4013566,0,52060160,649584640,6238208,2424832,0,18446744073709551615,18446744073709551615,60952576,649375744,176160768,52883456,0,0,3424368,3439507,4013566,0,52060160,649584640,6238208,2424832,0
[2014-12-04T22:41:34.963156578Z] 30420992,445067264,155189248,24608768,0,0,3458987,3528394,4049065,0,23764992,445288448,4665344,1769472,0,18446744073709551615,18446744073709551615,30420992,445067264,155189248,24608768,0,0,3458987,3528394,4049065,0,23764992,445288448,4665344,1769472,0
[2014-12-04T22:41:35.979137276Z] 1298432,218587136,140509184,196608,0,0,3499248,3631568,4094992,0,176128,218664960,200704,708608,0,18446744073709551615,18446744073709551615,1298432,218599424,140509184,196608,0,0,3499251,3631568,4094996,0,176128,218664960,200704,708608,0
[2014-12-04T22:41:37.273000784Z] 2961408,326569984,148897792,724992,0,0,3534037,3642655,4141248,0,598016,326705152,921600,1224704,0,18446744073709551615,18446744073709551615,2961408,326569984,148897792,724992,0,0,3534037,3642655,4141248,0,598016,326705152,921600,1224704,0
[2014-12-04T22:41:38.004831958Z] 4927488,398229504,165675008,1454080,0,0,3558175,3653928,4171186,0,1409024,398409728,1720320,1581056,0,18446744073709551615,18446744073709551615,4927488,398229504,165675008,1454080,0,0,3558175,3653928,4171186,0,1409024,398409728,1720320,1581056,0
[2014-12-04T22:41:39.021994001Z] 18333696,452046848,159383552,13119488,0,0,3592434,3670753,4209187,0,12398592,452263936,4005888,1708032,0,18446744073709551615,18446744073709551615,18333696,452050944,159383552,13119488,0,0,3592435,3670753,4209188,0,12398592,452263936,4005888,1708032,0
[2014-12-04T22:41:40.036299158Z] 17600512,411529216,155189248,12976128,0,0,3624007,3711886,4246057,0,12677120,411844608,3096576,1605632,0,18446744073709551615,18446744073709551615,17600512,411529216,155189248,12976128,0,0,3624007,3711886,4246057,0,12677120,411844608,3096576,1605632,0
[2014-12-04T22:41:41.038955870Z] 29356032,365481984,157286400,25653248,0,0,3659105,3758933,4282628,0,25186304,365670400,2564096,1388544,0,18446744073709551615,18446744073709551615,29356032,365481984,157286400,25653248,0,0,3659105,3758933,4282628,0,25186304,365670400,2564096,1388544,0
[2014-12-04T22:41:42.043614236Z] 32915456,297115648,153092096,30355456,0,0,3688143,3805326,4312351,0,30031872,297283584,1605632,1044480,0,18446744073709551615,18446744073709551615,32915456,297115648,153092096,30355456,0,0,3688143,3805326,4312351,0,30031872,297283584,1605632,1044480,0
[2014-12-04T22:41:43.046954434Z] 1056768,177496064,140509184,32768,0,0,3689563,3841173,4314856,0,12288,177704960,159744,675840,0,18446744073709551615,18446744073709551615,1056768,177496064,140509184,32768,0,0,3689563,3841173,4314856,0,12288,177704960,159744,675840,0
[2014-12-04T22:41:44.052151782Z] 1056768,177422336,140509184,32768,0,0,3689563,3841191,4314858,0,12288,177631232,159744,675840,0,18446744073709551615,18446744073709551615,1056768,177422336,140509184,32768,0,0,3689563,3841191,4314858,0,12288,177631232,159744,675840,0
[2014-12-04T22:41:45.058228922Z] 1056768,177422336,140509184,32768,0,0,3689563,3841191,4314858,0,12288,177631232,159744,675840,0,18446744073709551615,18446744073709551615,1056768,177422336,140509184,32768,0,0,3689563,3841191,4314858,0,12288,177631232,159744,675840,0
[2014-12-04T22:41:46.198241406Z] 1056768,177422336,140509184,32768,0,0,3689563,3841191,4314858,0,12288,177631232,159744,675840,0,18446744073709551615,18446744073709551615,1056768,177422336,140509184,32768,0,0,3689563,3841191,4314858,0,12288,177631232,159744,675840,0
[2014-12-04T22:41:47.067399357Z] 1056768,177422336,140509184,32768,0,0,3689563,3841191,4314858,0,12288,177631232,159744,675840,0,18446744073709551615,18446744073709551615,1056768,177422336,140509184,32768,0,0,3689563,3841191,4314858,0,12288,177631232,159744,675840,0
[2014-12-04T22:41:48.071843075Z] 3682304,249389056,142606336,2162688,4096,0,3713154,3847082,4347224,0,2138112,249597952,413696,917504,0,18446744073709551615,18446744073709551615,3682304,249389056,142606336,2162688,4096,0,3713154,3847082,4347224,0,2138112,249597952,413696,917504,0
[2014-12-04T22:41:49.078819061Z] 22622208,278564864,155189248,20410368,0,0,3730766,3856013,4365334,0,20082688,274526208,1277952,1028096,0,18446744073709551615,18446744073709551615,22622208,278564864,155189248,20410368,0,0,3730766,3856013,4365334,0,20082688,274526208,1277952,1028096,0
[2014-12-04T22:41:50.086884803Z] 1056768,176312320,140509184,32768,0,0,3742645,3896588,4378393,0,12288,176521216,159744,675840,0,18446744073709551615,18446744073709551615,1056768,176312320,140509184,32768,0,0,3742645,3896588,4378393,0,12288,176521216,159744,675840,0
[2014-12-04T22:41:51.167168106Z] 1056768,176238592,140509184,32768,0,0,3742645,3896606,4378394,0,12288,176447488,159744,675840,0,18446744073709551615,18446744073709551615,1056768,176238592,140509184,32768,0,0,3742645,3896606,4378394,0,12288,176447488,159744,675840,0
[2014-12-04T22:41:52.096125515Z] 1056768,176238592,140509184,32768,0,0,3742645,3896606,4378394,0,12288,176447488,159744,675840,0,18446744073709551615,18446744073709551615,1056768,176238592,140509184,32768,0,0,3742645,3896606,4378394,0,12288,176447488,159744,675840,0
[2014-12-04T22:41:53.103046080Z] 1056768,176238592,140509184,32768,0,0,3742645,3896606,4378394,0,12288,176447488,159744,675840,0,18446744073709551615,18446744073709551615,1056768,176238592,140509184,32768,0,0,3742645,3896606,4378394,0,12288,176447488,159744,675840,0
[2014-12-04T22:41:54.108131092Z] 1056768,176238592,140509184,32768,0,0,3742645,3896606,4378395,0,12288,176447488,159744,675840,0,18446744073709551615,18446744073709551615,1056768,176238592,140509184,32768,0,0,3742645,3896606,4378395,0,12288,176447488,159744,675840,0
