2014-12-04T21:17:12.518250421Z 21:17:12.517 INFO - Launching a selenium grid node
[2014-12-04T21:17:13.150781202Z] 21:17:13.141 INFO - Java: Oracle Corporation 24.65-b04
[2014-12-04T21:17:13.150781202Z] 21:17:13.143 INFO - OS: Linux 3.16.7-tinycore64 amd64
[2014-12-04T21:17:13.160994276Z] 21:17:13.150 INFO - v2.44.0, with Core v2.44.0. Built from revision 76d78cf
[2014-12-04T21:17:13.220680277Z] 21:17:13.220 INFO - Default driver org.openqa.selenium.ie.InternetExplorerDriver registration is skipped: registration capabilities Capabilities [{platform=WINDOWS, ensureCleanSession=true, browserName=internet explorer, version=}] does not match with current platform: LINUX
[2014-12-04T21:17:13.273079550Z] 21:17:13.272 INFO - RemoteWebDriver instances should connect to: http://127.0.0.1:5555/wd/hub
[2014-12-04T21:17:13.274676739Z] 21:17:13.274 INFO - Version Jetty/5.1.x
[2014-12-04T21:17:13.275626394Z] 21:17:13.275 INFO - Started HttpContext[/selenium-server/driver,/selenium-server/driver]
[2014-12-04T21:17:13.276464644Z] 21:17:13.276 INFO - Started HttpContext[/selenium-server,/selenium-server]
[2014-12-04T21:17:13.276491512Z] 21:17:13.276 INFO - Started HttpContext[/,/]
[2014-12-04T21:19:03.223756040Z] 21:19:03.222 INFO - Started org.openqa.jetty.jetty.servlet.ServletHandler@1c664c4f
[2014-12-04T21:19:03.223756040Z] 21:19:03.222 INFO - Started HttpContext[/wd,/wd]
[2014-12-04T21:19:03.244907035Z] 21:19:03.244 INFO - Started SocketListener on 0.0.0.0:5555
[2014-12-04T21:19:03.245230828Z] 21:19:03.245 INFO - Started org.openqa.jetty.jetty.Server@d0adc0c
[2014-12-04T21:19:03.328696494Z] 21:19:03.328 INFO - using the json request : {"class":"org.openqa.grid.common.RegistrationRequest","configuration":{"nodeConfig":"/opt/selenium/config.json","register":true,"port":5555,"host":"172.17.0.16","proxy":"org.openqa.grid.selenium.proxy.DefaultRemoteProxy","maxSession":2,"role":"node","hubHost":"172.17.0.2","registerCycle":5000,"hub":"http://172.17.0.2:4444/grid/register","hubPort":4444,"url":"http://172.17.0.16:5555","remoteHost":"http://172.17.0.16:5555"},"capabilities":[{"platform":"LINUX","seleniumProtocol":"Selenium","browserName":"*firefox","maxInstances":2},{"platform":"LINUX","seleniumProtocol":"WebDriver","browserName":"firefox","maxInstances":2}]}
[2014-12-04T21:19:03.331516674Z] 21:19:03.330 INFO - Starting auto register thread. Will try to register every 5000 ms.
[2014-12-04T21:19:03.331516674Z] 21:19:03.330 INFO - Registering the node to hub :http://172.17.0.2:4444/grid/register
[2014-12-04T21:19:03.689325081Z] 21:19:03.688 INFO - Executing: [new session: Capabilities [{platform=ANY, javascriptEnabled=true, browserName=firefox, version=}]])
[2014-12-04T21:19:03.702997991Z] 21:19:03.693 INFO - Executing: [new session: Capabilities [{platform=ANY, javascriptEnabled=true, browserName=firefox, version=}]])
[2014-12-04T21:19:03.743710916Z] 21:19:03.743 INFO - Creating a new session for Capabilities [{platform=ANY, javascriptEnabled=true, browserName=firefox, version=}]
[2014-12-04T21:19:03.743944146Z] 21:19:03.743 INFO - Creating a new session for Capabilities [{platform=ANY, javascriptEnabled=true, browserName=firefox, version=}]
[2014-12-04T21:19:09.003785281Z] 21:19:09.002 INFO - Done: [new session: Capabilities [{platform=ANY, javascriptEnabled=true, browserName=firefox, version=}]]
[2014-12-04T21:19:09.410552819Z] 21:19:09.044 INFO - Executing: [get: https://github.com])
[2014-12-04T21:19:12.399249478Z] 21:19:12.395 INFO - Done: [get: https://github.com]
[2014-12-04T21:19:12.446488137Z] 21:19:12.445 INFO - Executing: [get title])
[2014-12-04T21:19:12.807005363Z] 21:19:12.801 INFO - Done: [get title]
[2014-12-04T21:19:12.844238727Z] 21:19:12.842 INFO - Executing: [delete session: 2ee701c5-7a39-41cc-b1e2-8f9c665a545b])
[2014-12-04T21:19:13.035789708Z] 21:19:13.035 INFO - Done: [delete session: 2ee701c5-7a39-41cc-b1e2-8f9c665a545b]
[2014-12-04T21:19:13.068803473Z] 21:19:13.066 INFO - Executing: [new session: Capabilities [{platform=ANY, javascriptEnabled=true, browserName=firefox, version=}]])
[2014-12-04T21:19:13.070283389Z] 21:19:13.070 INFO - Creating a new session for Capabilities [{platform=ANY, javascriptEnabled=true, browserName=firefox, version=}]
[2014-12-04T21:19:14.806542651Z] 21:19:14.801 INFO - Done: [new session: Capabilities [{platform=ANY, javascriptEnabled=true, browserName=firefox, version=}]]
[2014-12-04T21:19:14.851939440Z] 21:19:14.850 INFO - Executing: [get: https://github.com])
[2014-12-04T21:19:20.611449958Z] 21:19:20.611 INFO - Done: [get: https://github.com]
[2014-12-04T21:19:20.628060104Z] 21:19:20.626 INFO - Executing: [get title])
[2014-12-04T21:19:20.788864146Z] 21:19:20.777 INFO - Done: [get title]
[2014-12-04T21:19:20.834577239Z] 21:19:20.833 INFO - Executing: [delete session: abab316e-0f07-40e5-a4d6-5553303a7221])
[2014-12-04T21:19:20.979472290Z] 21:19:20.977 INFO - Done: [delete session: abab316e-0f07-40e5-a4d6-5553303a7221]
[2014-12-04T21:19:21.015216159Z] 21:19:21.015 INFO - Executing: [new session: Capabilities [{platform=ANY, javascriptEnabled=true, browserName=firefox, version=}]])
[2014-12-04T21:19:21.026413246Z] 21:19:21.025 INFO - Creating a new session for Capabilities [{platform=ANY, javascriptEnabled=true, browserName=firefox, version=}]
[2014-12-04T21:19:22.392485278Z] 21:19:22.372 INFO - Done: [new session: Capabilities [{platform=ANY, javascriptEnabled=true, browserName=firefox, version=}]]
[2014-12-04T21:19:22.433248219Z] 21:19:22.409 INFO - Executing: [get: https://github.com])
[2014-12-04T21:19:25.643604867Z] 21:19:25.642 INFO - Done: [get: https://github.com]
[2014-12-04T21:19:25.672804569Z] 21:19:25.667 INFO - Executing: [get title])
[2014-12-04T21:19:25.969451453Z] 21:19:25.969 INFO - Done: [get title]
[2014-12-04T21:19:26.019585837Z] 21:19:26.010 INFO - Executing: [delete session: f6a9b5f7-9c4d-4707-b701-ea9c4edd4b2b])
[2014-12-04T21:19:26.243125821Z] 21:19:26.239 INFO - Done: [delete session: f6a9b5f7-9c4d-4707-b701-ea9c4edd4b2b]
[2014-12-04T21:19:26.363581634Z] 21:19:26.362 INFO - Executing: [new session: Capabilities [{platform=ANY, javascriptEnabled=true, browserName=firefox, version=}]])
[2014-12-04T21:19:26.369617899Z] 21:19:26.368 INFO - Creating a new session for Capabilities [{platform=ANY, javascriptEnabled=true, browserName=firefox, version=}]
[2014-12-04T21:19:29.038419743Z] 21:19:29.037 INFO - Done: [new session: Capabilities [{platform=ANY, javascriptEnabled=true, browserName=firefox, version=}]]
[2014-12-04T21:19:29.088916412Z] 21:19:29.088 INFO - Executing: [get: https://github.com])
[2014-12-04T21:19:33.656899229Z] 21:19:33.655 INFO - Done: [get: https://github.com]
[2014-12-04T21:19:33.688646261Z] 21:19:33.685 INFO - Executing: [get title])
[2014-12-04T21:19:33.852624869Z] 21:19:33.849 INFO - Done: [get title]
[2014-12-04T21:19:33.876864864Z] 21:19:33.873 INFO - Executing: [delete session: 176fd696-5e42-41c5-ac77-beace84f9eb6])
[2014-12-04T21:19:34.377741160Z] 21:19:34.377 INFO - Done: [delete session: 176fd696-5e42-41c5-ac77-beace84f9eb6]
[2014-12-04T21:19:34.416468233Z] 21:19:34.416 INFO - Executing: [new session: Capabilities [{platform=ANY, javascriptEnabled=true, browserName=firefox, version=}]])
[2014-12-04T21:19:34.420762554Z] 21:19:34.419 INFO - Creating a new session for Capabilities [{platform=ANY, javascriptEnabled=true, browserName=firefox, version=}]
[2014-12-04T21:19:38.383834853Z] 21:19:38.383 INFO - Done: [new session: Capabilities [{platform=ANY, javascriptEnabled=true, browserName=firefox, version=}]]
[2014-12-04T21:19:38.454022052Z] 21:19:38.446 INFO - Executing: [get: https://github.com])
[2014-12-04T21:19:44.660129529Z] 21:19:44.659 INFO - Done: [get: https://github.com]
[2014-12-04T21:19:44.683835853Z] 21:19:44.681 INFO - Executing: [get title])
[2014-12-04T21:19:45.473615324Z] 21:19:45.457 INFO - Done: [get title]
[2014-12-04T21:19:45.551212642Z] 21:19:45.549 INFO - Executing: [delete session: ec41c745-16ce-445a-8149-fe4ed24f33d8])
[2014-12-04T21:19:46.158389060Z] 21:19:46.158 INFO - Done: [delete session: ec41c745-16ce-445a-8149-fe4ed24f33d8]
[2014-12-04T21:19:46.184629592Z] 21:19:46.184 INFO - Executing: [new session: Capabilities [{platform=ANY, javascriptEnabled=true, browserName=firefox, version=}]])
[2014-12-04T21:19:46.187554096Z] 21:19:46.185 INFO - Creating a new session for Capabilities [{platform=ANY, javascriptEnabled=true, browserName=firefox, version=}]
[2014-12-04T21:19:47.360939939Z] 21:19:47.164 INFO - Done: [new session: Capabilities [{platform=ANY, javascriptEnabled=true, browserName=firefox, version=}]]
[2014-12-04T21:19:47.385832608Z] 21:19:47.210 INFO - Executing: [get: https://github.com])
[2014-12-04T21:19:53.077665557Z] 21:19:53.026 INFO - Done: [get: https://github.com]
[2014-12-04T21:19:53.129571703Z] 21:19:53.127 INFO - Executing: [get title])
[2014-12-04T21:19:53.535624068Z] 21:19:53.535 INFO - Done: [get title]
[2014-12-04T21:19:53.599594672Z] 21:19:53.573 INFO - Executing: [delete session: d3f15535-7693-4cd1-915d-5ebe25ba4af2])
[2014-12-04T21:19:54.480825725Z] 21:19:54.480 INFO - Done: [delete session: d3f15535-7693-4cd1-915d-5ebe25ba4af2]
[2014-12-04T21:19:54.528728108Z] 21:19:54.527 INFO - Executing: [new session: Capabilities [{platform=ANY, javascriptEnabled=true, browserName=firefox, version=}]])
[2014-12-04T21:19:54.562906185Z] 21:19:54.559 INFO - Creating a new session for Capabilities [{platform=ANY, javascriptEnabled=true, browserName=firefox, version=}]
[2014-12-04T21:19:59.699850458Z] 21:19:59.697 INFO - Done: [new session: Capabilities [{platform=ANY, javascriptEnabled=true, browserName=firefox, version=}]]
[2014-12-04T21:19:59.800302775Z] 21:19:59.797 INFO - Executing: [get: https://github.com])
[2014-12-04T21:20:06.744051494Z] 21:20:06.742 INFO - Done: [get: https://github.com]
[2014-12-04T21:20:06.785998332Z] 21:20:06.782 INFO - Executing: [get title])
[2014-12-04T21:20:07.028321850Z] 21:20:07.028 INFO - Done: [get title]
[2014-12-04T21:20:07.062826137Z] 21:20:07.062 INFO - Executing: [delete session: 168fc83e-9da9-453a-8b6e-1df33a45a516])
[2014-12-04T21:20:07.518980426Z] 21:20:07.514 INFO - Done: [delete session: 168fc83e-9da9-453a-8b6e-1df33a45a516]
[2014-12-04T21:20:07.597025349Z] 21:20:07.577 INFO - Executing: [new session: Capabilities [{platform=ANY, javascriptEnabled=true, browserName=firefox, version=}]])
[2014-12-04T21:20:07.597025349Z] 21:20:07.590 INFO - Creating a new session for Capabilities [{platform=ANY, javascriptEnabled=true, browserName=firefox, version=}]
[2014-12-04T21:20:08.248930728Z] 21:20:08.248 INFO - Done: [new session: Capabilities [{platform=ANY, javascriptEnabled=true, browserName=firefox, version=}]]
[2014-12-04T21:20:08.273225613Z] 21:20:08.272 INFO - Executing: [get: https://github.com])
[2014-12-04T21:20:18.725228687Z] 21:20:18.382 INFO - Done: [get: https://github.com]
[2014-12-04T21:20:18.778212961Z] 21:20:18.406 INFO - Executing: [get title])
[2014-12-04T21:20:19.011601161Z] 21:20:19.007 INFO - Done: [get title]
[2014-12-04T21:20:19.086877100Z] 21:20:19.055 INFO - Executing: [delete session: f8bb6065-c391-4119-afc2-297666115f4d])
[2014-12-04T21:20:19.573275463Z] 21:20:19.537 INFO - Done: [delete session: f8bb6065-c391-4119-afc2-297666115f4d]
[2014-12-04T21:20:19.617957785Z] 21:20:19.558 INFO - Executing: [new session: Capabilities [{platform=ANY, javascriptEnabled=true, browserName=firefox, version=}]])
[2014-12-04T21:20:19.617957785Z] 21:20:19.570 INFO - Creating a new session for Capabilities [{platform=ANY, javascriptEnabled=true, browserName=firefox, version=}]
[2014-12-04T21:20:23.727183267Z] 21:20:23.723 INFO - Done: [new session: Capabilities [{platform=ANY, javascriptEnabled=true, browserName=firefox, version=}]]
[2014-12-04T21:20:23.825169625Z] 21:20:23.799 INFO - Executing: [get: https://github.com])
[2014-12-04T21:20:30.888727217Z] 21:20:30.769 INFO - Done: [get: https://github.com]
[2014-12-04T21:20:30.936828383Z] 21:20:30.783 INFO - Executing: [get title])
[2014-12-04T21:20:30.989982291Z] 21:20:30.977 INFO - Done: [get title]
[2014-12-04T21:20:31.010421025Z] 21:20:31.000 INFO - Executing: [delete session: 7dfd2847-952c-425c-ac0f-d38545c0c864])
[2014-12-04T21:20:31.623695518Z] 21:20:31.374 INFO - Done: [delete session: 7dfd2847-952c-425c-ac0f-d38545c0c864]
[2014-12-04T21:20:33.159121668Z] 21:20:33.158 INFO - Executing: [new session: Capabilities [{platform=ANY, javascriptEnabled=true, browserName=firefox, version=}]])
[2014-12-04T21:20:33.199484790Z] 21:20:33.199 INFO - Creating a new session for Capabilities [{platform=ANY, javascriptEnabled=true, browserName=firefox, version=}]
[2014-12-04T21:20:34.324401731Z] 21:20:34.319 INFO - Done: [new session: Capabilities [{platform=ANY, javascriptEnabled=true, browserName=firefox, version=}]]
[2014-12-04T21:20:34.388559443Z] 21:20:34.386 INFO - Executing: [get: https://github.com])
[2014-12-04T21:20:42.149266637Z] 21:20:41.713 INFO - Done: [get: https://github.com]
[2014-12-04T21:20:42.163831515Z] 21:20:41.739 INFO - Executing: [get title])
[2014-12-04T21:20:42.163831515Z] 21:20:41.837 INFO - Done: [get title]
[2014-12-04T21:20:42.163831515Z] 21:20:41.865 INFO - Executing: [delete session: be7860c0-2317-4976-8bb4-7f883459ef16])
[2014-12-04T21:20:42.343443948Z] 21:20:42.342 INFO - Done: [delete session: be7860c0-2317-4976-8bb4-7f883459ef16]
[2014-12-04T21:20:42.361243593Z] 21:20:42.355 INFO - Executing: [new session: Capabilities [{platform=ANY, javascriptEnabled=true, browserName=firefox, version=}]])
[2014-12-04T21:20:42.361243593Z] 21:20:42.357 INFO - Creating a new session for Capabilities [{platform=ANY, javascriptEnabled=true, browserName=firefox, version=}]
[2014-12-04T21:20:46.193309316Z] 21:20:46.193 INFO - Done: [new session: Capabilities [{platform=ANY, javascriptEnabled=true, browserName=firefox, version=}]]
[2014-12-04T21:20:46.226775234Z] 21:20:46.225 INFO - Executing: [get: https://github.com])
[2014-12-04T21:20:53.915345833Z] 21:20:53.913 INFO - Done: [get: https://github.com]
[2014-12-04T21:20:53.938185951Z] 21:20:53.933 INFO - Executing: [get title])
[2014-12-04T21:20:54.218220925Z] 21:20:54.192 INFO - Done: [get title]
[2014-12-04T21:20:54.257911074Z] 21:20:54.257 INFO - Executing: [delete session: bc22b3c5-0b87-4eb4-aa05-a06f29ba5bdb])
[2014-12-04T21:20:55.233207482Z] 21:20:55.232 INFO - Done: [delete session: bc22b3c5-0b87-4eb4-aa05-a06f29ba5bdb]
[2014-12-04T21:20:55.258657917Z] 21:20:55.254 INFO - Executing: [new session: Capabilities [{platform=ANY, javascriptEnabled=true, browserName=firefox, version=}]])
[2014-12-04T21:20:55.268924249Z] 21:20:55.268 INFO - Creating a new session for Capabilities [{platform=ANY, javascriptEnabled=true, browserName=firefox, version=}]
[2014-12-04T21:20:57.354024183Z] 21:20:57.349 INFO - Done: [new session: Capabilities [{platform=ANY, javascriptEnabled=true, browserName=firefox, version=}]]
[2014-12-04T21:20:57.438251203Z] 21:20:57.435 INFO - Executing: [get: https://github.com])
[2014-12-04T21:21:04.604055198Z] 21:21:04.603 INFO - Done: [get: https://github.com]
[2014-12-04T21:21:04.637670342Z] 21:21:04.636 INFO - Executing: [get title])
[2014-12-04T21:21:04.951033822Z] 21:21:04.949 INFO - Done: [get title]
[2014-12-04T21:21:04.968473329Z] 21:21:04.962 INFO - Executing: [delete session: e4c28ce3-1e67-4233-9291-4cf039c3c35a])
[2014-12-04T21:21:05.437655662Z] 21:21:05.416 INFO - Done: [delete session: e4c28ce3-1e67-4233-9291-4cf039c3c35a]
[2014-12-04T21:21:05.507440223Z] 21:21:05.431 INFO - Executing: [new session: Capabilities [{platform=ANY, javascriptEnabled=true, browserName=firefox, version=}]])
[2014-12-04T21:21:05.507440223Z] 21:21:05.442 INFO - Creating a new session for Capabilities [{platform=ANY, javascriptEnabled=true, browserName=firefox, version=}]
[2014-12-04T21:21:09.222992359Z] 21:21:09.222 INFO - Done: [new session: Capabilities [{platform=ANY, javascriptEnabled=true, browserName=firefox, version=}]]
[2014-12-04T21:21:09.305395512Z] 21:21:09.303 INFO - Executing: [get: https://github.com])
[2014-12-04T21:21:17.690001203Z] 21:21:17.685 INFO - Done: [get: https://github.com]
[2014-12-04T21:21:17.735486430Z] 21:21:17.733 INFO - Executing: [get title])
[2014-12-04T21:21:18.036639656Z] 21:21:18.036 INFO - Done: [get title]
[2014-12-04T21:21:18.080072522Z] 21:21:18.079 INFO - Executing: [delete session: b7802432-4844-4ad7-86ed-76fdaf68087d])
[2014-12-04T21:21:18.652555170Z] 21:21:18.645 INFO - Done: [delete session: b7802432-4844-4ad7-86ed-76fdaf68087d]
[2014-12-04T21:21:20.777636980Z] 21:21:20.777 INFO - Done: [new session: Capabilities [{platform=ANY, javascriptEnabled=true, browserName=firefox, version=}]]
[2014-12-04T21:21:20.852898465Z] 21:21:20.851 INFO - Executing: [get: https://github.com])
[2014-12-04T21:21:25.892229866Z] 21:21:25.890 INFO - Done: [get: https://github.com]
[2014-12-04T21:21:25.928640321Z] 21:21:25.928 INFO - Executing: [get title])
[2014-12-04T21:21:26.057157488Z] 21:21:26.054 INFO - Done: [get title]
[2014-12-04T21:21:26.070490658Z] 21:21:26.067 INFO - Executing: [delete session: 4d971620-5581-432f-8db2-2db014ace999])
[2014-12-04T21:21:26.732156738Z] 21:21:26.605 INFO - Done: [delete session: 4d971620-5581-432f-8db2-2db014ace999]
[2014-12-04T21:21:28.350419444Z] 21:21:28.350 INFO - Executing: [new session: Capabilities [{platform=ANY, javascriptEnabled=true, browserName=firefox, version=}]])
[2014-12-04T21:21:28.353793458Z] 21:21:28.353 INFO - Creating a new session for Capabilities [{platform=ANY, javascriptEnabled=true, browserName=firefox, version=}]
[2014-12-04T21:21:33.403404638Z] 21:21:33.403 INFO - Done: [new session: Capabilities [{platform=ANY, javascriptEnabled=true, browserName=firefox, version=}]]
[2014-12-04T21:21:33.425258083Z] 21:21:33.425 INFO - Executing: [get: https://github.com])
[2014-12-04T21:21:35.817545192Z] 21:21:35.817 INFO - Done: [get: https://github.com]
[2014-12-04T21:21:35.825351342Z] 21:21:35.825 INFO - Executing: [get title])
[2014-12-04T21:21:35.834209414Z] 21:21:35.834 INFO - Done: [get title]
[2014-12-04T21:21:35.841541252Z] 21:21:35.841 INFO - Executing: [delete session: 2dac99e6-980f-44dc-b26a-ccb4ca52d475])
[2014-12-04T21:21:35.907896837Z] 21:21:35.907 INFO - Done: [delete session: 2dac99e6-980f-44dc-b26a-ccb4ca52d475]
