2014-12-04T21:46:51.480622573Z cache,rss,rss_huge,mapped_file,writeback,swap,pgpgin,pgpgout,pgfault,pgmajfault,inactive_anon,active_anon,inactive_file,active_file,unevictable,hierarchical_memory_limit,hierarchical_memsw_limit,total_cache,total_rss,total_rss_huge,total_mapped_file,total_writeback,total_swap,total_pgpgin,total_pgpgout,total_pgfault,total_pgmajfault,total_inactive_anon,total_active_anon,total_inactive_file,total_active_file,total_unevictable
2014-12-04T21:46:51.483977578Z 77824,76726272,67108864,32768,0,0,3048,649,3805,0,12288,76730368,32768,0,0,18446744073709551615,18446744073709551615,77824,76726272,67108864,32768,0,0,3048,649,3805,0,12288,76730368,32768,0,0
[2014-12-04T21:46:52.492610945Z] 81920,102842368,90177536,32768,0,0,4183,1028,4996,0,16384,102858752,32768,0,0,18446744073709551615,18446744073709551615,81920,102842368,90177536,32768,0,0,4183,1028,4996,0,16384,102858752,32768,0,0
[2014-12-04T21:46:53.497838324Z] 81920,102842368,90177536,32768,0,0,4183,1028,4996,0,16384,102858752,32768,0,0,18446744073709551615,18446744073709551615,81920,102842368,90177536,32768,0,0,4183,1028,4996,0,16384,102858752,32768,0,0
[2014-12-04T21:46:54.502942664Z] 81920,109633536,96468992,32768,0,0,4332,1052,5146,0,16384,109666304,32768,0,0,18446744073709551615,18446744073709551615,81920,109633536,96468992,32768,0,0,4332,1052,5146,0,16384,109666304,32768,0,0
[2014-12-04T21:46:55.507158139Z] 81920,114315264,100663296,32768,0,0,4489,1088,5305,0,16384,114348032,32768,0,0,18446744073709551615,18446744073709551615,81920,114315264,100663296,32768,0,0,4489,1088,5305,0,16384,114348032,32768,0,0
[2014-12-04T21:46:56.510690931Z] 81920,115793920,102760448,32768,0,0,4494,1243,5318,0,16384,115826688,32768,0,0,18446744073709551615,18446744073709551615,81920,115793920,102760448,32768,0,0,4494,1243,5318,0,16384,115826688,32768,0,0
[2014-12-04T21:46:57.515947526Z] 81920,115793920,102760448,32768,0,0,4494,1243,5318,0,16384,115826688,32768,0,0,18446744073709551615,18446744073709551615,81920,115793920,102760448,32768,0,0,4494,1243,5318,0,16384,115826688,32768,0,0
[2014-12-04T21:46:58.520353154Z] 81920,115793920,102760448,32768,0,0,4494,1243,5318,0,16384,115826688,32768,0,0,18446744073709551615,18446744073709551615,81920,115793920,102760448,32768,0,0,4494,1243,5318,0,16384,115826688,32768,0,0
[2014-12-04T21:46:59.526048325Z] 81920,115793920,102760448,32768,0,0,4494,1243,5318,0,16384,115826688,32768,0,0,18446744073709551615,18446744073709551615,81920,115793920,102760448,32768,0,0,4494,1243,5318,0,16384,115826688,32768,0,0
[2014-12-04T21:47:00.530610042Z] 81920,122482688,109051904,32768,0,0,4600,1249,5437,0,16384,122515456,32768,0,0,18446744073709551615,18446744073709551615,81920,122482688,109051904,32768,0,0,4600,1249,5437,0,16384,122515456,32768,0,0
[2014-12-04T21:47:01.535770127Z] 81920,122482688,109051904,32768,0,0,4600,1249,5437,0,16384,122515456,32768,0,0,18446744073709551615,18446744073709551615,81920,122482688,109051904,32768,0,0,4600,1249,5437,0,16384,122515456,32768,0,0
[2014-12-04T21:47:02.539570089Z] 81920,122482688,109051904,32768,0,0,4600,1249,5437,0,16384,122515456,32768,0,0,18446744073709551615,18446744073709551615,81920,122482688,109051904,32768,0,0,4600,1249,5437,0,16384,122515456,32768,0,0
[2014-12-04T21:47:03.545307000Z] 81920,122482688,109051904,32768,0,0,4600,1249,5437,0,16384,122515456,32768,0,0,18446744073709551615,18446744073709551615,81920,122482688,109051904,32768,0,0,4600,1249,5437,0,16384,122515456,32768,0,0
[2014-12-04T21:47:04.548796020Z] 81920,122482688,109051904,32768,0,0,4600,1249,5437,0,16384,122515456,32768,0,0,18446744073709551615,18446744073709551615,81920,122482688,109051904,32768,0,0,4600,1249,5437,0,16384,122515456,32768,0,0
[2014-12-04T21:47:05.554245430Z] 81920,124579840,111149056,32768,0,0,4601,1249,5445,0,16384,124612608,32768,0,0,18446744073709551615,18446744073709551615,81920,124579840,111149056,32768,0,0,4601,1249,5445,0,16384,124612608,32768,0,0
[2014-12-04T21:47:06.558955621Z] 81920,124547072,111149056,32768,0,0,4601,1257,5445,0,16384,124579840,32768,0,0,18446744073709551615,18446744073709551615,81920,124547072,111149056,32768,0,0,4601,1257,5445,0,16384,124579840,32768,0,0
[2014-12-04T21:47:07.685096974Z] 81920,124723200,111149056,32768,0,0,4644,1257,5495,0,16384,124755968,32768,0,0,18446744073709551615,18446744073709551615,81920,124723200,111149056,32768,0,0,4644,1257,5495,0,16384,124755968,32768,0,0
[2014-12-04T21:47:08.607858097Z] 81920,131805184,117440512,32768,0,0,4840,1257,5715,0,16384,131837952,32768,0,0,18446744073709551615,18446744073709551615,81920,131805184,117440512,32768,0,0,4840,1257,5715,0,16384,131837952,32768,0,0
[2014-12-04T21:47:09.584435683Z] 81920,143474688,127926272,32768,0,0,5134,1257,6047,0,16384,143507456,32768,0,0,18446744073709551615,18446744073709551615,81920,143474688,127926272,32768,0,0,5134,1257,6047,0,16384,143507456,32768,0,0
[2014-12-04T21:47:10.588371682Z] 81920,146485248,130023424,32768,0,0,5374,1273,6308,0,16384,146518016,32768,0,0,18446744073709551615,18446744073709551615,81920,146485248,130023424,32768,0,0,5374,1273,6308,0,16384,146518016,32768,0,0
[2014-12-04T21:47:11.597507935Z] 81920,146485248,130023424,32768,0,0,5389,1288,6327,0,16384,146518016,32768,0,0,18446744073709551615,18446744073709551615,81920,146485248,130023424,32768,0,0,5389,1288,6327,0,16384,146518016,32768,0,0
[2014-12-04T21:47:12.604697814Z] 81920,146747392,130023424,32768,0,0,5469,1304,6415,0,16384,146780160,32768,0,0,18446744073709551615,18446744073709551615,81920,146747392,130023424,32768,0,0,5469,1304,6415,0,16384,146780160,32768,0,0
[2014-12-04T21:47:13.795396560Z] 81920,146812928,130023424,32768,0,0,5501,1320,6460,0,16384,146845696,32768,0,0,18446744073709551615,18446744073709551615,81920,146812928,130023424,32768,0,0,5501,1320,6460,0,16384,146845696,32768,0,0
[2014-12-04T21:47:14.614862675Z] 81920,147554304,130023424,32768,0,0,5767,1405,6743,0,16384,147587072,32768,0,0,18446744073709551615,18446744073709551615,81920,147554304,130023424,32768,0,0,5767,1405,6743,0,16384,147587072,32768,0,0
[2014-12-04T21:47:15.620923545Z] 81920,147582976,130023424,32768,0,0,5997,1628,6974,0,16384,147615744,32768,0,0,18446744073709551615,18446744073709551615,81920,147582976,130023424,32768,0,0,5997,1628,6974,0,16384,147615744,32768,0,0
[2014-12-04T21:47:17.078855251Z] 81920,146923520,130023424,32768,0,0,6031,1823,7017,0,16384,146956288,32768,0,0,18446744073709551615,18446744073709551615,81920,146923520,130023424,32768,0,0,6031,1823,7017,0,16384,146956288,32768,0,0
[2014-12-04T21:47:17.639544420Z] 81920,146997248,130023424,32768,0,0,6065,1839,7056,0,16384,147030016,32768,0,0,18446744073709551615,18446744073709551615,81920,146997248,130023424,32768,0,0,6065,1839,7056,0,16384,147030016,32768,0,0
[2014-12-04T21:47:18.649192720Z] 81920,146997248,130023424,32768,0,0,6065,1839,7057,0,16384,147030016,32768,0,0,18446744073709551615,18446744073709551615,81920,146997248,130023424,32768,0,0,6065,1839,7057,0,16384,147030016,32768,0,0
[2014-12-04T21:47:19.659076533Z] 81920,147066880,130023424,32768,0,0,6098,1855,7096,0,16384,147099648,32768,0,0,18446744073709551615,18446744073709551615,81920,147066880,130023424,32768,0,0,6098,1855,7096,0,16384,147099648,32768,0,0
[2014-12-04T21:47:21.115887232Z] 81920,147132416,130023424,32768,0,0,6130,1871,7133,0,16384,147165184,32768,0,0,18446744073709551615,18446744073709551615,81920,147132416,130023424,32768,0,0,6130,1871,7133,0,16384,147165184,32768,0,0
[2014-12-04T21:47:21.676090709Z] 81920,153227264,130023424,32768,0,0,8895,3148,9903,0,16384,153239552,32768,0,0,18446744073709551615,18446744073709551615,81920,153227264,130023424,32768,0,0,8895,3148,9903,0,16384,153239552,32768,0,0
[2014-12-04T21:47:23.069436521Z] 81920,156463104,130023424,32768,0,0,12434,5897,13444,0,16384,156495872,32768,0,0,18446744073709551615,18446744073709551615,81920,156463104,130023424,32768,0,0,12434,5897,13444,0,16384,156495872,32768,0,0
[2014-12-04T21:47:23.705413086Z] 81920,156463104,130023424,32768,0,0,12434,5897,13445,0,16384,156495872,32768,0,0,18446744073709551615,18446744073709551615,81920,156463104,130023424,32768,0,0,12434,5897,13445,0,16384,156495872,32768,0,0
[2014-12-04T21:47:24.712726848Z] 81920,156532736,130023424,32768,0,0,12467,5913,13481,0,16384,156565504,32768,0,0,18446744073709551615,18446744073709551615,81920,156532736,130023424,32768,0,0,12467,5913,13481,0,16384,156565504,32768,0,0
[2014-12-04T21:47:25.717681306Z] 81920,156532736,130023424,32768,0,0,12467,5913,13483,0,16384,156565504,32768,0,0,18446744073709551615,18446744073709551615,81920,156532736,130023424,32768,0,0,12467,5913,13483,0,16384,156565504,32768,0,0
[2014-12-04T21:47:26.817110979Z] 81920,153272320,130023424,32768,0,0,12500,6742,13521,0,16384,153305088,32768,0,0,18446744073709551615,18446744073709551615,81920,153272320,130023424,32768,0,0,12500,6742,13521,0,16384,153305088,32768,0,0
[2014-12-04T21:47:27.731861635Z] 81920,155951104,130023424,32768,0,0,13671,7259,14694,0,16384,155983872,32768,0,0,18446744073709551615,18446744073709551615,81920,155951104,130023424,32768,0,0,13671,7259,14694,0,16384,155983872,32768,0,0
[2014-12-04T21:47:28.735885047Z] 81920,155951104,130023424,32768,0,0,13671,7259,14696,0,16384,155983872,32768,0,0,18446744073709551615,18446744073709551615,81920,155951104,130023424,32768,0,0,13671,7259,14696,0,16384,155983872,32768,0,0
[2014-12-04T21:47:29.742769534Z] 81920,155951104,130023424,32768,0,0,13671,7259,14696,0,16384,155983872,32768,0,0,18446744073709551615,18446744073709551615,81920,155951104,130023424,32768,0,0,13671,7259,14696,0,16384,155983872,32768,0,0
[2014-12-04T21:47:30.750282392Z] 81920,156041216,130023424,32768,0,0,13709,7275,14736,0,16384,156073984,32768,0,0,18446744073709551615,18446744073709551615,81920,156041216,130023424,32768,0,0,13709,7275,14736,0,16384,156073984,32768,0,0
[2014-12-04T21:47:31.756450025Z] 81920,157724672,130023424,32768,0,0,14754,7909,15786,0,16384,157757440,32768,0,0,18446744073709551615,18446744073709551615,81920,157724672,130023424,32768,0,0,14754,7909,15786,0,16384,157757440,32768,0,0
[2014-12-04T21:47:32.924520094Z] 81920,157724672,130023424,32768,0,0,14754,7909,15787,0,16384,157757440,32768,0,0,18446744073709551615,18446744073709551615,81920,157724672,130023424,32768,0,0,14754,7909,15787,0,16384,157757440,32768,0,0
[2014-12-04T21:47:33.785371759Z] 81920,157728768,130023424,32768,0,0,14771,7925,15805,0,16384,157761536,32768,0,0,18446744073709551615,18446744073709551615,81920,157728768,130023424,32768,0,0,14771,7925,15805,0,16384,157761536,32768,0,0
[2014-12-04T21:47:34.839642376Z] 81920,161894400,130023424,32768,0,0,21082,13219,22175,0,16384,161902592,32768,0,0,18446744073709551615,18446744073709551615,81920,161894400,130023424,32768,0,0,21082,13219,22175,0,16384,161902592,32768,0,0
[2014-12-04T21:47:35.859819443Z] 81920,158773248,130023424,32768,0,0,21126,14025,22221,0,16384,158806016,32768,0,0,18446744073709551615,18446744073709551615,81920,158773248,130023424,32768,0,0,21126,14025,22221,0,16384,158806016,32768,0,0
[2014-12-04T21:47:36.868129801Z] 81920,157229056,130023424,32768,0,0,21128,14404,22224,0,16384,157261824,32768,0,0,18446744073709551615,18446744073709551615,81920,157229056,130023424,32768,0,0,21128,14404,22224,0,16384,157261824,32768,0,0
[2014-12-04T21:47:37.916789854Z] 81920,157405184,130023424,32768,0,0,21187,14420,22284,0,16384,157437952,32768,0,0,18446744073709551615,18446744073709551615,81920,157405184,130023424,32768,0,0,21187,14420,22284,0,16384,157437952,32768,0,0
[2014-12-04T21:47:38.906017399Z] 81920,157405184,130023424,32768,0,0,21203,14436,22306,0,16384,157437952,32768,0,0,18446744073709551615,18446744073709551615,81920,157405184,130023424,32768,0,0,21203,14436,22306,0,16384,157437952,32768,0,0
[2014-12-04T21:47:39.950517859Z] 81920,157421568,130023424,32768,0,0,21223,14452,22328,0,16384,157454336,32768,0,0,18446744073709551615,18446744073709551615,81920,157421568,130023424,32768,0,0,21223,14452,22328,0,16384,157454336,32768,0,0
[2014-12-04T21:47:40.924877046Z] 81920,157495296,130023424,32768,0,0,21241,14452,22347,0,16384,157528064,32768,0,0,18446744073709551615,18446744073709551615,81920,157495296,130023424,32768,0,0,21241,14452,22347,0,16384,157528064,32768,0,0
[2014-12-04T21:47:41.946494266Z] 81920,156909568,130023424,32768,0,0,21323,14677,22431,0,16384,156942336,32768,0,0,18446744073709551615,18446744073709551615,81920,156909568,130023424,32768,0,0,21323,14677,22431,0,16384,156942336,32768,0,0
[2014-12-04T21:47:43.029545677Z] 81920,156909568,130023424,32768,0,0,21339,14693,22448,0,16384,156942336,32768,0,0,18446744073709551615,18446744073709551615,81920,156909568,130023424,32768,0,0,21339,14693,22448,0,16384,156942336,32768,0,0
[2014-12-04T21:47:43.975398775Z] 81920,156913664,130023424,32768,0,0,21372,14725,22485,0,16384,156946432,32768,0,0,18446744073709551615,18446744073709551615,81920,156913664,130023424,32768,0,0,21372,14725,22485,0,16384,156946432,32768,0,0
[2014-12-04T21:47:45.030148132Z] 81920,156913664,130023424,32768,0,0,21372,14725,22488,0,16384,156946432,32768,0,0,18446744073709551615,18446744073709551615,81920,156913664,130023424,32768,0,0,21372,14725,22488,0,16384,156946432,32768,0,0
[2014-12-04T21:47:46.059292393Z] 81920,156913664,130023424,32768,0,0,21388,14741,22506,0,16384,156946432,32768,0,0,18446744073709551615,18446744073709551615,81920,156913664,130023424,32768,0,0,21388,14741,22506,0,16384,156946432,32768,0,0
[2014-12-04T21:47:47.069385498Z] 81920,156913664,130023424,32768,0,0,21388,14741,22506,0,16384,156946432,32768,0,0,18446744073709551615,18446744073709551615,81920,156913664,130023424,32768,0,0,21388,14741,22506,0,16384,156946432,32768,0,0
[2014-12-04T21:47:48.085981199Z] 81920,156913664,130023424,32768,0,0,21404,14757,22523,0,16384,156946432,32768,0,0,18446744073709551615,18446744073709551615,81920,156913664,130023424,32768,0,0,21404,14757,22523,0,16384,156946432,32768,0,0
[2014-12-04T21:47:49.220235917Z] 81920,156983296,130023424,32768,0,0,21453,14789,22575,0,16384,157016064,32768,0,0,18446744073709551615,18446744073709551615,81920,156983296,130023424,32768,0,0,21453,14789,22575,0,16384,157016064,32768,0,0
[2014-12-04T21:47:50.124076757Z] 81920,157048832,130023424,32768,0,0,21485,14805,22611,0,16384,157081600,32768,0,0,18446744073709551615,18446744073709551615,81920,157048832,130023424,32768,0,0,21485,14805,22611,0,16384,157081600,32768,0,0
[2014-12-04T21:47:51.130551221Z] 81920,157048832,130023424,32768,0,0,21485,14805,22612,0,16384,157081600,32768,0,0,18446744073709551615,18446744073709551615,81920,157048832,130023424,32768,0,0,21485,14805,22612,0,16384,157081600,32768,0,0
[2014-12-04T21:47:52.158185775Z] 81920,157052928,130023424,32768,0,0,21502,14821,22630,0,16384,157085696,32768,0,0,18446744073709551615,18446744073709551615,81920,157052928,130023424,32768,0,0,21502,14821,22630,0,16384,157085696,32768,0,0
[2014-12-04T21:47:53.172117115Z] 81920,157052928,130023424,32768,0,0,21518,14837,22648,0,16384,157085696,32768,0,0,18446744073709551615,18446744073709551615,81920,157052928,130023424,32768,0,0,21518,14837,22648,0,16384,157085696,32768,0,0
[2014-12-04T21:47:54.197094615Z] 81920,162205696,134217728,32768,0,0,21786,14869,22940,0,16384,162238464,32768,0,0,18446744073709551615,18446744073709551615,81920,162205696,134217728,32768,0,0,21786,14869,22940,0,16384,162238464,32768,0,0
[2014-12-04T21:47:55.688190283Z] 81920,162308096,134217728,32768,0,0,21827,14885,22986,0,16384,162340864,32768,0,0,18446744073709551615,18446744073709551615,81920,162308096,134217728,32768,0,0,21827,14885,22986,0,16384,162340864,32768,0,0
[2014-12-04T21:47:56.218264575Z] 81920,162312192,134217728,32768,0,0,21828,14885,22989,0,16384,162344960,32768,0,0,18446744073709551615,18446744073709551615,81920,162312192,134217728,32768,0,0,21828,14885,22989,0,16384,162344960,32768,0,0
[2014-12-04T21:47:57.234086453Z] 81920,162316288,134217728,32768,0,0,21829,14885,22990,0,16384,162349056,32768,0,0,18446744073709551615,18446744073709551615,81920,162316288,134217728,32768,0,0,21829,14885,22990,0,16384,162349056,32768,0,0
[2014-12-04T21:47:58.249877073Z] 81920,162316288,134217728,32768,0,0,21845,14901,23007,0,16384,162349056,32768,0,0,18446744073709551615,18446744073709551615,81920,162316288,134217728,32768,0,0,21845,14901,23007,0,16384,162349056,32768,0,0
[2014-12-04T21:47:59.262990947Z] 81920,162320384,134217728,32768,0,0,21862,14917,23024,0,16384,162353152,32768,0,0,18446744073709551615,18446744073709551615,81920,162320384,134217728,32768,0,0,21862,14917,23024,0,16384,162353152,32768,0,0
[2014-12-04T21:48:00.280354967Z] 81920,162471936,134217728,32768,0,0,24107,17125,25270,0,16384,162504704,32768,0,0,18446744073709551615,18446744073709551615,81920,162471936,134217728,32768,0,0,24107,17125,25270,0,16384,162504704,32768,0,0
[2014-12-04T21:48:01.315293100Z] 81920,162471936,134217728,32768,0,0,24107,17125,25270,0,16384,162504704,32768,0,0,18446744073709551615,18446744073709551615,81920,162471936,134217728,32768,0,0,24107,17125,25270,0,16384,162504704,32768,0,0
[2014-12-04T21:48:02.325635251Z] 81920,161595392,134217728,32768,0,0,24109,17341,25272,0,16384,161628160,32768,0,0,18446744073709551615,18446744073709551615,81920,161595392,134217728,32768,0,0,24109,17341,25272,0,16384,161628160,32768,0,0
[2014-12-04T21:48:03.341207980Z] 81920,161615872,134217728,32768,0,0,24130,17357,25293,0,16384,161648640,32768,0,0,18446744073709551615,18446744073709551615,81920,161615872,134217728,32768,0,0,24130,17357,25293,0,16384,161648640,32768,0,0
[2014-12-04T21:48:04.358779303Z] 81920,161615872,134217728,32768,0,0,24130,17357,25293,0,16384,161648640,32768,0,0,18446744073709551615,18446744073709551615,81920,161615872,134217728,32768,0,0,24130,17357,25293,0,16384,161648640,32768,0,0
[2014-12-04T21:48:05.415920519Z] 81920,161615872,134217728,32768,0,0,24178,17405,25341,0,16384,161648640,32768,0,0,18446744073709551615,18446744073709551615,81920,161615872,134217728,32768,0,0,24178,17405,25341,0,16384,161648640,32768,0,0
[2014-12-04T21:48:06.548933633Z] 81920,161677312,134217728,32768,0,0,24209,17421,25373,0,16384,161710080,32768,0,0,18446744073709551615,18446744073709551615,81920,161677312,134217728,32768,0,0,24209,17421,25373,0,16384,161710080,32768,0,0
[2014-12-04T21:48:07.410730100Z] 81920,161677312,134217728,32768,0,0,24225,17437,25389,0,16384,161710080,32768,0,0,18446744073709551615,18446744073709551615,81920,161677312,134217728,32768,0,0,24225,17437,25389,0,16384,161710080,32768,0,0
[2014-12-04T21:48:08.425352704Z] 81920,161677312,134217728,32768,0,0,24225,17437,25389,0,16384,161710080,32768,0,0,18446744073709551615,18446744073709551615,81920,161677312,134217728,32768,0,0,24225,17437,25389,0,16384,161710080,32768,0,0
[2014-12-04T21:48:09.444893158Z] 81920,161677312,134217728,32768,0,0,24225,17437,25389,0,16384,161710080,32768,0,0,18446744073709551615,18446744073709551615,81920,161677312,134217728,32768,0,0,24225,17437,25389,0,16384,161710080,32768,0,0
[2014-12-04T21:48:10.454639504Z] 81920,161538048,134217728,32768,0,0,24241,17487,25405,0,16384,161570816,32768,0,0,18446744073709551615,18446744073709551615,81920,161538048,134217728,32768,0,0,24241,17487,25405,0,16384,161570816,32768,0,0
[2014-12-04T21:48:11.506592921Z] 81920,161538048,134217728,32768,0,0,24289,17535,25453,0,16384,161570816,32768,0,0,18446744073709551615,18446744073709551615,81920,161538048,134217728,32768,0,0,24289,17535,25453,0,16384,161570816,32768,0,0
[2014-12-04T21:48:12.472018853Z] 81920,161538048,134217728,32768,0,0,24305,17551,25470,0,16384,161570816,32768,0,0,18446744073709551615,18446744073709551615,81920,161538048,134217728,32768,0,0,24305,17551,25470,0,16384,161570816,32768,0,0
[2014-12-04T21:48:13.509908152Z] 81920,161538048,134217728,32768,0,0,24305,17551,25471,0,16384,161570816,32768,0,0,18446744073709551615,18446744073709551615,81920,161538048,134217728,32768,0,0,24305,17551,25471,0,16384,161570816,32768,0,0
[2014-12-04T21:48:14.527024605Z] 81920,161538048,134217728,32768,0,0,24305,17551,25471,0,16384,161570816,32768,0,0,18446744073709551615,18446744073709551615,81920,161538048,134217728,32768,0,0,24305,17551,25471,0,16384,161570816,32768,0,0
[2014-12-04T21:48:15.555900481Z] 81920,161538048,134217728,32768,0,0,24305,17551,25472,0,16384,161570816,32768,0,0,18446744073709551615,18446744073709551615,81920,161538048,134217728,32768,0,0,24305,17551,25472,0,16384,161570816,32768,0,0
[2014-12-04T21:48:16.571173002Z] 81920,161542144,134217728,32768,0,0,24386,17631,25553,0,16384,161574912,32768,0,0,18446744073709551615,18446744073709551615,81920,161542144,134217728,32768,0,0,24386,17631,25553,0,16384,161574912,32768,0,0
[2014-12-04T21:48:17.659923704Z] 81920,161542144,134217728,32768,0,0,24386,17631,25553,0,16384,161574912,32768,0,0,18446744073709551615,18446744073709551615,81920,161542144,134217728,32768,0,0,24386,17631,25553,0,16384,161574912,32768,0,0
[2014-12-04T21:48:18.599864366Z] 81920,161542144,134217728,32768,0,0,24386,17631,25553,0,16384,161574912,32768,0,0,18446744073709551615,18446744073709551615,81920,161542144,134217728,32768,0,0,24386,17631,25553,0,16384,161574912,32768,0,0
[2014-12-04T21:48:19.609944114Z] 81920,161542144,134217728,32768,0,0,24386,17631,25553,0,16384,161574912,32768,0,0,18446744073709551615,18446744073709551615,81920,161542144,134217728,32768,0,0,24386,17631,25553,0,16384,161574912,32768,0,0
[2014-12-04T21:48:20.617634146Z] 81920,161542144,134217728,32768,0,0,24386,17631,25553,0,16384,161574912,32768,0,0,18446744073709551615,18446744073709551615,81920,161542144,134217728,32768,0,0,24386,17631,25553,0,16384,161574912,32768,0,0
[2014-12-04T21:48:21.626827675Z] 81920,161542144,134217728,32768,0,0,24402,17647,25569,0,16384,161574912,32768,0,0,18446744073709551615,18446744073709551615,81920,161542144,134217728,32768,0,0,24402,17647,25569,0,16384,161574912,32768,0,0
[2014-12-04T21:48:22.649187448Z] 81920,161603584,134217728,32768,0,0,24481,17711,25649,0,16384,161636352,32768,0,0,18446744073709551615,18446744073709551615,81920,161603584,134217728,32768,0,0,24481,17711,25649,0,16384,161636352,32768,0,0
[2014-12-04T21:48:23.658512811Z] 81920,161603584,134217728,32768,0,0,24481,17711,25649,0,16384,161636352,32768,0,0,18446744073709551615,18446744073709551615,81920,161603584,134217728,32768,0,0,24481,17711,25649,0,16384,161636352,32768,0,0
[2014-12-04T21:48:24.667437856Z] 81920,161603584,134217728,32768,0,0,24481,17711,25649,0,16384,161636352,32768,0,0,18446744073709551615,18446744073709551615,81920,161603584,134217728,32768,0,0,24481,17711,25649,0,16384,161636352,32768,0,0
[2014-12-04T21:48:25.675110260Z] 81920,161603584,134217728,32768,0,0,24481,17711,25653,0,16384,161636352,32768,0,0,18446744073709551615,18446744073709551615,81920,161603584,134217728,32768,0,0,24481,17711,25653,0,16384,161636352,32768,0,0
[2014-12-04T21:48:26.688296189Z] 81920,161603584,134217728,32768,0,0,24497,17727,25670,0,16384,161636352,32768,0,0,18446744073709551615,18446744073709551615,81920,161603584,134217728,32768,0,0,24497,17727,25670,0,16384,161636352,32768,0,0
[2014-12-04T21:48:28.196821415Z] 81920,161603584,134217728,32768,0,0,25241,18471,26415,0,16384,161636352,32768,0,0,18446744073709551615,18446744073709551615,81920,161603584,134217728,32768,0,0,25241,18471,26415,0,16384,161636352,32768,0,0
[2014-12-04T21:48:28.774021473Z] 81920,161603584,134217728,32768,0,0,25241,18471,26415,0,16384,161636352,32768,0,0,18446744073709551615,18446744073709551615,81920,161603584,134217728,32768,0,0,25241,18471,26415,0,16384,161636352,32768,0,0
[2014-12-04T21:48:29.748632961Z] 81920,161603584,134217728,32768,0,0,25241,18471,26416,0,16384,161636352,32768,0,0,18446744073709551615,18446744073709551615,81920,161603584,134217728,32768,0,0,25241,18471,26416,0,16384,161636352,32768,0,0
[2014-12-04T21:48:30.812766713Z] 81920,161607680,134217728,32768,0,0,25242,18471,26417,0,16384,161640448,32768,0,0,18446744073709551615,18446744073709551615,81920,161607680,134217728,32768,0,0,25242,18471,26417,0,16384,161640448,32768,0,0
[2014-12-04T21:48:31.822067415Z] 81920,161669120,134217728,32768,0,0,25257,18471,26432,0,16384,161701888,32768,0,0,18446744073709551615,18446744073709551615,81920,161669120,134217728,32768,0,0,25257,18471,26432,0,16384,161701888,32768,0,0
[2014-12-04T21:48:32.914569134Z] 81920,161677312,134217728,32768,0,0,25307,18519,26482,0,16384,161710080,32768,0,0,18446744073709551615,18446744073709551615,81920,161677312,134217728,32768,0,0,25307,18519,26482,0,16384,161710080,32768,0,0
[2014-12-04T21:48:34.075796464Z] 81920,161677312,134217728,32768,0,0,25339,18551,26514,0,16384,161710080,32768,0,0,18446744073709551615,18446744073709551615,81920,161677312,134217728,32768,0,0,25339,18551,26514,0,16384,161710080,32768,0,0
[2014-12-04T21:48:34.858687971Z] 81920,161800192,134217728,32768,0,0,25369,18551,26544,0,16384,161832960,32768,0,0,18446744073709551615,18446744073709551615,81920,161800192,134217728,32768,0,0,25369,18551,26544,0,16384,161832960,32768,0,0
[2014-12-04T21:48:35.860357351Z] 81920,161800192,134217728,32768,0,0,25369,18551,26544,0,16384,161832960,32768,0,0,18446744073709551615,18446744073709551615,81920,161800192,134217728,32768,0,0,25369,18551,26544,0,16384,161832960,32768,0,0
[2014-12-04T21:48:36.876154021Z] 81920,161800192,134217728,32768,0,0,25369,18551,26545,0,16384,161832960,32768,0,0,18446744073709551615,18446744073709551615,81920,161800192,134217728,32768,0,0,25369,18551,26545,0,16384,161832960,32768,0,0
[2014-12-04T21:48:38.141020694Z] 81920,161808384,134217728,32768,0,0,25403,18583,26579,0,16384,161841152,32768,0,0,18446744073709551615,18446744073709551615,81920,161808384,134217728,32768,0,0,25403,18583,26579,0,16384,161841152,32768,0,0
[2014-12-04T21:48:39.046934794Z] 81920,162779136,134217728,32768,0,0,25688,18631,26885,0,16384,162811904,32768,0,0,18446744073709551615,18446744073709551615,81920,162779136,134217728,32768,0,0,25688,18631,26885,0,16384,162811904,32768,0,0
[2014-12-04T21:48:39.912171811Z] 81920,162779136,134217728,32768,0,0,25688,18631,26885,0,16384,162811904,32768,0,0,18446744073709551615,18446744073709551615,81920,162779136,134217728,32768,0,0,25688,18631,26885,0,16384,162811904,32768,0,0
[2014-12-04T21:48:40.928079354Z] 81920,162779136,134217728,32768,0,0,25688,18631,26885,0,16384,162811904,32768,0,0,18446744073709551615,18446744073709551615,81920,162779136,134217728,32768,0,0,25688,18631,26885,0,16384,162811904,32768,0,0
[2014-12-04T21:48:41.941934536Z] 81920,162779136,134217728,32768,0,0,25688,18631,26885,0,16384,162811904,32768,0,0,18446744073709551615,18446744073709551615,81920,162779136,134217728,32768,0,0,25688,18631,26885,0,16384,162811904,32768,0,0
[2014-12-04T21:48:43.039985544Z] 81920,162484224,134217728,32768,0,0,25704,18719,26901,0,16384,162516992,32768,0,0,18446744073709551615,18446744073709551615,81920,162484224,134217728,32768,0,0,25704,18719,26901,0,16384,162516992,32768,0,0
[2014-12-04T21:48:44.097995553Z] 81920,162488320,134217728,32768,0,0,25753,18767,26950,0,16384,162521088,32768,0,0,18446744073709551615,18446744073709551615,81920,162488320,134217728,32768,0,0,25753,18767,26950,0,16384,162521088,32768,0,0
[2014-12-04T21:48:45.756050602Z] 81920,162488320,134217728,32768,0,0,25769,18783,26966,0,16384,162521088,32768,0,0,18446744073709551615,18446744073709551615,81920,162488320,134217728,32768,0,0,25769,18783,26966,0,16384,162521088,32768,0,0
[2014-12-04T21:48:45.997974744Z] 81920,162488320,134217728,32768,0,0,25769,18783,26966,0,16384,162521088,32768,0,0,18446744073709551615,18446744073709551615,81920,162488320,134217728,32768,0,0,25769,18783,26966,0,16384,162521088,32768,0,0
[2014-12-04T21:48:47.019353910Z] 81920,162488320,134217728,32768,0,0,25769,18783,26966,0,16384,162521088,32768,0,0,18446744073709551615,18446744073709551615,81920,162488320,134217728,32768,0,0,25769,18783,26966,0,16384,162521088,32768,0,0
[2014-12-04T21:48:48.077794598Z] 81920,162488320,134217728,32768,0,0,25785,18799,26982,0,16384,162521088,32768,0,0,18446744073709551615,18446744073709551615,81920,162488320,134217728,32768,0,0,25785,18799,26982,0,16384,162521088,32768,0,0
[2014-12-04T21:48:49.072581258Z] 81920,162488320,134217728,32768,0,0,25801,18815,26998,0,16384,162521088,32768,0,0,18446744073709551615,18446744073709551615,81920,162488320,134217728,32768,0,0,25801,18815,26998,0,16384,162521088,32768,0,0
[2014-12-04T21:48:50.080085734Z] 81920,162488320,134217728,32768,0,0,25849,18863,27046,0,16384,162521088,32768,0,0,18446744073709551615,18446744073709551615,81920,162488320,134217728,32768,0,0,25849,18863,27046,0,16384,162521088,32768,0,0
[2014-12-04T21:48:51.089860792Z] 81920,162488320,134217728,32768,0,0,25924,18938,27121,0,16384,162521088,32768,0,0,18446744073709551615,18446744073709551615,81920,162488320,134217728,32768,0,0,25924,18938,27121,0,16384,162521088,32768,0,0
[2014-12-04T21:48:52.104848465Z] 81920,162488320,134217728,32768,0,0,25924,18938,27122,0,16384,162521088,32768,0,0,18446744073709551615,18446744073709551615,81920,162488320,134217728,32768,0,0,25924,18938,27122,0,16384,162521088,32768,0,0
[2014-12-04T21:48:53.131798446Z] 81920,162488320,134217728,32768,0,0,25940,18954,27139,0,16384,162521088,32768,0,0,18446744073709551615,18446744073709551615,81920,162488320,134217728,32768,0,0,25940,18954,27139,0,16384,162521088,32768,0,0
[2014-12-04T21:48:54.121953971Z] 81920,162488320,134217728,32768,0,0,25956,18970,27155,0,16384,162521088,32768,0,0,18446744073709551615,18446744073709551615,81920,162488320,134217728,32768,0,0,25956,18970,27155,0,16384,162521088,32768,0,0
[2014-12-04T21:48:55.141866239Z] 81920,162492416,134217728,32768,0,0,26005,19018,27204,0,16384,162525184,32768,0,0,18446744073709551615,18446744073709551615,81920,162492416,134217728,32768,0,0,26005,19018,27204,0,16384,162525184,32768,0,0
[2014-12-04T21:48:56.696098868Z] 81920,162492416,134217728,32768,0,0,26005,19018,27207,0,16384,162525184,32768,0,0,18446744073709551615,18446744073709551615,81920,162492416,134217728,32768,0,0,26005,19018,27207,0,16384,162525184,32768,0,0
[2014-12-04T21:48:57.167791251Z] 81920,162492416,134217728,32768,0,0,26005,19018,27208,0,16384,162525184,32768,0,0,18446744073709551615,18446744073709551615,81920,162492416,134217728,32768,0,0,26005,19018,27208,0,16384,162525184,32768,0,0
[2014-12-04T21:48:58.192273218Z] 81920,161837056,134217728,32768,0,0,26021,19194,27226,0,16384,161869824,32768,0,0,18446744073709551615,18446744073709551615,81920,161837056,134217728,32768,0,0,26021,19194,27226,0,16384,161869824,32768,0,0
[2014-12-04T21:48:59.208222499Z] 81920,161837056,134217728,32768,0,0,26037,19210,27242,0,16384,161869824,32768,0,0,18446744073709551615,18446744073709551615,81920,161837056,134217728,32768,0,0,26037,19210,27242,0,16384,161869824,32768,0,0
[2014-12-04T21:49:00.701544071Z] 81920,161837056,134217728,32768,0,0,26053,19226,27259,0,16384,161869824,32768,0,0,18446744073709551615,18446744073709551615,81920,161837056,134217728,32768,0,0,26053,19226,27259,0,16384,161869824,32768,0,0
[2014-12-04T21:49:01.226366725Z] 81920,161837056,134217728,32768,0,0,26085,19258,27291,0,16384,161869824,32768,0,0,18446744073709551615,18446744073709551615,81920,161837056,134217728,32768,0,0,26085,19258,27291,0,16384,161869824,32768,0,0
[2014-12-04T21:49:02.252729697Z] 81920,161837056,134217728,32768,0,0,26085,19258,27291,0,16384,161869824,32768,0,0,18446744073709551615,18446744073709551615,81920,161837056,134217728,32768,0,0,26085,19258,27291,0,16384,161869824,32768,0,0
[2014-12-04T21:49:03.265405482Z] 81920,161837056,134217728,32768,0,0,26101,19274,27307,0,16384,161869824,32768,0,0,18446744073709551615,18446744073709551615,81920,161837056,134217728,32768,0,0,26101,19274,27307,0,16384,161869824,32768,0,0
[2014-12-04T21:49:04.279084303Z] 81920,161837056,134217728,32768,0,0,26117,19290,27323,0,16384,161869824,32768,0,0,18446744073709551615,18446744073709551615,81920,161837056,134217728,32768,0,0,26117,19290,27323,0,16384,161869824,32768,0,0
[2014-12-04T21:49:05.648078426Z] 81920,161837056,134217728,32768,0,0,26133,19306,27339,0,16384,161869824,32768,0,0,18446744073709551615,18446744073709551615,81920,161837056,134217728,32768,0,0,26133,19306,27339,0,16384,161869824,32768,0,0
[2014-12-04T21:49:06.492229403Z] 81920,165625856,134217728,32768,0,0,28889,21137,30097,0,16384,165658624,32768,0,0,18446744073709551615,18446744073709551615,81920,165625856,134217728,32768,0,0,28889,21137,30097,0,16384,165658624,32768,0,0
[2014-12-04T21:49:07.319877516Z] 81920,165625856,134217728,32768,0,0,28889,21137,30097,0,16384,165658624,32768,0,0,18446744073709551615,18446744073709551615,81920,165625856,134217728,32768,0,0,28889,21137,30097,0,16384,165658624,32768,0,0
[2014-12-04T21:49:08.345713138Z] 81920,165265408,134217728,32768,0,0,28889,21225,30097,0,16384,165298176,32768,0,0,18446744073709551615,18446744073709551615,81920,165265408,134217728,32768,0,0,28889,21225,30097,0,16384,165298176,32768,0,0
[2014-12-04T21:49:09.366960926Z] 81920,165265408,134217728,32768,0,0,28889,21225,30097,0,16384,165298176,32768,0,0,18446744073709551615,18446744073709551615,81920,165265408,134217728,32768,0,0,28889,21225,30097,0,16384,165298176,32768,0,0
[2014-12-04T21:49:10.859178190Z] 81920,165265408,134217728,32768,0,0,28921,21257,30130,0,16384,165298176,32768,0,0,18446744073709551615,18446744073709551615,81920,165265408,134217728,32768,0,0,28921,21257,30130,0,16384,165298176,32768,0,0
[2014-12-04T21:49:11.385242157Z] 81920,165126144,134217728,32768,0,0,28969,21339,30178,0,16384,165158912,32768,0,0,18446744073709551615,18446744073709551615,81920,165126144,134217728,32768,0,0,28969,21339,30178,0,16384,165158912,32768,0,0
[2014-12-04T21:49:12.430802746Z] 81920,165126144,134217728,32768,0,0,28969,21339,30178,0,16384,165158912,32768,0,0,18446744073709551615,18446744073709551615,81920,165126144,134217728,32768,0,0,28969,21339,30178,0,16384,165158912,32768,0,0
[2014-12-04T21:49:13.465166793Z] 81920,165126144,134217728,32768,0,0,28969,21339,30178,0,16384,165158912,32768,0,0,18446744073709551615,18446744073709551615,81920,165126144,134217728,32768,0,0,28969,21339,30178,0,16384,165158912,32768,0,0
[2014-12-04T21:49:14.483357300Z] 81920,165126144,134217728,32768,0,0,28969,21339,30178,0,16384,165158912,32768,0,0,18446744073709551615,18446744073709551615,81920,165126144,134217728,32768,0,0,28969,21339,30178,0,16384,165158912,32768,0,0
[2014-12-04T21:49:15.520360000Z] 81920,165126144,134217728,32768,0,0,28969,21339,30178,0,16384,165158912,32768,0,0,18446744073709551615,18446744073709551615,81920,165126144,134217728,32768,0,0,28969,21339,30178,0,16384,165158912,32768,0,0
[2014-12-04T21:49:16.538620659Z] 81920,165126144,134217728,32768,0,0,29033,21403,30242,0,16384,165158912,32768,0,0,18446744073709551615,18446744073709551615,81920,165126144,134217728,32768,0,0,29033,21403,30242,0,16384,165158912,32768,0,0
[2014-12-04T21:49:17.729741076Z] 81920,165126144,134217728,32768,0,0,29049,21419,30258,0,16384,165158912,32768,0,0,18446744073709551615,18446744073709551615,81920,165126144,134217728,32768,0,0,29049,21419,30258,0,16384,165158912,32768,0,0
[2014-12-04T21:49:18.567859330Z] 81920,166330368,134217728,32768,0,0,30734,22810,31943,0,16384,166363136,32768,0,0,18446744073709551615,18446744073709551615,81920,166330368,134217728,32768,0,0,30734,22810,31943,0,16384,166363136,32768,0,0
[2014-12-04T21:49:19.584097943Z] 81920,166330368,134217728,32768,0,0,30734,22810,31943,0,16384,166363136,32768,0,0,18446744073709551615,18446744073709551615,81920,166330368,134217728,32768,0,0,30734,22810,31943,0,16384,166363136,32768,0,0
[2014-12-04T21:49:20.591856506Z] 81920,166330368,134217728,32768,0,0,30734,22810,31943,0,16384,166363136,32768,0,0,18446744073709551615,18446744073709551615,81920,166330368,134217728,32768,0,0,30734,22810,31943,0,16384,166363136,32768,0,0
[2014-12-04T21:49:21.633145314Z] 81920,166330368,134217728,32768,0,0,30782,22858,31991,0,16384,166363136,32768,0,0,18446744073709551615,18446744073709551615,81920,166330368,134217728,32768,0,0,30782,22858,31991,0,16384,166363136,32768,0,0
[2014-12-04T21:49:22.708473268Z] 81920,166330368,134217728,32768,0,0,30814,22890,32023,0,16384,166363136,32768,0,0,18446744073709551615,18446744073709551615,81920,166330368,134217728,32768,0,0,30814,22890,32023,0,16384,166363136,32768,0,0
[2014-12-04T21:49:23.763411211Z] 81920,166076416,134217728,32768,0,0,30875,23013,32084,0,16384,166109184,32768,0,0,18446744073709551615,18446744073709551615,81920,166076416,134217728,32768,0,0,30875,23013,32084,0,16384,166109184,32768,0,0
[2014-12-04T21:49:24.668059965Z] 81920,166076416,134217728,32768,0,0,30875,23013,32084,0,16384,166109184,32768,0,0,18446744073709551615,18446744073709551615,81920,166076416,134217728,32768,0,0,30875,23013,32084,0,16384,166109184,32768,0,0
[2014-12-04T21:49:25.690271144Z] 81920,166076416,134217728,32768,0,0,30875,23013,32084,0,16384,166109184,32768,0,0,18446744073709551615,18446744073709551615,81920,166076416,134217728,32768,0,0,30875,23013,32084,0,16384,166109184,32768,0,0
[2014-12-04T21:49:26.705645217Z] 81920,166076416,134217728,32768,0,0,30875,23013,32088,0,16384,166109184,32768,0,0,18446744073709551615,18446744073709551615,81920,166076416,134217728,32768,0,0,30875,23013,32088,0,16384,166109184,32768,0,0
[2014-12-04T21:49:27.725301369Z] 81920,166076416,134217728,32768,0,0,30923,23061,32138,0,16384,166109184,32768,0,0,18446744073709551615,18446744073709551615,81920,166076416,134217728,32768,0,0,30923,23061,32138,0,16384,166109184,32768,0,0
[2014-12-04T21:49:28.796072830Z] 81920,165158912,134217728,32768,0,0,30963,23325,32200,0,16384,165191680,32768,0,0,18446744073709551615,18446744073709551615,81920,165158912,134217728,32768,0,0,30963,23325,32200,0,16384,165191680,32768,0,0
[2014-12-04T21:49:29.890692294Z] 81920,165158912,134217728,32768,0,0,30963,23325,32200,0,16384,165191680,32768,0,0,18446744073709551615,18446744073709551615,81920,165158912,134217728,32768,0,0,30963,23325,32200,0,16384,165191680,32768,0,0
[2014-12-04T21:49:30.760824774Z] 81920,165158912,134217728,32768,0,0,30963,23325,32201,0,16384,165191680,32768,0,0,18446744073709551615,18446744073709551615,81920,165158912,134217728,32768,0,0,30963,23325,32201,0,16384,165191680,32768,0,0
[2014-12-04T21:49:31.783249626Z] 81920,165158912,134217728,32768,0,0,30963,23325,32201,0,16384,165191680,32768,0,0,18446744073709551615,18446744073709551615,81920,165158912,134217728,32768,0,0,30963,23325,32201,0,16384,165191680,32768,0,0
[2014-12-04T21:49:32.799777436Z] 81920,165158912,134217728,32768,0,0,31011,23373,32249,0,16384,165191680,32768,0,0,18446744073709551615,18446744073709551615,81920,165158912,134217728,32768,0,0,31011,23373,32249,0,16384,165191680,32768,0,0
[2014-12-04T21:49:33.806773698Z] 81920,165158912,134217728,32768,0,0,31043,23405,32281,0,16384,165191680,32768,0,0,18446744073709551615,18446744073709551615,81920,165158912,134217728,32768,0,0,31043,23405,32281,0,16384,165191680,32768,0,0
[2014-12-04T21:49:34.857623309Z] 81920,165158912,134217728,32768,0,0,31043,23405,32281,0,16384,165191680,32768,0,0,18446744073709551615,18446744073709551615,81920,165158912,134217728,32768,0,0,31043,23405,32281,0,16384,165191680,32768,0,0
[2014-12-04T21:49:35.867090237Z] 81920,165158912,134217728,32768,0,0,31043,23405,32282,0,16384,165191680,32768,0,0,18446744073709551615,18446744073709551615,81920,165158912,134217728,32768,0,0,31043,23405,32282,0,16384,165191680,32768,0,0
[2014-12-04T21:49:36.892504955Z] 81920,165158912,134217728,32768,0,0,31043,23405,32282,0,16384,165191680,32768,0,0,18446744073709551615,18446744073709551615,81920,165158912,134217728,32768,0,0,31043,23405,32282,0,16384,165191680,32768,0,0
[2014-12-04T21:49:37.907404979Z] 81920,165158912,134217728,32768,0,0,31043,23405,32282,0,16384,165191680,32768,0,0,18446744073709551615,18446744073709551615,81920,165158912,134217728,32768,0,0,31043,23405,32282,0,16384,165191680,32768,0,0
[2014-12-04T21:49:38.988804851Z] 81920,165158912,134217728,32768,0,0,31091,23453,32330,0,16384,165191680,32768,0,0,18446744073709551615,18446744073709551615,81920,165158912,134217728,32768,0,0,31091,23453,32330,0,16384,165191680,32768,0,0
[2014-12-04T21:49:39.946490609Z] 81920,165158912,134217728,32768,0,0,31123,23485,32362,0,16384,165191680,32768,0,0,18446744073709551615,18446744073709551615,81920,165158912,134217728,32768,0,0,31123,23485,32362,0,16384,165191680,32768,0,0
[2014-12-04T21:49:41.418680902Z] 81920,165158912,134217728,32768,0,0,31123,23485,32362,0,16384,165191680,32768,0,0,18446744073709551615,18446744073709551615,81920,165158912,134217728,32768,0,0,31123,23485,32362,0,16384,165191680,32768,0,0
[2014-12-04T21:49:41.980956113Z] 81920,165158912,134217728,32768,0,0,31123,23485,32362,0,16384,165191680,32768,0,0,18446744073709551615,18446744073709551615,81920,165158912,134217728,32768,0,0,31123,23485,32362,0,16384,165191680,32768,0,0
[2014-12-04T21:49:43.007879815Z] 81920,165158912,134217728,32768,0,0,31123,23485,32362,0,16384,165191680,32768,0,0,18446744073709551615,18446744073709551615,81920,165158912,134217728,32768,0,0,31123,23485,32362,0,16384,165191680,32768,0,0
[2014-12-04T21:49:44.047498455Z] 81920,165158912,134217728,32768,0,0,31155,23517,32394,0,16384,165191680,32768,0,0,18446744073709551615,18446744073709551615,81920,165158912,134217728,32768,0,0,31155,23517,32394,0,16384,165191680,32768,0,0
[2014-12-04T21:49:45.033338137Z] 81920,165158912,134217728,32768,0,0,31203,23565,32442,0,16384,165191680,32768,0,0,18446744073709551615,18446744073709551615,81920,165158912,134217728,32768,0,0,31203,23565,32442,0,16384,165191680,32768,0,0
[2014-12-04T21:49:46.300872532Z] 81920,165158912,134217728,32768,0,0,31203,23565,32443,0,16384,165191680,32768,0,0,18446744073709551615,18446744073709551615,81920,165158912,134217728,32768,0,0,31203,23565,32443,0,16384,165191680,32768,0,0
[2014-12-04T21:49:47.042956982Z] 81920,165158912,134217728,32768,0,0,31203,23565,32443,0,16384,165191680,32768,0,0,18446744073709551615,18446744073709551615,81920,165158912,134217728,32768,0,0,31203,23565,32443,0,16384,165191680,32768,0,0
[2014-12-04T21:49:48.050233759Z] 81920,165158912,134217728,32768,0,0,31203,23565,32443,0,16384,165191680,32768,0,0,18446744073709551615,18446744073709551615,81920,165158912,134217728,32768,0,0,31203,23565,32443,0,16384,165191680,32768,0,0
[2014-12-04T21:49:49.058732751Z] 81920,165158912,134217728,32768,0,0,31203,23565,32443,0,16384,165191680,32768,0,0,18446744073709551615,18446744073709551615,81920,165158912,134217728,32768,0,0,31203,23565,32443,0,16384,165191680,32768,0,0
[2014-12-04T21:49:50.167155363Z] 81920,165158912,134217728,32768,0,0,31235,23597,32475,0,16384,165191680,32768,0,0,18446744073709551615,18446744073709551615,81920,165158912,134217728,32768,0,0,31235,23597,32475,0,16384,165191680,32768,0,0
[2014-12-04T21:49:51.114517123Z] 81920,165158912,134217728,32768,0,0,31283,23645,32523,0,16384,165191680,32768,0,0,18446744073709551615,18446744073709551615,81920,165158912,134217728,32768,0,0,31283,23645,32523,0,16384,165191680,32768,0,0
[2014-12-04T21:49:52.091184139Z] 81920,165158912,134217728,32768,0,0,31283,23645,32524,0,16384,165191680,32768,0,0,18446744073709551615,18446744073709551615,81920,165158912,134217728,32768,0,0,31283,23645,32524,0,16384,165191680,32768,0,0
[2014-12-04T21:49:53.117682902Z] 81920,165158912,134217728,32768,0,0,31283,23645,32524,0,16384,165191680,32768,0,0,18446744073709551615,18446744073709551615,81920,165158912,134217728,32768,0,0,31283,23645,32524,0,16384,165191680,32768,0,0
[2014-12-04T21:49:54.144553605Z] 81920,165158912,134217728,32768,0,0,31283,23645,32524,0,16384,165191680,32768,0,0,18446744073709551615,18446744073709551615,81920,165158912,134217728,32768,0,0,31283,23645,32524,0,16384,165191680,32768,0,0
[2014-12-04T21:49:55.168721162Z] 81920,165158912,134217728,32768,0,0,31299,23661,32540,0,16384,165191680,32768,0,0,18446744073709551615,18446744073709551615,81920,165158912,134217728,32768,0,0,31299,23661,32540,0,16384,165191680,32768,0,0
[2014-12-04T21:49:56.185332379Z] 81920,165158912,134217728,32768,0,0,31315,23677,32560,0,16384,165191680,32768,0,0,18446744073709551615,18446744073709551615,81920,165158912,134217728,32768,0,0,31315,23677,32560,0,16384,165191680,32768,0,0
[2014-12-04T21:49:57.206401855Z] 81920,165158912,134217728,32768,0,0,31347,23709,32595,0,16384,165191680,32768,0,0,18446744073709551615,18446744073709551615,81920,165158912,134217728,32768,0,0,31347,23709,32595,0,16384,165191680,32768,0,0
[2014-12-04T21:49:58.340437929Z] 81920,165158912,134217728,32768,0,0,31363,23725,32611,0,16384,165191680,32768,0,0,18446744073709551615,18446744073709551615,81920,165158912,134217728,32768,0,0,31363,23725,32611,0,16384,165191680,32768,0,0
[2014-12-04T21:49:59.220503219Z] 81920,165158912,134217728,32768,0,0,31363,23725,32611,0,16384,165191680,32768,0,0,18446744073709551615,18446744073709551615,81920,165158912,134217728,32768,0,0,31363,23725,32611,0,16384,165191680,32768,0,0
[2014-12-04T21:50:00.228691776Z] 81920,165158912,134217728,32768,0,0,31363,23725,32612,0,16384,165191680,32768,0,0,18446744073709551615,18446744073709551615,81920,165158912,134217728,32768,0,0,31363,23725,32612,0,16384,165191680,32768,0,0
[2014-12-04T21:50:01.255811959Z] 81920,165163008,134217728,32768,0,0,31380,23741,32629,0,16384,165195776,32768,0,0,18446744073709551615,18446744073709551615,81920,165163008,134217728,32768,0,0,31380,23741,32629,0,16384,165195776,32768,0,0
[2014-12-04T21:50:02.292509543Z] 81920,165163008,134217728,32768,0,0,31396,23757,32645,0,16384,165195776,32768,0,0,18446744073709551615,18446744073709551615,81920,165163008,134217728,32768,0,0,31396,23757,32645,0,16384,165195776,32768,0,0
[2014-12-04T21:50:03.302719097Z] 81920,165163008,134217728,32768,0,0,31444,23805,32693,0,16384,165195776,32768,0,0,18446744073709551615,18446744073709551615,81920,165163008,134217728,32768,0,0,31444,23805,32693,0,16384,165195776,32768,0,0
[2014-12-04T21:50:04.307405901Z] 81920,165163008,134217728,32768,0,0,31444,23805,32693,0,16384,165195776,32768,0,0,18446744073709551615,18446744073709551615,81920,165163008,134217728,32768,0,0,31444,23805,32693,0,16384,165195776,32768,0,0
[2014-12-04T21:50:05.316416885Z] 81920,165163008,134217728,32768,0,0,31460,23821,32709,0,16384,165195776,32768,0,0,18446744073709551615,18446744073709551615,81920,165163008,134217728,32768,0,0,31460,23821,32709,0,16384,165195776,32768,0,0
[2014-12-04T21:50:06.332983556Z] 81920,165163008,134217728,32768,0,0,31460,23821,32709,0,16384,165195776,32768,0,0,18446744073709551615,18446744073709551615,81920,165163008,134217728,32768,0,0,31460,23821,32709,0,16384,165195776,32768,0,0
[2014-12-04T21:50:07.348504416Z] 81920,165163008,134217728,32768,0,0,31460,23821,32709,0,16384,165195776,32768,0,0,18446744073709551615,18446744073709551615,81920,165163008,134217728,32768,0,0,31460,23821,32709,0,16384,165195776,32768,0,0
[2014-12-04T21:50:08.365414470Z] 81920,165163008,134217728,32768,0,0,31460,23821,32709,0,16384,165195776,32768,0,0,18446744073709551615,18446744073709551615,81920,165163008,134217728,32768,0,0,31460,23821,32709,0,16384,165195776,32768,0,0
[2014-12-04T21:50:09.478348073Z] 81920,165171200,134217728,32768,0,0,31526,23885,32775,0,16384,165203968,32768,0,0,18446744073709551615,18446744073709551615,81920,165171200,134217728,32768,0,0,31526,23885,32775,0,16384,165203968,32768,0,0
[2014-12-04T21:50:10.388649381Z] 81920,165171200,134217728,32768,0,0,31526,23885,32775,0,16384,165203968,32768,0,0,18446744073709551615,18446744073709551615,81920,165171200,134217728,32768,0,0,31526,23885,32775,0,16384,165203968,32768,0,0
[2014-12-04T21:50:11.406965214Z] 81920,165031936,134217728,32768,0,0,31542,23935,32791,0,16384,165064704,32768,0,0,18446744073709551615,18446744073709551615,81920,165031936,134217728,32768,0,0,31542,23935,32791,0,16384,165064704,32768,0,0
[2014-12-04T21:50:12.411782730Z] 81920,165031936,134217728,32768,0,0,31542,23935,32792,0,16384,165064704,32768,0,0,18446744073709551615,18446744073709551615,81920,165031936,134217728,32768,0,0,31542,23935,32792,0,16384,165064704,32768,0,0
[2014-12-04T21:50:13.430910832Z] 81920,165031936,134217728,32768,0,0,31542,23935,32792,0,16384,165064704,32768,0,0,18446744073709551615,18446744073709551615,81920,165031936,134217728,32768,0,0,31542,23935,32792,0,16384,165064704,32768,0,0
[2014-12-04T21:50:14.445393336Z] 81920,165031936,134217728,32768,0,0,31558,23951,32808,0,16384,165064704,32768,0,0,18446744073709551615,18446744073709551615,81920,165031936,134217728,32768,0,0,31558,23951,32808,0,16384,165064704,32768,0,0
[2014-12-04T21:50:15.457952488Z] 81920,165031936,134217728,32768,0,0,31590,23983,32840,0,16384,165064704,32768,0,0,18446744073709551615,18446744073709551615,81920,165031936,134217728,32768,0,0,31590,23983,32840,0,16384,165064704,32768,0,0
[2014-12-04T21:50:16.467880845Z] 81920,165031936,134217728,32768,0,0,31622,24015,32872,0,16384,165064704,32768,0,0,18446744073709551615,18446744073709551615,81920,165031936,134217728,32768,0,0,31622,24015,32872,0,16384,165064704,32768,0,0
[2014-12-04T21:50:17.479195940Z] 81920,165031936,134217728,32768,0,0,31622,24015,32872,0,16384,165064704,32768,0,0,18446744073709551615,18446744073709551615,81920,165031936,134217728,32768,0,0,31622,24015,32872,0,16384,165064704,32768,0,0
[2014-12-04T21:50:18.490906724Z] 81920,165031936,134217728,32768,0,0,32211,24604,33461,0,16384,165064704,32768,0,0,18446744073709551615,18446744073709551615,81920,165031936,134217728,32768,0,0,32211,24604,33461,0,16384,165064704,32768,0,0
[2014-12-04T21:50:19.509006416Z] 81920,165031936,134217728,32768,0,0,32211,24604,33461,0,16384,165064704,32768,0,0,18446744073709551615,18446744073709551615,81920,165031936,134217728,32768,0,0,32211,24604,33461,0,16384,165064704,32768,0,0
[2014-12-04T21:50:20.740104156Z] 81920,165031936,134217728,32768,0,0,32259,24652,33509,0,16384,165064704,32768,0,0,18446744073709551615,18446744073709551615,81920,165031936,134217728,32768,0,0,32259,24652,33509,0,16384,165064704,32768,0,0
[2014-12-04T21:50:21.582528897Z] 81920,165478400,134217728,32768,0,0,32385,24669,33656,0,16384,165511168,32768,0,0,18446744073709551615,18446744073709551615,81920,165478400,134217728,32768,0,0,32385,24669,33656,0,16384,165511168,32768,0,0
[2014-12-04T21:50:22.847273234Z] 81920,165486592,134217728,32768,0,0,32403,24685,33674,0,16384,165519360,32768,0,0,18446744073709551615,18446744073709551615,81920,165486592,134217728,32768,0,0,32403,24685,33674,0,16384,165519360,32768,0,0
[2014-12-04T21:50:23.597255774Z] 81920,165486592,134217728,32768,0,0,32403,24685,33674,0,16384,165519360,32768,0,0,18446744073709551615,18446744073709551615,81920,165486592,134217728,32768,0,0,32403,24685,33674,0,16384,165519360,32768,0,0
[2014-12-04T21:50:24.607420886Z] 81920,165486592,134217728,32768,0,0,32403,24685,33674,0,16384,165519360,32768,0,0,18446744073709551615,18446744073709551615,81920,165486592,134217728,32768,0,0,32403,24685,33674,0,16384,165519360,32768,0,0
[2014-12-04T21:50:25.626577651Z] 81920,165486592,134217728,32768,0,0,32419,24701,33690,0,16384,165519360,32768,0,0,18446744073709551615,18446744073709551615,81920,165486592,134217728,32768,0,0,32419,24701,33690,0,16384,165519360,32768,0,0
[2014-12-04T21:50:26.926775352Z] 81920,165486592,134217728,32768,0,0,32435,24717,33711,0,16384,165519360,32768,0,0,18446744073709551615,18446744073709551615,81920,165486592,134217728,32768,0,0,32435,24717,33711,0,16384,165519360,32768,0,0
[2014-12-04T21:50:27.801048300Z] 81920,165486592,134217728,32768,0,0,32483,24765,33759,0,16384,165519360,32768,0,0,18446744073709551615,18446744073709551615,81920,165486592,134217728,32768,0,0,32483,24765,33759,0,16384,165519360,32768,0,0
[2014-12-04T21:50:28.678255970Z] 81920,165158912,134217728,32768,0,0,32483,24845,33759,0,16384,165191680,32768,0,0,18446744073709551615,18446744073709551615,81920,165158912,134217728,32768,0,0,32483,24845,33759,0,16384,165191680,32768,0,0
[2014-12-04T21:50:29.688858348Z] 81920,165158912,134217728,32768,0,0,32483,24845,33760,0,16384,165191680,32768,0,0,18446744073709551615,18446744073709551615,81920,165158912,134217728,32768,0,0,32483,24845,33760,0,16384,165191680,32768,0,0
[2014-12-04T21:50:30.715818740Z] 81920,165158912,134217728,32768,0,0,32499,24861,33776,0,16384,165191680,32768,0,0,18446744073709551615,18446744073709551615,81920,165158912,134217728,32768,0,0,32499,24861,33776,0,16384,165191680,32768,0,0
[2014-12-04T21:50:31.720985457Z] 81920,165158912,134217728,32768,0,0,32515,24877,33792,0,16384,165191680,32768,0,0,18446744073709551615,18446744073709551615,81920,165158912,134217728,32768,0,0,32515,24877,33792,0,16384,165191680,32768,0,0
[2014-12-04T21:50:32.721129487Z] 81920,165158912,134217728,32768,0,0,32531,24893,33808,0,16384,165191680,32768,0,0,18446744073709551615,18446744073709551615,81920,165158912,134217728,32768,0,0,32531,24893,33808,0,16384,165191680,32768,0,0
[2014-12-04T21:50:33.731872072Z] 81920,165158912,134217728,32768,0,0,32563,24925,33840,0,16384,165191680,32768,0,0,18446744073709551615,18446744073709551615,81920,165158912,134217728,32768,0,0,32563,24925,33840,0,16384,165191680,32768,0,0
[2014-12-04T21:50:34.740490912Z] 81920,165158912,134217728,32768,0,0,32563,24925,33840,0,16384,165191680,32768,0,0,18446744073709551615,18446744073709551615,81920,165158912,134217728,32768,0,0,32563,24925,33840,0,16384,165191680,32768,0,0
[2014-12-04T21:50:35.751955074Z] 81920,165158912,134217728,32768,0,0,32595,24957,33872,0,16384,165191680,32768,0,0,18446744073709551615,18446744073709551615,81920,165158912,134217728,32768,0,0,32595,24957,33872,0,16384,165191680,32768,0,0
[2014-12-04T21:50:36.764910291Z] 81920,165158912,134217728,32768,0,0,32595,24957,33872,0,16384,165191680,32768,0,0,18446744073709551615,18446744073709551615,81920,165158912,134217728,32768,0,0,32595,24957,33872,0,16384,165191680,32768,0,0
[2014-12-04T21:50:37.785110759Z] 81920,165158912,134217728,32768,0,0,32595,24957,33872,0,16384,165191680,32768,0,0,18446744073709551615,18446744073709551615,81920,165158912,134217728,32768,0,0,32595,24957,33872,0,16384,165191680,32768,0,0
[2014-12-04T21:50:38.806868376Z] 81920,165060608,134217728,32768,0,0,32611,24997,33888,0,16384,165093376,32768,0,0,18446744073709551615,18446744073709551615,81920,165060608,134217728,32768,0,0,32611,24997,33888,0,16384,165093376,32768,0,0
[2014-12-04T21:50:39.810545353Z] 81920,165060608,134217728,32768,0,0,32643,25029,33920,0,16384,165093376,32768,0,0,18446744073709551615,18446744073709551615,81920,165060608,134217728,32768,0,0,32643,25029,33920,0,16384,165093376,32768,0,0
[2014-12-04T21:50:40.831469892Z] 81920,165060608,134217728,32768,0,0,32659,25045,33936,0,16384,165093376,32768,0,0,18446744073709551615,18446744073709551615,81920,165060608,134217728,32768,0,0,32659,25045,33936,0,16384,165093376,32768,0,0
[2014-12-04T21:50:41.839723084Z] 81920,165060608,134217728,32768,0,0,32659,25045,33936,0,16384,165093376,32768,0,0,18446744073709551615,18446744073709551615,81920,165060608,134217728,32768,0,0,32659,25045,33936,0,16384,165093376,32768,0,0
[2014-12-04T21:50:42.845302654Z] 81920,165060608,134217728,32768,0,0,32675,25061,33952,0,16384,165093376,32768,0,0,18446744073709551615,18446744073709551615,81920,165060608,134217728,32768,0,0,32675,25061,33952,0,16384,165093376,32768,0,0
[2014-12-04T21:50:43.860115055Z] 81920,165060608,134217728,32768,0,0,32691,25077,33969,0,16384,165093376,32768,0,0,18446744073709551615,18446744073709551615,81920,165060608,134217728,32768,0,0,32691,25077,33969,0,16384,165093376,32768,0,0
[2014-12-04T21:50:44.871994411Z] 81920,165060608,134217728,32768,0,0,32691,25077,33969,0,16384,165093376,32768,0,0,18446744073709551615,18446744073709551615,81920,165060608,134217728,32768,0,0,32691,25077,33969,0,16384,165093376,32768,0,0
[2014-12-04T21:50:46.096802240Z] 81920,165060608,134217728,32768,0,0,32723,25109,34001,0,16384,165093376,32768,0,0,18446744073709551615,18446744073709551615,81920,165060608,134217728,32768,0,0,32723,25109,34001,0,16384,165093376,32768,0,0
[2014-12-04T21:50:46.890252839Z] 81920,165060608,134217728,32768,0,0,32739,25125,34017,0,16384,165093376,32768,0,0,18446744073709551615,18446744073709551615,81920,165060608,134217728,32768,0,0,32739,25125,34017,0,16384,165093376,32768,0,0
[2014-12-04T21:50:47.898274992Z] 81920,165060608,134217728,32768,0,0,32755,25141,34033,0,16384,165093376,32768,0,0,18446744073709551615,18446744073709551615,81920,165060608,134217728,32768,0,0,32755,25141,34033,0,16384,165093376,32768,0,0
[2014-12-04T21:50:48.914862254Z] 81920,165060608,134217728,32768,0,0,32771,25157,34049,0,16384,165093376,32768,0,0,18446744073709551615,18446744073709551615,81920,165060608,134217728,32768,0,0,32771,25157,34049,0,16384,165093376,32768,0,0
[2014-12-04T21:50:49.922317299Z] 81920,165060608,134217728,32768,0,0,32771,25157,34049,0,16384,165093376,32768,0,0,18446744073709551615,18446744073709551615,81920,165060608,134217728,32768,0,0,32771,25157,34049,0,16384,165093376,32768,0,0
[2014-12-04T21:50:50.937668290Z] 81920,165060608,134217728,32768,0,0,32787,25173,34065,0,16384,165093376,32768,0,0,18446744073709551615,18446744073709551615,81920,165060608,134217728,32768,0,0,32787,25173,34065,0,16384,165093376,32768,0,0
[2014-12-04T21:50:51.951172879Z] 81920,165060608,134217728,32768,0,0,32835,25221,34113,0,16384,165093376,32768,0,0,18446744073709551615,18446744073709551615,81920,165060608,134217728,32768,0,0,32835,25221,34113,0,16384,165093376,32768,0,0
[2014-12-04T21:50:52.975455337Z] 81920,165060608,134217728,32768,0,0,32851,25237,34129,0,16384,165093376,32768,0,0,18446744073709551615,18446744073709551615,81920,165060608,134217728,32768,0,0,32851,25237,34129,0,16384,165093376,32768,0,0
[2014-12-04T21:50:53.986887358Z] 81920,165060608,134217728,32768,0,0,32851,25237,34129,0,16384,165093376,32768,0,0,18446744073709551615,18446744073709551615,81920,165060608,134217728,32768,0,0,32851,25237,34129,0,16384,165093376,32768,0,0
[2014-12-04T21:50:54.999162287Z] 81920,165060608,134217728,32768,0,0,32851,25237,34129,0,16384,165093376,32768,0,0,18446744073709551615,18446744073709551615,81920,165060608,134217728,32768,0,0,32851,25237,34129,0,16384,165093376,32768,0,0
[2014-12-04T21:50:56.006357573Z] 81920,165060608,134217728,32768,0,0,32899,25285,34177,0,16384,165093376,32768,0,0,18446744073709551615,18446744073709551615,81920,165060608,134217728,32768,0,0,32899,25285,34177,0,16384,165093376,32768,0,0
