2014-12-04T21:46:56.084060271Z cache,rss,rss_huge,mapped_file,writeback,swap,pgpgin,pgpgout,pgfault,pgmajfault,inactive_anon,active_anon,inactive_file,active_file,unevictable,hierarchical_memory_limit,hierarchical_memsw_limit,total_cache,total_rss,total_rss_huge,total_mapped_file,total_writeback,total_swap,total_pgpgin,total_pgpgout,total_pgfault,total_pgmajfault,total_inactive_anon,total_active_anon,total_inactive_file,total_active_file,total_unevictable
2014-12-04T21:46:56.085910535Z 110592,83779584,65011712,32768,0,0,6102,1462,8035,0,20480,83824640,40960,0,0,18446744073709551615,18446744073709551615,110592,83779584,65011712,32768,0,0,6102,1462,8035,0,20480,83824640,40960,0,0
[2014-12-04T21:46:57.091818045Z] 110592,115785728,94371840,32768,0,0,7134,1834,9127,0,16384,115838976,40960,0,0,18446744073709551615,18446744073709551615,110592,115785728,94371840,32768,0,0,7134,1834,9127,0,16384,115838976,40960,0,0
[2014-12-04T21:46:58.096310070Z] 110592,115785728,94371840,32768,0,0,7134,1834,9127,0,16384,115838976,40960,0,0,18446744073709551615,18446744073709551615,110592,115785728,94371840,32768,0,0,7134,1834,9127,0,16384,115838976,40960,0,0
[2014-12-04T21:46:59.100200039Z] 110592,115785728,94371840,32768,0,0,7134,1834,9127,0,16384,115838976,40960,0,0,18446744073709551615,18446744073709551615,110592,115785728,94371840,32768,0,0,7134,1834,9127,0,16384,115838976,40960,0,0
[2014-12-04T21:47:00.104732036Z] 110592,115785728,94371840,32768,0,0,7134,1834,9127,0,16384,115838976,40960,0,0,18446744073709551615,18446744073709551615,110592,115785728,94371840,32768,0,0,7134,1834,9127,0,16384,115838976,40960,0,0
[2014-12-04T21:47:01.108365061Z] 110592,115752960,94371840,32768,0,0,7134,1842,9127,0,16384,115806208,40960,0,0,18446744073709551615,18446744073709551615,110592,115752960,94371840,32768,0,0,7134,1842,9127,0,16384,115806208,40960,0,0
[2014-12-04T21:47:02.114162048Z] 110592,115752960,94371840,32768,0,0,7134,1842,9127,0,16384,115806208,40960,0,0,18446744073709551615,18446744073709551615,110592,115752960,94371840,32768,0,0,7134,1842,9127,0,16384,115806208,40960,0,0
[2014-12-04T21:47:03.117978983Z] 110592,115752960,94371840,32768,0,0,7134,1842,9127,0,16384,115806208,40960,0,0,18446744073709551615,18446744073709551615,110592,115752960,94371840,32768,0,0,7134,1842,9127,0,16384,115806208,40960,0,0
[2014-12-04T21:47:04.123906788Z] 110592,115752960,94371840,32768,0,0,7134,1842,9127,0,16384,115806208,40960,0,0,18446744073709551615,18446744073709551615,110592,115752960,94371840,32768,0,0,7134,1842,9127,0,16384,115806208,40960,0,0
[2014-12-04T21:47:05.128322827Z] 110592,115752960,94371840,32768,0,0,7134,1842,9127,0,16384,115806208,40960,0,0,18446744073709551615,18446744073709551615,110592,115752960,94371840,32768,0,0,7134,1842,9127,0,16384,115806208,40960,0,0
[2014-12-04T21:47:06.173465291Z] 110592,115752960,94371840,32768,0,0,7134,1842,9127,0,16384,115806208,40960,0,0,18446744073709551615,18446744073709551615,110592,115752960,94371840,32768,0,0,7134,1842,9127,0,16384,115806208,40960,0,0
[2014-12-04T21:47:07.152165443Z] 110592,115752960,94371840,32768,0,0,7134,1842,9128,0,16384,115806208,40960,0,0,18446744073709551615,18446744073709551615,110592,115752960,94371840,32768,0,0,7134,1842,9128,0,16384,115806208,40960,0,0
[2014-12-04T21:47:08.315326583Z] 110592,115752960,94371840,32768,0,0,7134,1842,9128,0,16384,115806208,40960,0,0,18446744073709551615,18446744073709551615,110592,115752960,94371840,32768,0,0,7134,1842,9128,0,16384,115806208,40960,0,0
[2014-12-04T21:47:09.169090558Z] 110592,115752960,94371840,32768,0,0,7134,1842,9128,0,16384,115806208,40960,0,0,18446744073709551615,18446744073709551615,110592,115752960,94371840,32768,0,0,7134,1842,9128,0,16384,115806208,40960,0,0
[2014-12-04T21:47:10.174676864Z] 110592,115752960,94371840,32768,0,0,7134,1842,9128,0,16384,115806208,40960,0,0,18446744073709551615,18446744073709551615,110592,115752960,94371840,32768,0,0,7134,1842,9128,0,16384,115806208,40960,0,0
[2014-12-04T21:47:11.179473378Z] 110592,115752960,94371840,32768,0,0,7134,1842,9128,0,16384,115806208,40960,0,0,18446744073709551615,18446744073709551615,110592,115752960,94371840,32768,0,0,7134,1842,9128,0,16384,115806208,40960,0,0
[2014-12-04T21:47:12.183273876Z] 110592,115752960,94371840,32768,0,0,7134,1842,9128,0,16384,115806208,40960,0,0,18446744073709551615,18446744073709551615,110592,115752960,94371840,32768,0,0,7134,1842,9128,0,16384,115806208,40960,0,0
[2014-12-04T21:47:13.254843840Z] 110592,115752960,94371840,32768,0,0,7134,1842,9128,0,16384,115806208,40960,0,0,18446744073709551615,18446744073709551615,110592,115752960,94371840,32768,0,0,7134,1842,9128,0,16384,115806208,40960,0,0
[2014-12-04T21:47:14.198415768Z] 110592,115752960,94371840,32768,0,0,7134,1842,9128,0,16384,115806208,40960,0,0,18446744073709551615,18446744073709551615,110592,115752960,94371840,32768,0,0,7134,1842,9128,0,16384,115806208,40960,0,0
[2014-12-04T21:47:15.202522392Z] 110592,115752960,94371840,32768,0,0,7134,1842,9128,0,16384,115806208,40960,0,0,18446744073709551615,18446744073709551615,110592,115752960,94371840,32768,0,0,7134,1842,9128,0,16384,115806208,40960,0,0
[2014-12-04T21:47:16.214693811Z] 110592,115752960,94371840,32768,0,0,7134,1842,9128,0,16384,115806208,40960,0,0,18446744073709551615,18446744073709551615,110592,115752960,94371840,32768,0,0,7134,1842,9128,0,16384,115806208,40960,0,0
[2014-12-04T21:47:17.217911291Z] 110592,115752960,94371840,32768,0,0,7134,1842,9128,0,16384,115806208,40960,0,0,18446744073709551615,18446744073709551615,110592,115752960,94371840,32768,0,0,7134,1842,9128,0,16384,115806208,40960,0,0
[2014-12-04T21:47:18.224272837Z] 110592,115752960,94371840,32768,0,0,7134,1842,9128,0,16384,115806208,40960,0,0,18446744073709551615,18446744073709551615,110592,115752960,94371840,32768,0,0,7134,1842,9128,0,16384,115806208,40960,0,0
[2014-12-04T21:47:19.228925469Z] 110592,115752960,94371840,32768,0,0,7134,1842,9128,0,16384,115806208,40960,0,0,18446744073709551615,18446744073709551615,110592,115752960,94371840,32768,0,0,7134,1842,9128,0,16384,115806208,40960,0,0
[2014-12-04T21:47:20.336651244Z] 110592,115752960,94371840,32768,0,0,7134,1842,9128,0,16384,115806208,40960,0,0,18446744073709551615,18446744073709551615,110592,115752960,94371840,32768,0,0,7134,1842,9128,0,16384,115806208,40960,0,0
[2014-12-04T21:47:21.237951550Z] 110592,115752960,94371840,32768,0,0,7134,1842,9128,0,16384,115806208,40960,0,0,18446744073709551615,18446744073709551615,110592,115752960,94371840,32768,0,0,7134,1842,9128,0,16384,115806208,40960,0,0
[2014-12-04T21:47:22.247766687Z] 110592,115752960,94371840,32768,0,0,7134,1842,9128,0,16384,115806208,40960,0,0,18446744073709551615,18446744073709551615,110592,115752960,94371840,32768,0,0,7134,1842,9128,0,16384,115806208,40960,0,0
[2014-12-04T21:47:23.259318798Z] 110592,115752960,94371840,32768,0,0,7134,1842,9128,0,16384,115806208,40960,0,0,18446744073709551615,18446744073709551615,110592,115752960,94371840,32768,0,0,7134,1842,9128,0,16384,115806208,40960,0,0
[2014-12-04T21:47:24.262962765Z] 110592,115752960,94371840,32768,0,0,7134,1842,9128,0,16384,115806208,40960,0,0,18446744073709551615,18446744073709551615,110592,115752960,94371840,32768,0,0,7134,1842,9128,0,16384,115806208,40960,0,0
[2014-12-04T21:47:25.300115578Z] 110592,115752960,94371840,32768,0,0,7134,1842,9128,0,16384,115806208,40960,0,0,18446744073709551615,18446744073709551615,110592,115752960,94371840,32768,0,0,7134,1842,9128,0,16384,115806208,40960,0,0
[2014-12-04T21:47:26.281364122Z] 110592,115752960,94371840,32768,0,0,7134,1842,9128,0,16384,115806208,40960,0,0,18446744073709551615,18446744073709551615,110592,115752960,94371840,32768,0,0,7134,1842,9128,0,16384,115806208,40960,0,0
[2014-12-04T21:47:27.289300779Z] 110592,115752960,94371840,32768,0,0,7134,1842,9128,0,16384,115806208,40960,0,0,18446744073709551615,18446744073709551615,110592,115752960,94371840,32768,0,0,7134,1842,9128,0,16384,115806208,40960,0,0
[2014-12-04T21:47:28.296280195Z] 110592,115752960,94371840,32768,0,0,7134,1842,9128,0,16384,115806208,40960,0,0,18446744073709551615,18446744073709551615,110592,115752960,94371840,32768,0,0,7134,1842,9128,0,16384,115806208,40960,0,0
[2014-12-04T21:47:29.301229485Z] 110592,115752960,94371840,32768,0,0,7134,1842,9128,0,16384,115806208,40960,0,0,18446744073709551615,18446744073709551615,110592,115752960,94371840,32768,0,0,7134,1842,9128,0,16384,115806208,40960,0,0
[2014-12-04T21:47:30.365975190Z] 110592,115752960,94371840,32768,0,0,7134,1842,9130,0,16384,115806208,40960,0,0,18446744073709551615,18446744073709551615,110592,115752960,94371840,32768,0,0,7134,1842,9130,0,16384,115806208,40960,0,0
[2014-12-04T21:47:31.328866595Z] 110592,115752960,94371840,32768,0,0,7134,1842,9130,0,16384,115806208,40960,0,0,18446744073709551615,18446744073709551615,110592,115752960,94371840,32768,0,0,7134,1842,9130,0,16384,115806208,40960,0,0
[2014-12-04T21:47:32.387188524Z] 10891264,146239488,121634816,32768,0,0,13134,4410,12548,0,20480,146296832,6180864,4632576,0,18446744073709551615,18446744073709551615,10891264,146239488,121634816,32768,0,0,13134,4410,12548,0,20480,146296832,6180864,4632576,0
[2014-12-04T21:47:33.347079831Z] 17518592,202153984,140509184,294912,0,0,28915,11057,27527,0,69632,202264576,14516224,2822144,0,18446744073709551615,18446744073709551615,17518592,202129408,140509184,294912,0,0,28915,11060,27527,0,69632,202240000,14516224,2822144,0
[2014-12-04T21:47:34.357980323Z] 18161664,225824768,146800640,364544,0,0,44763,23521,47684,0,69632,225935360,14155776,3825664,0,18446744073709551615,18446744073709551615,18161664,225824768,146800640,364544,0,0,44763,23521,47684,0,69632,225935360,14155776,3825664,0
[2014-12-04T21:47:35.367893609Z] 18182144,258244608,150994944,364544,0,0,51668,23528,55048,0,73728,256217088,12136448,5861376,0,18446744073709551615,18446744073709551615,18182144,258244608,150994944,364544,0,0,51668,23528,55048,0,73728,256217088,12136448,5861376,0
[2014-12-04T21:47:36.373375348Z] 29515776,308236288,157286400,397312,0,0,69389,27810,70249,0,77824,308264960,20115456,9207808,0,18446744073709551615,18446744073709551615,29515776,308236288,157286400,397312,0,0,69389,27810,70249,0,77824,308264960,20115456,9207808,0
[2014-12-04T21:47:37.379680063Z] 32301056,352837632,186646528,397312,0,0,88857,46951,90249,0,81920,352944128,22212608,9891840,0,18446744073709551615,18446744073709551615,32301056,352837632,186646528,397312,0,0,88857,46951,90249,0,81920,352944128,22212608,9891840,0
[2014-12-04T21:47:38.395572550Z] 17604608,221360128,140509184,331776,0,0,114549,98110,118365,0,81920,221478912,13639680,3764224,0,18446744073709551615,18446744073709551615,17604608,221360128,140509184,331776,0,0,114549,98110,118365,0,81920,221478912,13639680,3764224,0
[2014-12-04T21:47:39.412789243Z] 18194432,258375680,140509184,364544,0,0,123738,98118,128118,0,73728,258473984,11657216,6336512,0,18446744073709551615,18446744073709551615,18194432,258375680,140509184,364544,0,0,123738,98118,128118,0,73728,258473984,11657216,6336512,0
[2014-12-04T21:47:40.435370450Z] 29659136,309112832,148897792,659456,0,0,141137,102375,143173,0,139264,309231616,20103168,9285632,0,18446744073709551615,18446744073709551615,29659136,309112832,148897792,659456,0,0,141137,102375,143173,0,139264,309231616,20103168,9285632,0
[2014-12-04T21:47:41.447258231Z] 32026624,355880960,161480704,659456,0,0,150841,103149,152619,0,139264,356012032,22089728,9666560,0,18446744073709551615,18446744073709551615,32026624,355880960,161480704,659456,0,0,150841,103149,152619,0,139264,356012032,22089728,9666560,0
[2014-12-04T21:47:42.544299653Z] 33112064,390291456,180355072,696320,0,0,170627,121934,175087,0,139264,390422528,22839296,10002432,0,18446744073709551615,18446744073709551615,33112064,390291456,180355072,696320,0,0,170627,121934,175087,0,139264,390422528,22839296,10002432,0
[2014-12-04T21:47:43.598213032Z] 18317312,239775744,148897792,364544,0,0,183965,167966,188719,0,73728,239898624,14274560,3837952,0,18446744073709551615,18446744073709551615,18317312,239775744,148897792,364544,0,0,183965,167966,188719,0,73728,239898624,14274560,3837952,0
[2014-12-04T21:47:44.471979215Z] 18350080,274202624,150994944,364544,0,0,191878,167977,196934,0,73728,274276352,11784192,6361088,0,18446744073709551615,18446744073709551615,18350080,274202624,150994944,364544,0,0,191878,167977,196934,0,73728,274276352,11784192,6361088,0
[2014-12-04T21:47:45.481822050Z] 29618176,313208832,157286400,397312,0,0,206607,172476,209008,0,73728,313335808,20160512,9244672,0,18446744073709551615,18446744073709551615,29618176,313208832,157286400,397312,0,0,206607,172476,209008,0,73728,313335808,20160512,9244672,0
[2014-12-04T21:47:46.496233686Z] 31690752,346079232,157286400,659456,0,0,215565,172903,218138,0,139264,346202112,21868544,9543680,0,18446744073709551615,18446744073709551615,31690752,346079232,157286400,659456,0,0,215565,172903,218138,0,139264,346202112,21868544,9543680,0
[2014-12-04T21:47:47.517120862Z] 32645120,384802816,180355072,663552,0,0,234503,189819,239514,0,139264,384913408,22515712,9850880,0,18446744073709551615,18446744073709551615,32645120,384802816,180355072,663552,0,0,234503,189819,239514,0,139264,384913408,22515712,9850880,0
[2014-12-04T21:47:48.547698473Z] 18280448,237920256,144703488,364544,0,0,253524,241053,258886,0,73728,238055424,14217216,3850240,0,18446744073709551615,18446744073709551615,18280448,237920256,144703488,364544,0,0,253524,241053,258886,0,73728,238055424,14217216,3850240,0
[2014-12-04T21:47:49.705192401Z] 18296832,266461184,144703488,364544,0,0,260502,241059,266437,0,73728,266596352,12197888,5885952,0,18446744073709551615,18446744073709551615,18296832,266461184,144703488,364544,0,0,260502,241059,266437,0,73728,266596352,12197888,5885952,0
[2014-12-04T21:47:50.575386140Z] 29413376,302399488,146800640,397312,0,0,275466,246068,278698,0,73728,302510080,19976192,9224192,0,18446744073709551615,18446744073709551615,29413376,302399488,146800640,397312,0,0,275466,246068,278698,0,73728,302510080,19976192,9224192,0
[2014-12-04T21:47:51.599959216Z] 31506432,338251776,148897792,659456,0,0,284879,246728,288658,0,139264,338358272,21667840,9560064,0,18446744073709551615,18446744073709551615,31506432,338251776,148897792,659456,0,0,284879,246728,288658,0,139264,338358272,21667840,9560064,0
[2014-12-04T21:47:52.650836351Z] 32436224,371240960,171966464,598016,0,0,301793,263026,307805,0,73728,367157248,22306816,9916416,0,18446744073709551615,18446744073709551615,32436224,371240960,171966464,598016,0,0,301793,263026,307805,0,73728,367157248,22306816,9916416,0
[2014-12-04T21:47:53.679484093Z] 33656832,237711360,144703488,331776,0,0,310037,296929,316413,0,73728,237842432,22114304,11329536,0,18446744073709551615,18446744073709551615,33656832,237711360,144703488,331776,0,0,310037,296929,316413,0,73728,237842432,22114304,11329536,0
[2014-12-04T21:47:54.631750134Z] 18714624,258662400,144703488,729088,0,0,315322,300746,322096,0,73728,258797568,13381632,5120000,0,18446744073709551615,18446744073709551615,18714624,258678784,144703488,729088,0,0,315326,300746,322100,0,73728,258797568,13381632,5120000,0
[2014-12-04T21:47:55.688467411Z] 19046400,286347264,146800640,397312,0,0,321706,300802,328569,0,73728,286486528,11771904,7061504,0,18446744073709551615,18446744073709551615,19046400,286347264,146800640,397312,0,0,321706,300802,328569,0,73728,286486528,11771904,7061504,0
[2014-12-04T21:47:56.661725297Z] 30244864,326111232,153092096,397312,0,0,336444,305142,340778,0,73728,326189056,20295680,9736192,0,18446744073709551615,18446744073709551615,30244864,326111232,153092096,397312,0,0,336444,305142,340778,0,73728,326189056,20295680,9736192,0
[2014-12-04T21:47:57.689444715Z] 32604160,374169600,169869312,692224,32768,0,345465,305942,349575,0,139264,374308864,22110208,10215424,0,18446744073709551615,18446744073709551615,32604160,374169600,169869312,692224,32768,0,345465,305942,349575,0,139264,374308864,22110208,10215424,0
[2014-12-04T21:47:58.761238482Z] 33284096,350629888,167772160,397312,0,0,353580,320660,358089,0,73728,350756864,22581248,10489856,0,18446744073709551615,18446744073709551615,33284096,350629888,167772160,397312,0,0,353580,320660,358089,0,73728,350756864,22581248,10489856,0
[2014-12-04T21:47:59.777148022Z] 18128896,229658624,144703488,331776,0,0,376034,371238,383180,0,73728,229797888,13643776,4272128,0,18446744073709551615,18446744073709551615,18128896,229658624,144703488,331776,0,0,376034,371238,383180,0,73728,229797888,13643776,4272128,0
[2014-12-04T21:48:01.009739487Z] 18714624,253702144,144703488,770048,0,0,382052,371243,389617,0,73728,253800448,12898304,5603328,0,18446744073709551615,18446744073709551615,18714624,253702144,144703488,770048,0,0,382052,371243,389617,0,73728,253800448,12898304,5603328,0
[2014-12-04T21:48:01.805252274Z] 29859840,298434560,148897792,397312,0,0,398547,375118,403317,0,73728,298504192,20000768,9646080,0,18446744073709551615,18446744073709551615,29859840,298434560,148897792,397312,0,0,398547,375118,403317,0,73728,298504192,20000768,9646080,0
[2014-12-04T21:48:02.817070249Z] 31825920,335003648,155189248,692224,0,0,406777,375473,411800,0,139264,335126528,21590016,9953280,0,18446744073709551615,18446744073709551615,31825920,335003648,155189248,692224,0,0,406777,375473,411800,0,139264,335126528,21590016,9953280,0
[2014-12-04T21:48:03.844399955Z] 32583680,336637952,167772160,397312,0,0,415227,388960,421059,0,73728,336744448,21864448,10506240,0,18446744073709551615,18446744073709551615,32583680,336637952,167772160,397312,0,0,415227,388960,421059,0,73728,336744448,21864448,10506240,0
[2014-12-04T21:48:04.863291086Z] 33431552,396328960,186646528,696320,0,0,431611,395674,439629,0,139264,396455936,21958656,11194368,0,18446744073709551615,18446744073709551615,33431552,396328960,186646528,696320,0,0,431611,395674,439629,0,139264,396455936,21958656,11194368,0
[2014-12-04T21:48:06.548882996Z] 17768448,223735808,140509184,331776,0,0,436976,436780,445232,0,73728,223875072,13758464,3796992,0,18446744073709551615,18446744073709551615,17768448,223735808,140509184,331776,0,0,436976,436780,445232,0,73728,223875072,13758464,3796992,0
[2014-12-04T21:48:07.340762916Z] 19992576,262316032,142606336,397312,0,0,446452,436805,454659,0,73728,262406144,11919360,7827456,0,18446744073709551615,18446744073709551615,19996672,262316032,142606336,397312,0,0,446453,436805,454659,0,73728,262406144,11919360,7856128,0
[2014-12-04T21:48:07.962339580Z] 29417472,304349184,153092096,397312,0,0,460440,441296,466106,0,73728,304488448,19980288,9224192,0,18446744073709551615,18446744073709551615,29417472,304349184,153092096,397312,0,0,460440,441296,466106,0,73728,304488448,19980288,9224192,0
[2014-12-04T21:48:08.929966942Z] 31875072,349073408,159383552,692224,0,0,471979,442849,477817,0,139264,349192192,21929984,9666560,0,18446744073709551615,18446744073709551615,31875072,349073408,159383552,692224,0,0,471979,442849,477817,0,139264,349192192,21929984,9666560,0
[2014-12-04T21:48:09.936233274Z] 32944128,399228928,182452224,659456,0,0,482509,447005,488477,0,139264,399355904,22908928,9756672,0,18446744073709551615,18446744073709551615,32944128,399228928,182452224,659456,0,0,482509,447005,488477,0,139264,399355904,22908928,9756672,0
[2014-12-04T21:48:10.948966334Z] 18141184,219766784,144703488,331776,0,0,494232,498491,502970,0,73728,219893760,13651968,4276224,0,18446744073709551615,18446744073709551615,18141184,219766784,144703488,331776,0,0,494232,498491,502970,0,73728,219893760,13651968,4276224,0
[2014-12-04T21:48:12.328289656Z] 18718720,246452224,142606336,839680,0,0,501811,499414,511022,0,73728,246562816,14155776,4349952,0,18446744073709551615,18446744073709551615,18718720,246452224,142606336,839680,0,0,501811,499414,511022,0,73728,246562816,14155776,4349952,0
[2014-12-04T21:48:13.365250117Z] 19091456,283291648,146800640,397312,0,0,509929,499469,519755,0,73728,283389952,11739136,7139328,0,18446744073709551615,18446744073709551615,19091456,283291648,146800640,397312,0,0,509929,499469,519755,0,73728,283389952,11739136,7139328,0
[2014-12-04T21:48:14.021773726Z] 30580736,329310208,148897792,659456,0,0,527597,503608,535218,0,139264,329433088,20398080,9904128,0,18446744073709551615,18446744073709551615,30580736,329310208,148897792,659456,0,0,527597,503608,535218,0,139264,329433088,20398080,9904128,0
[2014-12-04T21:48:15.038713840Z] 33030144,406392832,190840832,692224,0,0,539665,506479,546652,0,139264,406532096,22429696,10321920,0,18446744073709551615,18446744073709551615,33030144,406392832,190840832,692224,0,0,539665,506479,546652,0,139264,406532096,22429696,10321920,0
[2014-12-04T21:48:16.056171280Z] 33517568,388980736,186646528,397312,0,0,548528,521007,557893,0,73728,389074944,22757376,10547200,0,18446744073709551615,18446744073709551615,33517568,388980736,186646528,397312,0,0,548528,521007,557893,0,73728,389074944,22757376,10547200,0
[2014-12-04T21:48:17.071744444Z] 18227200,236290048,146800640,364544,0,0,557995,563309,568384,0,73728,236408832,14155776,3858432,0,18446744073709551615,18446744073709551615,18227200,236290048,146800640,364544,0,0,557995,563309,568384,0,73728,236408832,14155776,3858432,0
[2014-12-04T21:48:18.086329993Z] 21381120,278581248,157286400,397312,0,0,566553,563838,576629,0,73728,278720512,12115968,9052160,0,18446744073709551615,18446744073709551615,21381120,278581248,157286400,397312,0,0,566553,563838,576629,0,73728,278720512,12115968,9052160,0
[2014-12-04T21:48:19.112145006Z] 29708288,319344640,161480704,659456,0,0,581462,567784,590225,0,139264,319434752,20107264,9322496,0,18446744073709551615,18446744073709551615,29708288,319344640,161480704,659456,0,0,581462,567784,590225,0,139264,319434752,20107264,9322496,0
[2014-12-04T21:48:20.114061370Z] 31846400,368324608,176160768,659456,0,0,591559,570000,600106,0,139264,368439296,21983232,9584640,0,18446744073709551615,18446744073709551615,31846400,368324608,176160768,659456,0,0,591559,570000,600106,0,139264,368439296,21983232,9584640,0
[2014-12-04T21:48:21.138051283Z] 32641024,394584064,205520896,663552,0,0,604758,586814,615679,0,139264,394678272,22441984,9920512,0,18446744073709551615,18446744073709551615,32641024,394584064,205520896,663552,0,0,604758,586814,615679,0,139264,394678272,22441984,9920512,0
[2014-12-04T21:48:22.708939103Z] 18358272,239656960,150994944,364544,0,0,616008,627111,627393,0,73728,239796224,14274560,3870720,0,18446744073709551615,18446744073709551615,18358272,239656960,150994944,364544,0,0,616008,627111,627393,0,73728,239796224,14274560,3870720,0
[2014-12-04T21:48:23.155716759Z] 23040000,280727552,155189248,397312,0,0,626179,627134,636782,0,73728,280813568,13365248,9461760,0,18446744073709551615,18446744073709551615,23040000,280727552,155189248,397312,0,0,626179,627134,636782,0,73728,280813568,13365248,9461760,0
[2014-12-04T21:48:24.161366476Z] 29749248,324739072,163577856,397312,0,0,640503,631630,649494,0,73728,324845568,20279296,9256960,0,18446744073709551615,18446744073709551615,29749248,324739072,163577856,397312,0,0,640503,631630,649494,0,73728,324845568,20279296,9256960,0
[2014-12-04T21:48:25.179023703Z] 32088064,368930816,167772160,692224,0,0,655006,636306,663926,0,139264,369061888,22175744,9633792,0,18446744073709551615,18446744073709551615,32088064,368930816,167772160,692224,0,0,655006,636306,663926,0,139264,369061888,22175744,9633792,0
[2014-12-04T21:48:26.192146586Z] 32870400,381689856,188743680,397312,0,0,666459,650585,677008,0,73728,381796352,22769664,9887744,0,18446744073709551615,18446744073709551615,32870400,381689856,188743680,397312,0,0,666459,650585,677008,0,73728,381796352,22769664,9887744,0
[2014-12-04T21:48:28.196179073Z] 18292736,247033856,155189248,364544,0,0,676501,689396,688366,0,73728,247152640,14217216,3862528,0,18446744073709551615,18446744073709551615,18292736,247033856,155189248,364544,0,0,676501,689396,688366,0,73728,247152640,14217216,3862528,0
[2014-12-04T21:48:28.240261917Z] 22810624,283975680,153092096,397312,0,0,687143,690427,698545,0,73728,284098560,13197312,9400320,0,18446744073709551615,18446744073709551615,22810624,283975680,153092096,397312,0,0,687143,690427,698545,0,73728,284098560,13197312,9400320,0
[2014-12-04T21:48:29.246437015Z] 32210944,333025280,163577856,692224,0,0,702842,694922,712590,0,139264,333164544,21393408,10539008,0,18446744073709551615,18446744073709551615,32210944,333025280,163577856,692224,0,0,702842,694922,712590,0,139264,333164544,21393408,10539008,0
[2014-12-04T21:48:30.278305517Z] 31825920,355348480,163577856,659456,4096,0,708634,695358,718749,0,139264,355487744,21962752,9584640,0,18446744073709551615,18446744073709551615,31825920,355348480,163577856,659456,4096,0,708634,695358,718749,0,139264,355487744,21962752,9584640,0
[2014-12-04T21:48:31.302651716Z] 32219136,393580544,190840832,696320,0,0,724321,709791,737263,0,139264,393715712,22020096,9920512,0,18446744073709551615,18446744073709551615,32219136,393580544,190840832,696320,0,0,724321,709791,737263,0,139264,393715712,22020096,9920512,0
[2014-12-04T21:48:32.326142925Z] 33755136,434987008,205520896,729088,0,0,733771,713356,746659,0,139264,435126272,22728704,10747904,0,18446744073709551615,18446744073709551615,33755136,434987008,205520896,729088,0,0,733771,713356,746659,0,139264,435126272,22728704,10747904,0
[2014-12-04T21:48:34.056987349Z] 18374656,263921664,153092096,364544,0,0,743385,756225,756749,0,73728,264056832,12255232,5906432,0,18446744073709551615,18446744073709551615,18374656,263921664,153092096,364544,0,0,743385,756225,756749,0,73728,264056832,12255232,5906432,0
[2014-12-04T21:48:34.371481712Z] 32096256,322150400,159383552,692224,0,0,763422,761251,774262,0,139264,322256896,21295104,10522624,0,18446744073709551615,18446744073709551615,32096256,322150400,159383552,692224,0,0,763422,761251,774262,0,139264,322256896,21295104,10522624,0
[2014-12-04T21:48:35.395726388Z] 31793152,361807872,165675008,659456,0,0,772229,761983,783364,0,139264,361934848,21991424,9523200,0,18446744073709551615,18446744073709551615,31793152,361807872,165675008,659456,0,0,772229,761983,783364,0,139264,361934848,21991424,9523200,0
[2014-12-04T21:48:36.419076789Z] 32784384,376479744,178257920,598016,0,0,787248,778288,800467,0,73728,376565760,22691840,9879552,0,18446744073709551615,18446744073709551615,32784384,376479744,178257920,598016,0,0,787248,778288,800467,0,73728,376565760,22691840,9879552,0
[2014-12-04T21:48:37.428478868Z] 18718720,236085248,153092096,364544,0,0,796477,819606,810254,0,73728,236224512,14159872,4345856,0,18446744073709551615,18446744073709551615,18718720,236085248,153092096,364544,0,0,796477,819606,810254,0,73728,236224512,14159872,4345856,0
[2014-12-04T21:48:38.449911861Z] 18726912,261648384,153092096,364544,0,0,802722,819608,816997,0,73728,261738496,12488704,6025216,0,18446744073709551615,18446744073709551615,18726912,261648384,153092096,364544,0,0,802722,819608,816997,0,73728,261738496,12488704,6025216,0
[2014-12-04T21:48:39.913612405Z] 31707136,328626176,161480704,692224,0,0,824459,824379,836224,0,139264,328712192,21483520,9945088,0,18446744073709551615,18446744073709551615,31707136,328626176,161480704,692224,0,0,824459,824379,836224,0,139264,328712192,21483520,9945088,0
[2014-12-04T21:48:40.481520031Z] 32202752,334168064,165675008,397312,0,0,837790,838280,851073,0,73728,334262272,21786624,10203136,0,18446744073709551615,18446744073709551615,32202752,334172160,165675008,397312,0,0,837791,838280,851074,0,73728,334262272,21786624,10203136,0
[2014-12-04T21:48:41.495440719Z] 33808384,414920704,201326592,696320,0,0,852057,842660,866669,0,139264,415043584,22216704,11313152,0,18446744073709551615,18446744073709551615,33808384,414920704,201326592,696320,0,0,852057,842660,866669,0,139264,415043584,22216704,11313152,0
[2014-12-04T21:48:42.518484524Z] 17780736,245972992,153092096,331776,0,0,856609,880619,871684,0,73728,246112256,13758464,3809280,0,18446744073709551615,18446744073709551615,17780736,245972992,153092096,331776,0,0,856609,880619,871684,0,73728,246112256,13758464,3809280,0
[2014-12-04T21:48:43.546085682Z] 17793024,270065664,153092096,331776,0,0,862494,880619,877884,0,73728,270204928,11755520,5824512,0,18446744073709551615,18446744073709551615,17793024,270065664,153092096,331776,0,0,862494,880619,877884,0,73728,270204928,11755520,5824512,0
[2014-12-04T21:48:44.555863755Z] 32096256,328347648,159383552,692224,0,0,882710,885158,895324,0,139264,328486912,21282816,10534912,0,18446744073709551615,18446744073709551615,32096256,328347648,159383552,692224,0,0,882710,885158,895324,0,139264,328486912,21282816,10534912,0
[2014-12-04T21:48:45.800365392Z] 32387072,352919552,171966464,397312,0,0,898244,900243,912957,0,73728,353042432,22401024,9773056,0,18446744073709551615,18446744073709551615,32387072,352919552,171966464,397312,0,0,898244,900243,912957,0,73728,353042432,22401024,9773056,0
[2014-12-04T21:48:46.606829561Z] 34287616,417505280,188743680,729088,0,0,912953,903319,928469,0,139264,417644544,22786048,11223040,0,18446744073709551615,18446744073709551615,34287616,417505280,188743680,729088,0,0,912953,903319,928469,0,139264,417644544,22786048,11223040,0
[2014-12-04T21:48:47.619341241Z] 18718720,242929664,153092096,364544,0,0,914805,942906,930603,0,73728,243068928,14155776,4349952,0,18446744073709551615,18446744073709551615,18718720,242929664,153092096,364544,0,0,914805,942906,930603,0,73728,243068928,14155776,4349952,0
[2014-12-04T21:48:48.645851665Z] 18735104,270323712,155189248,364544,0,0,920991,942911,937216,0,73728,270413824,11657216,6864896,0,18446744073709551615,18446744073709551615,18735104,270323712,155189248,364544,0,0,920991,942911,937216,0,73728,270413824,11657216,6864896,0
[2014-12-04T21:48:49.666592785Z] 30027776,309555200,159383552,397312,0,0,936195,946802,949717,0,73728,309678080,20115456,9699328,0,18446744073709551615,18446744073709551615,30027776,309555200,159383552,397312,0,0,936195,946802,949717,0,73728,309678080,20115456,9699328,0
[2014-12-04T21:48:50.670338022Z] 32301056,370241536,169869312,659456,0,0,950929,949742,964776,0,139264,370323456,21962752,10059776,0,18446744073709551615,18446744073709551615,32301056,370241536,169869312,659456,0,0,950929,949742,964776,0,139264,370323456,21962752,10059776,0
[2014-12-04T21:48:51.690997282Z] 33615872,396423168,197132288,696320,0,0,967231,968018,983612,0,139264,396488704,22728704,10608640,0,18446744073709551615,18446744073709551615,33615872,396423168,197132288,696320,0,0,967231,968018,983612,0,139264,396488704,22728704,10608640,0
[2014-12-04T21:48:52.699865935Z] 17780736,237813760,150994944,331776,0,0,973342,1005987,990127,0,73728,237953024,13758464,3809280,0,18446744073709551615,18446744073709551615,17780736,237813760,150994944,331776,0,0,973342,1005987,990127,0,73728,237953024,13758464,3809280,0
[2014-12-04T21:48:53.732402431Z] 17793024,252366848,148897792,815104,0,0,977404,1006493,994426,0,73728,252497920,12988416,4591616,0,18446744073709551615,18446744073709551615,17793024,252366848,148897792,815104,0,0,977404,1006493,994426,0,73728,252497920,12988416,4591616,0
[2014-12-04T21:48:54.785229520Z] 19255296,285364224,155189248,397312,0,0,984323,1006532,1001287,0,73728,285470720,11890688,7151616,0,18446744073709551615,18446744073709551615,19255296,285364224,155189248,397312,0,0,984323,1006532,1001287,0,73728,285470720,11890688,7151616,0
[2014-12-04T21:48:55.769462223Z] 31522816,348037120,163577856,692224,0,0,1004848,1011316,1019263,0,139264,348139520,21708800,9535488,0,18446744073709551615,18446744073709551615,31522816,348037120,163577856,692224,0,0,1004848,1011316,1019263,0,139264,348139520,21708800,9535488,0
[2014-12-04T21:48:56.773757755Z] 32944128,382906368,197132288,397312,0,0,1020868,1028185,1036747,0,73728,383045632,22798336,9932800,0,18446744073709551615,18446744073709551615,32944128,382906368,197132288,397312,0,0,1020868,1028185,1036747,0,73728,383045632,22798336,9932800,0
[2014-12-04T21:48:57.777396414Z] 33361920,426475520,205520896,696320,0,0,1029756,1028889,1047041,0,139264,426606592,22339584,10743808,0,18446744073709551615,18446744073709551615,33361920,426475520,205520896,696320,0,0,1029756,1028889,1047041,0,139264,426606592,22339584,10743808,0
[2014-12-04T21:48:58.797251792Z] 17780736,239583232,148897792,331776,0,0,1032971,1068250,1050564,0,73728,239669248,13758464,3809280,0,18446744073709551615,18446744073709551615,17780736,239583232,148897792,331776,0,0,1032971,1068250,1050565,0,73728,239669248,13758464,3809280,0
[2014-12-04T21:48:59.845437225Z] 18534400,274694144,153092096,397312,0,0,1040728,1068273,1058627,0,73728,274788352,11911168,6410240,0,18446744073709551615,18446744073709551615,18534400,274694144,153092096,397312,0,0,1040728,1068273,1058627,0,73728,274788352,11911168,6410240,0
[2014-12-04T21:49:00.838534607Z] 30134272,329420800,157286400,593920,0,0,1059905,1072279,1075229,0,73728,329560064,20525056,9396224,0,18446744073709551615,18446744073709551615,30134272,329420800,157286400,593920,0,0,1059905,1072279,1075229,0,73728,329560064,20525056,9396224,0
[2014-12-04T21:49:01.855321629Z] 32526336,413282304,197132288,659456,0,0,1074640,1076687,1089902,0,139264,413421568,22597632,9650176,0,18446744073709551615,18446744073709551615,32526336,413282304,197132288,659456,0,0,1074640,1076687,1089902,0,139264,413421568,22597632,9650176,0
[2014-12-04T21:49:02.867340738Z] 33058816,382705664,190840832,397312,0,0,1080528,1089910,1097249,0,73728,382836736,22949888,9895936,0,18446744073709551615,18446744073709551615,33058816,382705664,190840832,397312,0,0,1080528,1089910,1097249,0,73728,382836736,22949888,9895936,0
[2014-12-04T21:49:03.911283562Z] 18141184,232873984,150994944,331776,0,0,1088562,1128968,1106602,0,73728,232951808,13656064,4272128,0,18446744073709551615,18446744073709551615,18141184,232873984,150994944,331776,0,0,1088562,1128968,1106602,0,73728,232951808,13656064,4272128,0
[2014-12-04T21:49:04.921730500Z] 18718720,244916224,150994944,364544,0,0,1091649,1128974,1109952,0,73728,245051392,14155776,4349952,0,18446744073709551615,18446744073709551615,18718720,244916224,150994944,364544,0,0,1091649,1128974,1109952,0,73728,245051392,14155776,4349952,0
[2014-12-04T21:49:05.937738037Z] 18735104,274452480,150994944,364544,0,0,1098872,1128982,1117588,0,73728,274591744,11657216,6864896,0,18446744073709551615,18446744073709551615,18735104,274452480,150994944,364544,0,0,1098872,1128982,1117588,0,73728,274591744,11657216,6864896,0
[2014-12-04T21:49:06.982302117Z] 29949952,306212864,150994944,397312,0,0,1111519,1131137,1126422,0,73728,306307072,20029440,9707520,0,18446744073709551615,18446744073709551615,29949952,306212864,150994944,397312,0,0,1111519,1131137,1126422,0,73728,306307072,20029440,9707520,0
[2014-12-04T21:49:07.971008473Z] 32641024,385019904,180355072,692224,36864,0,1128972,1136358,1144928,0,139264,385159168,22093824,10268672,0,18446744073709551615,18446744073709551615,32641024,385019904,180355072,692224,36864,0,1128972,1136358,1144928,0,139264,385159168,22093824,10268672,0
[2014-12-04T21:49:08.990276617Z] 33579008,402386944,188743680,659456,0,0,1131688,1137160,1147812,0,139264,402489344,22953984,10346496,0,18446744073709551615,18446744073709551615,33579008,402386944,188743680,659456,0,0,1131688,1137160,1147812,0,139264,402489344,22953984,10346496,0
[2014-12-04T21:49:10.005832957Z] 17715200,224776192,153092096,331776,0,0,1143449,1189002,1162439,0,73728,224915456,13717504,3784704,0,18446744073709551615,18446744073709551615,17715200,224776192,153092096,331776,0,0,1143449,1189002,1162439,0,73728,224915456,13717504,3784704,0
[2014-12-04T21:49:11.021340109Z] 18292736,253673472,157286400,364544,0,0,1149919,1189809,1169252,0,73728,253804544,14217216,3862528,0,18446744073709551615,18446744073709551615,18292736,253673472,157286400,364544,0,0,1149919,1189809,1169252,0,73728,253804544,14217216,3862528,0
[2014-12-04T21:49:12.030644385Z] 18628608,287035392,159383552,397312,0,0,1157665,1189839,1177366,0,73728,287174656,11976704,6438912,0,18446744073709551615,18446744073709551615,18628608,287035392,159383552,397312,0,0,1157665,1189839,1177366,0,73728,287174656,11976704,6438912,0
[2014-12-04T21:49:13.063216773Z] 29745152,324030464,163577856,397312,0,0,1172354,1193804,1189273,0,73728,324161536,20279296,9248768,0,18446744073709551615,18446744073709551615,29745152,324030464,163577856,397312,0,0,1172354,1193804,1189273,0,73728,324161536,20279296,9248768,0
[2014-12-04T21:49:14.100925788Z] 32096256,386506752,186646528,692224,0,0,1183354,1195109,1200295,0,139264,386605056,22183936,9633792,0,18446744073709551615,18446744073709551615,32096256,386506752,186646528,692224,0,0,1183354,1195109,1200295,0,139264,386605056,22183936,9633792,0
[2014-12-04T21:49:15.116318799Z] 32546816,386052096,199229440,397312,0,0,1193140,1211028,1211778,0,73728,386191360,22458368,9875456,0,18446744073709551615,18446744073709551615,32546816,386052096,199229440,397312,0,0,1193140,1211028,1211778,0,73728,386191360,22458368,9875456,0
[2014-12-04T21:49:16.308266445Z] 33624064,429617152,201326592,729088,0,0,1212704,1221226,1232657,0,139264,429744128,22618112,10727424,0,18446744073709551615,18446744073709551615,33624064,429617152,201326592,729088,0,0,1212704,1221226,1232657,0,139264,429744128,22618112,10727424,0
[2014-12-04T21:49:17.147760304Z] 18235392,267403264,148897792,770048,0,0,1226470,1265577,1246880,0,73728,267517952,12898304,5124096,0,18446744073709551615,18446744073709551615,18235392,267403264,148897792,770048,0,0,1226470,1265577,1246880,0,73728,267517952,12898304,5124096,0
[2014-12-04T21:49:18.176674064Z] 30113792,322314240,159383552,593920,0,0,1244095,1270473,1262272,0,73728,322437120,20160512,9740288,0,18446744073709551615,18446744073709551615,30113792,322314240,159383552,593920,0,0,1244095,1270473,1262272,0,73728,322437120,20160512,9740288,0
[2014-12-04T21:49:19.192285778Z] 31690752,363438080,165675008,692224,0,0,1253479,1270965,1271811,0,139264,363577344,21835776,9576448,0,18446744073709551615,18446744073709551615,31690752,363438080,165675008,692224,0,0,1253479,1270965,1271811,0,139264,363577344,21835776,9576448,0
[2014-12-04T21:49:20.205676030Z] 32641024,365903872,182452224,397312,0,0,1263881,1287176,1282258,0,73728,366043136,22441984,9986048,0,18446744073709551615,18446744073709551615,32641024,365903872,182452224,397312,0,0,1263881,1287176,1282258,0,73728,366043136,22441984,9986048,0
[2014-12-04T21:49:21.237233048Z] 33722368,308690944,167772160,696320,0,0,1277035,1310968,1298019,0,139264,317153280,22216704,11227136,0,18446744073709551615,18446744073709551615,33722368,308690944,167772160,696320,0,0,1277035,1310968,1298019,0,139264,317153280,22216704,11227136,0
[2014-12-04T21:49:22.264885230Z] 18149376,248004608,148897792,331776,0,0,1283246,1331198,1304759,0,73728,248123392,13021184,4915200,0,18446744073709551615,18446744073709551615,18149376,248004608,148897792,331776,0,0,1283246,1331198,1304760,0,73728,248123392,13021184,4915200,0
[2014-12-04T21:49:23.553632607Z] 29843456,305070080,159383552,397312,0,0,1301373,1335604,1320329,0,73728,303001600,20070400,9560064,0,18446744073709551615,18446744073709551615,29843456,305070080,159383552,397312,0,0,1301373,1335604,1320329,0,73728,303001600,20070400,9560064,0
[2014-12-04T21:49:24.285557606Z] 32010240,344514560,159383552,659456,0,0,1311957,1336029,1331334,0,139264,344653824,21757952,9973760,0,18446744073709551615,18446744073709551615,32010240,344514560,159383552,659456,0,0,1311957,1336029,1331334,0,139264,344653824,21757952,9973760,0
[2014-12-04T21:49:25.291076019Z] 32759808,367190016,174063616,696320,0,0,1326246,1349709,1348300,0,139264,365182976,21905408,10575872,0,18446744073709551615,18446744073709551615,32759808,367190016,174063616,696320,0,0,1326246,1349709,1348300,0,139264,365182976,21905408,10575872,0
[2014-12-04T21:49:26.308377600Z] 33964032,431439872,207618048,729088,0,0,1336590,1352249,1358620,0,139264,431542272,22290432,11395072,0,18446744073709551615,18446744073709551615,33964032,431439872,207618048,729088,0,0,1336590,1352249,1358620,0,139264,431542272,22290432,11395072,0
[2014-12-04T21:49:27.326184215Z] 34230272,440659968,207618048,729088,0,0,1340499,1353842,1362750,0,139264,440795136,22552576,11399168,0,18446744073709551615,18446744073709551615,34230272,440659968,207618048,729088,0,0,1340499,1353842,1362750,0,139264,440795136,22552576,11399168,0
[2014-12-04T21:49:28.497023676Z] 34623488,326332416,176160768,561152,0,0,1358123,1392128,1380622,0,139264,326471680,20361216,13983744,0,18446744073709551615,18446744073709551615,34623488,326332416,176160768,561152,0,0,1358123,1392128,1380622,0,139264,326471680,20361216,13983744,0
[2014-12-04T21:49:29.853265361Z] 29814784,321478656,159383552,659456,32768,0,1374538,1406814,1394757,0,139264,321617920,20164608,9371648,0,18446744073709551615,18446744073709551615,29814784,321478656,159383552,659456,36864,0,1374538,1406814,1394757,0,139264,321617920,20164608,9371648,0
[2014-12-04T21:49:30.378824212Z] 31719424,355700736,167772160,659456,0,0,1381731,1407231,1401817,0,139264,355835904,21852160,9588736,0,18446744073709551615,18446744073709551615,31719424,355700736,167772160,659456,0,0,1381731,1407231,1401817,0,139264,355835904,21852160,9588736,0
[2014-12-04T21:49:31.384956260Z] 32169984,366911488,182452224,397312,0,0,1393874,1423170,1415780,0,73728,367030272,22040576,9916416,0,18446744073709551615,18446744073709551615,32169984,366911488,182452224,397312,0,0,1393874,1423170,1415780,0,73728,367030272,22040576,9916416,0
[2014-12-04T21:49:32.393875255Z] 33562624,420175872,197132288,696320,0,0,1407713,1428264,1430446,0,139264,420257792,22032384,11251712,0,18446744073709551615,18446744073709551615,33562624,420175872,197132288,696320,0,0,1407713,1428264,1430446,0,139264,420257792,22032384,11251712,0
[2014-12-04T21:49:33.488302565Z] 18165760,249507840,148897792,815104,0,0,1413919,1468143,1437171,0,73728,249610240,12869632,5083136,0,18446744073709551615,18446744073709551615,18165760,249507840,148897792,815104,0,0,1413919,1468143,1437172,0,73728,249610240,12869632,5083136,0
[2014-12-04T21:49:34.421974732Z] 29949952,298717184,155189248,397312,0,0,1431119,1471985,1451602,0,73728,298856448,20226048,9457664,0,18446744073709551615,18446744073709551615,29949952,298717184,155189248,397312,0,0,1431119,1471985,1451602,0,73728,298856448,20226048,9457664,0
[2014-12-04T21:49:35.445249605Z] 31756288,338898944,163577856,692224,0,0,1439684,1472343,1460468,0,139264,339001344,21512192,9965568,0,18446744073709551615,18446744073709551615,31756288,338898944,163577856,692224,0,0,1439684,1472343,1460468,0,139264,339001344,21512192,9965568,0
[2014-12-04T21:49:36.472068144Z] 32186368,314970112,157286400,397312,0,0,1445555,1484462,1467498,0,73728,315097088,21549056,10424320,0,18446744073709551615,18446744073709551615,32186368,314970112,157286400,397312,0,0,1445555,1484462,1467498,0,73728,315097088,21549056,10424320,0
[2014-12-04T21:49:37.509980793Z] 32829440,394006528,182452224,696320,69632,0,1463312,1489409,1487094,0,139264,392003584,21278720,11272192,0,18446744073709551615,18446744073709551615,32829440,394006528,182452224,696320,69632,0,1463312,1489409,1487094,0,139264,392003584,21278720,11272192,0
[2014-12-04T21:49:38.517177868Z] 33902592,434864128,199229440,729088,0,0,1470291,1491261,1494141,0,139264,434999296,22233088,11390976,0,18446744073709551615,18446744073709551615,33902592,434864128,199229440,729088,0,0,1470291,1491261,1494141,0,139264,434999296,22233088,11390976,0
[2014-12-04T21:49:39.922294265Z] 34185216,461078528,199229440,729088,0,0,1476776,1491277,1501134,0,139264,461197312,20480000,13426688,0,18446744073709551615,18446744073709551615,34185216,461078528,199229440,729088,0,0,1476776,1491277,1501134,0,139264,461197312,20480000,13426688,0
[2014-12-04T21:49:40.546507340Z] 29646848,312033280,157286400,397312,0,0,1494285,1536062,1516076,0,73728,312115200,20156416,9277440,0,18446744073709551615,18446744073709551615,29646848,312033280,157286400,397312,0,0,1494285,1536062,1516076,0,73728,312115200,20156416,9277440,0
[2014-12-04T21:49:41.585048046Z] 31522816,352481280,165675008,692224,0,0,1502928,1536416,1524662,0,139264,352579584,21700608,9543680,0,18446744073709551615,18446744073709551615,31522816,352481280,165675008,692224,0,0,1502928,1536416,1524662,0,139264,352579584,21700608,9543680,0
[2014-12-04T21:49:42.569467096Z] 32165888,347795456,169869312,397312,0,0,1513698,1552261,1536820,0,73728,347914240,22024192,9928704,0,18446744073709551615,18446744073709551615,32165888,347795456,169869312,397312,0,0,1513698,1552261,1536820,0,73728,347914240,22024192,9928704,0
[2014-12-04T21:49:43.590621525Z] 32821248,423088128,192937984,696320,0,0,1532186,1559872,1556841,0,139264,423211008,21782528,10760192,0,18446744073709551615,18446744073709551615,32821248,423088128,192937984,696320,0,0,1532186,1559872,1556841,0,139264,423211008,21782528,10760192,0
[2014-12-04T21:49:44.797379189Z] 33083392,424845312,184549376,1171456,0,0,1540594,1565743,1565594,0,139264,424984576,22044672,10760192,0,18446744073709551615,18446744073709551615,33083392,424845312,184549376,1171456,0,0,1540594,1565743,1565594,0,139264,424984576,22044672,10760192,0
[2014-12-04T21:49:46.288166061Z] 18366464,279638016,157286400,397312,0,0,1549394,1606944,1574505,0,73728,279777280,11739136,6414336,0,18446744073709551615,18446744073709551615,18366464,279638016,157286400,397312,0,0,1549394,1606944,1574505,0,73728,279777280,11739136,6414336,0
[2014-12-04T21:49:46.659999980Z] 32301056,338399232,163577856,692224,0,0,1569601,1611447,1591850,0,139264,338518016,21450752,10571776,0,18446744073709551615,18446744073709551615,32301056,338399232,163577856,692224,0,0,1569601,1611447,1591850,0,139264,338518016,21450752,10571776,0
[2014-12-04T21:49:47.678729173Z] 32030720,383700992,178257920,692224,0,0,1577789,1612729,1600203,0,139264,383827968,22110208,9641984,0,18446744073709551615,18446744073709551615,32030720,383700992,178257920,692224,0,0,1577789,1612729,1600203,0,139264,383827968,22110208,9641984,0
[2014-12-04T21:49:48.687654027Z] 33005568,372736000,188743680,397312,0,0,1586701,1628168,1609684,0,73728,372817920,22851584,9940992,0,18446744073709551615,18446744073709551615,33005568,372736000,188743680,397312,0,0,1586701,1628168,1609684,0,73728,372817920,22851584,9940992,0
[2014-12-04T21:49:49.703600466Z] 33632256,407629824,195035136,696320,0,0,1597876,1632714,1623171,0,139264,407711744,22183936,11169792,0,18446744073709551615,18446744073709551615,33632256,407633920,195035136,696320,0,0,1597876,1632714,1623171,0,139264,407711744,22183936,11169792,0
[2014-12-04T21:49:50.984410923Z] 18743296,248946688,155189248,364544,0,0,1603284,1671301,1628976,0,73728,249085952,14155776,4374528,0,18446744073709551615,18446744073709551615,18743296,248946688,155189248,364544,0,0,1603284,1671301,1628976,0,73728,249085952,14155776,4374528,0
[2014-12-04T21:49:51.725232829Z] 18927616,284921856,159383552,397312,0,0,1611108,1671319,1637059,0,73728,285016064,11780096,6934528,0,18446744073709551615,18446744073709551615,18927616,284921856,159383552,397312,0,0,1611108,1671319,1637059,0,73728,285016064,11780096,6934528,0
[2014-12-04T21:49:52.737370199Z] 26460160,306368512,165675008,397312,0,0,1616693,1671362,1640920,0,73728,306507776,15310848,10936320,0,18446744073709551615,18446744073709551615,26460160,306368512,165675008,397312,0,0,1616693,1671362,1640920,0,73728,306507776,15310848,10936320,0
[2014-12-04T21:49:53.749549863Z] 30904320,358133760,174063616,659456,0,0,1632872,1676372,1656601,0,139264,358256640,20656128,9969664,0,18446744073709551615,18446744073709551615,30904320,358158336,174063616,659456,0,0,1632879,1676372,1656608,0,139264,358256640,20656128,9969664,0
[2014-12-04T21:49:54.779473614Z] 33218560,417955840,205520896,692224,0,0,1643444,1679951,1666643,0,139264,418050048,22614016,10326016,0,18446744073709551615,18446744073709551615,33218560,417955840,205520896,692224,0,0,1643444,1679951,1666643,0,139264,418050048,22614016,10326016,0
[2014-12-04T21:49:55.790186830Z] 33550336,394625024,203423744,397312,0,0,1650258,1693402,1675105,0,73728,394760192,22765568,10571776,0,18446744073709551615,18446744073709551615,33550336,394625024,203423744,397312,0,0,1650258,1693402,1675105,0,73728,394760192,22765568,10571776,0
[2014-12-04T21:49:56.859708447Z] 17739776,226181120,150994944,331776,0,0,1656793,1732657,1682929,0,73728,226320384,13713408,3813376,0,18446744073709551615,18446744073709551615,17739776,226181120,150994944,331776,0,0,1656793,1732657,1682929,0,73728,226320384,13713408,3813376,0
[2014-12-04T21:49:58.340407035Z] 17739776,244711424,150994944,331776,0,0,1661809,1733149,1688384,0,73728,244850688,13705216,3821568,0,18446744073709551615,18446744073709551615,17739776,244711424,150994944,331776,0,0,1661809,1733149,1688384,0,73728,244850688,13705216,3821568,0
[2014-12-04T21:49:58.894351010Z] 18333696,276418560,153092096,364544,0,0,1669197,1733162,1695993,0,73728,276557824,11718656,6402048,0,18446744073709551615,18446744073709551615,18333696,276418560,153092096,364544,0,0,1669197,1733162,1695993,0,73728,276557824,11718656,6402048,0
[2014-12-04T21:49:59.902116270Z] 29507584,313884672,155189248,397312,0,0,1684539,1737140,1708462,0,73728,313950208,20025344,9269248,0,18446744073709551615,18446744073709551615,29507584,313884672,155189248,397312,0,0,1684539,1737140,1708462,0,73728,313950208,20025344,9269248,0
[2014-12-04T21:50:00.915809299Z] 31973376,379379712,174063616,692224,0,0,1697997,1738605,1722084,0,139264,377356288,22003712,9691136,0,18446744073709551615,18446744073709551615,31973376,379379712,174063616,692224,0,0,1697997,1738605,1722084,0,139264,377356288,22003712,9691136,0
[2014-12-04T21:50:01.921807055Z] 33001472,411074560,188743680,659456,0,0,1704704,1742433,1728873,0,139264,411213824,22962176,9760768,0,18446744073709551615,18446744073709551615,33001472,411074560,188743680,659456,0,0,1704704,1742433,1728873,0,139264,411213824,22962176,9760768,0
[2014-12-04T21:50:03.077740821Z] 17965056,230219776,153092096,331776,0,0,1716096,1795006,1744284,0,73728,230359040,13996032,3756032,0,18446744073709551615,18446744073709551615,17969152,230219776,153092096,331776,0,0,1716096,1795006,1744284,0,73728,230359040,13996032,3756032,0
[2014-12-04T21:50:03.946866871Z] 17674240,245653504,150994944,331776,0,0,1720161,1796397,1748763,0,73728,245792768,13639680,3821568,0,18446744073709551615,18446744073709551615,17674240,245653504,150994944,331776,0,0,1720161,1796397,1748763,0,73728,245792768,13639680,3821568,0
[2014-12-04T21:50:04.965104359Z] 35782656,278327296,153092096,364544,0,0,1732058,1796404,1757029,0,73728,278401024,24526848,11010048,0,18446744073709551615,18446744073709551615,35799040,278331392,153092096,364544,0,0,1732061,1796404,1757029,0,73728,278401024,24526848,11010048,0
[2014-12-04T21:50:06.009384061Z] 31309824,346992640,165675008,692224,0,0,1748949,1801203,1776478,0,139264,347090944,21495808,9535488,0,18446744073709551615,18446744073709551615,31309824,346992640,165675008,692224,0,0,1748949,1801203,1776478,0,139264,347090944,21495808,9535488,0
[2014-12-04T21:50:07.006306431Z] 32268288,377249792,171966464,659456,0,0,1759585,1806773,1789297,0,139264,377389056,22286336,9703424,0,18446744073709551615,18446744073709551615,32268288,377249792,171966464,659456,0,0,1759585,1806773,1789297,0,139264,377389056,22286336,9703424,0
[2014-12-04T21:50:08.020997941Z] 33734656,419500032,197132288,696320,557056,0,1775905,1820085,1808145,0,139264,419639296,22306816,11149312,0,18446744073709551615,18446744073709551615,33734656,419500032,197132288,696320,557056,0,1775905,1820085,1808145,0,139264,419639296,22306816,11149312,0
[2014-12-04T21:50:09.046031966Z] 18382848,243085312,150994944,364544,0,0,1784258,1864014,1816849,0,73728,243224576,14274560,3895296,0,18446744073709551615,18446744073709551615,18382848,243085312,150994944,364544,0,0,1784258,1864014,1816849,0,73728,243224576,14274560,3895296,0
[2014-12-04T21:50:10.207245005Z] 18399232,264835072,150994944,704512,0,0,1789576,1864018,1822415,0,73728,264949760,12595200,5591040,0,18446744073709551615,18446744073709551615,18399232,264835072,150994944,704512,0,0,1789576,1864018,1822415,0,73728,264949760,12595200,5591040,0
[2014-12-04T21:50:11.062422549Z] 18657280,290258944,155189248,397312,0,0,1795004,1864198,1827793,0,73728,290349056,11706368,6737920,0,18446744073709551615,18446744073709551615,18657280,290258944,155189248,397312,0,0,1795004,1864198,1827793,0,73728,290349056,11706368,6737920,0
[2014-12-04T21:50:12.074775347Z] 30449664,352788480,167772160,659456,0,0,1814571,1869197,1845090,0,139264,352903168,20647936,9519104,0,18446744073709551615,18446744073709551615,30449664,352788480,167772160,659456,0,0,1814571,1869197,1845090,0,139264,352903168,20647936,9519104,0
[2014-12-04T21:50:13.090667669Z] 32440320,400986112,186646528,659456,0,0,1826370,1874364,1856649,0,139264,401121280,22417408,9744384,0,18446744073709551615,18446744073709551615,32440320,400986112,186646528,659456,0,0,1826370,1874364,1856649,0,139264,401121280,22417408,9744384,0
[2014-12-04T21:50:14.099239874Z] 32677888,365780992,180355072,397312,0,0,1830439,1886970,1861150,0,73728,365920256,22450176,10014720,0,18446744073709551615,18446744073709551615,32677888,365780992,180355072,397312,0,0,1830439,1886970,1861150,0,73728,365920256,22450176,10014720,0
[2014-12-04T21:50:15.159633147Z] 33202176,415838208,186646528,696320,0,0,1846759,1894007,1879835,0,139264,415977472,22167552,10756096,0,18446744073709551615,18446744073709551615,33202176,415838208,186646528,696320,0,0,1846759,1894007,1879835,0,139264,415977472,22167552,10756096,0
[2014-12-04T21:50:16.325749652Z] 17817600,266756096,150994944,815104,0,0,1858276,1936990,1891814,0,73728,266883072,12988416,4616192,0,18446744073709551615,18446744073709551615,17817600,266756096,150994944,815104,0,0,1858276,1936990,1891814,0,73728,266883072,12988416,4616192,0
[2014-12-04T21:50:17.203221588Z] 19263488,298053632,155189248,397312,0,0,1865285,1937027,1898863,0,73728,298135552,11849728,7200768,0,18446744073709551615,18446744073709551615,19263488,298053632,155189248,397312,0,0,1865285,1937027,1898863,0,73728,298135552,11849728,7200768,0
[2014-12-04T21:50:18.191099617Z] 30179328,336547840,159383552,397312,0,0,1880543,1941244,1911082,0,73728,336670720,20529152,9437184,0,18446744073709551615,18446744073709551615,30179328,336547840,159383552,397312,0,0,1880543,1941244,1911082,0,73728,336670720,20529152,9437184,0
[2014-12-04T21:50:19.223271738Z] 32538624,403075072,190840832,692224,0,0,1893539,1946109,1924350,0,139264,403095552,22544384,9715712,0,18446744073709551615,18446744073709551615,32538624,403075072,190840832,692224,0,0,1893539,1946109,1924350,0,139264,403095552,22544384,9715712,0
[2014-12-04T21:50:20.234747814Z] 33058816,189366272,144703488,32768,0,0,1897455,1993386,1928901,0,8192,189452288,22777856,10133504,0,18446744073709551615,18446744073709551615,33058816,189366272,144703488,32768,0,0,1897455,1993386,1928901,0,8192,189452288,22777856,10133504,0
[2014-12-04T21:50:21.254796765Z] 18165760,242655232,155189248,331776,0,0,1910404,2000538,1945518,0,73728,242794496,13656064,4296704,0,18446744073709551615,18446744073709551615,18165760,242655232,155189248,331776,0,0,1910404,2000538,1945518,0,73728,242794496,13656064,4296704,0
[2014-12-04T21:50:22.263367294Z] 18165760,253751296,155189248,331776,0,0,1913114,2000539,1948553,0,73728,253890560,13643776,4308992,0,18446744073709551615,18446744073709551615,18165760,253751296,155189248,331776,0,0,1913114,2000539,1948553,0,73728,253890560,13643776,4308992,0
[2014-12-04T21:50:23.303864959Z] 18927616,290582528,159383552,397312,0,0,1921514,2000783,1958374,0,73728,290684928,11780096,6934528,0,18446744073709551615,18446744073709551615,18927616,290582528,159383552,397312,0,0,1921514,2000783,1958374,0,73728,290684928,11780096,6934528,0
[2014-12-04T21:50:24.319650319Z] 30179328,330113024,159383552,397312,0,0,1937776,2004647,1972940,0,73728,330215424,20209664,9756672,0,18446744073709551615,18446744073709551615,30179328,330113024,159383552,397312,0,0,1937776,2004647,1972940,0,73728,330215424,20209664,9756672,0
[2014-12-04T21:50:25.472651941Z] 32464896,387297280,180355072,692224,0,0,1948379,2006352,1984325,0,139264,385261568,22056960,10129408,0,18446744073709551615,18446744073709551615,32464896,387297280,180355072,692224,0,0,1948379,2006352,1984325,0,139264,385261568,22056960,10129408,0
[2014-12-04T21:50:26.381132593Z] 33538048,383827968,190840832,397312,0,0,1956870,2020027,1993956,0,73728,383938560,22765568,10559488,0,18446744073709551615,18446744073709551615,33538048,383827968,190840832,397312,0,0,1956870,2020027,1993956,0,73728,383938560,22765568,10559488,0
[2014-12-04T21:50:27.405592657Z] 18235392,240267264,153092096,364544,0,0,1968699,2061954,2007650,0,73728,240377856,14139392,3883008,0,18446744073709551615,18446744073709551615,18235392,240267264,153092096,364544,0,0,1968699,2061954,2007650,0,73728,240377856,14139392,3883008,0
[2014-12-04T21:50:28.549159125Z] 18251776,254976000,153092096,364544,0,0,1972295,2061955,2011579,0,73728,255086592,14155776,3883008,0,18446744073709551615,18446744073709551615,18251776,254976000,153092096,364544,0,0,1972295,2061955,2011579,0,73728,255086592,14155776,3883008,0
[2014-12-04T21:50:29.427033063Z] 34619392,285519872,153092096,397312,0,0,1984510,2062721,2019352,0,73728,285659136,24064000,10326016,0,18446744073709551615,18446744073709551615,34594816,285519872,153092096,397312,0,0,1984510,2062728,2019352,0,73728,285659136,24064000,10326016,0
[2014-12-04T21:50:30.618866548Z] 31592448,355684352,167772160,692224,0,0,2000811,2066715,2037652,0,139264,355823616,21708800,9605120,0,18446744073709551615,18446744073709551615,31592448,355684352,167772160,692224,0,0,2000811,2066715,2037652,0,139264,355823616,21708800,9605120,0
[2014-12-04T21:50:31.456090802Z] 32567296,402714624,186646528,659456,0,0,2013109,2073936,2050146,0,139264,402853888,22499328,9789440,0,18446744073709551615,18446744073709551615,32567296,402714624,186646528,659456,0,0,2013109,2073936,2050146,0,139264,402853888,22499328,9789440,0
[2014-12-04T21:50:32.469672071Z] 33751040,415690752,195035136,696320,0,0,2025954,2085879,2065720,0,139264,415821824,22220800,11251712,0,18446744073709551615,18446744073709551615,33751040,415690752,195035136,696320,0,0,2025954,2085879,2065721,0,139264,415821824,22220800,11251712,0
[2014-12-04T21:50:33.517006273Z] 18165760,249810944,153092096,331776,0,0,2029967,2123975,2070067,0,73728,249925632,13639680,4313088,0,18446744073709551615,18446744073709551615,18165760,249810944,153092096,331776,0,0,2029967,2123975,2070067,0,73728,249925632,13639680,4313088,0
[2014-12-04T21:50:34.499309131Z] 18178048,275521536,153092096,331776,0,0,2036248,2123976,2076801,0,73728,275656704,11161600,6803456,0,18446744073709551615,18446744073709551615,18178048,275521536,153092096,331776,0,0,2036248,2123976,2076801,0,73728,275656704,11161600,6803456,0
[2014-12-04T21:50:35.521504159Z] 30310400,330014720,161480704,659456,0,0,2054341,2127847,2092702,0,139264,330113024,20209664,9822208,0,18446744073709551615,18446744073709551615,30310400,330014720,161480704,659456,0,0,2054341,2127847,2092702,0,139264,330113024,20209664,9822208,0
[2014-12-04T21:50:36.547907346Z] 32571392,376561664,176160768,659456,0,0,2066698,2132376,2104839,0,139264,376700928,22093824,10199040,0,18446744073709551615,18446744073709551615,32571392,376561664,176160768,659456,0,0,2066698,2132376,2104839,0,139264,376700928,22093824,10199040,0
[2014-12-04T21:50:37.583080132Z] 33636352,407277568,199229440,696320,0,0,2084067,2150673,2124950,0,139264,407379968,22224896,11132928,0,18446744073709551615,18446744073709551615,33636352,407277568,199229440,696320,0,0,2084067,2150673,2124950,0,139264,407379968,22224896,11132928,0
[2014-12-04T21:50:38.602334550Z] 18165760,247054336,155189248,331776,0,0,2088770,2188050,2130007,0,73728,247193600,13639680,4313088,0,18446744073709551615,18446744073709551615,18165760,247054336,155189248,331776,0,0,2088770,2188050,2130007,0,73728,247193600,13639680,4313088,0
[2014-12-04T21:50:39.636286410Z] 18178048,266489856,155189248,331776,0,0,2093518,2188050,2134985,0,73728,266629120,12386304,5578752,0,18446744073709551615,18446744073709551615,18178048,266489856,155189248,331776,0,0,2093518,2188050,2134985,0,73728,266629120,12386304,5578752,0
[2014-12-04T21:50:40.645220011Z] 30191616,325124096,165675008,659456,0,0,2112126,2191965,2151440,0,139264,325193728,20180992,9732096,0,18446744073709551615,18446744073709551615,30191616,325124096,165675008,659456,0,0,2112126,2191965,2151440,0,139264,325193728,20180992,9732096,0
[2014-12-04T21:50:41.652340668Z] 32358400,331051008,174063616,397312,0,0,2122632,2204583,2161977,0,73728,331153408,21725184,10420224,0,18446744073709551615,18446744073709551615,32358400,331051008,174063616,397312,0,0,2122632,2204583,2161977,0,73728,331153408,21725184,10420224,0
[2014-12-04T21:50:42.666486394Z] 33648640,429514752,203423744,696320,0,0,2144167,2209940,2185989,0,139264,429604864,22052864,11317248,0,18446744073709551615,18446744073709551615,33648640,429514752,203423744,696320,0,0,2144167,2209940,2185989,0,139264,429604864,22052864,11317248,0
[2014-12-04T21:50:43.681148713Z] 17805312,241922048,153092096,331776,0,0,2148925,2253123,2191020,0,73728,242061312,13758464,3833856,0,18446744073709551615,18446744073709551615,17805312,241922048,153092096,331776,0,0,2148925,2253123,2191020,0,73728,242061312,13758464,3833856,0
[2014-12-04T21:50:44.697844564Z] 18391040,270303232,153092096,364544,0,0,2156004,2253130,2198454,0,73728,270434304,11788288,6389760,0,18446744073709551615,18446744073709551615,18391040,270303232,153092096,364544,0,0,2156004,2253130,2198454,0,73728,270434304,11788288,6389760,0
[2014-12-04T21:50:46.096443955Z] 29659136,321568768,161480704,593920,0,0,2173276,2257690,2213284,0,73728,321654784,20111360,9334784,0,18446744073709551615,18446744073709551615,29659136,321568768,161480704,593920,0,0,2173276,2257690,2213284,0,73728,321654784,20111360,9334784,0
[2014-12-04T21:50:46.733294251Z] 31588352,365473792,165675008,659456,0,0,2184130,2258887,2224187,0,139264,365580288,21786624,9523200,0,18446744073709551615,18446744073709551615,31588352,365473792,165675008,659456,0,0,2184130,2258887,2224187,0,139264,365580288,21786624,9523200,0
[2014-12-04T21:50:47.755338411Z] 33738752,414171136,186646528,696320,0,0,2207687,2277695,2250308,0,139264,414310400,22286336,11173888,0,18446744073709551615,18446744073709551615,33738752,414171136,186646528,696320,0,0,2207687,2277695,2250308,0,139264,414310400,22286336,11173888,0
[2014-12-04T21:50:48.761663943Z] 18743296,252641280,146800640,839680,0,0,2212780,2316687,2255821,0,73728,252776448,14155776,4374528,0,18446744073709551615,18446744073709551615,18743296,252641280,146800640,839680,0,0,2212780,2316687,2255821,0,73728,252776448,14155776,4374528,0
[2014-12-04T21:50:49.791874155Z] 18759680,271167488,146800640,364544,0,0,2217312,2316692,2260577,0,73728,271282176,11657216,6889472,0,18446744073709551615,18446744073709551615,18759680,271167488,146800640,364544,0,0,2217312,2316692,2260577,0,73728,271282176,11657216,6889472,0
[2014-12-04T21:50:50.807360694Z] 19128320,292552704,153092096,397312,0,0,2221145,2316747,2264431,0,73728,292691968,11714560,7200768,0,18446744073709551615,18446744073709551615,19128320,292552704,153092096,397312,0,0,2221145,2316747,2264431,0,73728,292691968,11714560,7200768,0
[2014-12-04T21:50:51.826820403Z] 20168704,336338944,165675008,397312,0,0,2230182,2317906,2273301,0,73728,336408576,12414976,7540736,0,18446744073709551615,18446744073709551615,20168704,336338944,165675008,397312,0,0,2230182,2317906,2273301,0,73728,336408576,12414976,7540736,0
[2014-12-04T21:50:52.834935398Z] 4890624,179924992,142606336,32768,0,0,2239145,2363676,2283210,0,8192,180064256,4677632,65536,0,18446744073709551615,18446744073709551615,4890624,179924992,142606336,32768,0,0,2239145,2363676,2283210,0,8192,180064256,4677632,65536,0
[2014-12-04T21:50:53.841391467Z] 4890624,179924992,142606336,32768,0,0,2239145,2363676,2283210,0,8192,180064256,4677632,65536,0,18446744073709551615,18446744073709551615,4890624,179924992,142606336,32768,0,0,2239145,2363676,2283210,0,8192,180064256,4677632,65536,0
[2014-12-04T21:50:54.847586829Z] 4890624,179924992,142606336,32768,0,0,2239145,2363676,2283210,0,8192,180064256,4677632,65536,0,18446744073709551615,18446744073709551615,4890624,179924992,142606336,32768,0,0,2239145,2363676,2283210,0,8192,180064256,4677632,65536,0
[2014-12-04T21:50:55.855545269Z] 4890624,179924992,142606336,32768,0,0,2239145,2363676,2283210,0,8192,180064256,4677632,65536,0,18446744073709551615,18446744073709551615,4890624,179924992,142606336,32768,0,0,2239145,2363676,2283210,0,8192,180064256,4677632,65536,0
