2014-12-04T21:22:34.628719591Z cache,rss,rss_huge,mapped_file,writeback,swap,pgpgin,pgpgout,pgfault,pgmajfault,inactive_anon,active_anon,inactive_file,active_file,unevictable,hierarchical_memory_limit,hierarchical_memsw_limit,total_cache,total_rss,total_rss_huge,total_mapped_file,total_writeback,total_swap,total_pgpgin,total_pgpgout,total_pgfault,total_pgmajfault,total_inactive_anon,total_active_anon,total_inactive_file,total_active_file,total_unevictable
2014-12-04T21:22:34.630974720Z 81920,72896512,62914560,32768,0,0,3036,549,3757,0,16384,72880128,32768,0,0,18446744073709551615,18446744073709551615,81920,72896512,62914560,32768,0,0,3036,549,3757,0,16384,72880128,32768,0,0
[2014-12-04T21:22:35.637659906Z] 86016,98816000,85983232,32768,0,0,4232,1037,5010,0,16384,98824192,32768,0,0,18446744073709551615,18446744073709551615,86016,98816000,85983232,32768,0,0,4232,1037,5010,0,16384,98824192,32768,0,0
[2014-12-04T21:22:36.644443106Z] 86016,98816000,85983232,32768,0,0,4232,1037,5011,0,16384,98824192,32768,0,0,18446744073709551615,18446744073709551615,86016,98816000,85983232,32768,0,0,4232,1037,5011,0,16384,98824192,32768,0,0
[2014-12-04T21:22:37.649016506Z] 86016,105635840,92274688,32768,0,0,4401,1074,5183,0,16384,105672704,32768,0,0,18446744073709551615,18446744073709551615,86016,105635840,92274688,32768,0,0,4401,1074,5183,0,16384,105672704,32768,0,0
[2014-12-04T21:22:38.652486912Z] 86016,110354432,96468992,32768,0,0,4567,1110,5351,0,16384,110391296,32768,0,0,18446744073709551615,18446744073709551615,86016,110354432,96468992,32768,0,0,4567,1110,5351,0,16384,110391296,32768,0,0
[2014-12-04T21:22:39.658060505Z] 86016,112394240,98566144,32768,0,0,4570,1126,5360,0,16384,112431104,32768,0,0,18446744073709551615,18446744073709551615,86016,112394240,98566144,32768,0,0,4570,1126,5360,0,16384,112431104,32768,0,0
[2014-12-04T21:22:40.660633596Z] 86016,114507776,100663296,32768,0,0,4575,1126,5371,0,16384,114544640,32768,0,0,18446744073709551615,18446744073709551615,86016,114507776,100663296,32768,0,0,4575,1126,5371,0,16384,114544640,32768,0,0
[2014-12-04T21:22:41.665569604Z] 86016,116686848,102760448,32768,0,0,4596,1126,5400,0,16384,116723712,32768,0,0,18446744073709551615,18446744073709551615,86016,116686848,102760448,32768,0,0,4596,1126,5400,0,16384,116723712,32768,0,0
[2014-12-04T21:22:42.669816995Z] 86016,118988800,104857600,32768,0,0,4647,1126,5459,0,16384,119025664,32768,0,0,18446744073709551615,18446744073709551615,86016,118988800,104857600,32768,0,0,4647,1126,5459,0,16384,119025664,32768,0,0
[2014-12-04T21:22:43.673935302Z] 86016,124006400,109051904,32768,0,0,4856,1132,5679,0,16384,124043264,32768,0,0,18446744073709551615,18446744073709551615,86016,124006400,109051904,32768,0,0,4856,1132,5679,0,16384,124043264,32768,0,0
[2014-12-04T21:22:44.677951702Z] 86016,124006400,109051904,32768,0,0,4856,1132,5679,0,16384,124043264,32768,0,0,18446744073709551615,18446744073709551615,86016,124006400,109051904,32768,0,0,4856,1132,5679,0,16384,124043264,32768,0,0
[2014-12-04T21:22:45.683173765Z] 86016,124006400,109051904,32768,0,0,4856,1132,5679,0,16384,124043264,32768,0,0,18446744073709551615,18446744073709551615,86016,124006400,109051904,32768,0,0,4856,1132,5679,0,16384,124043264,32768,0,0
[2014-12-04T21:22:46.688439964Z] 86016,124006400,109051904,32768,0,0,4856,1132,5679,0,16384,124043264,32768,0,0,18446744073709551615,18446744073709551615,86016,124006400,109051904,32768,0,0,4856,1132,5679,0,16384,124043264,32768,0,0
[2014-12-04T21:22:47.693677630Z] 86016,124006400,109051904,32768,0,0,4856,1132,5679,0,16384,124043264,32768,0,0,18446744073709551615,18446744073709551615,86016,124006400,109051904,32768,0,0,4856,1132,5679,0,16384,124043264,32768,0,0
[2014-12-04T21:22:48.699357226Z] 86016,126107648,111149056,32768,0,0,4858,1132,5687,0,16384,126144512,32768,0,0,18446744073709551615,18446744073709551615,86016,126107648,111149056,32768,0,0,4858,1132,5687,0,16384,126144512,32768,0,0
[2014-12-04T21:22:49.706769399Z] 86016,126107648,111149056,32768,0,0,4858,1132,5687,0,16384,126144512,32768,0,0,18446744073709551615,18446744073709551615,86016,126107648,111149056,32768,0,0,4858,1132,5687,0,16384,126144512,32768,0,0
[2014-12-04T21:22:50.713520753Z] 86016,126107648,111149056,32768,0,0,4858,1132,5689,0,16384,126144512,32768,0,0,18446744073709551615,18446744073709551615,86016,126107648,111149056,32768,0,0,4858,1132,5689,0,16384,126144512,32768,0,0
[2014-12-04T21:22:51.719653648Z] 86016,126107648,111149056,32768,0,0,4858,1132,5689,0,16384,126144512,32768,0,0,18446744073709551615,18446744073709551615,86016,126107648,111149056,32768,0,0,4858,1132,5689,0,16384,126144512,32768,0,0
[2014-12-04T21:22:52.725438108Z] 86016,126107648,111149056,32768,0,0,4858,1132,5689,0,16384,126144512,32768,0,0,18446744073709551615,18446744073709551615,86016,126107648,111149056,32768,0,0,4858,1132,5689,0,16384,126144512,32768,0,0
[2014-12-04T21:22:53.742160222Z] 86016,140279808,123731968,32768,0,0,5356,1236,6239,0,16384,140316672,32768,0,0,18446744073709551615,18446744073709551615,86016,140279808,123731968,32768,0,0,5356,1236,6239,0,16384,140316672,32768,0,0
[2014-12-04T21:22:54.844238702Z] 86016,140972032,123731968,32768,0,0,5609,1320,6503,0,16384,140976128,32768,0,0,18446744073709551615,18446744073709551615,86016,140972032,123731968,32768,0,0,5609,1320,6503,0,16384,140976128,32768,0,0
[2014-12-04T21:22:55.773878395Z] 86016,145272832,125829120,32768,0,0,6454,1626,7372,0,16384,145281024,32768,0,0,18446744073709551615,18446744073709551615,86016,145272832,125829120,32768,0,0,6454,1626,7372,0,16384,145281024,32768,0,0
[2014-12-04T21:22:56.783925204Z] 86016,145784832,125829120,32768,0,0,6732,1779,7668,0,16384,145821696,32768,0,0,18446744073709551615,18446744073709551615,86016,145784832,125829120,32768,0,0,6732,1779,7668,0,16384,145821696,32768,0,0
[2014-12-04T21:22:57.799948748Z] 86016,145887232,125829120,32768,0,0,6757,1779,7695,0,16384,145924096,32768,0,0,18446744073709551615,18446744073709551615,86016,145887232,125829120,32768,0,0,6757,1779,7695,0,16384,145924096,32768,0,0
[2014-12-04T21:22:58.809141144Z] 86016,146067456,125829120,32768,0,0,6801,1779,7748,0,16384,146104320,32768,0,0,18446744073709551615,18446744073709551615,86016,146067456,125829120,32768,0,0,6801,1779,7748,0,16384,146104320,32768,0,0
[2014-12-04T21:22:59.816570245Z] 86016,146157568,125829120,32768,0,0,6908,1864,7861,0,16384,146194432,32768,0,0,18446744073709551615,18446744073709551615,86016,146157568,125829120,32768,0,0,6908,1864,7861,0,16384,146194432,32768,0,0
[2014-12-04T21:23:00.833016257Z] 86016,146235392,125829120,32768,0,0,6927,1864,7886,0,16384,146268160,32768,0,0,18446744073709551615,18446744073709551615,86016,146235392,125829120,32768,0,0,6927,1864,7886,0,16384,146268160,32768,0,0
[2014-12-04T21:23:01.835803693Z] 86016,147726336,125829120,32768,0,0,8475,3048,9435,0,16384,147763200,32768,0,0,18446744073709551615,18446744073709551615,86016,147726336,125829120,32768,0,0,8475,3048,9435,0,16384,147763200,32768,0,0
[2014-12-04T21:23:02.844037814Z] 86016,147726336,125829120,32768,0,0,8475,3048,9440,0,16384,147763200,32768,0,0,18446744073709551615,18446744073709551615,86016,147726336,125829120,32768,0,0,8475,3048,9440,0,16384,147763200,32768,0,0
[2014-12-04T21:23:03.847782980Z] 86016,155086848,125829120,32768,0,0,13131,5907,14108,0,16384,155123712,32768,0,0,18446744073709551615,18446744073709551615,86016,155086848,125829120,32768,0,0,13131,5907,14108,0,16384,155123712,32768,0,0
[2014-12-04T21:23:05.099360967Z] 86016,150540288,125829120,32768,0,0,13131,7017,14113,0,16384,150577152,32768,0,0,18446744073709551615,18446744073709551615,86016,150540288,125829120,32768,0,0,13131,7017,14113,0,16384,150577152,32768,0,0
[2014-12-04T21:23:05.876373811Z] 86016,152322048,125829120,32768,0,0,14284,7735,15267,0,16384,152358912,32768,0,0,18446744073709551615,18446744073709551615,86016,152322048,125829120,32768,0,0,14284,7735,15267,0,16384,152358912,32768,0,0
[2014-12-04T21:23:06.898225883Z] 86016,152322048,125829120,32768,0,0,14284,7735,15269,0,16384,152358912,32768,0,0,18446744073709551615,18446744073709551615,86016,152322048,125829120,32768,0,0,14284,7735,15269,0,16384,152358912,32768,0,0
[2014-12-04T21:23:07.957431174Z] 86016,152453120,125829120,32768,0,0,14348,7767,15336,0,16384,152489984,32768,0,0,18446744073709551615,18446744073709551615,86016,152453120,125829120,32768,0,0,14348,7767,15336,0,16384,152489984,32768,0,0
[2014-12-04T21:23:08.914011238Z] 86016,152453120,125829120,32768,0,0,14348,7767,15338,0,16384,152489984,32768,0,0,18446744073709551615,18446744073709551615,86016,152453120,125829120,32768,0,0,14348,7767,15338,0,16384,152489984,32768,0,0
[2014-12-04T21:23:09.923615615Z] 86016,151453696,125829120,32768,0,0,14408,8071,15400,0,16384,151490560,32768,0,0,18446744073709551615,18446744073709551615,86016,151453696,125829120,32768,0,0,14408,8071,15400,0,16384,151490560,32768,0,0
[2014-12-04T21:23:10.928186329Z] 86016,151453696,125829120,32768,0,0,14408,8071,15402,0,16384,151490560,32768,0,0,18446744073709551615,18446744073709551615,86016,151453696,125829120,32768,0,0,14408,8071,15402,0,16384,151490560,32768,0,0
[2014-12-04T21:23:11.938955502Z] 86016,155611136,125829120,32768,0,0,18430,11078,19429,0,16384,155648000,32768,0,0,18446744073709551615,18446744073709551615,86016,155611136,125829120,32768,0,0,18430,11078,19429,0,16384,155648000,32768,0,0
[2014-12-04T21:23:12.949826298Z] 86016,155676672,125829120,32768,0,0,18462,11094,19464,0,16384,155713536,32768,0,0,18446744073709551615,18446744073709551615,86016,155676672,125829120,32768,0,0,18462,11094,19464,0,16384,155713536,32768,0,0
[2014-12-04T21:23:14.455931315Z] 86016,155746304,125829120,32768,0,0,18495,11110,19499,0,16384,155783168,32768,0,0,18446744073709551615,18446744073709551615,86016,155746304,125829120,32768,0,0,18495,11110,19499,0,16384,155783168,32768,0,0
[2014-12-04T21:23:14.968304241Z] 86016,153739264,125829120,32768,0,0,18495,11600,19500,0,16384,153776128,32768,0,0,18446744073709551615,18446744073709551615,86016,153739264,125829120,32768,0,0,18495,11600,19500,0,16384,153776128,32768,0,0
[2014-12-04T21:23:15.979389579Z] 86016,153812992,125829120,32768,0,0,18529,11616,19535,0,16384,153849856,32768,0,0,18446744073709551615,18446744073709551615,86016,153812992,125829120,32768,0,0,18529,11616,19535,0,16384,153849856,32768,0,0
[2014-12-04T21:23:17.066257771Z] 86016,154816512,125829120,32768,0,0,18822,11664,19833,0,16384,154853376,32768,0,0,18446744073709551615,18446744073709551615,86016,154816512,125829120,32768,0,0,18822,11664,19833,0,16384,154853376,32768,0,0
[2014-12-04T21:23:18.046364362Z] 86016,154832896,125829120,32768,0,0,18826,11664,19840,0,16384,154869760,32768,0,0,18446744073709551615,18446744073709551615,86016,154832896,125829120,32768,0,0,18826,11664,19840,0,16384,154869760,32768,0,0
[2014-12-04T21:23:19.000159646Z] 86016,154902528,125829120,32768,0,0,18859,11680,19874,0,16384,154939392,32768,0,0,18446744073709551615,18446744073709551615,86016,154902528,125829120,32768,0,0,18859,11680,19874,0,16384,154939392,32768,0,0
[2014-12-04T21:23:20.005554359Z] 86016,152809472,125829120,32768,0,0,18876,12208,19894,0,16384,152846336,32768,0,0,18446744073709551615,18446744073709551615,86016,152809472,125829120,32768,0,0,18876,12208,19894,0,16384,152846336,32768,0,0
[2014-12-04T21:23:21.014507697Z] 86016,152817664,125829120,32768,0,0,18910,12240,19936,0,16384,152854528,32768,0,0,18446744073709551615,18446744073709551615,86016,152817664,125829120,32768,0,0,18910,12240,19936,0,16384,152854528,32768,0,0
[2014-12-04T21:23:22.355633253Z] 86016,152817664,125829120,32768,0,0,18910,12240,19937,0,16384,152854528,32768,0,0,18446744073709551615,18446744073709551615,86016,152817664,125829120,32768,0,0,18910,12240,19937,0,16384,152854528,32768,0,0
[2014-12-04T21:23:23.043902763Z] 86016,152817664,125829120,32768,0,0,18926,12256,19955,0,16384,152854528,32768,0,0,18446744073709551615,18446744073709551615,86016,152817664,125829120,32768,0,0,18926,12256,19955,0,16384,152854528,32768,0,0
[2014-12-04T21:23:24.056079624Z] 86016,152817664,125829120,32768,0,0,18942,12272,19973,0,16384,152854528,32768,0,0,18446744073709551615,18446744073709551615,86016,152817664,125829120,32768,0,0,18942,12272,19973,0,16384,152854528,32768,0,0
[2014-12-04T21:23:25.076855135Z] 86016,151998464,125829120,32768,0,0,18958,12488,19991,0,16384,152035328,32768,0,0,18446744073709551615,18446744073709551615,86016,151998464,125829120,32768,0,0,18958,12488,19991,0,16384,152035328,32768,0,0
[2014-12-04T21:23:26.090810015Z] 86016,152002560,125829120,32768,0,0,18975,12504,20009,0,16384,152039424,32768,0,0,18446744073709551615,18446744073709551615,86016,152002560,125829120,32768,0,0,18975,12504,20009,0,16384,152039424,32768,0,0
[2014-12-04T21:23:27.098770320Z] 86016,152002560,125829120,32768,0,0,18975,12504,20012,0,16384,152039424,32768,0,0,18446744073709551615,18446744073709551615,86016,152002560,125829120,32768,0,0,18975,12504,20012,0,16384,152039424,32768,0,0
[2014-12-04T21:23:28.115049537Z] 86016,152010752,125829120,32768,0,0,19009,12536,20048,0,16384,152047616,32768,0,0,18446744073709551615,18446744073709551615,86016,152010752,125829120,32768,0,0,19009,12536,20048,0,16384,152047616,32768,0,0
[2014-12-04T21:23:29.126281725Z] 86016,152076288,125829120,32768,0,0,19025,12536,20066,0,16384,152113152,32768,0,0,18446744073709551615,18446744073709551615,86016,152076288,125829120,32768,0,0,19025,12536,20066,0,16384,152113152,32768,0,0
[2014-12-04T21:23:30.588124972Z] 86016,152076288,125829120,32768,0,0,19057,12568,20100,0,16384,152113152,32768,0,0,18446744073709551615,18446744073709551615,86016,152076288,125829120,32768,0,0,19057,12568,20100,0,16384,152113152,32768,0,0
[2014-12-04T21:23:31.146332655Z] 86016,152076288,125829120,32768,0,0,19057,12568,20103,0,16384,152113152,32768,0,0,18446744073709551615,18446744073709551615,86016,152076288,125829120,32768,0,0,19057,12568,20103,0,16384,152113152,32768,0,0
[2014-12-04T21:23:32.153305659Z] 86016,152248320,125829120,32768,0,0,19131,12600,20179,0,16384,152285184,32768,0,0,18446744073709551615,18446744073709551615,86016,152248320,125829120,32768,0,0,19131,12600,20179,0,16384,152285184,32768,0,0
[2014-12-04T21:23:33.157918411Z] 86016,152248320,125829120,32768,0,0,19131,12600,20182,0,16384,152285184,32768,0,0,18446744073709551615,18446744073709551615,86016,152248320,125829120,32768,0,0,19131,12600,20182,0,16384,152285184,32768,0,0
[2014-12-04T21:23:34.168027529Z] 86016,157581312,130023424,32768,0,0,21621,14810,22697,0,16384,157609984,32768,0,0,18446744073709551615,18446744073709551615,86016,157581312,130023424,32768,0,0,21621,14810,22697,0,16384,157609984,32768,0,0
[2014-12-04T21:23:35.177512745Z] 86016,158347264,130023424,32768,0,0,21808,14810,22885,0,16384,158384128,32768,0,0,18446744073709551615,18446744073709551615,86016,158347264,130023424,32768,0,0,21808,14810,22885,0,16384,158384128,32768,0,0
[2014-12-04T21:23:36.197365549Z] 86016,158355456,130023424,32768,0,0,21810,14810,22887,0,16384,158392320,32768,0,0,18446744073709551615,18446744073709551615,86016,158355456,130023424,32768,0,0,21810,14810,22887,0,16384,158392320,32768,0,0
[2014-12-04T21:23:37.226805793Z] 86016,158392320,130023424,32768,0,0,21835,14826,22913,0,16384,158429184,32768,0,0,18446744073709551615,18446744073709551615,86016,158392320,130023424,32768,0,0,21835,14826,22913,0,16384,158429184,32768,0,0
[2014-12-04T21:23:38.285112051Z] 86016,158433280,130023424,32768,0,0,21845,14826,22923,0,16384,158470144,32768,0,0,18446744073709551615,18446744073709551615,86016,158433280,130023424,32768,0,0,21845,14826,22923,0,16384,158470144,32768,0,0
[2014-12-04T21:23:39.334438185Z] 86016,158597120,130023424,32768,0,0,21901,14842,22980,0,16384,158633984,32768,0,0,18446744073709551615,18446744073709551615,86016,158597120,130023424,32768,0,0,21901,14842,22980,0,16384,158633984,32768,0,0
[2014-12-04T21:23:40.306321954Z] 86016,158298112,130023424,32768,0,0,21956,14970,23035,0,16384,158334976,32768,0,0,18446744073709551615,18446744073709551615,86016,158298112,130023424,32768,0,0,21956,14970,23035,0,16384,158334976,32768,0,0
[2014-12-04T21:23:41.337713194Z] 86016,158363648,130023424,32768,0,0,22020,15018,23099,0,16384,158400512,32768,0,0,18446744073709551615,18446744073709551615,86016,158363648,130023424,32768,0,0,22020,15018,23099,0,16384,158400512,32768,0,0
[2014-12-04T21:23:42.357028961Z] 86016,158494720,130023424,32768,0,0,22068,15034,23147,0,16384,158531584,32768,0,0,18446744073709551615,18446744073709551615,86016,158494720,130023424,32768,0,0,22068,15034,23147,0,16384,158531584,32768,0,0
[2014-12-04T21:23:43.370188737Z] 86016,158556160,130023424,32768,0,0,22099,15050,23178,0,16384,158593024,32768,0,0,18446744073709551615,18446744073709551615,86016,158556160,130023424,32768,0,0,22099,15050,23178,0,16384,158593024,32768,0,0
[2014-12-04T21:23:44.397314931Z] 86016,158556160,130023424,32768,0,0,22099,15050,23178,0,16384,158593024,32768,0,0,18446744073709551615,18446744073709551615,86016,158556160,130023424,32768,0,0,22099,15050,23178,0,16384,158593024,32768,0,0
[2014-12-04T21:23:45.453952245Z] 86016,157515776,130023424,32768,0,0,22125,15330,23204,0,16384,157552640,32768,0,0,18446744073709551615,18446744073709551615,86016,157515776,130023424,32768,0,0,22125,15330,23204,0,16384,157552640,32768,0,0
[2014-12-04T21:23:46.492698068Z] 86016,157523968,130023424,32768,0,0,22175,15378,23255,0,16384,157560832,32768,0,0,18446744073709551615,18446744073709551615,86016,157523968,130023424,32768,0,0,22175,15378,23255,0,16384,157560832,32768,0,0
[2014-12-04T21:23:47.510550627Z] 86016,157523968,130023424,32768,0,0,22191,15394,23271,0,16384,157560832,32768,0,0,18446744073709551615,18446744073709551615,86016,157523968,130023424,32768,0,0,22191,15394,23271,0,16384,157560832,32768,0,0
[2014-12-04T21:23:48.489620841Z] 86016,157523968,130023424,32768,0,0,22207,15410,23288,0,16384,157560832,32768,0,0,18446744073709551615,18446744073709551615,86016,157523968,130023424,32768,0,0,22207,15410,23288,0,16384,157560832,32768,0,0
[2014-12-04T21:23:49.499423535Z] 86016,157716480,130023424,32768,0,0,22270,15426,23351,0,16384,157753344,32768,0,0,18446744073709551615,18446744073709551615,86016,157716480,130023424,32768,0,0,22270,15426,23351,0,16384,157753344,32768,0,0
[2014-12-04T21:23:50.513289663Z] 86016,157724672,130023424,32768,0,0,22288,15442,23369,0,16384,157761536,32768,0,0,18446744073709551615,18446744073709551615,86016,157724672,130023424,32768,0,0,22288,15442,23369,0,16384,157761536,32768,0,0
[2014-12-04T21:23:51.548532073Z] 86016,157757440,130023424,32768,0,0,22328,15474,23414,0,16384,157794304,32768,0,0,18446744073709551615,18446744073709551615,86016,157757440,130023424,32768,0,0,22328,15474,23414,0,16384,157794304,32768,0,0
[2014-12-04T21:23:52.575270363Z] 86016,157761536,130023424,32768,0,0,22345,15490,23431,0,16384,157798400,32768,0,0,18446744073709551615,18446744073709551615,86016,157761536,130023424,32768,0,0,22345,15490,23431,0,16384,157798400,32768,0,0
[2014-12-04T21:23:53.625507777Z] 86016,157970432,130023424,32768,0,0,22444,15538,23531,0,16384,158007296,32768,0,0,18446744073709551615,18446744073709551615,86016,157970432,130023424,32768,0,0,22444,15538,23531,0,16384,158007296,32768,0,0
[2014-12-04T21:23:54.636874460Z] 86016,157978624,130023424,32768,0,0,22446,15538,23533,0,16384,158015488,32768,0,0,18446744073709551615,18446744073709551615,86016,157978624,130023424,32768,0,0,22446,15538,23533,0,16384,158015488,32768,0,0
[2014-12-04T21:23:55.646364930Z] 86016,157839360,130023424,32768,0,0,22446,15572,23534,0,16384,157876224,32768,0,0,18446744073709551615,18446744073709551615,86016,157839360,130023424,32768,0,0,22446,15572,23534,0,16384,157876224,32768,0,0
[2014-12-04T21:23:56.659479420Z] 86016,157851648,130023424,32768,0,0,22497,15620,23585,0,16384,157888512,32768,0,0,18446744073709551615,18446744073709551615,86016,157851648,130023424,32768,0,0,22497,15620,23585,0,16384,157888512,32768,0,0
[2014-12-04T21:23:58.091813054Z] 86016,157855744,130023424,32768,0,0,22530,15652,23618,0,16384,157892608,32768,0,0,18446744073709551615,18446744073709551615,86016,157855744,130023424,32768,0,0,22530,15652,23618,0,16384,157892608,32768,0,0
[2014-12-04T21:23:58.879748877Z] 86016,158072832,130023424,32768,0,0,22615,15684,23703,0,16384,158109696,32768,0,0,18446744073709551615,18446744073709551615,86016,158072832,130023424,32768,0,0,22615,15684,23703,0,16384,158109696,32768,0,0
[2014-12-04T21:23:59.760755294Z] 86016,158072832,130023424,32768,0,0,22615,15684,23704,0,16384,158109696,32768,0,0,18446744073709551615,18446744073709551615,86016,158072832,130023424,32768,0,0,22615,15684,23704,0,16384,158109696,32768,0,0
[2014-12-04T21:24:00.774285380Z] 86016,158773248,130023424,32768,0,0,23418,16316,24507,0,16384,158789632,32768,0,0,18446744073709551615,18446744073709551615,86016,158773248,130023424,32768,0,0,23418,16316,24507,0,16384,158789632,32768,0,0
[2014-12-04T21:24:01.813282691Z] 86016,158765056,130023424,32768,0,0,23886,16786,24976,0,16384,158801920,32768,0,0,18446744073709551615,18446744073709551615,86016,158765056,130023424,32768,0,0,23886,16786,24976,0,16384,158801920,32768,0,0
[2014-12-04T21:24:02.802384867Z] 86016,158765056,130023424,32768,0,0,23902,16802,24992,0,16384,158801920,32768,0,0,18446744073709551615,18446744073709551615,86016,158765056,130023424,32768,0,0,23902,16802,24992,0,16384,158801920,32768,0,0
[2014-12-04T21:24:03.813577048Z] 86016,158969856,130023424,32768,0,0,23968,16818,25058,0,16384,159006720,32768,0,0,18446744073709551615,18446744073709551615,86016,158969856,130023424,32768,0,0,23968,16818,25058,0,16384,159006720,32768,0,0
[2014-12-04T21:24:04.833882316Z] 86016,159035392,130023424,32768,0,0,24059,16893,25170,0,16384,159072256,32768,0,0,18446744073709551615,18446744073709551615,86016,159035392,130023424,32768,0,0,24059,16893,25170,0,16384,159072256,32768,0,0
[2014-12-04T21:24:05.865292080Z] 86016,159010816,130023424,32768,0,0,24093,16933,25204,0,16384,159047680,32768,0,0,18446744073709551615,18446744073709551615,86016,159010816,130023424,32768,0,0,24093,16933,25204,0,16384,159047680,32768,0,0
[2014-12-04T21:24:06.886594787Z] 86016,159027200,130023424,32768,0,0,24113,16949,25224,0,16384,159064064,32768,0,0,18446744073709551615,18446744073709551615,86016,159027200,130023424,32768,0,0,24113,16949,25224,0,16384,159064064,32768,0,0
[2014-12-04T21:24:07.912463357Z] 86016,159031296,130023424,32768,0,0,24130,16965,25242,0,16384,159068160,32768,0,0,18446744073709551615,18446744073709551615,86016,159031296,130023424,32768,0,0,24130,16965,25242,0,16384,159068160,32768,0,0
[2014-12-04T21:24:09.124574784Z] 86016,160440320,130023424,32768,0,0,24490,16981,25602,0,16384,160477184,32768,0,0,18446744073709551615,18446744073709551615,86016,160440320,130023424,32768,0,0,24490,16981,25602,0,16384,160477184,32768,0,0
[2014-12-04T21:24:09.946193198Z] 86016,164601856,130023424,32768,0,0,27540,19015,28654,0,16384,164638720,32768,0,0,18446744073709551615,18446744073709551615,86016,164601856,130023424,32768,0,0,27540,19015,28654,0,16384,164638720,32768,0,0
[2014-12-04T21:24:11.006797824Z] 86016,163405824,130023424,32768,0,0,27556,19323,28671,0,16384,163442688,32768,0,0,18446744073709551615,18446744073709551615,86016,163405824,130023424,32768,0,0,27556,19323,28671,0,16384,163442688,32768,0,0
[2014-12-04T21:24:12.027158381Z] 86016,163405824,130023424,32768,0,0,27572,19339,28687,0,16384,163442688,32768,0,0,18446744073709551615,18446744073709551615,86016,163405824,130023424,32768,0,0,27572,19339,28687,0,16384,163442688,32768,0,0
[2014-12-04T21:24:13.047654291Z] 86016,163409920,130023424,32768,0,0,27605,19371,28720,0,16384,163446784,32768,0,0,18446744073709551615,18446744073709551615,86016,163409920,130023424,32768,0,0,27605,19371,28720,0,16384,163446784,32768,0,0
[2014-12-04T21:24:14.176255196Z] 86016,163409920,130023424,32768,0,0,27637,19403,28752,0,16384,163446784,32768,0,0,18446744073709551615,18446744073709551615,86016,163409920,130023424,32768,0,0,27637,19403,28752,0,16384,163446784,32768,0,0
[2014-12-04T21:24:15.401384357Z] 86016,163471360,130023424,32768,0,0,27700,19451,28816,0,16384,163508224,32768,0,0,18446744073709551615,18446744073709551615,86016,163471360,130023424,32768,0,0,27700,19451,28816,0,16384,163508224,32768,0,0
[2014-12-04T21:24:16.152356798Z] 86016,163471360,130023424,32768,0,0,27716,19467,28832,0,16384,163508224,32768,0,0,18446744073709551615,18446744073709551615,86016,163471360,130023424,32768,0,0,27716,19467,28832,0,16384,163508224,32768,0,0
[2014-12-04T21:24:17.299208941Z] 86016,163471360,130023424,32768,0,0,27732,19483,28848,0,16384,163508224,32768,0,0,18446744073709551615,18446744073709551615,86016,163471360,130023424,32768,0,0,27732,19483,28848,0,16384,163508224,32768,0,0
[2014-12-04T21:24:18.179816663Z] 86016,163667968,130023424,32768,0,0,27812,19515,28928,0,16384,163704832,32768,0,0,18446744073709551615,18446744073709551615,86016,163667968,130023424,32768,0,0,27812,19515,28928,0,16384,163704832,32768,0,0
[2014-12-04T21:24:19.195189646Z] 86016,163667968,130023424,32768,0,0,27812,19515,28928,0,16384,163704832,32768,0,0,18446744073709551615,18446744073709551615,86016,163667968,130023424,32768,0,0,27812,19515,28928,0,16384,163704832,32768,0,0
[2014-12-04T21:24:20.204840618Z] 86016,163672064,130023424,32768,0,0,27829,19531,28945,0,16384,163708928,32768,0,0,18446744073709551615,18446744073709551615,86016,163672064,130023424,32768,0,0,27829,19531,28945,0,16384,163708928,32768,0,0
[2014-12-04T21:24:21.238605324Z] 86016,163672064,130023424,32768,0,0,27845,19547,28963,0,16384,163708928,32768,0,0,18446744073709551615,18446744073709551615,86016,163672064,130023424,32768,0,0,27845,19547,28963,0,16384,163708928,32768,0,0
[2014-12-04T21:24:22.300743534Z] 86016,163868672,130023424,32768,0,0,27925,19579,29044,0,16384,163905536,32768,0,0,18446744073709551615,18446744073709551615,86016,163868672,130023424,32768,0,0,27925,19579,29044,0,16384,163905536,32768,0,0
[2014-12-04T21:24:23.310642141Z] 86016,163950592,130023424,32768,0,0,27945,19579,29066,0,16384,163987456,32768,0,0,18446744073709551615,18446744073709551615,86016,163950592,130023424,32768,0,0,27945,19579,29066,0,16384,163987456,32768,0,0
[2014-12-04T21:24:24.360829415Z] 86016,163987456,130023424,32768,0,0,28002,19627,29123,0,16384,164024320,32768,0,0,18446744073709551615,18446744073709551615,86016,163987456,130023424,32768,0,0,28002,19627,29123,0,16384,164024320,32768,0,0
[2014-12-04T21:24:25.362310974Z] 86016,163991552,130023424,32768,0,0,28019,19643,29141,0,16384,164028416,32768,0,0,18446744073709551615,18446744073709551615,86016,163991552,130023424,32768,0,0,28019,19643,29141,0,16384,164028416,32768,0,0
[2014-12-04T21:24:26.389928248Z] 86016,163995648,130023424,32768,0,0,28084,19707,29206,0,16384,164032512,32768,0,0,18446744073709551615,18446744073709551615,86016,163995648,130023424,32768,0,0,28084,19707,29206,0,16384,164032512,32768,0,0
[2014-12-04T21:24:27.416719587Z] 86016,164200448,130023424,32768,0,0,28150,19723,29272,0,16384,164237312,32768,0,0,18446744073709551615,18446744073709551615,86016,164200448,130023424,32768,0,0,28150,19723,29272,0,16384,164237312,32768,0,0
[2014-12-04T21:24:28.840514012Z] 86016,164200448,130023424,32768,0,0,28166,19739,29288,0,16384,164237312,32768,0,0,18446744073709551615,18446744073709551615,86016,164200448,130023424,32768,0,0,28166,19739,29288,0,16384,164237312,32768,0,0
[2014-12-04T21:24:29.510183259Z] 86016,164257792,130023424,32768,0,0,28180,19739,29302,0,16384,164294656,32768,0,0,18446744073709551615,18446744073709551615,86016,164257792,130023424,32768,0,0,28180,19739,29302,0,16384,164294656,32768,0,0
[2014-12-04T21:24:30.482936640Z] 86016,164311040,130023424,32768,0,0,28213,19759,29336,0,16384,164347904,32768,0,0,18446744073709551615,18446744073709551615,86016,164311040,130023424,32768,0,0,28213,19759,29336,0,16384,164347904,32768,0,0
[2014-12-04T21:24:31.511126977Z] 86016,164311040,130023424,32768,0,0,28229,19775,29352,0,16384,164347904,32768,0,0,18446744073709551615,18446744073709551615,86016,164311040,130023424,32768,0,0,28229,19775,29352,0,16384,164347904,32768,0,0
[2014-12-04T21:24:32.601669809Z] 86016,164483072,130023424,32768,0,0,28303,19807,29426,0,16384,164519936,32768,0,0,18446744073709551615,18446744073709551615,86016,164483072,130023424,32768,0,0,28303,19807,29426,0,16384,164519936,32768,0,0
[2014-12-04T21:24:33.623597652Z] 86016,164487168,130023424,32768,0,0,28336,19839,29459,0,16384,164524032,32768,0,0,18446744073709551615,18446744073709551615,86016,164487168,130023424,32768,0,0,28336,19839,29459,0,16384,164524032,32768,0,0
[2014-12-04T21:24:34.635715295Z] 86016,164552704,130023424,32768,0,0,28352,19839,29475,0,16384,164589568,32768,0,0,18446744073709551615,18446744073709551615,86016,164552704,130023424,32768,0,0,28352,19839,29475,0,16384,164589568,32768,0,0
[2014-12-04T21:24:35.662722975Z] 86016,164552704,130023424,32768,0,0,28352,19839,29475,0,16384,164589568,32768,0,0,18446744073709551615,18446744073709551615,86016,164552704,130023424,32768,0,0,28352,19839,29475,0,16384,164589568,32768,0,0
[2014-12-04T21:24:36.711524745Z] 86016,164552704,130023424,32768,0,0,28368,19855,29492,0,16384,164589568,32768,0,0,18446744073709551615,18446744073709551615,86016,164552704,130023424,32768,0,0,28368,19855,29492,0,16384,164589568,32768,0,0
[2014-12-04T21:24:37.842582990Z] 86016,164552704,130023424,32768,0,0,28400,19887,29524,0,16384,164589568,32768,0,0,18446744073709551615,18446744073709551615,86016,164552704,130023424,32768,0,0,28400,19887,29524,0,16384,164589568,32768,0,0
[2014-12-04T21:24:39.239710390Z] 86016,164552704,130023424,32768,0,0,28448,19935,29572,0,16384,164589568,32768,0,0,18446744073709551615,18446744073709551615,86016,164552704,130023424,32768,0,0,28448,19935,29572,0,16384,164589568,32768,0,0
[2014-12-04T21:24:39.893055622Z] 86016,164556800,130023424,32768,0,0,28465,19951,29589,0,16384,164593664,32768,0,0,18446744073709551615,18446744073709551615,86016,164556800,130023424,32768,0,0,28465,19951,29589,0,16384,164593664,32768,0,0
[2014-12-04T21:24:40.962396754Z] 86016,164556800,130023424,32768,0,0,28481,19967,29605,0,16384,164593664,32768,0,0,18446744073709551615,18446744073709551615,86016,164556800,130023424,32768,0,0,28481,19967,29605,0,16384,164593664,32768,0,0
[2014-12-04T21:24:41.959040385Z] 86016,164556800,130023424,32768,0,0,28513,19999,29637,0,16384,164593664,32768,0,0,18446744073709551615,18446744073709551615,86016,164556800,130023424,32768,0,0,28513,19999,29637,0,16384,164593664,32768,0,0
[2014-12-04T21:24:42.963642330Z] 86016,164556800,130023424,32768,0,0,28545,20031,29669,0,16384,164593664,32768,0,0,18446744073709551615,18446744073709551615,86016,164556800,130023424,32768,0,0,28545,20031,29669,0,16384,164593664,32768,0,0
[2014-12-04T21:24:44.096043371Z] 86016,164634624,130023424,32768,0,0,28580,20047,29704,0,16384,164671488,32768,0,0,18446744073709551615,18446744073709551615,86016,164634624,130023424,32768,0,0,28580,20047,29704,0,16384,164671488,32768,0,0
[2014-12-04T21:24:45.026702549Z] 86016,164634624,130023424,32768,0,0,28628,20095,29752,0,16384,164671488,32768,0,0,18446744073709551615,18446744073709551615,86016,164634624,130023424,32768,0,0,28628,20095,29752,0,16384,164671488,32768,0,0
[2014-12-04T21:24:46.059279120Z] 86016,164634624,130023424,32768,0,0,28660,20127,29784,0,16384,164671488,32768,0,0,18446744073709551615,18446744073709551615,86016,164634624,130023424,32768,0,0,28660,20127,29784,0,16384,164671488,32768,0,0
[2014-12-04T21:24:47.602456864Z] 86016,164638720,130023424,32768,0,0,28677,20143,29801,0,16384,164675584,32768,0,0,18446744073709551615,18446744073709551615,86016,164638720,130023424,32768,0,0,28677,20143,29801,0,16384,164675584,32768,0,0
[2014-12-04T21:24:48.291269967Z] 86016,164638720,130023424,32768,0,0,28693,20159,29818,0,16384,164675584,32768,0,0,18446744073709551615,18446744073709551615,86016,164638720,130023424,32768,0,0,28693,20159,29818,0,16384,164675584,32768,0,0
[2014-12-04T21:24:49.132025119Z] 86016,165785600,130023424,32768,0,0,28989,20175,30136,0,16384,165822464,32768,0,0,18446744073709551615,18446744073709551615,86016,165785600,130023424,32768,0,0,28989,20175,30136,0,16384,165822464,32768,0,0
[2014-12-04T21:24:50.164380886Z] 86016,165785600,130023424,32768,0,0,29005,20191,30152,0,16384,165822464,32768,0,0,18446744073709551615,18446744073709551615,86016,165785600,130023424,32768,0,0,29005,20191,30152,0,16384,165822464,32768,0,0
[2014-12-04T21:24:51.155059343Z] 86016,165785600,130023424,32768,0,0,29005,20191,30154,0,16384,165822464,32768,0,0,18446744073709551615,18446744073709551615,86016,165785600,130023424,32768,0,0,29005,20191,30154,0,16384,165822464,32768,0,0
[2014-12-04T21:24:52.172091960Z] 86016,165785600,130023424,32768,0,0,29037,20223,30188,0,16384,165822464,32768,0,0,18446744073709551615,18446744073709551615,86016,165785600,130023424,32768,0,0,29037,20223,30188,0,16384,165822464,32768,0,0
[2014-12-04T21:24:53.208212555Z] 86016,165785600,130023424,32768,0,0,29037,20223,30188,0,16384,165822464,32768,0,0,18446744073709551615,18446744073709551615,86016,165785600,130023424,32768,0,0,29037,20223,30188,0,16384,165822464,32768,0,0
[2014-12-04T21:24:54.308729244Z] 86016,165785600,130023424,32768,0,0,29069,20255,30220,0,16384,165822464,32768,0,0,18446744073709551615,18446744073709551615,86016,165785600,130023424,32768,0,0,29069,20255,30220,0,16384,165822464,32768,0,0
[2014-12-04T21:24:55.225130731Z] 86016,165785600,130023424,32768,0,0,29133,20319,30284,0,16384,165822464,32768,0,0,18446744073709551615,18446744073709551615,86016,165785600,130023424,32768,0,0,29133,20319,30284,0,16384,165822464,32768,0,0
[2014-12-04T21:24:56.617351183Z] 86016,165552128,130023424,32768,0,0,29149,20392,30300,0,16384,165588992,32768,0,0,18446744073709551615,18446744073709551615,86016,165552128,130023424,32768,0,0,29149,20392,30300,0,16384,165588992,32768,0,0
[2014-12-04T21:24:57.517002798Z] 86016,165552128,130023424,32768,0,0,29165,20408,30316,0,16384,165588992,32768,0,0,18446744073709551615,18446744073709551615,86016,165552128,130023424,32768,0,0,29165,20408,30316,0,16384,165588992,32768,0,0
[2014-12-04T21:24:58.345411993Z] 86016,165552128,130023424,32768,0,0,29197,20440,30348,0,16384,165588992,32768,0,0,18446744073709551615,18446744073709551615,86016,165552128,130023424,32768,0,0,29197,20440,30348,0,16384,165588992,32768,0,0
[2014-12-04T21:24:59.392853801Z] 86016,165617664,130023424,32768,0,0,29229,20456,30380,0,16384,165654528,32768,0,0,18446744073709551615,18446744073709551615,86016,165617664,130023424,32768,0,0,29229,20456,30380,0,16384,165654528,32768,0,0
[2014-12-04T21:25:00.451859106Z] 86016,165621760,130023424,32768,0,0,29246,20472,30397,0,16384,165658624,32768,0,0,18446744073709551615,18446744073709551615,86016,165621760,130023424,32768,0,0,29246,20472,30397,0,16384,165658624,32768,0,0
[2014-12-04T21:25:01.456902806Z] 86016,164573184,130023424,32768,0,0,29262,20744,30414,0,16384,164610048,32768,0,0,18446744073709551615,18446744073709551615,86016,164573184,130023424,32768,0,0,29262,20744,30414,0,16384,164610048,32768,0,0
[2014-12-04T21:25:02.496755956Z] 86016,164573184,130023424,32768,0,0,29262,20744,30415,0,16384,164610048,32768,0,0,18446744073709551615,18446744073709551615,86016,164573184,130023424,32768,0,0,29262,20744,30415,0,16384,164610048,32768,0,0
[2014-12-04T21:25:03.535107783Z] 86016,164593664,130023424,32768,0,0,29299,20776,30453,0,16384,164630528,32768,0,0,18446744073709551615,18446744073709551615,86016,164593664,130023424,32768,0,0,29299,20776,30453,0,16384,164630528,32768,0,0
[2014-12-04T21:25:04.583530190Z] 86016,164593664,130023424,32768,0,0,29315,20792,30470,0,16384,164630528,32768,0,0,18446744073709551615,18446744073709551615,86016,164593664,130023424,32768,0,0,29315,20792,30470,0,16384,164630528,32768,0,0
[2014-12-04T21:25:05.618695926Z] 86016,164593664,130023424,32768,0,0,29315,20792,30470,0,16384,164630528,32768,0,0,18446744073709551615,18446744073709551615,86016,164593664,130023424,32768,0,0,29315,20792,30470,0,16384,164630528,32768,0,0
[2014-12-04T21:25:06.643009480Z] 86016,164601856,130023424,32768,0,0,29333,20808,30488,0,16384,164638720,32768,0,0,18446744073709551615,18446744073709551615,86016,164601856,130023424,32768,0,0,29333,20808,30488,0,16384,164638720,32768,0,0
[2014-12-04T21:25:07.653575076Z] 86016,164601856,130023424,32768,0,0,29365,20840,30520,0,16384,164638720,32768,0,0,18446744073709551615,18446744073709551615,86016,164601856,130023424,32768,0,0,29365,20840,30520,0,16384,164638720,32768,0,0
[2014-12-04T21:25:08.666407028Z] 86016,164605952,130023424,32768,0,0,29382,20856,30537,0,16384,164642816,32768,0,0,18446744073709551615,18446744073709551615,86016,164605952,130023424,32768,0,0,29382,20856,30537,0,16384,164642816,32768,0,0
[2014-12-04T21:25:09.707532967Z] 86016,164667392,130023424,32768,0,0,29445,20904,30601,0,16384,164704256,32768,0,0,18446744073709551615,18446744073709551615,86016,164667392,130023424,32768,0,0,29445,20904,30601,0,16384,164704256,32768,0,0
[2014-12-04T21:25:10.812039327Z] 86016,164667392,130023424,32768,0,0,29461,20920,30617,0,16384,164704256,32768,0,0,18446744073709551615,18446744073709551615,86016,164667392,130023424,32768,0,0,29461,20920,30617,0,16384,164704256,32768,0,0
[2014-12-04T21:25:11.872460595Z] 86016,164667392,130023424,32768,0,0,29477,20936,30633,0,16384,164704256,32768,0,0,18446744073709551615,18446744073709551615,86016,164667392,130023424,32768,0,0,29477,20936,30633,0,16384,164704256,32768,0,0
[2014-12-04T21:25:12.923055869Z] 86016,164667392,130023424,32768,0,0,29493,20952,30649,0,16384,164704256,32768,0,0,18446744073709551615,18446744073709551615,86016,164667392,130023424,32768,0,0,29493,20952,30649,0,16384,164704256,32768,0,0
[2014-12-04T21:25:13.905571498Z] 86016,164667392,130023424,32768,0,0,29493,20952,30649,0,16384,164704256,32768,0,0,18446744073709551615,18446744073709551615,86016,164667392,130023424,32768,0,0,29493,20952,30649,0,16384,164704256,32768,0,0
[2014-12-04T21:25:14.930618805Z] 86016,164671488,130023424,32768,0,0,29494,20952,30650,0,16384,164708352,32768,0,0,18446744073709551615,18446744073709551615,86016,164671488,130023424,32768,0,0,29494,20952,30650,0,16384,164708352,32768,0,0
[2014-12-04T21:25:15.961815380Z] 86016,164700160,130023424,32768,0,0,29525,20976,30681,0,16384,164737024,32768,0,0,18446744073709551615,18446744073709551615,86016,164700160,130023424,32768,0,0,29525,20976,30681,0,16384,164737024,32768,0,0
[2014-12-04T21:25:17.001016668Z] 86016,164700160,130023424,32768,0,0,29557,21008,30714,0,16384,164737024,32768,0,0,18446744073709551615,18446744073709551615,86016,164700160,130023424,32768,0,0,29557,21008,30714,0,16384,164737024,32768,0,0
[2014-12-04T21:25:18.010544483Z] 86016,164700160,130023424,32768,0,0,29637,21088,30794,0,16384,164737024,32768,0,0,18446744073709551615,18446744073709551615,86016,164700160,130023424,32768,0,0,29637,21088,30794,0,16384,164737024,32768,0,0
[2014-12-04T21:25:19.616297666Z] 86016,164704256,130023424,32768,0,0,29638,21088,30795,0,16384,164741120,32768,0,0,18446744073709551615,18446744073709551615,86016,164704256,130023424,32768,0,0,29638,21088,30795,0,16384,164741120,32768,0,0
[2014-12-04T21:25:20.029709136Z] 86016,164716544,130023424,32768,0,0,29641,21088,30798,0,16384,164753408,32768,0,0,18446744073709551615,18446744073709551615,86016,164716544,130023424,32768,0,0,29641,21088,30798,0,16384,164753408,32768,0,0
[2014-12-04T21:25:21.042840576Z] 86016,164716544,130023424,32768,0,0,29705,21152,30862,0,16384,164753408,32768,0,0,18446744073709551615,18446744073709551615,86016,164716544,130023424,32768,0,0,29705,21152,30862,0,16384,164753408,32768,0,0
[2014-12-04T21:25:22.943749396Z] 86016,164728832,130023424,32768,0,0,29740,21184,30905,0,16384,164765696,32768,0,0,18446744073709551615,18446744073709551615,86016,164728832,130023424,32768,0,0,29740,21184,30905,0,16384,164765696,32768,0,0
[2014-12-04T21:25:23.085988166Z] 86016,164728832,130023424,32768,0,0,29804,21248,30969,0,16384,164765696,32768,0,0,18446744073709551615,18446744073709551615,86016,164728832,130023424,32768,0,0,29804,21248,30969,0,16384,164765696,32768,0,0
[2014-12-04T21:25:24.102839506Z] 86016,164728832,130023424,32768,0,0,29804,21248,30969,0,16384,164765696,32768,0,0,18446744073709551615,18446744073709551615,86016,164728832,130023424,32768,0,0,29804,21248,30969,0,16384,164765696,32768,0,0
[2014-12-04T21:25:25.135107848Z] 86016,164728832,130023424,32768,0,0,29804,21248,30969,0,16384,164765696,32768,0,0,18446744073709551615,18446744073709551615,86016,164728832,130023424,32768,0,0,29804,21248,30969,0,16384,164765696,32768,0,0
[2014-12-04T21:25:26.150159444Z] 86016,164728832,130023424,32768,0,0,29868,21312,31033,0,16384,164765696,32768,0,0,18446744073709551615,18446744073709551615,86016,164728832,130023424,32768,0,0,29868,21312,31033,0,16384,164765696,32768,0,0
[2014-12-04T21:25:27.564294376Z] 86016,164728832,130023424,32768,0,0,29884,21328,31049,0,16384,164765696,32768,0,0,18446744073709551615,18446744073709551615,86016,164728832,130023424,32768,0,0,29884,21328,31049,0,16384,164765696,32768,0,0
[2014-12-04T21:25:28.187011776Z] 86016,164728832,130023424,32768,0,0,29916,21360,31081,0,16384,164765696,32768,0,0,18446744073709551615,18446744073709551615,86016,164728832,130023424,32768,0,0,29916,21360,31081,0,16384,164765696,32768,0,0
[2014-12-04T21:25:29.243249259Z] 86016,164732928,130023424,32768,0,0,29949,21392,31114,0,16384,164769792,32768,0,0,18446744073709551615,18446744073709551615,86016,164732928,130023424,32768,0,0,29949,21392,31114,0,16384,164769792,32768,0,0
[2014-12-04T21:25:30.408444416Z] 86016,164732928,130023424,32768,0,0,29981,21424,31146,0,16384,164769792,32768,0,0,18446744073709551615,18446744073709551615,86016,164732928,130023424,32768,0,0,29981,21424,31146,0,16384,164769792,32768,0,0
[2014-12-04T21:25:31.229179278Z] 86016,164732928,130023424,32768,0,0,29981,21424,31146,0,16384,164769792,32768,0,0,18446744073709551615,18446744073709551615,86016,164732928,130023424,32768,0,0,29981,21424,31146,0,16384,164769792,32768,0,0
[2014-12-04T21:25:32.284024413Z] 86016,164798464,130023424,32768,0,0,29997,21424,31162,0,16384,164835328,32768,0,0,18446744073709551615,18446744073709551615,86016,164798464,130023424,32768,0,0,29997,21424,31162,0,16384,164835328,32768,0,0
[2014-12-04T21:25:33.419691523Z] 86016,164732928,130023424,32768,0,0,30045,21488,31210,0,16384,164769792,32768,0,0,18446744073709551615,18446744073709551615,86016,164732928,130023424,32768,0,0,30045,21488,31210,0,16384,164769792,32768,0,0
[2014-12-04T21:25:34.313581734Z] 86016,164732928,130023424,32768,0,0,30045,21488,31210,0,16384,164769792,32768,0,0,18446744073709551615,18446744073709551615,86016,164732928,130023424,32768,0,0,30045,21488,31210,0,16384,164769792,32768,0,0
[2014-12-04T21:25:35.344728784Z] 86016,164732928,130023424,32768,0,0,30045,21488,31210,0,16384,164769792,32768,0,0,18446744073709551615,18446744073709551615,86016,164732928,130023424,32768,0,0,30045,21488,31210,0,16384,164769792,32768,0,0
[2014-12-04T21:25:36.368580303Z] 86016,164741120,130023424,32768,0,0,30063,21504,31228,0,16384,164777984,32768,0,0,18446744073709551615,18446744073709551615,86016,164741120,130023424,32768,0,0,30063,21504,31228,0,16384,164777984,32768,0,0
[2014-12-04T21:25:37.419613016Z] 86016,164741120,130023424,32768,0,0,30063,21504,31228,0,16384,164777984,32768,0,0,18446744073709551615,18446744073709551615,86016,164741120,130023424,32768,0,0,30063,21504,31228,0,16384,164777984,32768,0,0
[2014-12-04T21:25:38.442551939Z] 86016,164741120,130023424,32768,0,0,30079,21520,31244,0,16384,164777984,32768,0,0,18446744073709551615,18446744073709551615,86016,164741120,130023424,32768,0,0,30079,21520,31244,0,16384,164777984,32768,0,0
[2014-12-04T21:25:39.448885221Z] 86016,164741120,130023424,32768,0,0,30079,21520,31244,0,16384,164777984,32768,0,0,18446744073709551615,18446744073709551615,86016,164741120,130023424,32768,0,0,30079,21520,31244,0,16384,164777984,32768,0,0
[2014-12-04T21:25:40.476505115Z] 86016,164741120,130023424,32768,0,0,30095,21536,31261,0,16384,164777984,32768,0,0,18446744073709551615,18446744073709551615,86016,164741120,130023424,32768,0,0,30095,21536,31261,0,16384,164777984,32768,0,0
[2014-12-04T21:25:41.485423196Z] 86016,164741120,130023424,32768,0,0,30095,21536,31261,0,16384,164777984,32768,0,0,18446744073709551615,18446744073709551615,86016,164741120,130023424,32768,0,0,30095,21536,31261,0,16384,164777984,32768,0,0
[2014-12-04T21:25:42.928176574Z] 86016,164745216,130023424,32768,0,0,30128,21568,31294,0,16384,164782080,32768,0,0,18446744073709551615,18446744073709551615,86016,164745216,130023424,32768,0,0,30128,21568,31294,0,16384,164782080,32768,0,0
[2014-12-04T21:25:43.510851557Z] 86016,164745216,130023424,32768,0,0,30160,21600,31326,0,16384,164782080,32768,0,0,18446744073709551615,18446744073709551615,86016,164745216,130023424,32768,0,0,30160,21600,31326,0,16384,164782080,32768,0,0
[2014-12-04T21:25:44.535155993Z] 86016,164753408,130023424,32768,0,0,30162,21600,31328,0,16384,164790272,32768,0,0,18446744073709551615,18446744073709551615,86016,164753408,130023424,32768,0,0,30162,21600,31328,0,16384,164790272,32768,0,0
[2014-12-04T21:25:45.641065526Z] 86016,164757504,130023424,32768,0,0,30211,21648,31377,0,16384,164794368,32768,0,0,18446744073709551615,18446744073709551615,86016,164757504,130023424,32768,0,0,30211,21648,31377,0,16384,164794368,32768,0,0
[2014-12-04T21:25:47.116878387Z] 86016,164757504,130023424,32768,0,0,30243,21680,31409,0,16384,164794368,32768,0,0,18446744073709551615,18446744073709551615,86016,164757504,130023424,32768,0,0,30243,21680,31409,0,16384,164794368,32768,0,0
[2014-12-04T21:25:47.654479107Z] 86016,164757504,130023424,32768,0,0,30243,21680,31409,0,16384,164794368,32768,0,0,18446744073709551615,18446744073709551615,86016,164757504,130023424,32768,0,0,30243,21680,31409,0,16384,164794368,32768,0,0
[2014-12-04T21:25:48.692385780Z] 86016,164761600,130023424,32768,0,0,30244,21680,31410,0,16384,164798464,32768,0,0,18446744073709551615,18446744073709551615,86016,164761600,130023424,32768,0,0,30244,21680,31410,0,16384,164798464,32768,0,0
[2014-12-04T21:25:49.792860554Z] 86016,164790272,130023424,32768,0,0,30268,21697,31456,0,16384,164827136,32768,0,0,18446744073709551615,18446744073709551615,86016,164790272,130023424,32768,0,0,30268,21697,31456,0,16384,164827136,32768,0,0
[2014-12-04T21:25:51.179800983Z] 86016,164790272,130023424,32768,0,0,30316,21745,31505,0,16384,164827136,32768,0,0,18446744073709551615,18446744073709551615,86016,164790272,130023424,32768,0,0,30316,21745,31505,0,16384,164827136,32768,0,0
[2014-12-04T21:25:52.187679448Z] 86016,164790272,130023424,32768,0,0,30348,21777,31539,0,16384,164827136,32768,0,0,18446744073709551615,18446744073709551615,86016,164790272,130023424,32768,0,0,30348,21777,31539,0,16384,164827136,32768,0,0
[2014-12-04T21:25:52.816748174Z] 86016,164790272,130023424,32768,0,0,30380,21809,31574,0,16384,164827136,32768,0,0,18446744073709551615,18446744073709551615,86016,164790272,130023424,32768,0,0,30380,21809,31574,0,16384,164827136,32768,0,0
[2014-12-04T21:25:53.825180799Z] 86016,164794368,130023424,32768,0,0,30397,21825,31591,0,16384,164831232,32768,0,0,18446744073709551615,18446744073709551615,86016,164794368,130023424,32768,0,0,30397,21825,31591,0,16384,164831232,32768,0,0
[2014-12-04T21:25:55.012789103Z] 86016,164794368,130023424,32768,0,0,30477,21905,31671,0,16384,164831232,32768,0,0,18446744073709551615,18446744073709551615,86016,164794368,130023424,32768,0,0,30477,21905,31671,0,16384,164831232,32768,0,0
[2014-12-04T21:25:56.225260169Z] 86016,164794368,130023424,32768,0,0,30477,21905,31671,0,16384,164831232,32768,0,0,18446744073709551615,18446744073709551615,86016,164794368,130023424,32768,0,0,30477,21905,31671,0,16384,164831232,32768,0,0
[2014-12-04T21:25:56.957235424Z] 86016,164655104,130023424,32768,0,0,30477,21939,31671,0,16384,164691968,32768,0,0,18446744073709551615,18446744073709551615,86016,164655104,130023424,32768,0,0,30477,21939,31671,0,16384,164691968,32768,0,0
[2014-12-04T21:25:58.003542154Z] 86016,164663296,130023424,32768,0,0,30511,21971,31705,0,16384,164700160,32768,0,0,18446744073709551615,18446744073709551615,86016,164663296,130023424,32768,0,0,30511,21971,31705,0,16384,164700160,32768,0,0
[2014-12-04T21:25:59.063887465Z] 86016,164663296,130023424,32768,0,0,30575,22035,31769,0,16384,164700160,32768,0,0,18446744073709551615,18446744073709551615,86016,164663296,130023424,32768,0,0,30575,22035,31769,0,16384,164700160,32768,0,0
[2014-12-04T21:26:00.194542717Z] 86016,164667392,130023424,32768,0,0,30576,22035,31770,0,16384,164704256,32768,0,0,18446744073709551615,18446744073709551615,86016,164667392,130023424,32768,0,0,30576,22035,31770,0,16384,164704256,32768,0,0
[2014-12-04T21:26:01.096688873Z] 86016,164675584,130023424,32768,0,0,30610,22067,31804,0,16384,164712448,32768,0,0,18446744073709551615,18446744073709551615,86016,164675584,130023424,32768,0,0,30610,22067,31804,0,16384,164712448,32768,0,0
[2014-12-04T21:26:02.169699866Z] 86016,164675584,130023424,32768,0,0,30626,22083,31820,0,16384,164712448,32768,0,0,18446744073709551615,18446744073709551615,86016,164675584,130023424,32768,0,0,30626,22083,31820,0,16384,164712448,32768,0,0
[2014-12-04T21:26:03.169204486Z] 86016,164675584,130023424,32768,0,0,30658,22115,31852,0,16384,164712448,32768,0,0,18446744073709551615,18446744073709551615,86016,164675584,130023424,32768,0,0,30658,22115,31852,0,16384,164712448,32768,0,0
[2014-12-04T21:26:04.355440806Z] 86016,164687872,130023424,32768,0,0,30693,22147,31887,0,16384,164724736,32768,0,0,18446744073709551615,18446744073709551615,86016,164687872,130023424,32768,0,0,30693,22147,31887,0,16384,164724736,32768,0,0
[2014-12-04T21:26:05.247390449Z] 86016,164687872,130023424,32768,0,0,30693,22147,31888,0,16384,164724736,32768,0,0,18446744073709551615,18446744073709551615,86016,164687872,130023424,32768,0,0,30693,22147,31888,0,16384,164724736,32768,0,0
[2014-12-04T21:26:06.927038562Z] 86016,164691968,130023424,32768,0,0,30726,22179,31921,0,16384,164728832,32768,0,0,18446744073709551615,18446744073709551615,86016,164691968,130023424,32768,0,0,30726,22179,31921,0,16384,164728832,32768,0,0
[2014-12-04T21:26:07.295720077Z] 86016,164691968,130023424,32768,0,0,30726,22179,31921,0,16384,164728832,32768,0,0,18446744073709551615,18446744073709551615,86016,164691968,130023424,32768,0,0,30726,22179,31921,0,16384,164728832,32768,0,0
[2014-12-04T21:26:08.350022245Z] 86016,164691968,130023424,32768,0,0,30742,22195,31937,0,16384,164728832,32768,0,0,18446744073709551615,18446744073709551615,86016,164691968,130023424,32768,0,0,30742,22195,31937,0,16384,164728832,32768,0,0
[2014-12-04T21:26:09.374683944Z] 86016,164691968,130023424,32768,0,0,30742,22195,31937,0,16384,164728832,32768,0,0,18446744073709551615,18446744073709551615,86016,164691968,130023424,32768,0,0,30742,22195,31937,0,16384,164728832,32768,0,0
[2014-12-04T21:26:10.408113925Z] 86016,164691968,130023424,32768,0,0,30774,22227,31969,0,16384,164728832,32768,0,0,18446744073709551615,18446744073709551615,86016,164691968,130023424,32768,0,0,30774,22227,31969,0,16384,164728832,32768,0,0
[2014-12-04T21:26:11.428764922Z] 86016,164691968,130023424,32768,0,0,30806,22259,32001,0,16384,164728832,32768,0,0,18446744073709551615,18446744073709551615,86016,164691968,130023424,32768,0,0,30806,22259,32001,0,16384,164728832,32768,0,0
[2014-12-04T21:26:12.456653784Z] 86016,164691968,130023424,32768,0,0,30806,22259,32001,0,16384,164728832,32768,0,0,18446744073709551615,18446744073709551615,86016,164691968,130023424,32768,0,0,30806,22259,32001,0,16384,164728832,32768,0,0
[2014-12-04T21:26:13.511546508Z] 86016,164691968,130023424,32768,0,0,30854,22307,32049,0,16384,164728832,32768,0,0,18446744073709551615,18446744073709551615,86016,164691968,130023424,32768,0,0,30854,22307,32049,0,16384,164728832,32768,0,0
[2014-12-04T21:26:14.553441792Z] 86016,164700160,130023424,32768,0,0,30872,22323,32067,0,16384,164737024,32768,0,0,18446744073709551615,18446744073709551615,86016,164700160,130023424,32768,0,0,30872,22323,32067,0,16384,164737024,32768,0,0
[2014-12-04T21:26:15.567361220Z] 86016,164724736,130023424,32768,0,0,30926,22371,32122,0,16384,164761600,32768,0,0,18446744073709551615,18446744073709551615,86016,164724736,130023424,32768,0,0,30926,22371,32122,0,16384,164761600,32768,0,0
[2014-12-04T21:26:16.580390568Z] 86016,164724736,130023424,32768,0,0,30958,22403,32154,0,16384,164761600,32768,0,0,18446744073709551615,18446744073709551615,86016,164724736,130023424,32768,0,0,30958,22403,32154,0,16384,164761600,32768,0,0
[2014-12-04T21:26:17.608656485Z] 86016,164724736,130023424,32768,0,0,30990,22435,32187,0,16384,164761600,32768,0,0,18446744073709551615,18446744073709551615,86016,164724736,130023424,32768,0,0,30990,22435,32187,0,16384,164761600,32768,0,0
[2014-12-04T21:26:18.623159693Z] 86016,164724736,130023424,32768,0,0,31038,22483,32235,0,16384,164761600,32768,0,0,18446744073709551615,18446744073709551615,86016,164724736,130023424,32768,0,0,31038,22483,32235,0,16384,164761600,32768,0,0
