2014-12-04T22:01:48.699771891Z cache,rss,rss_huge,mapped_file,writeback,swap,pgpgin,pgpgout,pgfault,pgmajfault,inactive_anon,active_anon,inactive_file,active_file,unevictable,hierarchical_memory_limit,hierarchical_memsw_limit,total_cache,total_rss,total_rss_huge,total_mapped_file,total_writeback,total_swap,total_pgpgin,total_pgpgout,total_pgfault,total_pgmajfault,total_inactive_anon,total_active_anon,total_inactive_file,total_active_file,total_unevictable
2014-12-04T22:01:48.701824570Z 114688,90529792,73400320,32768,0,0,5657,1412,7614,0,20480,88481792,40960,0,0,18446744073709551615,18446744073709551615,114688,90529792,73400320,32768,0,0,5657,1412,7614,0,20480,88481792,40960,0,0
[2014-12-04T22:01:49.714856028Z] 114688,115675136,96468992,32768,0,0,6760,1997,8772,0,16384,115732480,40960,0,0,18446744073709551615,18446744073709551615,114688,115675136,96468992,32768,0,0,6760,1997,8772,0,16384,115732480,40960,0,0
[2014-12-04T22:01:50.719494812Z] 114688,115675136,96468992,32768,0,0,6760,1997,8772,0,16384,115732480,40960,0,0,18446744073709551615,18446744073709551615,114688,115675136,96468992,32768,0,0,6760,1997,8772,0,16384,115732480,40960,0,0
[2014-12-04T22:01:51.724307650Z] 114688,115675136,96468992,32768,0,0,6760,1997,8772,0,16384,115732480,40960,0,0,18446744073709551615,18446744073709551615,114688,115675136,96468992,32768,0,0,6760,1997,8772,0,16384,115732480,40960,0,0
[2014-12-04T22:01:52.727850842Z] 114688,115675136,96468992,32768,0,0,6760,1997,8772,0,16384,115732480,40960,0,0,18446744073709551615,18446744073709551615,114688,115675136,96468992,32768,0,0,6760,1997,8772,0,16384,115732480,40960,0,0
[2014-12-04T22:01:53.731154133Z] 114688,115363840,96468992,32768,0,0,6760,2073,8772,0,16384,115421184,40960,0,0,18446744073709551615,18446744073709551615,114688,115363840,96468992,32768,0,0,6760,2073,8772,0,16384,115421184,40960,0,0
[2014-12-04T22:01:54.737034362Z] 114688,115363840,96468992,32768,0,0,6760,2073,8772,0,16384,115421184,40960,0,0,18446744073709551615,18446744073709551615,114688,115363840,96468992,32768,0,0,6760,2073,8772,0,16384,115421184,40960,0,0
[2014-12-04T22:01:55.740483106Z] 114688,115363840,96468992,32768,0,0,6760,2073,8772,0,16384,115421184,40960,0,0,18446744073709551615,18446744073709551615,114688,115363840,96468992,32768,0,0,6760,2073,8772,0,16384,115421184,40960,0,0
[2014-12-04T22:01:56.744731111Z] 114688,115363840,96468992,32768,0,0,6760,2073,8772,0,16384,115421184,40960,0,0,18446744073709551615,18446744073709551615,114688,115363840,96468992,32768,0,0,6760,2073,8772,0,16384,115421184,40960,0,0
[2014-12-04T22:01:57.748496673Z] 114688,115363840,96468992,32768,0,0,6760,2073,8772,0,16384,115421184,40960,0,0,18446744073709551615,18446744073709551615,114688,115363840,96468992,32768,0,0,6760,2073,8772,0,16384,115421184,40960,0,0
[2014-12-04T22:01:58.754146307Z] 114688,115363840,96468992,32768,0,0,6760,2073,8772,0,16384,115421184,40960,0,0,18446744073709551615,18446744073709551615,114688,115363840,96468992,32768,0,0,6760,2073,8772,0,16384,115421184,40960,0,0
[2014-12-04T22:01:59.760250848Z] 114688,115363840,96468992,32768,0,0,6760,2073,8772,0,16384,115421184,40960,0,0,18446744073709551615,18446744073709551615,114688,115363840,96468992,32768,0,0,6760,2073,8772,0,16384,115421184,40960,0,0
[2014-12-04T22:02:00.764978149Z] 114688,115363840,96468992,32768,0,0,6760,2073,8772,0,16384,115421184,40960,0,0,18446744073709551615,18446744073709551615,114688,115363840,96468992,32768,0,0,6760,2073,8772,0,16384,115421184,40960,0,0
[2014-12-04T22:02:01.770353372Z] 114688,115363840,96468992,32768,0,0,6760,2073,8772,0,16384,115421184,40960,0,0,18446744073709551615,18446744073709551615,114688,115363840,96468992,32768,0,0,6760,2073,8772,0,16384,115421184,40960,0,0
[2014-12-04T22:02:02.776078539Z] 114688,115363840,96468992,32768,0,0,6760,2073,8772,0,16384,115421184,40960,0,0,18446744073709551615,18446744073709551615,114688,115363840,96468992,32768,0,0,6760,2073,8772,0,16384,115421184,40960,0,0
[2014-12-04T22:02:03.862347585Z] 114688,115363840,96468992,32768,0,0,6760,2073,8772,0,16384,115421184,40960,0,0,18446744073709551615,18446744073709551615,114688,115363840,96468992,32768,0,0,6760,2073,8772,0,16384,115421184,40960,0,0
[2014-12-04T22:02:04.807658095Z] 114688,115363840,96468992,32768,0,0,6760,2073,8772,0,16384,115421184,40960,0,0,18446744073709551615,18446744073709551615,114688,115363840,96468992,32768,0,0,6760,2073,8772,0,16384,115421184,40960,0,0
[2014-12-04T22:02:05.806354998Z] 114688,115363840,96468992,32768,0,0,6760,2073,8772,0,16384,115421184,40960,0,0,18446744073709551615,18446744073709551615,114688,115363840,96468992,32768,0,0,6760,2073,8772,0,16384,115421184,40960,0,0
[2014-12-04T22:02:06.814487080Z] 114688,115363840,96468992,32768,0,0,6760,2073,8772,0,16384,115421184,40960,0,0,18446744073709551615,18446744073709551615,114688,115363840,96468992,32768,0,0,6760,2073,8772,0,16384,115421184,40960,0,0
[2014-12-04T22:02:07.818268536Z] 114688,115363840,96468992,32768,0,0,6760,2073,8772,0,16384,115421184,40960,0,0,18446744073709551615,18446744073709551615,114688,115363840,96468992,32768,0,0,6760,2073,8772,0,16384,115421184,40960,0,0
[2014-12-04T22:02:08.822359524Z] 114688,115363840,96468992,32768,0,0,6760,2073,8772,0,16384,115421184,40960,0,0,18446744073709551615,18446744073709551615,114688,115363840,96468992,32768,0,0,6760,2073,8772,0,16384,115421184,40960,0,0
[2014-12-04T22:02:10.144741169Z] 114688,115363840,96468992,32768,0,0,6760,2073,8772,0,16384,115421184,40960,0,0,18446744073709551615,18446744073709551615,114688,115363840,96468992,32768,0,0,6760,2073,8772,0,16384,115421184,40960,0,0
[2014-12-04T22:02:10.832795230Z] 114688,115363840,96468992,32768,0,0,6760,2073,8772,0,16384,115421184,40960,0,0,18446744073709551615,18446744073709551615,114688,115363840,96468992,32768,0,0,6760,2073,8772,0,16384,115421184,40960,0,0
[2014-12-04T22:02:11.839523860Z] 114688,115363840,96468992,32768,0,0,6760,2073,8772,0,16384,115421184,40960,0,0,18446744073709551615,18446744073709551615,114688,115363840,96468992,32768,0,0,6760,2073,8772,0,16384,115421184,40960,0,0
[2014-12-04T22:02:12.850596449Z] 114688,115363840,96468992,32768,0,0,6760,2073,8772,0,16384,115421184,40960,0,0,18446744073709551615,18446744073709551615,114688,115363840,96468992,32768,0,0,6760,2073,8772,0,16384,115421184,40960,0,0
[2014-12-04T22:02:14.244844055Z] 114688,115363840,96468992,32768,0,0,6760,2073,8772,0,16384,115421184,40960,0,0,18446744073709551615,18446744073709551615,114688,115363840,96468992,32768,0,0,6760,2073,8772,0,16384,115421184,40960,0,0
[2014-12-04T22:02:14.864541504Z] 114688,115363840,96468992,32768,0,0,6760,2073,8772,0,16384,115421184,40960,0,0,18446744073709551615,18446744073709551615,114688,115363840,96468992,32768,0,0,6760,2073,8772,0,16384,115421184,40960,0,0
[2014-12-04T22:02:15.868539369Z] 114688,115363840,96468992,32768,0,0,6760,2073,8773,0,16384,115421184,40960,0,0,18446744073709551615,18446744073709551615,114688,115363840,96468992,32768,0,0,6760,2073,8773,0,16384,115421184,40960,0,0
[2014-12-04T22:02:17.107025346Z] 114688,115363840,96468992,32768,0,0,6760,2073,8773,0,16384,115421184,40960,0,0,18446744073709551615,18446744073709551615,114688,115363840,96468992,32768,0,0,6760,2073,8773,0,16384,115421184,40960,0,0
[2014-12-04T22:02:17.879534326Z] 114688,115363840,96468992,32768,0,0,6760,2073,8773,0,16384,115421184,40960,0,0,18446744073709551615,18446744073709551615,114688,115363840,96468992,32768,0,0,6760,2073,8773,0,16384,115421184,40960,0,0
[2014-12-04T22:02:18.955888712Z] 114688,115363840,96468992,32768,0,0,6760,2073,8773,0,16384,115421184,40960,0,0,18446744073709551615,18446744073709551615,114688,115363840,96468992,32768,0,0,6760,2073,8773,0,16384,115421184,40960,0,0
[2014-12-04T22:02:19.887552063Z] 114688,115363840,96468992,32768,0,0,6760,2073,8773,0,16384,115421184,40960,0,0,18446744073709551615,18446744073709551615,114688,115363840,96468992,32768,0,0,6760,2073,8773,0,16384,115421184,40960,0,0
[2014-12-04T22:02:20.946608286Z] 114688,115363840,96468992,32768,0,0,6760,2073,8775,0,16384,115421184,40960,0,0,18446744073709551615,18446744073709551615,114688,115363840,96468992,32768,0,0,6760,2073,8775,0,16384,115421184,40960,0,0
[2014-12-04T22:02:21.897560435Z] 114688,115363840,96468992,32768,0,0,6760,2073,8775,0,16384,115421184,40960,0,0,18446744073709551615,18446744073709551615,114688,115363840,96468992,32768,0,0,6760,2073,8775,0,16384,115421184,40960,0,0
[2014-12-04T22:02:23.095517867Z] 114688,115363840,96468992,32768,0,0,6760,2073,8775,0,16384,115421184,40960,0,0,18446744073709551615,18446744073709551615,114688,115363840,96468992,32768,0,0,6760,2073,8775,0,16384,115421184,40960,0,0
[2014-12-04T22:02:23.906118118Z] 114688,115363840,96468992,32768,0,0,6760,2073,8775,0,16384,115421184,40960,0,0,18446744073709551615,18446744073709551615,114688,115363840,96468992,32768,0,0,6760,2073,8775,0,16384,115421184,40960,0,0
[2014-12-04T22:02:24.908809401Z] 114688,115363840,96468992,32768,0,0,6760,2073,8775,0,16384,115421184,40960,0,0,18446744073709551615,18446744073709551615,114688,115363840,96468992,32768,0,0,6760,2073,8775,0,16384,115421184,40960,0,0
[2014-12-04T22:02:25.918795524Z] 114688,115363840,96468992,32768,0,0,6760,2073,8775,0,16384,115421184,40960,0,0,18446744073709551615,18446744073709551615,114688,115363840,96468992,32768,0,0,6760,2073,8775,0,16384,115421184,40960,0,0
[2014-12-04T22:02:26.955570673Z] 114688,115363840,96468992,32768,0,0,6760,2073,8775,0,16384,115421184,40960,0,0,18446744073709551615,18446744073709551615,114688,115363840,96468992,32768,0,0,6760,2073,8775,0,16384,115421184,40960,0,0
[2014-12-04T22:02:27.927140966Z] 114688,115363840,96468992,32768,0,0,6760,2073,8775,0,16384,115421184,40960,0,0,18446744073709551615,18446744073709551615,114688,115363840,96468992,32768,0,0,6760,2073,8775,0,16384,115421184,40960,0,0
[2014-12-04T22:02:28.931520238Z] 114688,115363840,96468992,32768,0,0,6760,2073,8775,0,16384,115421184,40960,0,0,18446744073709551615,18446744073709551615,114688,115363840,96468992,32768,0,0,6760,2073,8775,0,16384,115421184,40960,0,0
[2014-12-04T22:02:29.935021898Z] 114688,115363840,96468992,32768,0,0,6760,2073,8775,0,16384,115421184,40960,0,0,18446744073709551615,18446744073709551615,114688,115363840,96468992,32768,0,0,6760,2073,8775,0,16384,115421184,40960,0,0
[2014-12-04T22:02:30.938904323Z] 114688,115363840,96468992,32768,0,0,6760,2073,8775,0,16384,115421184,40960,0,0,18446744073709551615,18446744073709551615,114688,115363840,96468992,32768,0,0,6760,2073,8775,0,16384,115421184,40960,0,0
[2014-12-04T22:02:32.349241886Z] 114688,115363840,96468992,32768,0,0,6760,2073,8775,0,16384,115421184,40960,0,0,18446744073709551615,18446744073709551615,114688,115363840,96468992,32768,0,0,6760,2073,8775,0,16384,115421184,40960,0,0
[2014-12-04T22:02:33.320097666Z] 114688,115363840,96468992,32768,0,0,6760,2073,8775,0,16384,115421184,40960,0,0,18446744073709551615,18446744073709551615,114688,115363840,96468992,32768,0,0,6760,2073,8775,0,16384,115421184,40960,0,0
[2014-12-04T22:02:33.956502661Z] 114688,115363840,96468992,32768,0,0,6760,2073,8775,0,16384,115421184,40960,0,0,18446744073709551615,18446744073709551615,114688,115363840,96468992,32768,0,0,6760,2073,8775,0,16384,115421184,40960,0,0
[2014-12-04T22:02:34.960322256Z] 114688,115363840,96468992,32768,0,0,6760,2073,8775,0,16384,115421184,40960,0,0,18446744073709551615,18446744073709551615,114688,115363840,96468992,32768,0,0,6760,2073,8775,0,16384,115421184,40960,0,0
[2014-12-04T22:02:35.966891692Z] 114688,115363840,96468992,32768,0,0,6760,2073,8775,0,16384,115421184,40960,0,0,18446744073709551615,18446744073709551615,114688,115363840,96468992,32768,0,0,6760,2073,8775,0,16384,115421184,40960,0,0
[2014-12-04T22:02:36.972056520Z] 114688,115363840,96468992,32768,0,0,6760,2073,8775,0,16384,115421184,40960,0,0,18446744073709551615,18446744073709551615,114688,115363840,96468992,32768,0,0,6760,2073,8775,0,16384,115421184,40960,0,0
[2014-12-04T22:02:37.998247899Z] 114688,115363840,96468992,32768,0,0,6760,2073,8775,0,16384,115421184,40960,0,0,18446744073709551615,18446744073709551615,114688,115363840,96468992,32768,0,0,6760,2073,8775,0,16384,115421184,40960,0,0
[2014-12-04T22:02:38.995424408Z] 114688,115363840,96468992,32768,0,0,6760,2073,8775,0,16384,115421184,40960,0,0,18446744073709551615,18446744073709551615,114688,115363840,96468992,32768,0,0,6760,2073,8775,0,16384,115421184,40960,0,0
[2014-12-04T22:02:40.024570589Z] 114688,115363840,96468992,32768,0,0,6760,2073,8775,0,16384,115421184,40960,0,0,18446744073709551615,18446744073709551615,114688,115363840,96468992,32768,0,0,6760,2073,8775,0,16384,115421184,40960,0,0
[2014-12-04T22:02:41.035768767Z] 114688,115363840,96468992,32768,0,0,6760,2073,8775,0,16384,115421184,40960,0,0,18446744073709551615,18446744073709551615,114688,115363840,96468992,32768,0,0,6760,2073,8775,0,16384,115421184,40960,0,0
[2014-12-04T22:02:42.039762215Z] 114688,115363840,96468992,32768,0,0,6760,2073,8775,0,16384,115421184,40960,0,0,18446744073709551615,18446744073709551615,114688,115363840,96468992,32768,0,0,6760,2073,8775,0,16384,115421184,40960,0,0
[2014-12-04T22:02:43.047064778Z] 114688,115363840,96468992,32768,0,0,6760,2073,8775,0,16384,115421184,40960,0,0,18446744073709551615,18446744073709551615,114688,115363840,96468992,32768,0,0,6760,2073,8775,0,16384,115421184,40960,0,0
[2014-12-04T22:02:44.055132389Z] 114688,115363840,96468992,32768,0,0,6760,2073,8775,0,16384,115421184,40960,0,0,18446744073709551615,18446744073709551615,114688,115363840,96468992,32768,0,0,6760,2073,8775,0,16384,115421184,40960,0,0
[2014-12-04T22:02:45.069041154Z] 114688,115363840,96468992,32768,0,0,6760,2073,8775,0,16384,115421184,40960,0,0,18446744073709551615,18446744073709551615,114688,115363840,96468992,32768,0,0,6760,2073,8775,0,16384,115421184,40960,0,0
[2014-12-04T22:02:46.076003105Z] 114688,115363840,96468992,32768,0,0,6760,2073,8775,0,16384,115421184,40960,0,0,18446744073709551615,18446744073709551615,114688,115363840,96468992,32768,0,0,6760,2073,8775,0,16384,115421184,40960,0,0
[2014-12-04T22:02:47.206351769Z] 114688,115363840,96468992,32768,0,0,6760,2073,8775,0,16384,115421184,40960,0,0,18446744073709551615,18446744073709551615,114688,115363840,96468992,32768,0,0,6760,2073,8775,0,16384,115421184,40960,0,0
[2014-12-04T22:02:48.110871072Z] 114688,115363840,96468992,32768,0,0,6760,2073,8775,0,16384,115421184,40960,0,0,18446744073709551615,18446744073709551615,114688,115363840,96468992,32768,0,0,6760,2073,8775,0,16384,115421184,40960,0,0
[2014-12-04T22:02:49.112025248Z] 114688,115363840,96468992,32768,0,0,6760,2073,8775,0,16384,115421184,40960,0,0,18446744073709551615,18446744073709551615,114688,115363840,96468992,32768,0,0,6760,2073,8775,0,16384,115421184,40960,0,0
[2014-12-04T22:02:50.126083716Z] 114688,115363840,96468992,32768,0,0,6760,2073,8775,0,16384,115421184,40960,0,0,18446744073709551615,18446744073709551615,114688,115363840,96468992,32768,0,0,6760,2073,8775,0,16384,115421184,40960,0,0
[2014-12-04T22:02:51.590919176Z] 114688,115363840,96468992,32768,0,0,6760,2073,8777,0,16384,115421184,40960,0,0,18446744073709551615,18446744073709551615,114688,115363840,96468992,32768,0,0,6760,2073,8777,0,16384,115421184,40960,0,0
[2014-12-04T22:02:52.156228860Z] 114688,115363840,96468992,32768,0,0,6760,2073,8777,0,16384,115421184,40960,0,0,18446744073709551615,18446744073709551615,114688,115363840,96468992,32768,0,0,6760,2073,8777,0,16384,115421184,40960,0,0
[2014-12-04T22:02:53.164422538Z] 114688,115363840,96468992,32768,0,0,6760,2073,8777,0,16384,115421184,40960,0,0,18446744073709551615,18446744073709551615,114688,115363840,96468992,32768,0,0,6760,2073,8777,0,16384,115421184,40960,0,0
[2014-12-04T22:02:54.169667222Z] 114688,115363840,96468992,32768,0,0,6760,2073,8777,0,16384,115421184,40960,0,0,18446744073709551615,18446744073709551615,114688,115363840,96468992,32768,0,0,6760,2073,8777,0,16384,115421184,40960,0,0
[2014-12-04T22:02:55.174214419Z] 114688,115363840,96468992,32768,0,0,6760,2073,8777,0,16384,115421184,40960,0,0,18446744073709551615,18446744073709551615,114688,115363840,96468992,32768,0,0,6760,2073,8777,0,16384,115421184,40960,0,0
[2014-12-04T22:02:56.178869746Z] 114688,115363840,96468992,32768,0,0,6760,2073,8777,0,16384,115421184,40960,0,0,18446744073709551615,18446744073709551615,114688,115363840,96468992,32768,0,0,6760,2073,8777,0,16384,115421184,40960,0,0
[2014-12-04T22:02:57.185548919Z] 114688,115363840,96468992,32768,0,0,6760,2073,8777,0,16384,115421184,40960,0,0,18446744073709551615,18446744073709551615,114688,115363840,96468992,32768,0,0,6760,2073,8777,0,16384,115421184,40960,0,0
[2014-12-04T22:02:58.189889466Z] 114688,115363840,96468992,32768,0,0,6760,2073,8777,0,16384,115421184,40960,0,0,18446744073709551615,18446744073709551615,114688,115363840,96468992,32768,0,0,6760,2073,8777,0,16384,115421184,40960,0,0
[2014-12-04T22:02:59.195544406Z] 114688,115363840,96468992,32768,0,0,6760,2073,8777,0,16384,115421184,40960,0,0,18446744073709551615,18446744073709551615,114688,115363840,96468992,32768,0,0,6760,2073,8777,0,16384,115421184,40960,0,0
[2014-12-04T22:03:00.625236987Z] 114688,115363840,96468992,32768,0,0,6760,2073,8777,0,16384,115421184,40960,0,0,18446744073709551615,18446744073709551615,114688,115363840,96468992,32768,0,0,6760,2073,8777,0,16384,115421184,40960,0,0
[2014-12-04T22:03:01.211530449Z] 114688,115363840,96468992,32768,0,0,6760,2073,8777,0,16384,115421184,40960,0,0,18446744073709551615,18446744073709551615,114688,115363840,96468992,32768,0,0,6760,2073,8777,0,16384,115421184,40960,0,0
[2014-12-04T22:03:02.226227092Z] 114688,115363840,96468992,32768,0,0,6760,2073,8777,0,16384,115421184,40960,0,0,18446744073709551615,18446744073709551615,114688,115363840,96468992,32768,0,0,6760,2073,8777,0,16384,115421184,40960,0,0
[2014-12-04T22:03:03.236625902Z] 114688,115363840,96468992,32768,0,0,6760,2073,8777,0,16384,115421184,40960,0,0,18446744073709551615,18446744073709551615,114688,115363840,96468992,32768,0,0,6760,2073,8777,0,16384,115421184,40960,0,0
[2014-12-04T22:03:04.248344840Z] 114688,115363840,96468992,32768,0,0,6760,2073,8777,0,16384,115421184,40960,0,0,18446744073709551615,18446744073709551615,114688,115363840,96468992,32768,0,0,6760,2073,8777,0,16384,115421184,40960,0,0
[2014-12-04T22:03:05.251743092Z] 114688,115363840,96468992,32768,0,0,6760,2073,8777,0,16384,115421184,40960,0,0,18446744073709551615,18446744073709551615,114688,115363840,96468992,32768,0,0,6760,2073,8777,0,16384,115421184,40960,0,0
[2014-12-04T22:03:06.308369634Z] 114688,115363840,96468992,32768,0,0,6760,2073,8777,0,16384,115421184,40960,0,0,18446744073709551615,18446744073709551615,114688,115363840,96468992,32768,0,0,6760,2073,8777,0,16384,115421184,40960,0,0
[2014-12-04T22:03:07.352168739Z] 114688,115363840,96468992,32768,0,0,6760,2073,8777,0,16384,115421184,40960,0,0,18446744073709551615,18446744073709551615,114688,115363840,96468992,32768,0,0,6760,2073,8777,0,16384,115421184,40960,0,0
[2014-12-04T22:03:08.358859243Z] 114688,115363840,96468992,32768,0,0,6760,2073,8777,0,16384,115421184,40960,0,0,18446744073709551615,18446744073709551615,114688,115363840,96468992,32768,0,0,6760,2073,8777,0,16384,115421184,40960,0,0
[2014-12-04T22:03:09.386034409Z] 114688,115363840,96468992,32768,0,0,6760,2073,8777,0,16384,115421184,40960,0,0,18446744073709551615,18446744073709551615,114688,115363840,96468992,32768,0,0,6760,2073,8777,0,16384,115421184,40960,0,0
[2014-12-04T22:03:10.408064131Z] 114688,115363840,96468992,32768,0,0,6760,2073,8777,0,16384,115421184,40960,0,0,18446744073709551615,18446744073709551615,114688,115363840,96468992,32768,0,0,6760,2073,8777,0,16384,115421184,40960,0,0
[2014-12-04T22:03:11.412105077Z] 114688,115363840,96468992,32768,0,0,6760,2073,8777,0,16384,115421184,40960,0,0,18446744073709551615,18446744073709551615,114688,115363840,96468992,32768,0,0,6760,2073,8777,0,16384,115421184,40960,0,0
[2014-12-04T22:03:12.428580770Z] 114688,115363840,96468992,32768,0,0,6760,2073,8777,0,16384,115421184,40960,0,0,18446744073709551615,18446744073709551615,114688,115363840,96468992,32768,0,0,6760,2073,8777,0,16384,115421184,40960,0,0
[2014-12-04T22:03:13.462081334Z] 114688,115363840,96468992,32768,0,0,6760,2073,8777,0,16384,115421184,40960,0,0,18446744073709551615,18446744073709551615,114688,115363840,96468992,32768,0,0,6760,2073,8777,0,16384,115421184,40960,0,0
[2014-12-04T22:03:14.475078270Z] 114688,115363840,96468992,32768,0,0,6760,2073,8777,0,16384,115421184,40960,0,0,18446744073709551615,18446744073709551615,114688,115363840,96468992,32768,0,0,6760,2073,8777,0,16384,115421184,40960,0,0
[2014-12-04T22:03:15.516667096Z] 114688,115363840,96468992,32768,0,0,6760,2073,8777,0,16384,115421184,40960,0,0,18446744073709551615,18446744073709551615,114688,115363840,96468992,32768,0,0,6760,2073,8777,0,16384,115421184,40960,0,0
[2014-12-04T22:03:16.532922199Z] 114688,115363840,96468992,32768,0,0,6760,2073,8777,0,16384,115421184,40960,0,0,18446744073709551615,18446744073709551615,114688,115363840,96468992,32768,0,0,6760,2073,8777,0,16384,115421184,40960,0,0
[2014-12-04T22:03:17.550136153Z] 114688,115363840,96468992,32768,0,0,6760,2073,8777,0,16384,115421184,40960,0,0,18446744073709551615,18446744073709551615,114688,115363840,96468992,32768,0,0,6760,2073,8777,0,16384,115421184,40960,0,0
[2014-12-04T22:03:18.593080336Z] 114688,115363840,96468992,32768,0,0,6760,2073,8777,0,16384,115421184,40960,0,0,18446744073709551615,18446744073709551615,114688,115363840,96468992,32768,0,0,6760,2073,8777,0,16384,115421184,40960,0,0
[2014-12-04T22:03:19.613033858Z] 114688,115363840,96468992,32768,0,0,6760,2073,8777,0,16384,115421184,40960,0,0,18446744073709551615,18446744073709551615,114688,115363840,96468992,32768,0,0,6760,2073,8777,0,16384,115421184,40960,0,0
[2014-12-04T22:03:20.635281554Z] 114688,115363840,96468992,32768,0,0,6760,2073,8777,0,16384,115421184,40960,0,0,18446744073709551615,18446744073709551615,114688,115363840,96468992,32768,0,0,6760,2073,8777,0,16384,115421184,40960,0,0
[2014-12-04T22:03:21.646006966Z] 114688,115363840,96468992,32768,0,0,6760,2073,8779,0,16384,115421184,40960,0,0,18446744073709551615,18446744073709551615,114688,115363840,96468992,32768,0,0,6760,2073,8779,0,16384,115421184,40960,0,0
[2014-12-04T22:03:22.658443629Z] 114688,115363840,96468992,32768,0,0,6760,2073,8779,0,16384,115421184,40960,0,0,18446744073709551615,18446744073709551615,114688,115363840,96468992,32768,0,0,6760,2073,8779,0,16384,115421184,40960,0,0
[2014-12-04T22:03:23.664817135Z] 114688,115363840,96468992,32768,0,0,6760,2073,8779,0,16384,115421184,40960,0,0,18446744073709551615,18446744073709551615,114688,115363840,96468992,32768,0,0,6760,2073,8779,0,16384,115421184,40960,0,0
[2014-12-04T22:03:24.671800641Z] 114688,115363840,96468992,32768,0,0,6760,2073,8779,0,16384,115421184,40960,0,0,18446744073709551615,18446744073709551615,114688,115363840,96468992,32768,0,0,6760,2073,8779,0,16384,115421184,40960,0,0
[2014-12-04T22:03:25.715165416Z] 114688,115363840,96468992,32768,0,0,6760,2073,8779,0,16384,115421184,40960,0,0,18446744073709551615,18446744073709551615,114688,115363840,96468992,32768,0,0,6760,2073,8779,0,16384,115421184,40960,0,0
[2014-12-04T22:03:27.381883196Z] 114688,126758912,106954752,32768,0,0,6987,2073,9015,0,16384,126808064,40960,0,0,18446744073709551615,18446744073709551615,114688,126758912,106954752,32768,0,0,6987,2073,9015,0,16384,126808064,40960,0,0
[2014-12-04T22:03:27.802411317Z] 10903552,143372288,121634816,32768,0,0,12426,4399,11822,0,20480,143441920,6184960,4628480,0,18446744073709551615,18446744073709551615,10903552,143372288,121634816,32768,0,0,12426,4399,11822,0,20480,143441920,6184960,4628480,0
[2014-12-04T22:03:28.816795276Z] 15708160,180310016,138412032,32768,0,0,22346,8216,20730,0,4096,180404224,13078528,2531328,0,18446744073709551615,18446744073709551615,15708160,180310016,138412032,32768,0,0,22346,8216,20730,0,4096,180404224,13078528,2531328,0
[2014-12-04T22:03:29.862473273Z] 17354752,204910592,144703488,294912,0,0,27631,9137,26279,0,69632,205008896,14409728,2752512,0,18446744073709551615,18446744073709551615,17354752,204910592,144703488,294912,0,0,27631,9137,26279,0,69632,205008896,14409728,2752512,0
[2014-12-04T22:03:30.886072076Z] 17661952,213729280,148897792,331776,0,0,41108,22941,43709,0,69632,213823488,13717504,3751936,0,18446744073709551615,18446744073709551615,17661952,213729280,148897792,331776,0,0,41108,22941,43709,0,69632,213823488,13717504,3751936,0
[2014-12-04T22:03:31.899404164Z] 18239488,238776320,150994944,364544,0,0,47155,23243,50122,0,69632,238862336,14217216,3829760,0,18446744073709551615,18446744073709551615,18239488,238776320,150994944,364544,0,0,47155,23243,50122,0,69632,238862336,14217216,3829760,0
[2014-12-04T22:03:32.998027853Z] 19144704,274636800,155189248,397312,524288,0,55148,23282,58368,0,73728,274706432,12300288,6647808,0,18446744073709551615,18446744073709551615,19144704,274636800,155189248,397312,524288,0,55148,23282,58368,0,73728,274706432,12300288,6647808,0
[2014-12-04T22:03:34.012998072Z] 18665472,295571456,161480704,397312,0,0,59608,24281,62883,0,73728,295616512,11763712,6705152,0,18446744073709551615,18446744073709551615,18665472,295571456,161480704,397312,0,0,59608,24281,62883,0,73728,295616512,11763712,6705152,0
[2014-12-04T22:03:35.028669892Z] 19226624,317575168,167772160,397312,0,0,66053,26750,69208,0,73728,317698048,12251136,6778880,0,18446744073709551615,18446744073709551615,19226624,317575168,167772160,397312,0,0,66053,26750,69208,0,73728,317698048,12251136,6778880,0
[2014-12-04T22:03:36.045562602Z] 19283968,325189632,169869312,397312,0,0,83236,42571,86505,0,73728,325308416,12308480,6778880,0,18446744073709551615,18446744073709551615,19283968,325189632,169869312,397312,0,0,83236,42571,86505,0,73728,325308416,12308480,6778880,0
[2014-12-04T22:03:37.129615378Z] 19283968,323371008,169869312,397312,0,0,95820,55599,99092,0,73728,323436544,12308480,6778880,0,18446744073709551615,18446744073709551615,19283968,323371008,169869312,397312,0,0,95820,55599,99092,0,73728,323436544,12308480,6778880,0
[2014-12-04T22:03:38.152193514Z] 19972096,363999232,197132288,397312,0,0,109612,66458,112732,0,73728,364122112,12890112,6885376,0,18446744073709551615,18446744073709551615,19972096,363999232,197132288,397312,0,0,109612,66458,112732,0,73728,364122112,12890112,6885376,0
[2014-12-04T22:03:39.169321341Z] 20410368,359215104,195035136,397312,0,0,124892,82288,127907,0,73728,359337984,13291520,6922240,0,18446744073709551615,18446744073709551615,20410368,359215104,195035136,397312,0,0,124892,82288,127907,0,73728,359337984,13291520,6922240,0
[2014-12-04T22:03:40.190117031Z] 20410368,359354368,195035136,397312,0,0,138779,96141,141794,0,73728,359477248,13291520,6922240,0,18446744073709551615,18446744073709551615,20410368,359354368,195035136,397312,0,0,138779,96141,141794,0,73728,359477248,13291520,6922240,0
[2014-12-04T22:03:41.201217729Z] 20410368,345862144,195035136,397312,0,0,152103,112759,155261,0,73728,345985024,13291520,6922240,0,18446744073709551615,18446744073709551615,20410368,345862144,195035136,397312,0,0,152103,112759,155261,0,73728,345985024,13291520,6922240,0
[2014-12-04T22:03:42.246983671Z] 20066304,178139136,142606336,32768,0,0,164000,152913,163711,0,8192,178266112,16265216,3665920,0,18446744073709551615,18446744073709551615,20066304,178139136,142606336,32768,0,0,164000,152913,163711,0,8192,178266112,16265216,3665920,0
[2014-12-04T22:03:43.800692212Z] 16011264,207392768,144703488,327680,0,0,172830,156102,175098,0,73728,207519744,13135872,2674688,0,18446744073709551615,18446744073709551615,16011264,207392768,144703488,327680,0,0,172830,156102,175098,0,73728,207519744,13135872,2674688,0
[2014-12-04T22:03:44.387201408Z] 17428480,222707712,150994944,327680,0,0,175706,156426,177683,0,73728,222834688,14450688,2777088,0,18446744073709551615,18446744073709551615,17428480,222707712,150994944,327680,0,0,175706,156426,177683,0,73728,222834688,14450688,2777088,0
[2014-12-04T22:03:45.334588330Z] 17473536,180891648,142606336,32768,0,0,177596,168514,181106,0,8192,181018624,14319616,3018752,0,18446744073709551615,18446744073709551615,17473536,180891648,142606336,32768,0,0,177596,168514,181106,0,8192,181018624,14319616,3018752,0
[2014-12-04T22:03:46.355189077Z] 17670144,223440896,153092096,331776,0,0,187810,170847,194205,0,73728,223551488,13713408,3756032,0,18446744073709551615,18446744073709551615,17670144,223440896,153092096,331776,0,0,187810,170847,194205,0,73728,223551488,13713408,3756032,0
[2014-12-04T22:03:47.378116492Z] 18231296,244117504,155189248,364544,0,0,192489,171363,199231,0,73728,244232192,14200832,3829760,0,18446744073709551615,18446744073709551615,18231296,244117504,155189248,364544,0,0,192489,171363,199231,0,73728,244232192,14200832,3829760,0
[2014-12-04T22:03:48.399537143Z] 18239488,273616896,155189248,364544,0,0,199690,171871,207022,0,73728,273711104,11714560,6324224,0,18446744073709551615,18446744073709551615,18239488,273616896,155189248,364544,0,0,199690,171871,207022,0,73728,273711104,11714560,6324224,0
[2014-12-04T22:03:49.410552035Z] 18550784,287420416,159383552,397312,0,0,202130,171887,210231,0,73728,287547392,11980800,6369280,0,18446744073709551615,18446744073709551615,18550784,287420416,159383552,397312,0,0,202130,171887,210231,0,73728,287547392,11980800,6369280,0
[2014-12-04T22:03:50.421220366Z] 19173376,295235584,163577856,397312,0,0,203191,171910,211391,0,73728,295342080,11796480,7176192,0,18446744073709551615,18446744073709551615,19173376,295235584,163577856,397312,0,0,203191,171910,211391,0,73728,295342080,11796480,7176192,0
[2014-12-04T22:03:51.436261452Z] 18837504,306298880,163577856,397312,0,0,205959,172059,214945,0,73728,306417664,11857920,6778880,0,18446744073709551615,18446744073709551615,18837504,306298880,163577856,397312,0,0,205959,172059,214945,0,73728,306417664,11857920,6778880,0
[2014-12-04T22:03:52.596621122Z] 19083264,315473920,163577856,397312,0,0,208687,172487,218698,0,73728,315600896,12079104,6803456,0,18446744073709551615,18446744073709551615,19083264,315473920,163577856,397312,0,0,208687,172487,218698,0,73728,315600896,12079104,6803456,0
[2014-12-04T22:03:53.481230047Z] 19664896,364613632,192937984,397312,0,0,215403,174729,225417,0,73728,364740608,12574720,6889472,0,18446744073709551615,18446744073709551615,19664896,364613632,192937984,397312,0,0,215403,174729,225417,0,73728,364740608,12574720,6889472,0
[2014-12-04T22:03:54.495426511Z] 19664896,365383680,192937984,397312,0,0,215593,174731,225607,0,73728,365510656,12574720,6889472,0,18446744073709551615,18446744073709551615,19664896,365383680,192937984,397312,0,0,215593,174731,225607,0,73728,365510656,12574720,6889472,0
[2014-12-04T22:03:55.511253480Z] 20029440,368119808,197132288,397312,0,0,219049,178963,228976,0,73728,368246784,12926976,6901760,0,18446744073709551615,18446744073709551615,20029440,368119808,197132288,397312,0,0,219049,178963,228976,0,73728,368246784,12926976,6901760,0
[2014-12-04T22:03:56.535558992Z] 20107264,368189440,201326592,397312,0,0,221185,182085,231228,0,73728,368316416,12996608,6909952,0,18446744073709551615,18446744073709551615,20107264,368189440,201326592,397312,0,0,221185,182085,231228,0,73728,368316416,12996608,6909952,0
[2014-12-04T22:03:57.558864992Z] 20107264,364793856,197132288,397312,0,0,225517,186735,235570,0,73728,364920832,12996608,6909952,0,18446744073709551615,18446744073709551615,20107264,364793856,197132288,397312,0,0,225517,186735,235570,0,73728,364920832,12996608,6909952,0
[2014-12-04T22:03:58.575254789Z] 20119552,361758720,197132288,397312,0,0,226573,188529,236621,0,73728,361885696,13008896,6909952,0,18446744073709551615,18446744073709551615,20119552,361758720,197132288,397312,0,0,226573,188529,236621,0,73728,361885696,13008896,6909952,0
[2014-12-04T22:03:59.596294052Z] 20406272,350302208,190840832,397312,0,0,232914,197086,242891,0,73728,350425088,13271040,6934528,0,18446744073709551615,18446744073709551615,20406272,350302208,190840832,397312,0,0,232914,197086,242891,0,73728,350425088,13271040,6934528,0
[2014-12-04T22:04:00.628683894Z] 11735040,169451520,138412032,32768,0,0,236876,234543,246406,0,8192,169578496,7925760,3641344,0,18446744073709551615,18446744073709551615,11735040,169451520,138412032,32768,0,0,236876,234543,246406,0,8192,169578496,7925760,3641344,0
[2014-12-04T22:04:01.806109213Z] 15941632,198762496,142606336,294912,0,0,248136,239153,257249,0,73728,198873088,13099008,2641920,0,18446744073709551615,18446744073709551615,15941632,198762496,142606336,294912,0,0,248136,239153,257249,0,73728,198873088,13099008,2641920,0
[2014-12-04T22:04:02.680316247Z] 17424384,208257024,142606336,327680,0,0,251141,239478,259823,0,73728,208355328,14446592,2777088,0,18446744073709551615,18446744073709551615,17424384,208257024,142606336,327680,0,0,251141,239478,259823,0,73728,208355328,14446592,2777088,0
[2014-12-04T22:04:03.689771010Z] 17473536,178233344,138412032,32768,0,0,255478,250622,266915,0,8192,178360320,14319616,3018752,0,18446744073709551615,18446744073709551615,17473536,178233344,138412032,32768,0,0,255478,250622,266915,0,8192,178360320,14319616,3018752,0
[2014-12-04T22:04:04.706128754Z] 18096128,225247232,148897792,331776,0,0,266297,252877,279757,0,73728,225329152,13660160,4235264,0,18446744073709551615,18446744073709551615,18096128,225247232,148897792,331776,0,0,266297,252877,279757,0,73728,225329152,13660160,4235264,0
[2014-12-04T22:04:05.736843995Z] 18665472,249446400,150994944,847872,0,0,272116,253160,285962,0,73728,249552896,13365248,5099520,0,18446744073709551615,18446744073709551615,18665472,249446400,150994944,847872,0,0,272116,253160,285962,0,73728,249552896,13365248,5099520,0
[2014-12-04T22:04:06.759841361Z] 18960384,276738048,155189248,397312,0,0,277846,253177,292057,0,73728,276865024,11902976,6856704,0,18446744073709551615,18446744073709551615,18960384,276738048,155189248,397312,0,0,277846,253177,292057,0,73728,276865024,11902976,6856704,0
[2014-12-04T22:04:07.767353260Z] 18976768,277516288,155189248,397312,0,0,278042,253179,292257,0,73728,277643264,11919360,6856704,0,18446744073709551615,18446744073709551615,18976768,277516288,155189248,397312,0,0,278042,253179,292257,0,73728,277643264,11919360,6856704,0
[2014-12-04T22:04:08.778468452Z] 19075072,287002624,159383552,397312,0,0,279413,253232,293638,0,73728,287113216,11743232,7131136,0,18446744073709551615,18446744073709551615,19075072,287002624,159383552,397312,0,0,279413,253232,293638,0,73728,287113216,11743232,7131136,0
[2014-12-04T22:04:09.826120745Z] 19439616,300908544,161480704,397312,0,0,282434,253280,297245,0,73728,301035520,12034048,7204864,0,18446744073709551615,18446744073709551615,19439616,300908544,161480704,397312,0,0,282434,253280,297245,0,73728,301035520,12034048,7204864,0
[2014-12-04T22:04:10.892221173Z] 19955712,329048064,165675008,397312,0,0,290058,254930,305311,0,73728,329175040,12308480,7446528,0,18446744073709551615,18446744073709551615,19955712,329048064,165675008,397312,0,0,290058,254930,305311,0,73728,329175040,12308480,7446528,0
[2014-12-04T22:04:11.872793236Z] 20213760,332582912,167772160,397312,0,0,290477,254934,305670,0,73728,332636160,12562432,7450624,0,18446744073709551615,18446744073709551615,20213760,332582912,167772160,397312,0,0,290477,254934,305670,0,73728,332636160,12562432,7450624,0
[2014-12-04T22:04:12.889230322Z] 20766720,371273728,190840832,397312,0,0,296460,258490,311525,0,73728,371400704,13062144,7503872,0,18446744073709551615,18446744073709551615,20766720,371273728,190840832,397312,0,0,296460,258490,311525,0,73728,371400704,13062144,7503872,0
[2014-12-04T22:04:13.910847437Z] 20824064,166486016,138412032,32768,0,0,297348,296586,312658,0,8192,166612992,13045760,7643136,0,18446744073709551615,18446744073709551615,20824064,166486016,138412032,32768,0,0,297348,296586,312658,0,8192,166612992,13045760,7643136,0
[2014-12-04T22:04:14.994716937Z] 18272256,197718016,142606336,327680,0,0,311588,304846,325180,0,73728,197844992,14249984,3821568,0,18446744073709551615,18446744073709551615,18272256,197718016,142606336,327680,0,0,311588,304846,325180,0,73728,197844992,14249984,3821568,0
[2014-12-04T22:04:15.947706530Z] 17498112,212914176,146800640,294912,0,0,314469,305739,328483,0,73728,213041152,14503936,2793472,0,18446744073709551615,18446744073709551615,17498112,212914176,146800640,294912,0,0,314469,305739,328483,0,73728,213041152,14503936,2793472,0
[2014-12-04T22:04:16.953014454Z] 17436672,194101248,144703488,233472,0,0,322716,320638,340526,0,8192,194215936,14315520,2985984,0,18446744073709551615,18446744073709551615,17436672,194101248,144703488,233472,0,0,322716,320638,340526,0,8192,194215936,14315520,2985984,0
[2014-12-04T22:04:17.960537813Z] 18182144,224624640,146800640,364544,0,0,329982,320781,348293,0,73728,224727040,14159872,3821568,0,18446744073709551615,18446744073709551615,18182144,224624640,146800640,364544,0,0,329982,320781,348293,0,73728,224727040,14159872,3821568,0
[2014-12-04T22:04:18.972714744Z] 18182144,232120320,146800640,364544,0,0,331812,320781,350401,0,73728,232247296,14159872,3821568,0,18446744073709551615,18446744073709551615,18182144,232120320,146800640,364544,0,0,331812,320781,350401,0,73728,232247296,14159872,3821568,0
[2014-12-04T22:04:19.989876377Z] 18198528,263434240,150994944,364544,0,0,338445,320787,357563,0,73728,263540736,11661312,6336512,0,18446744073709551615,18446744073709551615,18198528,263434240,150994944,364544,0,0,338445,320787,357563,0,73728,263540736,11661312,6336512,0
[2014-12-04T22:04:21.010341495Z] 18599936,281698304,155189248,397312,0,0,342130,320937,361186,0,73728,281821184,11718656,6680576,0,18446744073709551615,18446744073709551615,18599936,281698304,155189248,397312,0,0,342130,320937,361186,0,73728,281821184,11718656,6680576,0
[2014-12-04T22:04:22.027851324Z] 18665472,294981632,157286400,397312,0,0,344883,320942,364352,0,73728,295092224,11767808,6696960,0,18446744073709551615,18446744073709551615,18665472,294981632,157286400,397312,0,0,344883,320942,364352,0,73728,295092224,11767808,6696960,0
[2014-12-04T22:04:23.108462599Z] 19423232,308269056,157286400,397312,0,0,348548,321178,368070,0,73728,308346880,12337152,6885376,0,18446744073709551615,18446744073709551615,19423232,308269056,157286400,397312,0,0,348548,321178,368070,0,73728,308346880,12337152,6885376,0
[2014-12-04T22:04:24.110603178Z] 19636224,358035456,186646528,397312,0,0,357300,325393,376822,0,73728,358154240,12513280,6922240,0,18446744073709551615,18446744073709551615,19636224,358035456,186646528,397312,0,0,357300,325393,376822,0,73728,358154240,12513280,6922240,0
[2014-12-04T22:04:25.147609915Z] 19976192,366800896,192937984,397312,0,0,358016,325419,377455,0,73728,366927872,12804096,6971392,0,18446744073709551615,18446744073709551615,19976192,366800896,192937984,397312,0,0,358016,325419,377455,0,73728,366927872,12804096,6971392,0
[2014-12-04T22:04:26.135868289Z] 20418560,367181824,192937984,397312,0,0,358223,325425,377554,0,73728,367308800,13234176,6983680,0,18446744073709551615,18446744073709551615,20418560,367181824,192937984,397312,0,0,358223,325425,377554,0,73728,367308800,13234176,6983680,0
[2014-12-04T22:04:27.382746882Z] 13807616,167387136,138412032,32768,0,0,361085,365393,379443,0,8192,167514112,9482240,4190208,0,18446744073709551615,18446744073709551615,13807616,167387136,138412032,32768,0,0,361085,365393,379443,0,8192,167514112,9482240,4190208,0
[2014-12-04T22:04:28.198015165Z] 17195008,201936896,142606336,327680,0,0,373457,370036,391547,0,73728,202063872,14249984,2744320,0,18446744073709551615,18446744073709551615,17195008,201936896,142606336,327680,0,0,373457,370036,391547,0,73728,202063872,14249984,2744320,0
[2014-12-04T22:04:29.175643206Z] 17502208,211189760,142606336,294912,0,0,375945,370190,394261,0,73728,211316736,14512128,2789376,0,18446744073709551615,18446744073709551615,17502208,211189760,142606336,294912,0,0,375945,370190,394261,0,73728,211316736,14512128,2789376,0
[2014-12-04T22:04:30.186257517Z] 18100224,214523904,148897792,331776,4096,0,387503,382832,410143,0,73728,214650880,13656064,4243456,0,18446744073709551615,18446744073709551615,18100224,214523904,148897792,331776,4096,0,387503,382832,410144,0,73728,214650880,13656064,4243456,0
[2014-12-04T22:04:31.202162108Z] 18673664,232235008,148897792,364544,0,0,391971,383347,414930,0,73728,232353792,14155776,4317184,0,18446744073709551615,18446744073709551615,18673664,232235008,148897792,364544,0,0,391971,383347,414930,0,73728,232353792,14155776,4317184,0
[2014-12-04T22:04:32.237141563Z] 18677760,239312896,146800640,364544,0,0,394206,383853,417211,0,73728,241455104,14143488,4333568,0,18446744073709551615,18446744073709551615,18677760,239312896,146800640,364544,0,0,394206,383853,417211,0,73728,241455104,14143488,4333568,0
[2014-12-04T22:04:33.268740743Z] 18706432,263036928,146800640,364544,0,0,400015,383863,423582,0,73728,263163904,11665408,6840320,0,18446744073709551615,18446744073709551615,18706432,263036928,146800640,364544,0,0,400015,383863,423582,0,73728,263163904,11665408,6840320,0
[2014-12-04T22:04:34.790295958Z] 19058688,274837504,146800640,397312,0,0,403031,383912,426879,0,73728,274956288,11714560,7143424,0,18446744073709551615,18446744073709551615,19058688,274837504,146800640,397312,0,0,403031,383912,426879,0,73728,274956288,11714560,7143424,0
[2014-12-04T22:04:35.536146073Z] 19374080,296751104,150994944,397312,0,0,407639,384115,431989,0,77824,296857600,11960320,7204864,0,18446744073709551615,18446744073709551615,19374080,296751104,150994944,397312,0,0,407639,384115,431989,0,77824,296857600,11960320,7204864,0
[2014-12-04T22:04:36.368034122Z] 19980288,336986112,169869312,397312,0,0,414164,385779,438425,0,77824,337055744,12378112,7393280,0,18446744073709551615,18446744073709551615,19980288,336986112,169869312,397312,0,0,414164,385779,438425,0,77824,337055744,12378112,7393280,0
[2014-12-04T22:04:37.380649808Z] 20762624,368398336,192937984,397312,0,0,417156,386532,441371,0,77824,368529408,13025280,7528448,0,18446744073709551615,18446744073709551615,20762624,368398336,192937984,397312,0,0,417156,386532,441371,0,77824,368529408,13025280,7528448,0
[2014-12-04T22:04:38.470146234Z] 20881408,364253184,186646528,397312,0,0,417724,386550,441910,0,77824,364384256,13111296,7561216,0,18446744073709551615,18446744073709551615,20881408,364253184,186646528,397312,0,0,417724,386550,441910,0,77824,364384256,13111296,7561216,0
[2014-12-04T22:04:39.510792448Z] 15609856,198545408,142606336,32768,0,0,427270,428130,449238,0,8192,198664192,12939264,2527232,0,18446744073709551615,18446744073709551615,15609856,198545408,142606336,32768,0,0,427270,428130,449238,0,8192,198664192,12939264,2527232,0
[2014-12-04T22:04:40.441237662Z] 17371136,220688384,146800640,327680,65536,0,433782,429828,456702,0,73728,220823552,14376960,2785280,0,18446744073709551615,18446744073709551615,17371136,220688384,146800640,327680,65536,0,433782,429828,456702,0,73728,220823552,14376960,2785280,0
[2014-12-04T22:04:41.455484712Z] 17481728,182042624,140509184,32768,0,0,435889,440832,460136,0,8192,182173696,14319616,3018752,0,18446744073709551615,18446744073709551615,17481728,182042624,140509184,32768,0,0,435889,440832,460136,0,8192,182173696,14319616,3018752,0
[2014-12-04T22:04:42.494906180Z] 18104320,232927232,148897792,331776,0,0,448983,443906,476630,0,73728,233037824,13656064,4239360,0,18446744073709551615,18446744073709551615,18104320,232927232,148897792,331776,0,0,448983,443906,476630,0,73728,233037824,13656064,4239360,0
[2014-12-04T22:04:43.511742764Z] 18104320,242278400,148897792,331776,0,0,451266,443906,479210,0,73728,242413568,13639680,4255744,0,18446744073709551615,18446744073709551615,18104320,242278400,148897792,331776,0,0,451266,443906,479210,0,73728,242413568,13639680,4255744,0
[2014-12-04T22:04:44.606745091Z] 18116608,265289728,148897792,331776,0,0,456888,443907,485404,0,73728,265424896,11161600,6746112,0,18446744073709551615,18446744073709551615,18116608,265289728,148897792,331776,0,0,456888,443907,485404,0,73728,265424896,11161600,6746112,0
[2014-12-04T22:04:45.654656420Z] 19013632,288776192,155189248,397312,0,0,461369,443968,490790,0,73728,288911360,11771904,7032832,0,18446744073709551615,18446744073709551615,19013632,288776192,155189248,397312,0,0,461369,443968,490790,0,73728,288911360,11771904,7032832,0
[2014-12-04T22:04:46.681284191Z] 19136512,297701376,155189248,397312,4096,0,463588,443978,494175,0,73728,297836544,11763712,7163904,0,18446744073709551615,18446744073709551615,19136512,297701376,155189248,397312,4096,0,463588,443978,494175,0,73728,297836544,11763712,7163904,0
[2014-12-04T22:04:47.891890291Z] 19591168,310607872,155189248,397312,0,0,466866,443994,497424,0,73728,310730752,12009472,7372800,0,18446744073709551615,18446744073709551615,19591168,310607872,155189248,397312,0,0,466866,443994,497424,0,73728,310730752,12009472,7372800,0
[2014-12-04T22:04:48.730310358Z] 20131840,350916608,178257920,397312,0,0,472949,446236,504808,0,73728,351051776,12435456,7487488,0,18446744073709551615,18446744073709551615,20131840,350916608,178257920,397312,0,0,472949,446236,504808,0,73728,351051776,12435456,7487488,0
[2014-12-04T22:04:49.767318881Z] 20688896,363692032,186646528,397312,0,0,476351,448938,508076,0,73728,363827200,12955648,7524352,0,18446744073709551615,18446744073709551615,20688896,363692032,186646528,397312,0,0,476351,448938,508076,0,73728,363827200,12955648,7524352,0
[2014-12-04T22:04:50.814577176Z] 20881408,364113920,186646528,397312,0,0,476513,448950,508192,0,73728,364249088,13131776,7540736,0,18446744073709551615,18446744073709551615,20881408,364113920,186646528,397312,0,0,476513,448950,508192,0,73728,364249088,13131776,7540736,0
[2014-12-04T22:04:51.808406602Z] 15609856,187523072,142606336,32768,0,0,485695,491801,515208,0,8192,185561088,12939264,2527232,0,18446744073709551615,18446744073709551615,15609856,187523072,142606336,32768,0,0,485695,491801,515208,0,8192,185561088,12939264,2527232,0
[2014-12-04T22:04:52.802021282Z] 17207296,213241856,146800640,327680,0,0,491676,492646,522174,0,73728,213377024,14254080,2744320,0,18446744073709551615,18446744073709551615,17207296,213241856,146800640,327680,0,0,491676,492646,522174,0,73728,213377024,14254080,2744320,0
[2014-12-04T22:04:53.828519999Z] 17444864,187727872,142606336,32768,0,0,498729,506381,532346,0,8192,188911616,14319616,2981888,0,18446744073709551615,18446744073709551615,17444864,187727872,142606336,32768,0,0,498729,506381,532346,0,8192,188911616,14319616,2981888,0
[2014-12-04T22:04:54.875728310Z] 17743872,234536960,148897792,331776,0,0,509166,506850,544625,0,73728,234627072,13758464,3776512,0,18446744073709551615,18446744073709551615,17743872,234536960,148897792,331776,0,0,509166,506850,544625,0,73728,234627072,13758464,3776512,0
[2014-12-04T22:04:55.907602431Z] 17743872,243920896,148897792,331776,0,0,511457,506850,546962,0,73728,244056064,13758464,3776512,0,18446744073709551615,18446744073709551615,17743872,243920896,148897792,331776,0,0,511457,506850,546962,0,73728,244056064,13758464,3776512,0
[2014-12-04T22:04:56.925639979Z] 17756160,263237632,148897792,667648,0,0,516179,506853,552233,0,73728,263352320,11755520,5791744,0,18446744073709551615,18446744073709551615,17756160,263237632,148897792,667648,0,0,516179,506853,552233,0,73728,263352320,11755520,5791744,0
[2014-12-04T22:04:58.007680450Z] 18759680,282734592,153092096,397312,0,0,520196,506887,556664,0,73728,282869760,11948032,6602752,0,18446744073709551615,18446744073709551615,18759680,282734592,153092096,397312,0,0,520196,506887,556664,0,73728,282869760,11948032,6602752,0
[2014-12-04T22:04:59.018804250Z] 18874368,296144896,153092096,397312,0,0,523668,507057,560862,0,73728,296271872,11931648,6733824,0,18446744073709551615,18446744073709551615,18874368,296144896,153092096,397312,0,0,523668,507057,560862,0,73728,296271872,11931648,6733824,0
[2014-12-04T22:05:00.048357648Z] 19017728,315326464,159383552,397312,0,0,527535,507739,565809,0,73728,315457536,12050432,6758400,0,18446744073709551615,18446744073709551615,19017728,315326464,159383552,397312,0,0,527535,507739,565809,0,73728,315457536,12050432,6758400,0
[2014-12-04T22:05:01.067104383Z] 19939328,368848896,190840832,397312,0,0,535502,511612,573719,0,73728,366858240,12881920,6848512,0,18446744073709551615,18446744073709551615,19939328,368848896,190840832,397312,0,0,535502,511612,573719,0,73728,366858240,12881920,6848512,0
[2014-12-04T22:05:02.536272789Z] 20418560,367263744,186646528,397312,0,0,536672,512030,574775,0,73728,367366144,13307904,6901760,0,18446744073709551615,18446744073709551615,20418560,367263744,186646528,397312,0,0,536672,512030,574775,0,73728,367366144,13307904,6901760,0
[2014-12-04T22:05:03.130023505Z] 15884288,191066112,138412032,294912,0,0,549684,557413,587060,0,73728,191201280,13066240,2609152,0,18446744073709551615,18446744073709551615,15884288,191066112,138412032,294912,0,0,549684,557413,587060,0,73728,191201280,13066240,2609152,0
[2014-12-04T22:05:04.170097454Z] 17371136,206979072,144703488,327680,0,0,552699,557713,589677,0,73728,207114240,14376960,2785280,0,18446744073709551615,18446744073709551615,17371136,206979072,144703488,327680,0,0,552699,557713,589677,0,73728,207114240,14376960,2785280,0
[2014-12-04T22:05:05.205698059Z] 17481728,166948864,138412032,32768,0,0,554346,569617,592227,0,8192,167084032,14319616,3018752,0,18446744073709551615,18446744073709551615,17481728,166948864,138412032,32768,0,0,554346,569617,592227,0,8192,167084032,14319616,3018752,0
[2014-12-04T22:05:06.216637397Z] 17444864,186327040,138412032,32768,0,0,561380,571929,602414,0,8192,186449920,14311424,2990080,0,18446744073709551615,18446744073709551615,17444864,186327040,138412032,32768,0,0,561380,571929,602414,0,8192,186449920,14311424,2990080,0
[2014-12-04T22:05:07.227640154Z] 17743872,225464320,148897792,331776,0,0,568875,572862,610638,0,73728,225599488,13762560,3772416,0,18446744073709551615,18446744073709551615,17743872,225464320,148897792,331776,0,0,568875,572862,610638,0,73728,225599488,13762560,3772416,0
[2014-12-04T22:05:08.254512304Z] 17743872,240529408,148897792,806912,0,0,572553,572862,614763,0,73728,240640000,13762560,3772416,0,18446744073709551615,18446744073709551615,17743872,240529408,148897792,806912,0,0,572553,572862,614763,0,73728,240640000,13762560,3772416,0
[2014-12-04T22:05:09.276224486Z] 18522112,270823424,153092096,397312,0,0,579144,573400,621792,0,73728,270942208,11898880,6406144,0,18446744073709551615,18446744073709551615,18522112,270823424,153092096,397312,0,0,579144,573400,621792,0,73728,270942208,11898880,6406144,0
[2014-12-04T22:05:10.289769456Z] 18780160,291790848,155189248,397312,0,0,583985,573570,626978,0,73728,291926016,11874304,6696960,0,18446744073709551615,18446744073709551615,18780160,291790848,155189248,397312,0,0,583985,573570,626978,0,73728,291926016,11874304,6696960,0
[2014-12-04T22:05:11.328376331Z] 19316736,309522432,157286400,397312,0,0,587976,573612,630990,0,73728,309604352,12230656,6873088,0,18446744073709551615,18446744073709551615,19316736,309522432,157286400,397312,0,0,588037,573612,631051,0,73728,309886976,12230656,6877184,0
[2014-12-04T22:05:12.366346006Z] 20017152,341557248,171966464,397312,0,0,593603,574824,636587,0,73728,341692416,12886016,6922240,0,18446744073709551615,18446744073709551615,20017152,341557248,171966464,397312,0,0,593603,574824,636587,0,73728,341692416,12886016,6922240,0
[2014-12-04T22:05:13.369687306Z] 20410368,366018560,192937984,397312,0,0,596087,576861,638985,0,73728,366153728,13254656,6946816,0,18446744073709551615,18446744073709551615,20410368,366018560,192937984,397312,0,0,596087,576861,638985,0,73728,366153728,13254656,6946816,0
[2014-12-04T22:05:14.418250542Z] 6676480,173187072,144703488,32768,0,0,597709,617161,641556,0,8192,173322240,4694016,1810432,0,18446744073709551615,18446744073709551615,6676480,173187072,144703488,32768,0,0,597709,617161,641556,0,8192,173322240,4694016,1810432,0
[2014-12-04T22:05:15.455821532Z] 16015360,205479936,150994944,327680,0,0,610171,621503,652375,0,73728,205565952,13164544,2641920,0,18446744073709551615,18446744073709551615,16015360,205479936,150994944,327680,0,0,610171,621503,652375,0,73728,205565952,13164544,2641920,0
[2014-12-04T22:05:16.439419430Z] 17432576,215580672,150994944,327680,0,0,613308,621828,655409,0,73728,215715840,14446592,2777088,0,18446744073709551615,18446744073709551615,17432576,215580672,150994944,327680,0,0,613308,621828,655409,0,73728,215715840,14446592,2777088,0
[2014-12-04T22:05:17.476484420Z] 17481728,180129792,144703488,32768,0,0,616620,633272,661154,0,8192,180264960,14319616,3018752,0,18446744073709551615,18446744073709551615,17481728,180129792,144703488,32768,0,0,616620,633272,661154,0,8192,180264960,14319616,3018752,0
[2014-12-04T22:05:18.495169752Z] 17510400,198606848,146800640,299008,0,0,622365,635010,668682,0,73728,198721536,14278656,3022848,0,18446744073709551615,18446744073709551615,17510400,198606848,146800640,299008,0,0,622365,635010,668682,0,73728,198721536,14278656,3022848,0
[2014-12-04T22:05:19.499706339Z] 18681856,234868736,153092096,364544,0,0,630280,635830,677138,0,73728,234999808,14155776,4317184,0,18446744073709551615,18446744073709551615,18681856,234868736,153092096,364544,0,0,630280,635830,677138,0,73728,234999808,14155776,4317184,0
[2014-12-04T22:05:20.516386295Z] 18690048,252522496,153092096,847872,0,0,634593,635831,681656,0,73728,252649472,13381632,5099520,0,18446744073709551615,18446744073709551615,18690048,252522496,153092096,847872,0,0,634593,635831,681656,0,73728,252649472,13381632,5099520,0
[2014-12-04T22:05:21.528549622Z] 18882560,271732736,155189248,397312,0,0,638841,635853,686283,0,73728,271831040,11784192,6889472,0,18446744073709551615,18446744073709551615,18882560,271732736,155189248,397312,0,0,638841,635853,686283,0,73728,271831040,11784192,6889472,0
[2014-12-04T22:05:22.557144802Z] 19066880,290000896,157286400,397312,0,0,642872,635890,690745,0,73728,290136064,11714560,7143424,0,18446744073709551615,18446744073709551615,19066880,290000896,157286400,397312,0,0,642872,635890,690745,0,73728,290136064,11714560,7143424,0
[2014-12-04T22:05:23.574646569Z] 19521536,297992192,157286400,397312,0,0,644951,635907,692847,0,73728,298127360,11952128,7360512,0,18446744073709551615,18446744073709551615,19521536,297992192,157286400,397312,0,0,644951,635907,692847,0,73728,298127360,11952128,7360512,0
[2014-12-04T22:05:24.586198122Z] 19648512,304406528,157286400,397312,0,0,646576,635935,694497,0,73728,304533504,12058624,7376896,0,18446744073709551615,18446744073709551615,19648512,304406528,157286400,397312,0,0,646576,635935,694497,0,73728,304533504,12058624,7376896,0
[2014-12-04T22:05:25.606907151Z] 20172800,351047680,184549376,397312,0,0,652641,637639,700599,0,73728,351186944,12529664,7430144,0,18446744073709551615,18446744073709551615,20172800,351047680,184549376,397312,0,0,652641,637639,700599,0,73728,351186944,12529664,7430144,0
[2014-12-04T22:05:26.648882985Z] 20881408,368177152,195035136,397312,0,0,656190,639899,703987,0,73728,368308224,13156352,7512064,0,18446744073709551615,18446744073709551615,20881408,368177152,195035136,397312,0,0,656190,639899,703987,0,73728,368308224,13156352,7512064,0
[2014-12-04T22:05:27.821646142Z] 15613952,181399552,144703488,32768,0,0,663205,681536,708330,0,8192,181538816,12939264,2527232,0,18446744073709551615,18446744073709551615,15613952,181399552,144703488,32768,0,0,663205,681536,708330,0,8192,181538816,12939264,2527232,0
[2014-12-04T22:05:28.717315704Z] 17207296,211054592,150994944,327680,0,0,671334,683569,718058,0,73728,211169280,14245888,2748416,0,18446744073709551615,18446744073709551615,17207296,211054592,150994944,327680,0,0,671334,683569,718058,0,73728,211169280,14245888,2748416,0
[2014-12-04T22:05:29.727869145Z] 17514496,219283456,150994944,294912,0,0,673566,684228,720509,0,73728,219398144,14508032,2793472,0,18446744073709551615,18446744073709551615,17514496,219283456,150994944,294912,0,0,673566,684228,720509,0,73728,219398144,14508032,2793472,0
[2014-12-04T22:05:30.765612931Z] 17518592,201912320,148897792,299008,0,0,682061,698496,733243,0,73728,202051584,14311424,2994176,0,18446744073709551615,18446744073709551615,17518592,201912320,148897792,299008,0,0,682061,698496,733243,0,73728,202051584,14311424,2994176,0
[2014-12-04T22:05:31.790041812Z] 18690048,236027904,155189248,364544,0,0,689152,699527,740671,0,73728,236167168,14155776,4321280,0,18446744073709551615,18446744073709551615,18690048,236027904,155189248,364544,0,0,689152,699527,740671,0,73728,236167168,14155776,4321280,0
[2014-12-04T22:05:32.812529414Z] 18690048,243232768,155189248,364544,0,0,690911,699527,742708,0,73728,243372032,14155776,4321280,0,18446744073709551615,18446744073709551615,18690048,243232768,155189248,364544,0,0,690911,699527,742708,0,73728,243372032,14155776,4321280,0
[2014-12-04T22:05:33.834891131Z] 18718720,272429056,155189248,364544,4096,0,698054,699535,750441,0,73728,272568320,11665408,6840320,0,18446744073709551615,18446744073709551615,18718720,272429056,155189248,364544,4096,0,698054,699535,750441,0,73728,272568320,11665408,6840320,0
[2014-12-04T22:05:34.850122690Z] 19075072,289370112,157286400,397312,0,0,701821,699590,754422,0,73728,289505280,11714560,7147520,0,18446744073709551615,18446744073709551615,19075072,289370112,157286400,397312,0,0,701821,699590,754422,0,73728,289505280,11714560,7147520,0
[2014-12-04T22:05:35.864916752Z] 19488768,306241536,159383552,397312,0,0,705550,699610,758492,0,73728,306364416,11923456,7352320,0,18446744073709551615,18446744073709551615,19488768,306241536,159383552,397312,0,0,705550,699610,758492,0,73728,306364416,11923456,7352320,0
[2014-12-04T22:05:36.887474360Z] 19730432,350609408,182452224,397312,0,0,712156,701457,765204,0,73728,350748672,12124160,7393280,0,18446744073709551615,18446744073709551615,19730432,350609408,182452224,397312,0,0,712156,701457,765204,0,73728,350748672,12124160,7393280,0
[2014-12-04T22:05:38.074150521Z] 20578304,379531264,199229440,397312,0,0,717889,704521,770873,0,73728,379670528,12922880,7442432,0,18446744073709551615,18446744073709551615,20578304,379531264,199229440,397312,0,0,717889,704521,770873,0,73728,379670528,12922880,7442432,0
[2014-12-04T22:05:38.940587992Z] 20873216,381616128,199229440,397312,0,0,718487,704538,771399,0,73728,381755392,13193216,7467008,0,18446744073709551615,18446744073709551615,20873216,381616128,199229440,397312,0,0,718487,704538,771399,0,73728,381755392,13193216,7467008,0
[2014-12-04T22:05:39.970062285Z] 20881408,259842048,174063616,397312,0,0,718791,728449,771703,0,73728,284688384,13185024,7483392,0,18446744073709551615,18446744073709551615,20881408,259743744,174063616,397312,0,0,718791,728469,771703,0,73728,284688384,13185024,7483392,0
[2014-12-04T22:05:40.980234217Z] 15900672,212328448,153092096,294912,0,0,731829,749693,784045,0,73728,212467712,13070336,2617344,0,18446744073709551615,18446744073709551615,15900672,212328448,153092096,294912,0,0,731829,749693,784045,0,73728,212467712,13070336,2617344,0
[2014-12-04T22:05:42.013853118Z] 17375232,226119680,153092096,294912,0,0,735954,750091,788055,0,73728,226258944,14401536,2760704,0,18446744073709551615,18446744073709551615,17375232,226119680,153092096,294912,0,0,735954,750091,788055,0,73728,226258944,14401536,2760704,0
[2014-12-04T22:05:43.040968148Z] 17453056,207396864,153092096,32768,0,0,743579,763801,799527,0,8192,207491072,14311424,2994176,0,18446744073709551615,18446744073709551615,17453056,207396864,153092096,32768,0,0,743579,763801,799527,0,8192,207491072,14311424,2994176,0
[2014-12-04T22:05:44.054891218Z] 18690048,241758208,157286400,364544,0,0,751268,763821,807956,0,73728,241840128,14168064,4308992,0,18446744073709551615,18446744073709551615,18690048,241758208,157286400,364544,0,0,751268,763821,807956,0,73728,241840128,14168064,4308992,0
[2014-12-04T22:05:45.075868224Z] 18690048,250236928,157286400,364544,0,0,753338,763821,810309,0,73728,250376192,14155776,4321280,0,18446744073709551615,18446744073709551615,18690048,250236928,157286400,364544,0,0,753338,763821,810309,0,73728,250376192,14155776,4321280,0
[2014-12-04T22:05:46.097438536Z] 18706432,270897152,157286400,700416,0,0,758391,763826,815902,0,73728,271028224,12136448,6356992,0,18446744073709551615,18446744073709551615,18706432,270897152,157286400,700416,0,0,758391,763826,815902,0,73728,271028224,12136448,6356992,0
[2014-12-04T22:05:47.167008932Z] 18894848,282742784,157286400,397312,0,0,761352,763849,818893,0,73728,282882048,11784192,6897664,0,18446744073709551615,18446744073709551615,18894848,282742784,157286400,397312,0,0,761352,763849,818893,0,73728,282882048,11784192,6897664,0
[2014-12-04T22:05:48.182947069Z] 19075072,295559168,161480704,397312,0,0,763537,763883,822481,0,73728,295698432,11714560,7147520,0,18446744073709551615,18446744073709551615,19075072,295559168,161480704,397312,0,0,763537,763883,822481,0,73728,295698432,11714560,7147520,0
[2014-12-04T22:05:49.188396606Z] 19632128,305369088,161480704,397312,0,0,766106,763921,825052,0,73728,305508352,12046336,7372800,0,18446744073709551615,18446744073709551615,19632128,305369088,161480704,397312,0,0,766106,763921,825052,0,73728,305508352,12046336,7372800,0
[2014-12-04T22:05:50.244581864Z] 19689472,324444160,167772160,397312,0,0,769868,764545,829405,0,73728,324583424,12083200,7393280,0,18446744073709551615,18446744073709551615,19689472,324444160,167772160,397312,0,0,769868,764545,829405,0,73728,324583424,12083200,7393280,0
[2014-12-04T22:05:51.329036337Z] 20008960,361082880,188743680,397312,0,0,775328,766092,834920,0,73728,361222144,12300288,7495680,0,18446744073709551615,18446744073709551615,20008960,361082880,188743680,397312,0,0,775328,766092,834920,0,73728,361222144,12300288,7495680,0
[2014-12-04T22:05:52.344994265Z] 20877312,383119360,203423744,397312,0,0,779164,767913,838547,0,73728,383246336,13099008,7565312,0,18446744073709551615,18446744073709551615,20877312,383119360,203423744,397312,0,0,779164,767913,838547,0,73728,383246336,13099008,7565312,0
[2014-12-04T22:05:53.407543417Z] 9797632,176775168,144703488,32768,0,0,781070,808593,840684,0,8192,176914432,6492160,3158016,0,18446744073709551615,18446744073709551615,9797632,176775168,144703488,32768,0,0,781070,808593,840684,0,8192,176914432,6492160,3158016,0
[2014-12-04T22:05:54.521762282Z] 18288640,208461824,148897792,327680,0,0,793725,812461,851882,0,73728,208547840,14245888,3829760,0,18446744073709551615,18446744073709551615,18288640,208461824,148897792,327680,0,0,793725,812461,851882,0,73728,208547840,14245888,3829760,0
[2014-12-04T22:05:55.677841589Z] 17416192,223498240,153092096,294912,0,0,796547,812847,855152,0,73728,223637504,14438400,2764800,0,18446744073709551615,18446744073709551615,17416192,223498240,153092096,294912,0,0,796547,812847,855152,0,73728,223637504,14438400,2764800,0
[2014-12-04T22:05:56.416774332Z] 17551360,210698240,150994944,331776,0,0,806136,827572,869218,0,73728,210808832,14270464,3067904,0,18446744073709551615,18446744073709551615,17551360,210698240,150994944,331776,0,0,806136,827572,869218,0,73728,210808832,14270464,3067904,0
[2014-12-04T22:05:57.433133910Z] 18690048,241291264,155189248,364544,0,0,812876,827587,876340,0,73728,241430528,14155776,4321280,0,18446744073709551615,18446744073709551615,18690048,241291264,155189248,364544,0,0,812876,827587,876340,0,73728,241430528,14155776,4321280,0
[2014-12-04T22:05:58.448115950Z] 18690048,249692160,155189248,364544,0,0,814928,827588,878461,0,73728,249815040,14155776,4321280,0,18446744073709551615,18446744073709551615,18690048,249692160,155189248,364544,0,0,814928,827588,878461,0,73728,249815040,14155776,4321280,0
[2014-12-04T22:05:59.488106463Z] 18714624,273334272,155189248,364544,0,0,820713,827595,884856,0,73728,273469440,11661312,6840320,0,18446744073709551615,18446744073709551615,18714624,273334272,155189248,364544,0,0,820713,827595,884856,0,73728,273469440,11661312,6840320,0
[2014-12-04T22:06:00.551028031Z] 19062784,292446208,161480704,397312,0,0,823979,827643,888509,0,73728,292585472,11739136,7110656,0,18446744073709551615,18446744073709551615,19062784,292446208,161480704,397312,0,0,823979,827643,888510,0,73728,292585472,11739136,7110656,0
[2014-12-04T22:06:01.596687406Z] 19128320,300720128,163577856,397312,0,0,825513,827652,890637,0,73728,300851200,11763712,7151616,0,18446744073709551615,18446744073709551615,19128320,300720128,163577856,397312,0,0,825513,827652,890637,0,73728,300851200,11763712,7151616,0
[2014-12-04T22:06:02.608992640Z] 19378176,309710848,163577856,397312,0,0,827795,827678,893023,0,73728,309850112,11972608,7192576,0,18446744073709551615,18446744073709551615,19378176,309710848,163577856,397312,0,0,827795,827678,893023,0,73728,309850112,11972608,7192576,0
[2014-12-04T22:06:03.635622117Z] 19906560,342806528,178257920,397312,0,0,833104,828355,898451,0,73728,342945792,12271616,7421952,0,18446744073709551615,18446744073709551615,19906560,342806528,178257920,397312,0,0,833104,828355,898451,0,73728,342945792,12271616,7421952,0
[2014-12-04T22:06:04.656800094Z] 20881408,378314752,201326592,397312,0,0,839057,831022,904173,0,73728,378454016,13168640,7499776,0,18446744073709551615,18446744073709551615,20881408,378314752,201326592,397312,0,0,839057,831022,904173,0,73728,378454016,13168640,7499776,0
[2014-12-04T22:06:06.285626913Z] 4837376,173355008,144703488,32768,0,0,839738,871862,906318,0,8192,173494272,4677632,12288,0,18446744073709551615,18446744073709551615,4837376,173355008,144703488,32768,0,0,839738,871862,906318,0,8192,173494272,4677632,12288,0
[2014-12-04T22:06:06.694636824Z] 15962112,197681152,144703488,294912,0,0,852216,875685,916734,0,73728,197820416,13123584,2625536,0,18446744073709551615,18446744073709551615,15962112,197681152,144703488,294912,0,0,852216,875685,916734,0,73728,197820416,13123584,2625536,0
[2014-12-04T22:06:07.707689540Z] 17375232,213372928,150994944,327680,0,0,855167,875993,919291,0,73728,213512192,14381056,2781184,0,18446744073709551615,18446744073709551615,17375232,213372928,150994944,327680,0,0,855167,875993,919291,0,73728,213512192,14381056,2781184,0
[2014-12-04T22:06:08.722913478Z] 17514496,219668480,153092096,294912,0,0,856347,876113,920714,0,73728,219803648,14503936,2793472,0,18446744073709551615,18446744073709551615,17514496,219668480,153092096,294912,0,0,856347,876113,920714,0,73728,219803648,14503936,2793472,0
[2014-12-04T22:06:09.731461705Z] 17752064,219455488,157286400,331776,0,0,867467,890804,936291,0,73728,219541504,13770752,3768320,0,18446744073709551615,18446744073709551615,17752064,219455488,157286400,331776,0,0,867467,890804,936291,0,73728,219541504,13770752,3768320,0
[2014-12-04T22:06:10.749913445Z] 18329600,242544640,159383552,364544,0,0,873027,892119,942294,0,73728,242683904,14274560,3842048,0,18446744073709551615,18446744073709551615,18329600,242544640,159383552,364544,0,0,873027,892119,942294,0,73728,242683904,14274560,3842048,0
[2014-12-04T22:06:11.767788466Z] 18337792,258535424,159383552,847872,0,0,876934,892120,946411,0,73728,258658304,13500416,4624384,0,18446744073709551615,18446744073709551615,18337792,258535424,159383552,847872,0,0,876934,892120,946411,0,73728,258658304,13500416,4624384,0
[2014-12-04T22:06:12.784372463Z] 18513920,274726912,159383552,397312,0,0,880947,892137,950727,0,73728,274849792,11898880,6402048,0,18446744073709551615,18446744073709551615,18513920,274726912,159383552,397312,0,0,880947,892137,950727,0,73728,274849792,11898880,6402048,0
[2014-12-04T22:06:13.781510430Z] 18477056,291598336,165675008,397312,0,0,883690,892303,953418,0,73728,291713024,11612160,6651904,0,18446744073709551615,18446744073709551615,18477056,291598336,165675008,397312,0,0,883690,892303,953418,0,73728,291713024,11612160,6651904,0
[2014-12-04T22:06:14.796222566Z] 18964480,308576256,167772160,397312,0,0,887460,892320,957377,0,73728,308715520,11968512,6782976,0,18446744073709551615,18446744073709551615,18964480,308576256,167772160,397312,0,0,887460,892320,957377,0,73728,308715520,11968512,6782976,0
[2014-12-04T22:06:15.807528131Z] 19386368,321024000,167772160,397312,0,0,890667,892385,960557,0,73728,321150976,12349440,6823936,0,18446744073709551615,18446744073709551615,19386368,321024000,167772160,397312,0,0,890667,892385,960557,0,73728,321150976,12349440,6823936,0
[2014-12-04T22:06:16.843339290Z] 19456000,346259456,176160768,397312,0,0,895923,893505,965865,0,73728,346357760,12394496,6848512,0,18446744073709551615,18446744073709551615,19456000,346275840,176160768,397312,0,0,895926,893505,965869,0,73728,346415104,12394496,6848512,0
[2014-12-04T22:06:17.875805554Z] 20422656,398172160,211812352,397312,0,0,902252,896635,971967,0,73728,398311424,13275136,6934528,0,18446744073709551615,18446744073709551615,20422656,398172160,211812352,397312,0,0,902252,896635,971967,0,73728,398311424,13275136,6934528,0
[2014-12-04T22:06:18.923547219Z] 10113024,187228160,148897792,32768,0,0,904466,937536,974389,0,8192,187367424,6717440,3239936,0,18446744073709551615,18446744073709551615,10113024,187228160,148897792,32768,0,0,904466,937536,974389,0,8192,187367424,6717440,3239936,0
[2014-12-04T22:06:19.925561739Z] 15994880,218984448,155189248,294912,0,0,915949,941874,985072,0,73728,219123712,13131776,2650112,0,18446744073709551615,18446744073709551615,15994880,218984448,155189248,294912,0,0,915949,941874,985072,0,73728,219123712,13131776,2650112,0
[2014-12-04T22:06:21.051858699Z] 17375232,233025536,157286400,294912,0,0,919590,942261,988626,0,73728,233164800,14401536,2760704,0,18446744073709551615,18446744073709551615,17375232,233025536,157286400,294912,0,0,919590,942261,988626,0,73728,233164800,14401536,2760704,0
[2014-12-04T22:06:21.945304980Z] 17453056,202649600,153092096,32768,0,0,925267,956357,997543,0,8192,202776576,14319616,2985984,0,18446744073709551615,18446744073709551615,17453056,202649600,153092096,32768,0,0,925268,956357,997544,0,8192,202776576,14319616,2985984,0
[2014-12-04T22:06:22.951878195Z] 17752064,237842432,159383552,331776,0,0,932577,956535,1006190,0,73728,237981696,13774848,3764224,0,18446744073709551615,18446744073709551615,17752064,237842432,159383552,331776,0,0,932577,956535,1006190,0,73728,237981696,13774848,3764224,0
[2014-12-04T22:06:23.985610765Z] 18329600,251867136,157286400,364544,0,0,936661,956543,1010573,0,73728,252006400,14274560,3842048,0,18446744073709551615,18446744073709551615,18329600,251867136,157286400,364544,0,0,936661,956543,1010573,0,73728,252006400,14274560,3842048,0
[2014-12-04T22:06:25.006601309Z] 18345984,273309696,157286400,364544,0,0,941905,956548,1016295,0,73728,273416192,12255232,5877760,0,18446744073709551615,18446744073709551615,18345984,273309696,157286400,364544,0,0,941905,956548,1016295,0,73728,273416192,12255232,5877760,0
[2014-12-04T22:06:26.101664650Z] 18665472,290017280,159383552,397312,0,0,945577,956574,1020245,0,73728,290148352,12001280,6422528,0,18446744073709551615,18446744073709551615,18665472,290017280,159383552,397312,0,0,945577,956574,1020245,0,73728,290148352,12001280,6422528,0
[2014-12-04T22:06:27.042051824Z] 18673664,299941888,159383552,397312,0,0,948165,956737,1023924,0,73728,300032000,11763712,6696960,0,18446744073709551615,18446744073709551615,18673664,299941888,159383552,397312,0,0,948165,956737,1023924,0,73728,300032000,11763712,6696960,0
[2014-12-04T22:06:28.055290695Z] 19251200,315523072,159383552,397312,0,0,952451,957078,1028577,0,73728,315654144,12263424,6774784,0,18446744073709551615,18446744073709551615,19251200,315523072,159383552,397312,0,0,952451,957078,1028577,0,73728,315654144,12263424,6774784,0
[2014-12-04T22:06:29.068774187Z] 19910656,356671488,182452224,397312,0,0,958554,959106,1035376,0,73728,356810752,12845056,6852608,0,18446744073709551615,18446744073709551615,19910656,356671488,182452224,397312,0,0,958554,959106,1035376,0,73728,356810752,12845056,6852608,0
[2014-12-04T22:06:30.085773799Z] 20418560,366206976,186646528,397312,0,0,963902,964046,1040603,0,73728,366346240,13283328,6922240,0,18446744073709551615,18446744073709551615,20418560,366206976,186646528,397312,0,0,963902,964046,1040603,0,73728,366346240,13283328,6922240,0
[2014-12-04T22:06:31.153476031Z] 4837376,176832512,144703488,32768,0,0,964547,1004509,1042771,0,8192,176971776,4677632,12288,0,18446744073709551615,18446744073709551615,4837376,176832512,144703488,32768,0,0,964547,1004509,1042771,0,8192,176971776,4677632,12288,0
[2014-12-04T22:06:32.172865084Z] 15618048,195096576,148897792,32768,0,0,974409,1008813,1049844,0,8192,195207168,12939264,2531328,0,18446744073709551615,18446744073709551615,15618048,195096576,148897792,32768,0,0,974409,1008813,1049844,0,8192,195207168,12939264,2531328,0
[2014-12-04T22:06:33.241836507Z] 18288640,208703488,148897792,327680,0,0,978402,1008832,1054015,0,73728,208801792,14245888,3829760,0,18446744073709551615,18446744073709551615,18288640,208703488,148897792,327680,0,0,978402,1008832,1054015,0,73728,208801792,14245888,3829760,0
[2014-12-04T22:06:34.267653240Z] 17547264,225611776,155189248,294912,0,0,981212,1009228,1057230,0,73728,225751040,14532608,2801664,0,18446744073709551615,18446744073709551615,17547264,225611776,155189248,294912,0,0,981212,1009228,1057230,0,73728,225751040,14532608,2801664,0
[2014-12-04T22:06:35.288789761Z] 17518592,203821056,146800640,299008,0,0,990080,1022912,1070513,0,73728,203915264,14274560,3031040,0,18446744073709551615,18446744073709551615,17518592,203821056,146800640,299008,0,0,990080,1022912,1070513,0,73728,203915264,14274560,3031040,0
[2014-12-04T22:06:36.314712142Z] 17752064,236019712,153092096,331776,0,0,996591,1023549,1077557,0,73728,236158976,13762560,3776512,0,18446744073709551615,18446744073709551615,17752064,236019712,153092096,331776,0,0,996591,1023549,1077557,0,73728,236158976,13762560,3776512,0
[2014-12-04T22:06:37.352787838Z] 17752064,246300672,153092096,806912,0,0,999101,1023549,1080155,0,73728,246431744,13762560,3776512,0,18446744073709551615,18446744073709551615,17752064,246300672,153092096,806912,0,0,999101,1023549,1080156,0,73728,246431744,13762560,3776512,0
[2014-12-04T22:06:38.387140821Z] 18337792,273682432,159383552,364544,0,0,1004876,1024029,1086429,0,73728,273772544,11788288,6336512,0,18446744073709551615,18446744073709551615,18337792,273682432,159383552,364544,0,0,1004876,1024029,1086429,0,73728,273772544,11788288,6336512,0
[2014-12-04T22:06:39.398134905Z] 18616320,291028992,161480704,397312,0,0,1008855,1024216,1090626,0,73728,291168256,11714560,6688768,0,18446744073709551615,18446744073709551615,18616320,291028992,161480704,397312,0,0,1008855,1024216,1090626,0,73728,291168256,11714560,6688768,0
[2014-12-04T22:06:40.423451014Z] 18702336,300871680,163577856,397312,0,0,1010792,1024240,1093338,0,73728,301010944,11763712,6725632,0,18446744073709551615,18446744073709551615,18702336,300871680,163577856,397312,0,0,1010792,1024240,1093338,0,73728,301010944,11763712,6725632,0
[2014-12-04T22:06:41.432327141Z] 19140608,310411264,163577856,397312,0,0,1013895,1024907,1095864,0,73728,310501376,12128256,6799360,0,18446744073709551615,18446744073709551615,19140608,310411264,163577856,397312,0,0,1013895,1024907,1095864,0,73728,310501376,12128256,6799360,0
[2014-12-04T22:06:42.457107646Z] 19550208,370835456,199229440,397312,0,0,1022208,1027566,1103915,0,73728,366764032,12492800,6844416,0,18446744073709551615,18446744073709551615,19550208,370835456,199229440,397312,0,0,1022208,1027566,1103915,0,73728,366764032,12492800,6844416,0
[2014-12-04T22:06:43.477142653Z] 20426752,374321152,203423744,397312,0,0,1024927,1030242,1106423,0,73728,374460416,13324288,6889472,0,18446744073709551615,18446744073709551615,20426752,374321152,203423744,397312,0,0,1024927,1030242,1106423,0,73728,374460416,13324288,6889472,0
[2014-12-04T22:06:44.510471437Z] 4837376,184463360,146800640,32768,0,0,1026719,1068395,1109759,0,8192,184602624,4677632,12288,0,18446744073709551615,18446744073709551615,4837376,184463360,146800640,32768,0,0,1026719,1068395,1109759,0,8192,184602624,4677632,12288,0
[2014-12-04T22:06:45.518612516Z] 4837376,184463360,146800640,32768,0,0,1026719,1068395,1109759,0,8192,184602624,4677632,12288,0,18446744073709551615,18446744073709551615,4837376,184463360,146800640,32768,0,0,1026719,1068395,1109759,0,8192,184602624,4677632,12288,0
[2014-12-04T22:06:46.529065426Z] 4837376,184463360,146800640,32768,0,0,1026719,1068395,1109759,0,8192,184602624,4677632,12288,0,18446744073709551615,18446744073709551615,4837376,184463360,146800640,32768,0,0,1026719,1068395,1109759,0,8192,184602624,4677632,12288,0
[2014-12-04T22:06:47.536877819Z] 4837376,184463360,146800640,32768,0,0,1026719,1068395,1109760,0,8192,184602624,4677632,12288,0,18446744073709551615,18446744073709551615,4837376,184463360,146800640,32768,0,0,1026719,1068395,1109760,0,8192,184602624,4677632,12288,0
[2014-12-04T22:06:48.560311540Z] 4837376,184463360,146800640,32768,0,0,1026719,1068395,1109760,0,8192,184602624,4677632,12288,0,18446744073709551615,18446744073709551615,4837376,184463360,146800640,32768,0,0,1026719,1068395,1109760,0,8192,184602624,4677632,12288,0
[2014-12-04T22:06:49.623891232Z] 4837376,184463360,146800640,32768,0,0,1026719,1068395,1109760,0,8192,184602624,4677632,12288,0,18446744073709551615,18446744073709551615,4837376,184463360,146800640,32768,0,0,1026719,1068395,1109760,0,8192,184602624,4677632,12288,0
