2014-12-04T22:01:49.312150895Z cache,rss,rss_huge,mapped_file,writeback,swap,pgpgin,pgpgout,pgfault,pgmajfault,inactive_anon,active_anon,inactive_file,active_file,unevictable,hierarchical_memory_limit,hierarchical_memsw_limit,total_cache,total_rss,total_rss_huge,total_mapped_file,total_writeback,total_swap,total_pgpgin,total_pgpgout,total_pgfault,total_pgmajfault,total_inactive_anon,total_active_anon,total_inactive_file,total_active_file,total_unevictable
2014-12-04T22:01:49.326324881Z 126976,78495744,62914560,32768,0,0,5201,1336,7155,0,20480,76406784,40960,12288,0,18446744073709551615,18446744073709551615,126976,78495744,62914560,32768,0,0,5201,1336,7155,0,20480,76406784,40960,12288,0
[2014-12-04T22:01:50.328675274Z] 126976,115785728,94371840,32768,0,0,7151,1847,9164,0,16384,115843072,40960,12288,0,18446744073709551615,18446744073709551615,126976,115785728,94371840,32768,0,0,7151,1847,9164,0,16384,115843072,40960,12288,0
[2014-12-04T22:01:51.332615405Z] 126976,115785728,94371840,32768,0,0,7151,1847,9164,0,16384,115843072,40960,12288,0,18446744073709551615,18446744073709551615,126976,115785728,94371840,32768,0,0,7151,1847,9164,0,16384,115843072,40960,12288,0
[2014-12-04T22:01:52.337577950Z] 126976,115785728,94371840,32768,0,0,7151,1847,9164,0,16384,115843072,40960,12288,0,18446744073709551615,18446744073709551615,126976,115785728,94371840,32768,0,0,7151,1847,9164,0,16384,115843072,40960,12288,0
[2014-12-04T22:01:53.342072890Z] 126976,115785728,94371840,32768,0,0,7151,1847,9164,0,16384,115843072,40960,12288,0,18446744073709551615,18446744073709551615,126976,115785728,94371840,32768,0,0,7151,1847,9164,0,16384,115843072,40960,12288,0
[2014-12-04T22:01:54.346096972Z] 126976,115343360,94371840,32768,0,0,7151,1955,9164,0,16384,115400704,40960,12288,0,18446744073709551615,18446744073709551615,126976,115343360,94371840,32768,0,0,7151,1955,9164,0,16384,115400704,40960,12288,0
[2014-12-04T22:01:55.350929868Z] 126976,115343360,94371840,32768,0,0,7151,1955,9164,0,16384,115400704,40960,12288,0,18446744073709551615,18446744073709551615,126976,115343360,94371840,32768,0,0,7151,1955,9164,0,16384,115400704,40960,12288,0
[2014-12-04T22:01:56.355125267Z] 126976,115343360,94371840,32768,0,0,7151,1955,9164,0,16384,115400704,40960,12288,0,18446744073709551615,18446744073709551615,126976,115343360,94371840,32768,0,0,7151,1955,9164,0,16384,115400704,40960,12288,0
[2014-12-04T22:01:57.360014507Z] 126976,115343360,94371840,32768,0,0,7151,1955,9164,0,16384,115400704,40960,12288,0,18446744073709551615,18446744073709551615,126976,115343360,94371840,32768,0,0,7151,1955,9164,0,16384,115400704,40960,12288,0
[2014-12-04T22:01:58.364504337Z] 126976,115343360,94371840,32768,0,0,7151,1955,9164,0,16384,115400704,40960,12288,0,18446744073709551615,18446744073709551615,126976,115343360,94371840,32768,0,0,7151,1955,9164,0,16384,115400704,40960,12288,0
[2014-12-04T22:01:59.368345756Z] 126976,115343360,94371840,32768,0,0,7151,1955,9164,0,16384,115400704,40960,12288,0,18446744073709551615,18446744073709551615,126976,115343360,94371840,32768,0,0,7151,1955,9164,0,16384,115400704,40960,12288,0
[2014-12-04T22:02:00.372820359Z] 126976,115343360,94371840,32768,0,0,7151,1955,9164,0,16384,115400704,40960,12288,0,18446744073709551615,18446744073709551615,126976,115343360,94371840,32768,0,0,7151,1955,9164,0,16384,115400704,40960,12288,0
[2014-12-04T22:02:01.380448222Z] 126976,115343360,94371840,32768,0,0,7151,1955,9164,0,16384,115400704,40960,12288,0,18446744073709551615,18446744073709551615,126976,115343360,94371840,32768,0,0,7151,1955,9164,0,16384,115400704,40960,12288,0
[2014-12-04T22:02:02.385006386Z] 126976,115343360,94371840,32768,0,0,7151,1955,9164,0,16384,115400704,40960,12288,0,18446744073709551615,18446744073709551615,126976,115343360,94371840,32768,0,0,7151,1955,9164,0,16384,115400704,40960,12288,0
[2014-12-04T22:02:03.396299602Z] 126976,115343360,94371840,32768,0,0,7151,1955,9164,0,16384,115400704,40960,12288,0,18446744073709551615,18446744073709551615,126976,115343360,94371840,32768,0,0,7151,1955,9164,0,16384,115400704,40960,12288,0
[2014-12-04T22:02:04.559316213Z] 126976,115343360,94371840,32768,0,0,7151,1955,9164,0,16384,115400704,40960,12288,0,18446744073709551615,18446744073709551615,126976,115343360,94371840,32768,0,0,7151,1955,9164,0,16384,115400704,40960,12288,0
[2014-12-04T22:02:05.411960131Z] 126976,115343360,94371840,32768,0,0,7151,1955,9164,0,16384,115400704,40960,12288,0,18446744073709551615,18446744073709551615,126976,115343360,94371840,32768,0,0,7151,1955,9164,0,16384,115400704,40960,12288,0
[2014-12-04T22:02:06.415761285Z] 126976,115343360,94371840,32768,0,0,7151,1955,9164,0,16384,115400704,40960,12288,0,18446744073709551615,18446744073709551615,126976,115343360,94371840,32768,0,0,7151,1955,9164,0,16384,115400704,40960,12288,0
[2014-12-04T22:02:07.419034972Z] 126976,115343360,94371840,32768,0,0,7151,1955,9164,0,16384,115400704,40960,12288,0,18446744073709551615,18446744073709551615,126976,115343360,94371840,32768,0,0,7151,1955,9164,0,16384,115400704,40960,12288,0
[2014-12-04T22:02:08.427155018Z] 126976,115343360,94371840,32768,0,0,7151,1955,9164,0,16384,115400704,40960,12288,0,18446744073709551615,18446744073709551615,126976,115343360,94371840,32768,0,0,7151,1955,9164,0,16384,115400704,40960,12288,0
[2014-12-04T22:02:09.434479331Z] 126976,115343360,94371840,32768,0,0,7151,1955,9164,0,16384,115400704,40960,12288,0,18446744073709551615,18446744073709551615,126976,115343360,94371840,32768,0,0,7151,1955,9164,0,16384,115400704,40960,12288,0
[2014-12-04T22:02:10.439109309Z] 126976,115343360,94371840,32768,0,0,7151,1955,9164,0,16384,115400704,40960,12288,0,18446744073709551615,18446744073709551615,126976,115343360,94371840,32768,0,0,7151,1955,9164,0,16384,115400704,40960,12288,0
[2014-12-04T22:02:11.459906600Z] 126976,115343360,94371840,32768,0,0,7151,1955,9164,0,16384,115400704,40960,12288,0,18446744073709551615,18446744073709551615,126976,115343360,94371840,32768,0,0,7151,1955,9164,0,16384,115400704,40960,12288,0
[2014-12-04T22:02:12.461034316Z] 126976,115343360,94371840,32768,0,0,7151,1955,9164,0,16384,115400704,40960,12288,0,18446744073709551615,18446744073709551615,126976,115343360,94371840,32768,0,0,7151,1955,9164,0,16384,115400704,40960,12288,0
[2014-12-04T22:02:13.467258121Z] 126976,115343360,94371840,32768,0,0,7151,1955,9164,0,16384,115400704,40960,12288,0,18446744073709551615,18446744073709551615,126976,115343360,94371840,32768,0,0,7151,1955,9164,0,16384,115400704,40960,12288,0
[2014-12-04T22:02:14.479833279Z] 126976,115343360,94371840,32768,0,0,7151,1955,9164,0,16384,115400704,40960,12288,0,18446744073709551615,18446744073709551615,126976,115343360,94371840,32768,0,0,7151,1955,9164,0,16384,115400704,40960,12288,0
[2014-12-04T22:02:15.488981563Z] 126976,115343360,94371840,32768,0,0,7151,1955,9164,0,16384,115400704,40960,12288,0,18446744073709551615,18446744073709551615,126976,115343360,94371840,32768,0,0,7151,1955,9164,0,16384,115400704,40960,12288,0
[2014-12-04T22:02:16.497715443Z] 126976,115343360,94371840,32768,0,0,7151,1955,9164,0,16384,115400704,40960,12288,0,18446744073709551615,18446744073709551615,126976,115343360,94371840,32768,0,0,7151,1955,9164,0,16384,115400704,40960,12288,0
[2014-12-04T22:02:17.504783587Z] 126976,115343360,94371840,32768,0,0,7151,1955,9164,0,16384,115400704,40960,12288,0,18446744073709551615,18446744073709551615,126976,115343360,94371840,32768,0,0,7151,1955,9164,0,16384,115400704,40960,12288,0
[2014-12-04T22:02:18.508852861Z] 126976,115343360,94371840,32768,0,0,7151,1955,9164,0,16384,115400704,40960,12288,0,18446744073709551615,18446744073709551615,126976,115343360,94371840,32768,0,0,7151,1955,9164,0,16384,115400704,40960,12288,0
[2014-12-04T22:02:19.512116205Z] 126976,115343360,94371840,32768,0,0,7151,1955,9164,0,16384,115400704,40960,12288,0,18446744073709551615,18446744073709551615,126976,115343360,94371840,32768,0,0,7151,1955,9164,0,16384,115400704,40960,12288,0
[2014-12-04T22:02:20.945938747Z] 126976,115343360,94371840,32768,0,0,7151,1955,9164,0,16384,115400704,40960,12288,0,18446744073709551615,18446744073709551615,126976,115343360,94371840,32768,0,0,7151,1955,9164,0,16384,115400704,40960,12288,0
[2014-12-04T22:02:21.777976336Z] 126976,115343360,94371840,32768,0,0,7151,1955,9166,0,16384,115400704,40960,12288,0,18446744073709551615,18446744073709551615,126976,115343360,94371840,32768,0,0,7151,1955,9166,0,16384,115400704,40960,12288,0
[2014-12-04T22:02:22.525577845Z] 126976,115343360,94371840,32768,0,0,7151,1955,9166,0,16384,115400704,40960,12288,0,18446744073709551615,18446744073709551615,126976,115343360,94371840,32768,0,0,7151,1955,9166,0,16384,115400704,40960,12288,0
[2014-12-04T22:02:23.532105662Z] 126976,115343360,94371840,32768,0,0,7151,1955,9166,0,16384,115400704,40960,12288,0,18446744073709551615,18446744073709551615,126976,115343360,94371840,32768,0,0,7151,1955,9166,0,16384,115400704,40960,12288,0
[2014-12-04T22:02:24.538117808Z] 126976,115343360,94371840,32768,0,0,7151,1955,9166,0,16384,115400704,40960,12288,0,18446744073709551615,18446744073709551615,126976,115343360,94371840,32768,0,0,7151,1955,9166,0,16384,115400704,40960,12288,0
[2014-12-04T22:02:25.541885724Z] 126976,115343360,94371840,32768,0,0,7151,1955,9166,0,16384,115400704,40960,12288,0,18446744073709551615,18446744073709551615,126976,115343360,94371840,32768,0,0,7151,1955,9166,0,16384,115400704,40960,12288,0
[2014-12-04T22:02:26.955417592Z] 126976,115343360,94371840,32768,0,0,7151,1955,9166,0,16384,115400704,40960,12288,0,18446744073709551615,18446744073709551615,126976,115343360,94371840,32768,0,0,7151,1955,9166,0,16384,115400704,40960,12288,0
[2014-12-04T22:02:27.551314060Z] 126976,115343360,94371840,32768,0,0,7151,1955,9166,0,16384,115400704,40960,12288,0,18446744073709551615,18446744073709551615,126976,115343360,94371840,32768,0,0,7151,1955,9166,0,16384,115400704,40960,12288,0
[2014-12-04T22:02:28.875038650Z] 126976,115343360,94371840,32768,0,0,7151,1955,9166,0,16384,115400704,40960,12288,0,18446744073709551615,18446744073709551615,126976,115343360,94371840,32768,0,0,7151,1955,9166,0,16384,115400704,40960,12288,0
[2014-12-04T22:02:29.564976154Z] 126976,115343360,94371840,32768,0,0,7151,1955,9166,0,16384,115400704,40960,12288,0,18446744073709551615,18446744073709551615,126976,115343360,94371840,32768,0,0,7151,1955,9166,0,16384,115400704,40960,12288,0
[2014-12-04T22:02:30.570254351Z] 126976,115343360,94371840,32768,0,0,7151,1955,9166,0,16384,115400704,40960,12288,0,18446744073709551615,18446744073709551615,126976,115343360,94371840,32768,0,0,7151,1955,9166,0,16384,115400704,40960,12288,0
[2014-12-04T22:02:31.575570348Z] 126976,115343360,94371840,32768,0,0,7151,1955,9166,0,16384,115400704,40960,12288,0,18446744073709551615,18446744073709551615,126976,115343360,94371840,32768,0,0,7151,1955,9166,0,16384,115400704,40960,12288,0
[2014-12-04T22:02:33.319216801Z] 126976,115343360,94371840,32768,0,0,7151,1955,9166,0,16384,115400704,40960,12288,0,18446744073709551615,18446744073709551615,126976,115343360,94371840,32768,0,0,7151,1955,9166,0,16384,115400704,40960,12288,0
[2014-12-04T22:02:33.591888676Z] 126976,115343360,94371840,32768,0,0,7151,1955,9166,0,16384,115400704,40960,12288,0,18446744073709551615,18446744073709551615,126976,115343360,94371840,32768,0,0,7151,1955,9166,0,16384,115400704,40960,12288,0
[2014-12-04T22:02:34.597043738Z] 126976,115343360,94371840,32768,0,0,7151,1955,9166,0,16384,115400704,40960,12288,0,18446744073709551615,18446744073709551615,126976,115343360,94371840,32768,0,0,7151,1955,9166,0,16384,115400704,40960,12288,0
[2014-12-04T22:02:35.601004758Z] 126976,115343360,94371840,32768,0,0,7151,1955,9167,0,16384,115400704,40960,12288,0,18446744073709551615,18446744073709551615,126976,115343360,94371840,32768,0,0,7151,1955,9167,0,16384,115400704,40960,12288,0
[2014-12-04T22:02:36.608782770Z] 126976,115343360,94371840,32768,0,0,7151,1955,9167,0,16384,115400704,40960,12288,0,18446744073709551615,18446744073709551615,126976,115343360,94371840,32768,0,0,7151,1955,9167,0,16384,115400704,40960,12288,0
[2014-12-04T22:02:37.997659701Z] 126976,115343360,94371840,32768,0,0,7151,1955,9167,0,16384,115400704,40960,12288,0,18446744073709551615,18446744073709551615,126976,115343360,94371840,32768,0,0,7151,1955,9167,0,16384,115400704,40960,12288,0
[2014-12-04T22:02:38.898996860Z] 126976,115343360,94371840,32768,0,0,7151,1955,9167,0,16384,115400704,40960,12288,0,18446744073709551615,18446744073709551615,126976,115343360,94371840,32768,0,0,7151,1955,9167,0,16384,115400704,40960,12288,0
[2014-12-04T22:02:39.625934113Z] 126976,115343360,94371840,32768,0,0,7151,1955,9167,0,16384,115400704,40960,12288,0,18446744073709551615,18446744073709551615,126976,115343360,94371840,32768,0,0,7151,1955,9167,0,16384,115400704,40960,12288,0
[2014-12-04T22:02:40.629347153Z] 126976,115343360,94371840,32768,0,0,7151,1955,9167,0,16384,115400704,40960,12288,0,18446744073709551615,18446744073709551615,126976,115343360,94371840,32768,0,0,7151,1955,9167,0,16384,115400704,40960,12288,0
[2014-12-04T22:02:41.646638581Z] 126976,115343360,94371840,32768,0,0,7151,1955,9167,0,16384,115400704,40960,12288,0,18446744073709551615,18446744073709551615,126976,115343360,94371840,32768,0,0,7151,1955,9167,0,16384,115400704,40960,12288,0
[2014-12-04T22:02:42.650321784Z] 126976,115343360,94371840,32768,0,0,7151,1955,9167,0,16384,115400704,40960,12288,0,18446744073709551615,18446744073709551615,126976,115343360,94371840,32768,0,0,7151,1955,9167,0,16384,115400704,40960,12288,0
[2014-12-04T22:02:43.654668977Z] 126976,115343360,94371840,32768,0,0,7151,1955,9167,0,16384,115400704,40960,12288,0,18446744073709551615,18446744073709551615,126976,115343360,94371840,32768,0,0,7151,1955,9167,0,16384,115400704,40960,12288,0
[2014-12-04T22:02:45.036006725Z] 126976,115343360,94371840,32768,0,0,7151,1955,9167,0,16384,115400704,40960,12288,0,18446744073709551615,18446744073709551615,126976,115343360,94371840,32768,0,0,7151,1955,9167,0,16384,115400704,40960,12288,0
[2014-12-04T22:02:45.728059609Z] 126976,115343360,94371840,32768,0,0,7151,1955,9167,0,16384,115400704,40960,12288,0,18446744073709551615,18446744073709551615,126976,115343360,94371840,32768,0,0,7151,1955,9167,0,16384,115400704,40960,12288,0
[2014-12-04T22:02:46.678449001Z] 126976,115343360,94371840,32768,0,0,7151,1955,9167,0,16384,115400704,40960,12288,0,18446744073709551615,18446744073709551615,126976,115343360,94371840,32768,0,0,7151,1955,9167,0,16384,115400704,40960,12288,0
[2014-12-04T22:02:47.686624178Z] 126976,115343360,94371840,32768,0,0,7151,1955,9167,0,16384,115400704,40960,12288,0,18446744073709551615,18446744073709551615,126976,115343360,94371840,32768,0,0,7151,1955,9167,0,16384,115400704,40960,12288,0
[2014-12-04T22:02:48.690378514Z] 126976,115343360,94371840,32768,0,0,7151,1955,9167,0,16384,115400704,40960,12288,0,18446744073709551615,18446744073709551615,126976,115343360,94371840,32768,0,0,7151,1955,9167,0,16384,115400704,40960,12288,0
[2014-12-04T22:02:49.698601731Z] 126976,115343360,94371840,32768,0,0,7151,1955,9167,0,16384,115400704,40960,12288,0,18446744073709551615,18446744073709551615,126976,115343360,94371840,32768,0,0,7151,1955,9167,0,16384,115400704,40960,12288,0
[2014-12-04T22:02:50.927673259Z] 126976,115343360,94371840,32768,0,0,7151,1955,9167,0,16384,115400704,40960,12288,0,18446744073709551615,18446744073709551615,126976,115343360,94371840,32768,0,0,7151,1955,9167,0,16384,115400704,40960,12288,0
[2014-12-04T22:02:51.717262360Z] 126976,115343360,94371840,32768,0,0,7151,1955,9169,0,16384,115400704,40960,12288,0,18446744073709551615,18446744073709551615,126976,115343360,94371840,32768,0,0,7151,1955,9169,0,16384,115400704,40960,12288,0
[2014-12-04T22:02:52.899919710Z] 126976,115343360,94371840,32768,0,0,7151,1955,9169,0,16384,115400704,40960,12288,0,18446744073709551615,18446744073709551615,126976,115343360,94371840,32768,0,0,7151,1955,9169,0,16384,115400704,40960,12288,0
[2014-12-04T22:02:53.735363099Z] 126976,115343360,94371840,32768,0,0,7151,1955,9169,0,16384,115400704,40960,12288,0,18446744073709551615,18446744073709551615,126976,115343360,94371840,32768,0,0,7151,1955,9169,0,16384,115400704,40960,12288,0
[2014-12-04T22:02:54.744708049Z] 126976,115343360,94371840,32768,0,0,7151,1955,9169,0,16384,115400704,40960,12288,0,18446744073709551615,18446744073709551615,126976,115343360,94371840,32768,0,0,7151,1955,9169,0,16384,115400704,40960,12288,0
[2014-12-04T22:02:55.751114003Z] 126976,115343360,94371840,32768,0,0,7151,1955,9169,0,16384,115400704,40960,12288,0,18446744073709551615,18446744073709551615,126976,115343360,94371840,32768,0,0,7151,1955,9169,0,16384,115400704,40960,12288,0
[2014-12-04T22:02:56.755844542Z] 126976,115343360,94371840,32768,0,0,7151,1955,9169,0,16384,115400704,40960,12288,0,18446744073709551615,18446744073709551615,126976,115343360,94371840,32768,0,0,7151,1955,9169,0,16384,115400704,40960,12288,0
[2014-12-04T22:02:57.760058464Z] 126976,115343360,94371840,32768,0,0,7151,1955,9169,0,16384,115400704,40960,12288,0,18446744073709551615,18446744073709551615,126976,115343360,94371840,32768,0,0,7151,1955,9169,0,16384,115400704,40960,12288,0
[2014-12-04T22:02:58.765336977Z] 126976,115343360,94371840,32768,0,0,7151,1955,9169,0,16384,115400704,40960,12288,0,18446744073709551615,18446744073709551615,126976,115343360,94371840,32768,0,0,7151,1955,9169,0,16384,115400704,40960,12288,0
[2014-12-04T22:02:59.769487320Z] 126976,115343360,94371840,32768,0,0,7151,1955,9169,0,16384,115400704,40960,12288,0,18446744073709551615,18446744073709551615,126976,115343360,94371840,32768,0,0,7151,1955,9169,0,16384,115400704,40960,12288,0
[2014-12-04T22:03:00.776996546Z] 126976,115343360,94371840,32768,0,0,7151,1955,9169,0,16384,115400704,40960,12288,0,18446744073709551615,18446744073709551615,126976,115343360,94371840,32768,0,0,7151,1955,9169,0,16384,115400704,40960,12288,0
[2014-12-04T22:03:01.789807986Z] 126976,115343360,94371840,32768,0,0,7151,1955,9169,0,16384,115400704,40960,12288,0,18446744073709551615,18446744073709551615,126976,115343360,94371840,32768,0,0,7151,1955,9169,0,16384,115400704,40960,12288,0
[2014-12-04T22:03:03.046722084Z] 126976,115343360,94371840,32768,0,0,7151,1955,9169,0,16384,115400704,40960,12288,0,18446744073709551615,18446744073709551615,126976,115343360,94371840,32768,0,0,7151,1955,9169,0,16384,115400704,40960,12288,0
[2014-12-04T22:03:03.800578174Z] 126976,115343360,94371840,32768,0,0,7151,1955,9169,0,16384,115400704,40960,12288,0,18446744073709551615,18446744073709551615,126976,115343360,94371840,32768,0,0,7151,1955,9169,0,16384,115400704,40960,12288,0
[2014-12-04T22:03:04.810695842Z] 126976,115343360,94371840,32768,0,0,7151,1955,9169,0,16384,115400704,40960,12288,0,18446744073709551615,18446744073709551615,126976,115343360,94371840,32768,0,0,7151,1955,9169,0,16384,115400704,40960,12288,0
[2014-12-04T22:03:05.822314712Z] 126976,115343360,94371840,32768,0,0,7151,1955,9169,0,16384,115400704,40960,12288,0,18446744073709551615,18446744073709551615,126976,115343360,94371840,32768,0,0,7151,1955,9169,0,16384,115400704,40960,12288,0
[2014-12-04T22:03:06.829764865Z] 126976,115343360,94371840,32768,0,0,7151,1955,9169,0,16384,115400704,40960,12288,0,18446744073709551615,18446744073709551615,126976,115343360,94371840,32768,0,0,7151,1955,9169,0,16384,115400704,40960,12288,0
[2014-12-04T22:03:07.835675468Z] 126976,115343360,94371840,32768,0,0,7151,1955,9169,0,16384,115400704,40960,12288,0,18446744073709551615,18446744073709551615,126976,115343360,94371840,32768,0,0,7151,1955,9169,0,16384,115400704,40960,12288,0
[2014-12-04T22:03:08.840762128Z] 126976,115343360,94371840,32768,0,0,7151,1955,9169,0,16384,115400704,40960,12288,0,18446744073709551615,18446744073709551615,126976,115343360,94371840,32768,0,0,7151,1955,9169,0,16384,115400704,40960,12288,0
[2014-12-04T22:03:09.848879291Z] 126976,115343360,94371840,32768,0,0,7151,1955,9169,0,16384,115400704,40960,12288,0,18446744073709551615,18446744073709551615,126976,115343360,94371840,32768,0,0,7151,1955,9169,0,16384,115400704,40960,12288,0
[2014-12-04T22:03:10.861072068Z] 126976,115343360,94371840,32768,0,0,7151,1955,9169,0,16384,115400704,40960,12288,0,18446744073709551615,18446744073709551615,126976,115343360,94371840,32768,0,0,7151,1955,9169,0,16384,115400704,40960,12288,0
[2014-12-04T22:03:11.864688215Z] 126976,115343360,94371840,32768,0,0,7151,1955,9169,0,16384,115400704,40960,12288,0,18446744073709551615,18446744073709551615,126976,115343360,94371840,32768,0,0,7151,1955,9169,0,16384,115400704,40960,12288,0
[2014-12-04T22:03:13.127493547Z] 126976,115343360,94371840,32768,0,0,7151,1955,9169,0,16384,115400704,40960,12288,0,18446744073709551615,18446744073709551615,126976,115343360,94371840,32768,0,0,7151,1955,9169,0,16384,115400704,40960,12288,0
[2014-12-04T22:03:13.879972044Z] 126976,115343360,94371840,32768,0,0,7151,1955,9169,0,16384,115400704,40960,12288,0,18446744073709551615,18446744073709551615,126976,115343360,94371840,32768,0,0,7151,1955,9169,0,16384,115400704,40960,12288,0
[2014-12-04T22:03:14.889429171Z] 126976,115343360,94371840,32768,0,0,7151,1955,9169,0,16384,115400704,40960,12288,0,18446744073709551615,18446744073709551615,126976,115343360,94371840,32768,0,0,7151,1955,9169,0,16384,115400704,40960,12288,0
[2014-12-04T22:03:15.922788280Z] 126976,115343360,94371840,32768,0,0,7151,1955,9169,0,16384,115400704,40960,12288,0,18446744073709551615,18446744073709551615,126976,115343360,94371840,32768,0,0,7151,1955,9169,0,16384,115400704,40960,12288,0
[2014-12-04T22:03:17.049229269Z] 126976,115343360,94371840,32768,0,0,7151,1955,9169,0,16384,115400704,40960,12288,0,18446744073709551615,18446744073709551615,126976,115343360,94371840,32768,0,0,7151,1955,9169,0,16384,115400704,40960,12288,0
[2014-12-04T22:03:17.958456451Z] 126976,120131584,98566144,32768,0,0,7298,1955,9325,0,16384,120172544,40960,12288,0,18446744073709551615,18446744073709551615,126976,120131584,98566144,32768,0,0,7298,1955,9325,0,16384,120172544,40960,12288,0
[2014-12-04T22:03:19.278589625Z] 10919936,141107200,117440512,32768,0,0,12818,4318,12212,0,24576,141176832,6184960,4640768,0,18446744073709551615,18446744073709551615,10919936,141107200,117440512,32768,0,0,12818,4318,12212,0,24576,141176832,6184960,4640768,0
[2014-12-04T22:03:19.994002689Z] 15785984,186933248,142606336,32768,0,0,22973,8740,21396,0,8192,187027456,13127680,2555904,0,18446744073709551615,18446744073709551615,15785984,186933248,142606336,32768,0,0,22973,8740,21396,0,8192,187027456,13127680,2555904,0
[2014-12-04T22:03:21.004096668Z] 17477632,160800768,136314880,32768,0,0,29294,20517,29167,0,8192,160919552,14323712,3026944,0,18446744073709551615,18446744073709551615,17477632,160800768,136314880,32768,0,0,29294,20517,29167,0,8192,160919552,14323712,3026944,0
[2014-12-04T22:03:22.011023042Z] 18677760,229109760,146800640,364544,0,0,45538,23368,48462,0,73728,229228544,14155776,4329472,0,18446744073709551615,18446744073709551615,18677760,229109760,146800640,364544,0,0,45538,23368,48462,0,73728,229228544,14155776,4329472,0
[2014-12-04T22:03:23.017413316Z] 18984960,267452416,148897792,397312,0,0,54710,23615,58303,0,77824,267571200,11919360,6868992,0,18446744073709551615,18446744073709551615,18984960,267452416,148897792,397312,0,0,54710,23615,58303,0,77824,267571200,11919360,6868992,0
[2014-12-04T22:03:24.029981873Z] 19001344,270045184,150994944,397312,0,0,54846,23625,58435,0,77824,270163968,11907072,6893568,0,18446744073709551615,18446744073709551615,19001344,270045184,150994944,397312,0,0,54846,23625,58435,0,77824,270163968,11907072,6893568,0
[2014-12-04T22:03:25.126916066Z] 19169280,294277120,155189248,397312,0,0,60697,24541,64283,0,77824,294338560,11771904,7200768,0,18446744073709551615,18446744073709551615,19169280,294277120,155189248,397312,0,0,60697,24541,64283,0,77824,294338560,11771904,7200768,0
[2014-12-04T22:03:26.123313142Z] 19648512,339603456,180355072,397312,0,0,69447,28238,72946,0,77824,339730432,12046336,7401472,0,18446744073709551615,18446744073709551615,19648512,339623936,180355072,397312,0,0,69451,28238,72951,0,77824,339730432,12046336,7401472,0
[2014-12-04T22:03:27.382033094Z] 20598784,356364288,184549376,397312,0,0,79993,35995,83381,0,77824,356487168,12943360,7454720,0,18446744073709551615,18446744073709551615,20598784,356364288,184549376,397312,0,0,79993,35995,83381,0,77824,356487168,12943360,7454720,0
[2014-12-04T22:03:28.150021239Z] 20598784,363675648,190840832,397312,0,0,91538,47288,94929,0,77824,363798528,12943360,7454720,0,18446744073709551615,18446744073709551615,20598784,363675648,190840832,397312,0,0,91538,47288,94929,0,77824,363798528,12943360,7454720,0
[2014-12-04T22:03:29.160666252Z] 20598784,364122112,190840832,397312,0,0,96164,51805,99555,0,77824,364212224,12943360,7454720,0,18446744073709551615,18446744073709551615,20598784,364122112,190840832,397312,0,0,96164,51805,99555,0,77824,364212224,12943360,7454720,0
[2014-12-04T22:03:30.180786860Z] 20783104,366493696,192937984,397312,0,0,102654,58182,106000,0,77824,366616576,13123584,7458816,0,18446744073709551615,18446744073709551615,20783104,366493696,192937984,397312,0,0,102654,58182,106000,0,77824,366616576,13123584,7458816,0
[2014-12-04T22:03:31.192227880Z] 20783104,357650432,186646528,397312,0,0,108354,64508,111705,0,77824,357773312,13123584,7458816,0,18446744073709551615,18446744073709551615,20783104,357650432,186646528,397312,0,0,108354,64508,111705,0,77824,357773312,13123584,7458816,0
[2014-12-04T22:03:32.202543005Z] 20783104,347213824,186646528,397312,0,0,113353,72055,116841,0,77824,347336704,13111296,7471104,0,18446744073709551615,18446744073709551615,20783104,347213824,186646528,397312,0,0,113353,72055,116841,0,77824,347336704,13111296,7471104,0
[2014-12-04T22:03:33.226616530Z] 18812928,168996864,136314880,32768,0,0,116632,107061,120698,0,12288,169119744,12214272,6463488,0,18446744073709551615,18446744073709551615,18812928,168996864,136314880,32768,0,0,116632,107061,120698,0,12288,169119744,12214272,6463488,0
[2014-12-04T22:03:34.687007748Z] 15609856,175616000,136314880,32768,0,0,123604,113199,123974,0,8192,175734784,12939264,2535424,0,18446744073709551615,18446744073709551615,15609856,175616000,136314880,32768,0,0,123604,113199,123974,0,8192,175734784,12939264,2535424,0
[2014-12-04T22:03:35.297861591Z] 17203200,205897728,142606336,327680,69632,0,131904,115250,134011,0,73728,205967360,14245888,2756608,0,18446744073709551615,18446744073709551615,17203200,205897728,142606336,327680,69632,0,131904,115250,134011,0,73728,205967360,14245888,2756608,0
[2014-12-04T22:03:36.372373724Z] 17371136,213196800,142606336,294912,0,0,133843,115877,136207,0,73728,213323776,14401536,2768896,0,18446744073709551615,18446744073709551615,17371136,213196800,142606336,294912,0,0,133843,115877,136207,0,73728,213323776,14401536,2768896,0
[2014-12-04T22:03:37.401483557Z] 17448960,180781056,136314880,32768,0,0,139517,129446,144814,0,8192,180908032,14319616,2994176,0,18446744073709551615,18446744073709551615,17448960,180781056,136314880,32768,0,0,139517,129446,144814,0,8192,180908032,14319616,2994176,0
[2014-12-04T22:03:38.426094085Z] 18108416,216829952,140509184,331776,0,0,147799,130810,154527,0,73728,216956928,13656064,4251648,0,18446744073709551615,18446744073709551615,18108416,216829952,140509184,331776,0,0,147799,130810,154527,0,73728,216956928,13656064,4251648,0
[2014-12-04T22:03:39.437936857Z] 18108416,233644032,140509184,331776,0,0,151905,130811,158991,0,73728,233771008,13643776,4263936,0,18446744073709551615,18446744073709551615,18108416,233644032,140509184,331776,0,0,151905,130811,158991,0,73728,233771008,13643776,4263936,0
[2014-12-04T22:03:40.446499147Z] 18976768,268046336,144703488,397312,0,0,159631,130948,168048,0,73728,268120064,11902976,6873088,0,18446744073709551615,18446744073709551615,18976768,268046336,144703488,397312,0,0,159631,130948,168048,0,73728,268120064,11902976,6873088,0
[2014-12-04T22:03:41.457844238Z] 18993152,272207872,146800640,397312,0,0,160144,130952,168634,0,73728,272334848,11919360,6873088,0,18446744073709551615,18446744073709551615,18993152,272207872,146800640,397312,0,0,160144,130952,168634,0,73728,272334848,11919360,6873088,0
[2014-12-04T22:03:42.495782175Z] 19103744,288096256,150994944,397312,0,0,163079,131003,172409,0,73728,288210944,11714560,7188480,0,18446744073709551615,18446744073709551615,19103744,288096256,150994944,397312,0,0,163079,131003,172409,0,73728,288210944,11714560,7188480,0
[2014-12-04T22:03:43.800915425Z] 19558400,309870592,155189248,397312,0,0,168501,132531,177814,0,73728,307875840,12124160,7233536,0,18446744073709551615,18446744073709551615,19558400,309870592,155189248,397312,0,0,168501,132531,177814,0,73728,307875840,12124160,7233536,0
[2014-12-04T22:03:44.514854220Z] 20770816,365547520,192937984,397312,0,0,175075,134925,184235,0,73728,365674496,13107200,7462912,0,18446744073709551615,18446744073709551615,20770816,365547520,192937984,397312,0,0,175075,134925,184235,0,73728,365674496,13107200,7462912,0
[2014-12-04T22:03:45.532096415Z] 20791296,367980544,192937984,397312,0,0,175684,134935,184839,0,73728,368107520,13127680,7462912,0,18446744073709551615,18446744073709551615,20791296,367980544,192937984,397312,0,0,175684,134935,184839,0,73728,368107520,13127680,7462912,0
[2014-12-04T22:03:46.539434732Z] 20787200,368500736,192937984,397312,0,0,175812,134937,184967,0,73728,368627712,13123584,7462912,0,18446744073709551615,18446744073709551615,20787200,368500736,192937984,397312,0,0,175812,134937,184967,0,73728,368627712,13123584,7462912,0
[2014-12-04T22:03:47.552114997Z] 20787200,368807936,192937984,397312,0,0,175887,134937,185042,0,73728,368934912,13123584,7462912,0,18446744073709551615,18446744073709551615,20787200,368807936,192937984,397312,0,0,175887,134937,185042,0,73728,368934912,13123584,7462912,0
[2014-12-04T22:03:48.570855961Z] 20787200,357720064,192937984,397312,0,0,177698,139455,186995,0,73728,357847040,13123584,7462912,0,18446744073709551615,18446744073709551615,20787200,357720064,192937984,397312,0,0,177698,139455,186995,0,73728,357847040,13123584,7462912,0
[2014-12-04T22:03:49.575716650Z] 20889600,358797312,192937984,397312,0,0,177991,139460,187263,0,73728,358903808,13209600,7479296,0,18446744073709551615,18446744073709551615,20889600,358797312,192937984,397312,0,0,177991,139460,187263,0,73728,358903808,13209600,7479296,0
[2014-12-04T22:03:50.589662753Z] 20893696,351563776,188743680,397312,0,0,178609,140821,187880,0,73728,351674368,13197312,7491584,0,18446744073709551615,18446744073709551615,20893696,351563776,188743680,397312,0,0,178609,140821,187880,0,73728,351674368,13197312,7491584,0
[2014-12-04T22:03:51.674815171Z] 17387520,168939520,136314880,32768,0,0,179217,174096,189628,0,8192,169066496,10948608,6303744,0,18446744073709551615,18446744073709551615,17387520,168939520,136314880,32768,0,0,179217,174096,189628,0,8192,169066496,10948608,6303744,0
[2014-12-04T22:03:52.688690369Z] 15622144,191221760,140509184,32768,0,0,190509,181912,198265,0,8192,191348736,12943360,2543616,0,18446744073709551615,18446744073709551615,15622144,191221760,140509184,32768,0,0,190509,181912,198265,0,8192,191348736,12943360,2543616,0
[2014-12-04T22:03:53.642610831Z] 17211392,207720448,142606336,327680,0,0,194701,182199,202697,0,73728,207843328,14249984,2760704,0,18446744073709551615,18446744073709551615,17211392,207720448,142606336,327680,0,0,194701,182199,202697,0,73728,207843328,14249984,2760704,0
[2014-12-04T22:03:54.663069723Z] 17514496,214507520,142606336,294912,0,0,196560,182327,204766,0,73728,214634496,14499840,2813952,0,18446744073709551615,18446744073709551615,17514496,214507520,142606336,294912,0,0,196560,182327,204766,0,73728,214634496,14499840,2813952,0
[2014-12-04T22:03:55.691679022Z] 17551360,201781248,140509184,331776,0,0,206127,195503,218644,0,73728,201883648,14270464,3080192,0,18446744073709551615,18446744073709551615,17551360,201781248,140509184,331776,0,0,206127,195503,218644,0,73728,201883648,14270464,3080192,0
[2014-12-04T22:03:56.719942294Z] 17752064,228769792,144703488,331776,0,0,211866,196137,224776,0,73728,228892672,13758464,3792896,0,18446744073709551615,18446744073709551615,17752064,228769792,144703488,331776,0,0,211866,196137,224776,0,73728,228892672,13758464,3792896,0
[2014-12-04T22:03:57.748832254Z] 17764352,254234624,144703488,331776,0,0,218086,196137,231618,0,73728,254316544,11276288,6287360,0,18446744073709551615,18446744073709551615,17764352,254234624,144703488,331776,0,0,218086,196137,231618,0,73728,254316544,11276288,6287360,0
[2014-12-04T22:03:58.750740251Z] 18632704,273358848,148897792,397312,0,0,222004,196196,235613,0,73728,273444864,12038144,6393856,0,18446744073709551615,18446744073709551615,18632704,273358848,148897792,397312,0,0,222004,196196,235613,0,73728,273444864,12038144,6393856,0
[2014-12-04T22:03:59.769476352Z] 18628608,281886720,150994944,397312,0,0,223765,196387,237298,0,73728,281976832,11722752,6705152,0,18446744073709551615,18446744073709551615,18628608,281886720,150994944,397312,0,0,223765,196387,237298,0,73728,281976832,11722752,6705152,0
[2014-12-04T22:04:00.811025850Z] 18903040,295133184,150994944,397312,0,0,227288,196609,241965,0,73728,295260160,11931648,6770688,0,18446744073709551615,18446744073709551615,18903040,295133184,150994944,397312,0,0,227288,196609,241965,0,73728,295260160,11931648,6770688,0
[2014-12-04T22:04:01.825115703Z] 19492864,334811136,167772160,397312,0,0,235130,198708,250113,0,73728,332795904,12423168,6868992,0,18446744073709551615,18446744073709551615,19492864,334811136,167772160,397312,0,0,235130,198708,250113,0,73728,332795904,12423168,6868992,0
[2014-12-04T22:04:02.813005047Z] 20234240,354848768,178257920,397312,0,0,242001,204083,256811,0,73728,354975744,13127680,6905856,0,18446744073709551615,18446744073709551615,20234240,354848768,178257920,397312,0,0,242001,204083,256811,0,73728,354975744,13127680,6905856,0
[2014-12-04T22:04:03.825046466Z] 20254720,355483648,178257920,397312,0,0,242171,204093,256978,0,73728,355610624,13148160,6905856,0,18446744073709551615,18446744073709551615,20254720,355483648,178257920,397312,0,0,242171,204093,256978,0,73728,355610624,13148160,6905856,0
[2014-12-04T22:04:04.831125543Z] 20250624,356179968,184549376,397312,0,0,243199,206485,258006,0,73728,356306944,13144064,6905856,0,18446744073709551615,18446744073709551615,20250624,356179968,184549376,397312,0,0,243199,206485,258006,0,73728,356306944,13144064,6905856,0
[2014-12-04T22:04:05.839957786Z] 20250624,345710592,178257920,397312,0,0,246244,210553,261190,0,73728,345837568,13144064,6905856,0,18446744073709551615,18446744073709551615,20250624,345710592,178257920,397312,0,0,246244,210553,261190,0,73728,345837568,13144064,6905856,0
[2014-12-04T22:04:06.846329368Z] 20250624,337387520,178257920,397312,0,0,250410,216751,265364,0,73728,337510400,13144064,6905856,0,18446744073709551615,18446744073709551615,20250624,337387520,178257920,397312,0,0,250410,216751,265364,0,73728,337510400,13144064,6905856,0
[2014-12-04T22:04:07.851862248Z] 20250624,351498240,182452224,397312,0,0,254419,218337,269373,0,73728,351625216,13144064,6905856,0,18446744073709551615,18446744073709551615,20250624,351498240,182452224,397312,0,0,254419,218337,269373,0,73728,351625216,13144064,6905856,0
[2014-12-04T22:04:08.862346870Z] 20439040,342433792,178257920,397312,0,0,258919,223982,273830,0,73728,342560768,13307904,6930432,0,18446744073709551615,18446744073709551615,20439040,342433792,178257920,397312,0,0,258919,223982,273830,0,73728,342560768,13307904,6930432,0
[2014-12-04T22:04:09.875678284Z] 15626240,183005184,136314880,32768,0,0,270115,265056,283402,0,8192,183136256,12943360,2543616,0,18446744073709551615,18446744073709551615,15626240,183005184,136314880,32768,0,0,270115,265056,283402,0,8192,183136256,12943360,2543616,0
[2014-12-04T22:04:10.934306710Z] 17383424,203800576,140509184,327680,0,0,274904,265361,288383,0,73728,203931648,14376960,2801664,0,18446744073709551615,18446744073709551615,17383424,203800576,140509184,327680,0,0,274904,265361,288383,0,73728,203931648,14376960,2801664,0
[2014-12-04T22:04:11.983714799Z] 17494016,166076416,136314880,32768,0,0,276864,276504,291553,0,8192,166207488,14319616,3035136,0,18446744073709551615,18446744073709551615,17494016,166076416,136314880,32768,0,0,276864,276504,291553,0,8192,166207488,14319616,3035136,0
[2014-12-04T22:04:12.957214172Z] 17522688,191037440,138412032,299008,0,0,284711,278761,302500,0,73728,188989440,14311424,3006464,0,18446744073709551615,18446744073709551615,17522688,191037440,138412032,299008,0,0,284711,278761,302500,0,73728,188989440,14311424,3006464,0
[2014-12-04T22:04:13.970939413Z] 18333696,227737600,146800640,364544,0,0,291957,279404,310036,0,73728,227868672,14274560,3854336,0,18446744073709551615,18446744073709551615,18333696,227737600,146800640,364544,0,0,291957,279404,310036,0,73728,227868672,14274560,3854336,0
[2014-12-04T22:04:14.994751428Z] 18341888,243515392,146800640,839680,0,0,295816,279408,314336,0,73728,243621888,14262272,3874816,0,18446744073709551615,18446744073709551615,18341888,243519488,146800640,839680,0,0,295816,279408,314336,0,73728,243621888,14262272,3874816,0
[2014-12-04T22:04:16.006377766Z] 18472960,265506816,148897792,397312,0,0,300713,279416,319746,0,73728,265637888,11849728,6418432,0,18446744073709551615,18446744073709551615,18472960,265506816,148897792,397312,0,0,300713,279416,319746,0,73728,265637888,11849728,6418432,0
[2014-12-04T22:04:17.026818647Z] 18620416,280485888,153092096,397312,0,0,303559,279591,322825,0,73728,280616960,11714560,6701056,0,18446744073709551615,18446744073709551615,18620416,280485888,153092096,397312,0,0,303559,279591,322825,0,73728,280616960,11714560,6701056,0
[2014-12-04T22:04:18.037203361Z] 19046400,297951232,155189248,397312,0,0,307433,279608,327032,0,73728,298082304,12034048,6807552,0,18446744073709551615,18446744073709551615,19046400,297951232,155189248,397312,0,0,307433,279608,327032,0,73728,298082304,12034048,6807552,0
[2014-12-04T22:04:19.049926823Z] 19529728,352227328,188743680,397312,0,0,313092,280585,332744,0,73728,352358400,12472320,6852608,0,18446744073709551615,18446744073709551615,19529728,352227328,188743680,397312,0,0,313092,280585,332744,0,73728,352358400,12472320,6852608,0
[2014-12-04T22:04:20.070046321Z] 19988480,358547456,192937984,397312,0,0,315691,282551,335239,0,73728,358666240,12865536,6918144,0,18446744073709551615,18446744073709551615,19988480,358547456,192937984,397312,0,0,315691,282551,335239,0,73728,358666240,12865536,6918144,0
[2014-12-04T22:04:21.185122459Z] 20246528,359038976,192937984,397312,0,0,315876,282553,335361,0,73728,359170048,13119488,6922240,0,18446744073709551615,18446744073709551615,20246528,359038976,192937984,397312,0,0,315876,282553,335361,0,73728,359170048,13119488,6922240,0
[2014-12-04T22:04:22.128538969Z] 20434944,359247872,192937984,397312,0,0,315977,282557,335418,0,73728,359378944,13295616,6934528,0,18446744073709551615,18446744073709551615,20434944,359247872,192937984,397312,0,0,315977,282557,335418,0,73728,359378944,13295616,6934528,0
[2014-12-04T22:04:23.136698062Z] 13750272,173346816,138412032,32768,0,0,318734,319556,337193,0,8192,173477888,9412608,4173824,0,18446744073709551615,18446744073709551615,13758464,173346816,138412032,32768,0,0,318736,319556,337193,0,8192,173477888,9412608,4173824,0
[2014-12-04T22:04:24.171515412Z] 15765504,193441792,140509184,32768,0,0,327431,323367,345414,0,8192,191430656,13078528,2547712,0,18446744073709551615,18446744073709551615,15765504,193441792,140509184,32768,0,0,327431,323367,345414,0,8192,191430656,13078528,2547712,0
[2014-12-04T22:04:25.248102309Z] 17215488,212926464,146800640,327680,0,0,331296,323654,349505,0,73728,213045248,14249984,2760704,0,18446744073709551615,18446744073709551615,17215488,212926464,146800640,327680,0,0,331296,323654,349505,0,73728,213045248,14249984,2760704,0
[2014-12-04T22:04:26.211652087Z] 17494016,173776896,138412032,32768,0,0,334372,336731,354513,0,8192,173887488,14319616,3035136,0,18446744073709551615,18446744073709551615,17494016,173776896,138412032,32768,0,0,334372,336731,354513,0,8192,173887488,14319616,3035136,0
[2014-12-04T22:04:27.382788806Z] 17690624,218644480,146800640,331776,0,0,345189,339099,368005,0,73728,218759168,13717504,3768320,0,18446744073709551615,18446744073709551615,17690624,218660864,146800640,331776,0,0,345192,339099,368007,0,73728,218791936,13717504,3768320,0
[2014-12-04T22:04:28.227750285Z] 18268160,237305856,146800640,364544,0,0,349889,339615,373008,0,73728,237436928,14217216,3846144,0,18446744073709551615,18446744073709551615,18268160,237305856,146800640,364544,0,0,349889,339615,373008,0,73728,237436928,14217216,3846144,0
[2014-12-04T22:04:29.240969643Z] 18284544,255623168,146800640,770048,0,0,354370,339620,377733,0,73728,255717376,12943360,5136384,0,18446744073709551615,18446744073709551615,18284544,255623168,146800640,770048,0,0,354370,339620,377733,0,73728,255717376,12943360,5136384,0
[2014-12-04T22:04:30.252277860Z] 18599936,274366464,146800640,397312,0,0,359045,339642,382774,0,73728,274497536,11972608,6422528,0,18446744073709551615,18446744073709551615,18599936,274366464,146800640,397312,0,0,359045,339642,382774,0,73728,274497536,11972608,6422528,0
[2014-12-04T22:04:31.260330451Z] 18735104,286363648,148897792,397312,0,0,361647,339793,386012,0,73728,286494720,11825152,6705152,0,18446744073709551615,18446744073709551615,18735104,286363648,148897792,397312,0,0,361647,339793,386012,0,73728,286494720,11825152,6705152,0
[2014-12-04T22:04:32.272004536Z] 19144704,296267776,148897792,397312,0,0,364181,339809,388675,0,73728,296341504,12128256,6811648,0,18446744073709551615,18446744073709551615,19144704,296267776,148897792,397312,0,0,364181,339809,388675,0,73728,296341504,12128256,6811648,0
[2014-12-04T22:04:33.305156721Z] 19615744,350896128,180355072,397312,0,0,370608,340960,396120,0,73728,351027200,12488704,6922240,0,18446744073709551615,18446744073709551615,19615744,350896128,180355072,397312,0,0,370608,340960,396120,0,73728,351027200,12488704,6922240,0
[2014-12-04T22:04:34.790339515Z] 20426752,361082880,184549376,397312,0,0,374384,344095,399703,0,73728,361213952,13234176,6987776,0,18446744073709551615,18446744073709551615,20426752,361082880,184549376,397312,0,0,374384,344095,399703,0,73728,361213952,13234176,6987776,0
[2014-12-04T22:04:35.536115534Z] 7356416,165908480,136314880,32768,0,0,375752,384551,401678,0,8192,166039552,4681728,2535424,0,18446744073709551615,18446744073709551615,7356416,165908480,136314880,32768,0,0,375752,384551,401678,0,8192,166039552,4681728,2535424,0
[2014-12-04T22:04:36.349433386Z] 15618048,172851200,136314880,32768,0,0,381558,386645,404215,0,8192,172982272,12939264,2539520,0,18446744073709551615,18446744073709551615,15618048,172851200,136314880,32768,0,0,381558,386645,404215,0,8192,172982272,12939264,2539520,0
[2014-12-04T22:04:37.380238602Z] 15896576,189530112,136314880,294912,0,0,387422,388369,411869,0,65536,189652992,13066240,2625536,0,18446744073709551615,18446744073709551615,15896576,189530112,136314880,294912,0,0,387422,388369,411869,0,65536,189652992,13066240,2625536,0
[2014-12-04T22:04:38.470112152Z] 17481728,206057472,142606336,327680,0,0,390638,388696,414655,0,73728,206188544,14475264,2801664,0,18446744073709551615,18446744073709551615,17481728,206057472,142606336,327680,0,0,390638,388696,414655,0,73728,206188544,14475264,2801664,0
[2014-12-04T22:04:39.507492245Z] 17506304,167088128,136314880,32768,0,0,393116,401193,418842,0,8192,167518208,14331904,3035136,0,18446744073709551615,18446744073709551615,17506304,167088128,136314880,32768,0,0,393116,401193,418842,0,8192,167403520,14331904,3035136,0
[2014-12-04T22:04:40.412261941Z] 17756160,207773696,142606336,331776,0,0,403479,403606,432140,0,73728,207863808,13770752,3780608,0,18446744073709551615,18446744073709551615,17756160,207773696,142606336,331776,0,0,403479,403606,432140,0,73728,207863808,13770752,3780608,0
[2014-12-04T22:04:41.445138735Z] 17756160,227684352,142606336,331776,0,0,408343,403609,437413,0,73728,227774464,13758464,3792896,0,18446744073709551615,18446744073709551615,17756160,227684352,142606336,331776,0,0,408343,403609,437413,0,73728,227774464,13758464,3792896,0
[2014-12-04T22:04:42.508686463Z] 18350080,260153344,146800640,364544,0,0,415400,403616,445090,0,73728,260268032,11792384,6352896,0,18446744073709551615,18446744073709551615,18350080,260153344,146800640,364544,0,0,415400,403616,445090,0,73728,260268032,11792384,6352896,0
[2014-12-04T22:04:43.520517605Z] 18620416,284192768,155189248,397312,0,0,419473,404309,449420,0,73728,284319744,11714560,6701056,0,18446744073709551615,18446744073709551615,18620416,284192768,155189248,397312,0,0,419473,404309,449420,0,73728,284319744,11714560,6701056,0
[2014-12-04T22:04:44.589367876Z] 19070976,290353152,155189248,397312,0,0,421104,404326,451092,0,73728,290484224,12079104,6787072,0,18446744073709551615,18446744073709551615,19070976,290353152,155189248,397312,0,0,421104,404326,451092,0,73728,290484224,12079104,6787072,0
[2014-12-04T22:04:45.601469865Z] 19484672,322719744,163577856,397312,0,0,427532,405306,457592,0,73728,322850816,12369920,6909952,0,18446744073709551615,18446744073709551615,19484672,322719744,163577856,397312,0,0,427532,405306,457592,0,73728,322850816,12369920,6909952,0
[2014-12-04T22:04:46.679233645Z] 20422656,362106880,184549376,397312,0,0,434678,408739,464521,0,73728,362237952,13258752,6959104,0,18446744073709551615,18446744073709551615,20422656,362106880,184549376,397312,0,0,434678,408739,464521,0,73728,362237952,13258752,6959104,0
[2014-12-04T22:04:47.891862943Z] 4841472,175955968,140509184,32768,0,0,435084,447665,465665,0,8192,176066560,4677632,24576,0,18446744073709551615,18446744073709551615,4841472,175955968,140509184,32768,0,0,435084,447665,465665,0,8192,176066560,4677632,24576,0
[2014-12-04T22:04:48.744583796Z] 15626240,192122880,140509184,32768,0,0,445970,451971,474288,0,8192,192253952,12947456,2539520,0,18446744073709551615,18446744073709551615,15626240,192122880,140509184,32768,0,0,445970,451971,474288,0,8192,192253952,12947456,2539520,0
[2014-12-04T22:04:49.766417076Z] 17215488,213278720,146800640,327680,0,0,450277,452258,478897,0,73728,213409792,14254080,2756608,0,18446744073709551615,18446744073709551615,17215488,213278720,146800640,327680,0,0,450277,452258,478897,0,73728,213409792,14254080,2756608,0
[2014-12-04T22:04:50.799814974Z] 17522688,223682560,148897792,294912,0,0,452661,452538,481491,0,73728,223813632,14516224,2801664,0,18446744073709551615,18446744073709551615,17522688,223682560,148897792,294912,0,0,452661,452538,481491,0,73728,223813632,14516224,2801664,0
[2014-12-04T22:04:51.825403087Z] 17756160,214360064,144703488,331776,0,0,463761,467390,500933,0,73728,214466560,13774848,3776512,0,18446744073709551615,18446744073709551615,17756160,214360064,144703488,331776,0,0,463761,467390,500933,0,73728,214466560,13774848,3776512,0
[2014-12-04T22:04:52.836982749Z] 17756160,232747008,146800640,331776,0,0,467744,467395,505326,0,73728,232878080,13762560,3788800,0,18446744073709551615,18446744073709551615,17756160,232747008,146800640,331776,0,0,467744,467395,505326,0,73728,232878080,13762560,3788800,0
[2014-12-04T22:04:53.845658693Z] 17768448,248963072,146800640,815104,0,0,471707,467396,509529,0,73728,249094144,12996608,4567040,0,18446744073709551615,18446744073709551615,17768448,248963072,146800640,815104,0,0,471707,467396,509529,0,73728,249094144,12996608,4567040,0
[2014-12-04T22:04:54.863553121Z] 19263488,285331456,155189248,397312,0,0,478944,467433,517334,0,73728,285429760,11857920,7200768,0,18446744073709551615,18446744073709551615,19263488,285331456,155189248,397312,0,0,478944,467433,517334,0,73728,285429760,11857920,7200768,0
[2014-12-04T22:04:55.919463469Z] 19599360,294146048,155189248,397312,0,0,481195,467450,520132,0,73728,294277120,11968512,7426048,0,18446744073709551615,18446744073709551615,19599360,294146048,155189248,397312,0,0,481195,467450,520132,0,73728,294277120,11968512,7426048,0
[2014-12-04T22:04:56.942276815Z] 19800064,305016832,155189248,397312,0,0,483906,467458,523170,0,73728,305139712,12128256,7467008,0,18446744073709551615,18446744073709551615,19800064,305016832,155189248,397312,0,0,483906,467458,523170,0,73728,305139712,12128256,7467008,0
[2014-12-04T22:04:57.977148876Z] 20324352,332959744,169869312,397312,0,0,488417,469107,528369,0,73728,333090816,12541952,7573504,0,18446744073709551615,18446744073709551615,20324352,332959744,169869312,397312,0,0,488417,469107,528369,0,73728,333090816,12541952,7573504,0
[2014-12-04T22:04:58.967588997Z] 20631552,366202880,192937984,397312,0,0,494220,472851,534108,0,73728,366333952,12812288,7614464,0,18446744073709551615,18446744073709551615,20631552,366202880,192937984,397312,0,0,494220,472851,534108,0,73728,366333952,12812288,7614464,0
[2014-12-04T22:04:59.977195877Z] 20901888,366960640,192937984,397312,0,0,494486,472866,534305,0,73728,367083520,13078528,7618560,0,18446744073709551615,18446744073709551615,20901888,366960640,192937984,397312,0,0,494486,472866,534305,0,73728,367083520,13078528,7618560,0
[2014-12-04T22:05:01.004957189Z] 21090304,367742976,192937984,397312,0,0,494727,472870,534501,0,73728,367869952,13250560,7634944,0,18446744073709551615,18446744073709551615,21090304,367742976,192937984,397312,0,0,494727,472870,534501,0,73728,367869952,13250560,7634944,0
[2014-12-04T22:05:02.536147793Z] 15622144,199122944,146800640,32768,0,0,505422,515336,543648,0,8192,199254016,12939264,2543616,0,18446744073709551615,18446744073709551615,15622144,199122944,146800640,32768,0,0,505422,515336,543648,0,8192,199254016,12939264,2543616,0
[2014-12-04T22:05:03.056579234Z] 17383424,223457280,150994944,327680,65536,0,511069,515634,549653,0,73728,223588352,14376960,2801664,0,18446744073709551615,18446744073709551615,17383424,223457280,150994944,327680,65536,0,511069,515634,549653,0,73728,223588352,14376960,2801664,0
[2014-12-04T22:05:04.073832866Z] 17518592,229965824,153092096,294912,0,0,512322,515776,551132,0,73728,230092800,14508032,2805760,0,18446744073709551615,18446744073709551615,17518592,229965824,153092096,294912,0,0,512322,515776,551132,0,73728,230092800,14508032,2805760,0
[2014-12-04T22:05:05.089238576Z] 17457152,193642496,144703488,32768,0,0,517683,530020,559388,0,8192,193773568,14319616,2998272,0,18446744073709551615,18446744073709551615,17457152,193642496,144703488,32768,0,0,517683,530020,559388,0,8192,193773568,14319616,2998272,0
[2014-12-04T22:05:06.192312966Z] 17756160,226611200,150994944,331776,0,0,524453,530201,567745,0,73728,226713600,13774848,3776512,0,18446744073709551615,18446744073709551615,17756160,226611200,150994944,331776,0,0,524453,530201,567745,0,73728,226713600,13774848,3776512,0
[2014-12-04T22:05:07.218278634Z] 18333696,245227520,150994944,364544,0,0,529439,530501,573003,0,73728,245354496,14274560,3854336,0,18446744073709551615,18446744073709551615,18333696,245227520,150994944,364544,0,0,529439,530501,573003,0,73728,245354496,14274560,3854336,0
[2014-12-04T22:05:08.228951370Z] 18350080,276774912,153092096,364544,0,0,536641,530508,580839,0,73728,276869120,11776000,6369280,0,18446744073709551615,18446744073709551615,18350080,276774912,153092096,364544,0,0,536641,530508,580839,0,73728,276869120,11776000,6369280,0
[2014-12-04T22:05:09.250988802Z] 18620416,291069952,155189248,397312,0,0,539867,530689,584756,0,73728,291196928,11718656,6696960,0,18446744073709551615,18446744073709551615,18620416,291069952,155189248,397312,0,0,539867,530689,584756,0,73728,291196928,11718656,6696960,0
[2014-12-04T22:05:10.269192480Z] 19083264,307871744,155189248,397312,0,0,544716,531834,590153,0,73728,308002816,12079104,6799360,0,18446744073709551615,18446744073709551615,19083264,307871744,155189248,397312,0,0,544716,531834,590153,0,73728,308002816,12079104,6799360,0
[2014-12-04T22:05:11.289835441Z] 19480576,335843328,167772160,397312,0,0,550788,534557,597427,0,73728,335929344,12431360,6844416,0,18446744073709551615,18446744073709551615,19480576,335843328,167772160,397312,0,0,550788,534557,597427,0,73728,335929344,12431360,6844416,0
[2014-12-04T22:05:12.356926337Z] 20242432,358490112,184549376,397312,0,0,553433,535575,599981,0,73728,358621184,13148160,6889472,0,18446744073709551615,18446744073709551615,20242432,358490112,184549376,397312,0,0,553433,535575,599981,0,73728,358621184,13148160,6889472,0
[2014-12-04T22:05:13.364690594Z] 20439040,359288832,184549376,397312,0,0,553685,535584,600188,0,77824,359407616,13320192,6909952,0,18446744073709551615,18446744073709551615,20439040,359288832,184549376,397312,0,0,553685,535584,600188,0,77824,359407616,13320192,6909952,0
[2014-12-04T22:05:14.384676983Z] 15622144,193359872,146800640,32768,0,0,561219,576117,605258,0,8192,193486848,12939264,2539520,0,18446744073709551615,18446744073709551615,15622144,193359872,146800640,32768,0,0,561219,576117,605258,0,8192,193486848,12939264,2539520,0
[2014-12-04T22:05:15.455652325Z] 17321984,224370688,153092096,327680,36864,0,569658,578614,615064,0,73728,224505856,14340096,2772992,0,18446744073709551615,18446744073709551615,17321984,224370688,153092096,327680,36864,0,569658,578614,615064,0,73728,224505856,14340096,2772992,0
[2014-12-04T22:05:16.409910399Z] 17526784,226459648,153092096,294912,0,0,571583,579979,617192,0,73728,226586624,14512128,2805760,0,18446744073709551615,18446744073709551615,17526784,226459648,153092096,294912,0,0,571583,579979,617192,0,73728,226586624,14512128,2805760,0
[2014-12-04T22:05:17.419615606Z] 17526784,214282240,153092096,299008,0,0,579919,592821,629765,0,73728,214417408,14278656,3039232,0,18446744073709551615,18446744073709551615,17526784,214282240,153092096,299008,0,0,579919,592821,629765,0,73728,214417408,14278656,3039232,0
[2014-12-04T22:05:18.432764256Z] 18681856,237445120,155189248,364544,0,0,585356,592832,635435,0,73728,237580288,14188544,4284416,0,18446744073709551615,18446744073709551615,18681856,237445120,155189248,364544,0,0,585356,592832,635435,0,73728,237580288,14188544,4284416,0
[2014-12-04T22:05:19.446220924Z] 18698240,253128704,155189248,364544,0,0,589194,592837,639677,0,73728,253222912,14155776,4333568,0,18446744073709551615,18446744073709551615,18698240,253128704,155189248,364544,0,0,589194,592837,639677,0,73728,253222912,14155776,4333568,0
[2014-12-04T22:05:20.475832298Z] 18898944,280870912,155189248,397312,0,0,596038,592859,647138,0,73728,280977408,11784192,6905856,0,18446744073709551615,18446744073709551615,18898944,280870912,155189248,397312,0,0,596038,592859,647138,0,73728,280977408,11784192,6905856,0
[2014-12-04T22:05:21.497817088Z] 19083264,294219776,159383552,397312,0,0,598357,592896,650650,0,73728,294330368,11714560,7159808,0,18446744073709551615,18446744073709551615,19083264,294219776,159383552,397312,0,0,598357,592896,650650,0,73728,294330368,11714560,7159808,0
[2014-12-04T22:05:22.529510209Z] 19660800,312930304,159383552,397312,0,0,603086,592916,655716,0,73728,313008128,12206080,7245824,0,18446744073709551615,18446744073709551615,19660800,312930304,159383552,397312,0,0,603086,592916,655716,0,73728,313008128,12206080,7245824,0
[2014-12-04T22:05:23.576904499Z] 19808256,346488832,176160768,397312,0,0,608625,594825,662076,0,73728,346578944,12333056,7266304,0,18446744073709551615,18446744073709551615,19808256,346488832,176160768,397312,0,0,608625,594825,662076,0,73728,346578944,12333056,7266304,0
[2014-12-04T22:05:24.669203368Z] 20459520,368189440,186646528,397312,0,0,613993,597802,667295,0,73728,368328704,12750848,7495680,0,18446744073709551615,18446744073709551615,20459520,368189440,186646528,397312,0,0,613993,597802,667295,0,73728,368328704,12750848,7495680,0
[2014-12-04T22:05:25.768212987Z] 20725760,368906240,186646528,397312,0,0,615571,599651,668809,0,73728,368992256,13012992,7499776,0,18446744073709551615,18446744073709551615,20725760,368906240,186646528,397312,0,0,615571,599651,668809,0,73728,368992256,13012992,7499776,0
[2014-12-04T22:05:26.776175130Z] 20725760,369451008,186646528,397312,0,0,615704,599651,668942,0,73728,369590272,13012992,7499776,0,18446744073709551615,18446744073709551615,20725760,369451008,186646528,397312,0,0,615704,599651,668942,0,73728,369590272,13012992,7499776,0
[2014-12-04T22:05:27.792824565Z] 20910080,365875200,184549376,397312,0,0,618680,602944,671930,0,73728,366014464,13189120,7507968,0,18446744073709551615,18446744073709551615,20910080,365875200,184549376,397312,0,0,618680,602944,671930,0,73728,366014464,13189120,7507968,0
[2014-12-04T22:05:28.811782706Z] 13955072,181555200,146800640,32768,0,0,621606,643370,674036,0,8192,181694464,9539584,4231168,0,18446744073709551615,18446744073709551615,13955072,181555200,146800640,32768,0,0,621606,643370,674036,0,8192,181694464,9539584,4231168,0
[2014-12-04T22:05:29.849277059Z] 17235968,218329088,153092096,327680,0,0,633984,648013,686173,0,73728,218468352,14254080,2768896,0,18446744073709551615,18446744073709551615,17235968,218329088,153092096,327680,0,0,633984,648013,686173,0,73728,218468352,14254080,2768896,0
[2014-12-04T22:05:30.868917607Z] 17539072,226041856,153092096,294912,0,0,636093,648165,688484,0,73728,226181120,14512128,2813952,0,18446744073709551615,18446744073709551615,17539072,226041856,153092096,294912,0,0,636093,648165,688484,0,73728,226181120,14512128,2813952,0
[2014-12-04T22:05:31.878611120Z] 17772544,224530432,153092096,331776,0,0,647943,661860,704856,0,73728,224669696,13774848,3784704,0,18446744073709551615,18446744073709551615,17772544,224530432,153092096,331776,0,0,647943,661860,704856,0,73728,224669696,13774848,3784704,0
[2014-12-04T22:05:32.905340537Z] 17772544,240336896,153092096,331776,0,0,652090,662659,709342,0,73728,240476160,13758464,3801088,0,18446744073709551615,18446744073709551615,17772544,240336896,153092096,331776,0,0,652090,662659,709342,0,73728,240476160,13758464,3801088,0
[2014-12-04T22:05:33.937804606Z] 17784832,264650752,153092096,331776,0,0,658029,662659,715890,0,73728,264790016,11276288,6295552,0,18446744073709551615,18446744073709551615,17784832,264650752,153092096,331776,0,0,658029,662659,715890,0,73728,264790016,11276288,6295552,0
[2014-12-04T22:05:34.959467366Z] 19120128,287760384,161480704,397312,0,0,661992,662698,719752,0,73728,287858688,11735040,7172096,0,18446744073709551615,18446744073709551615,19120128,287760384,161480704,397312,0,0,661992,662698,719752,0,73728,287858688,11735040,7172096,0
[2014-12-04T22:05:35.972282275Z] 18640896,301277184,163577856,397312,0,0,664816,663361,723327,0,73728,301416448,11718656,6709248,0,18446744073709551615,18446744073709551615,18640896,301277184,163577856,397312,0,0,664816,663361,723327,0,73728,301416448,11718656,6709248,0
[2014-12-04T22:05:36.997546799Z] 19173376,314671104,163577856,397312,0,0,668271,663416,727165,0,73728,314810368,12140544,6819840,0,18446744073709551615,18446744073709551615,19173376,314671104,163577856,397312,0,0,668271,663416,727165,0,73728,314810368,12140544,6819840,0
[2014-12-04T22:05:38.074208972Z] 19447808,365522944,192937984,397312,0,0,676058,665875,735489,0,73728,365645824,12378112,6856704,0,18446744073709551615,18446744073709551615,19447808,365522944,192937984,397312,0,0,676058,665875,735489,0,73728,365645824,12378112,6856704,0
[2014-12-04T22:05:39.042330737Z] 20250624,366747648,195035136,397312,0,0,680401,670745,739648,0,73728,366886912,13131776,6905856,0,18446744073709551615,18446744073709551615,20250624,366747648,195035136,397312,0,0,680401,670745,739648,0,73728,366886912,13131776,6905856,0
[2014-12-04T22:05:40.054969090Z] 20443136,367632384,195035136,397312,0,0,680676,670757,739873,0,73728,367759360,13307904,6922240,0,18446744073709551615,18446744073709551615,20443136,367632384,195035136,397312,0,0,680676,670757,739873,0,73728,367759360,13307904,6922240,0
[2014-12-04T22:05:41.062616753Z] 15847424,194883584,142606336,229376,0,0,693205,713808,751483,0,8192,195014656,13066240,2633728,0,18446744073709551615,18446744073709551615,15847424,194883584,142606336,229376,0,0,693205,713808,751483,0,8192,195014656,13066240,2633728,0
[2014-12-04T22:05:42.071783756Z] 17465344,215908352,148897792,327680,0,0,697536,714655,755874,0,73728,216047616,14450688,2801664,0,18446744073709551615,18446744073709551615,17465344,215908352,148897792,327680,0,0,697536,714655,755874,0,73728,216047616,14450688,2801664,0
[2014-12-04T22:05:43.085931877Z] 17473536,189997056,144703488,32768,0,0,702645,727110,763822,0,8192,190136320,14319616,3006464,0,18446744073709551615,18446744073709551615,17473536,189997056,144703488,32768,0,0,702645,727110,763822,0,8192,190136320,14319616,3006464,0
[2014-12-04T22:05:44.090194046Z] 17571840,209186816,146800640,331776,0,0,708823,729090,771700,0,73728,209301504,14233600,3125248,0,18446744073709551615,18446744073709551615,17571840,209186816,146800640,331776,0,0,708823,729090,771700,0,73728,209301504,14233600,3125248,0
[2014-12-04T22:05:45.097935543Z] 18219008,231743488,146800640,364544,0,0,714910,730023,778074,0,73728,231833600,14155776,3850240,0,18446744073709551615,18446744073709551615,18219008,231743488,146800640,364544,0,0,714910,730023,778074,0,73728,231833600,14155776,3850240,0
[2014-12-04T22:05:46.125789611Z] 18219008,240672768,146800640,364544,0,0,717091,730024,780321,0,73728,240775168,14155776,3850240,0,18446744073709551615,18446744073709551615,18219008,240672768,146800640,364544,0,0,717091,730024,780321,0,73728,240775168,14155776,3850240,0
[2014-12-04T22:05:47.188521650Z] 18235392,258097152,146800640,364544,0,0,721361,730036,785180,0,73728,258220032,11657216,6365184,0,18446744073709551615,18446744073709551615,18235392,258097152,146800640,364544,0,0,721361,730036,785180,0,73728,258220032,11657216,6365184,0
[2014-12-04T22:05:48.244902184Z] 18657280,276103168,153092096,397312,0,0,724353,730062,788245,0,73728,276238336,11988992,6443008,0,18446744073709551615,18446744073709551615,18657280,276103168,153092096,397312,0,0,724353,730062,788246,0,73728,276238336,11988992,6443008,0
[2014-12-04T22:05:49.246630894Z] 18698240,289394688,155189248,397312,0,0,727227,730192,791148,0,73728,289533952,11763712,6721536,0,18446744073709551615,18446744073709551615,18698240,289394688,155189248,397312,0,0,727227,730192,791148,0,73728,289533952,11763712,6721536,0
[2014-12-04T22:05:50.352499382Z] 19226624,312479744,163577856,397312,0,0,731125,730369,795229,0,73728,312606720,12185600,6828032,0,18446744073709551615,18446744073709551615,19226624,312479744,163577856,397312,0,0,731125,730369,795229,0,73728,312606720,12185600,6828032,0
[2014-12-04T22:05:51.384965181Z] 19574784,351748096,182452224,397312,0,0,737027,731198,801088,0,73728,349790208,12414976,6946816,0,18446744073709551615,18446744073709551615,19574784,351748096,182452224,397312,0,0,737027,731198,801088,0,73728,349790208,12414976,6946816,0
[2014-12-04T22:05:52.510368092Z] 20434944,364638208,188743680,397312,0,0,740940,733798,804795,0,73728,364752896,13205504,7016448,0,18446744073709551615,18446744073709551615,20434944,364638208,188743680,397312,0,0,740940,733798,804795,0,73728,364752896,13205504,7016448,0
[2014-12-04T22:05:53.421449726Z] 4870144,172490752,142606336,32768,0,0,743993,776831,809208,0,8192,172630016,4677632,45056,0,18446744073709551615,18446744073709551615,4870144,172490752,142606336,32768,0,0,743993,776832,809208,0,8192,172630016,4677632,36864,0
[2014-12-04T22:05:54.521809010Z] 17235968,209309696,148897792,327680,0,0,758623,780986,821376,0,73728,209448960,14254080,2768896,0,18446744073709551615,18446744073709551615,17235968,209309696,148897792,327680,0,0,758623,780986,821376,0,73728,209448960,14254080,2768896,0
[2014-12-04T22:05:55.677960971Z] 17534976,219492352,150994944,294912,0,0,760814,781640,823791,0,73728,219615232,14503936,2813952,0,18446744073709551615,18446744073709551615,17534976,219492352,150994944,294912,0,0,760814,781640,823791,0,73728,219615232,14503936,2813952,0
[2014-12-04T22:05:56.451427754Z] 17571840,206401536,148897792,331776,0,0,770383,796440,837899,0,73728,206503936,14270464,3088384,0,18446744073709551615,18446744073709551615,17571840,206401536,148897792,331776,0,0,770384,796440,837900,0,73728,206503936,14270464,3088384,0
[2014-12-04T22:05:57.470756552Z] 17772544,228896768,148897792,331776,0,0,776427,797454,844319,0,73728,229019648,13758464,3801088,0,18446744073709551615,18446744073709551615,17772544,228896768,148897792,331776,0,0,776427,797454,844319,0,73728,229019648,13758464,3801088,0
[2014-12-04T22:05:58.489585872Z] 17772544,238497792,148897792,331776,0,0,778772,797455,846731,0,73728,238628864,13762560,3796992,0,18446744073709551615,18446744073709551615,17772544,238501888,148897792,331776,0,0,778773,797455,846732,0,73728,238628864,13762560,3796992,0
[2014-12-04T22:05:59.507504380Z] 18358272,261541888,148897792,507904,0,0,784548,797462,853107,0,73728,261672960,11931648,6213632,0,18446744073709551615,18446744073709551615,18358272,261541888,148897792,507904,0,0,784548,797462,853107,0,73728,261672960,11931648,6213632,0
[2014-12-04T22:06:00.548029714Z] 19120128,277352448,155189248,397312,0,0,787092,797493,855556,0,73728,277491712,11792384,7114752,0,18446744073709551615,18446744073709551615,19120128,277352448,155189248,397312,0,0,787092,797493,855556,0,73728,277491712,11792384,7114752,0
[2014-12-04T22:06:01.573016971Z] 18722816,292204544,157286400,397312,0,0,790272,797655,858985,0,73728,292343808,11763712,6746112,0,18446744073709551615,18446744073709551615,18722816,292204544,157286400,397312,0,0,790272,797655,858985,0,73728,292343808,11763712,6746112,0
[2014-12-04T22:06:02.595887629Z] 19156992,303390720,159383552,397312,0,0,792645,797702,861340,0,73728,303525888,12128256,6815744,0,18446744073709551615,18446744073709551615,19156992,303390720,159383552,397312,0,0,792645,797702,861340,0,73728,303525888,12128256,6815744,0
[2014-12-04T22:06:03.605700734Z] 19402752,326447104,165675008,397312,0,0,797612,799024,866457,0,73728,326586368,12337152,6852608,0,18446744073709551615,18446744073709551615,19402752,326447104,165675008,397312,0,0,797612,799024,866457,0,73728,326586368,12337152,6852608,0
[2014-12-04T22:06:04.620900393Z] 19890176,359473152,190840832,397312,0,0,802993,802866,871739,0,73728,359612416,12800000,6877184,0,18446744073709551615,18446744073709551615,19890176,359473152,190840832,397312,0,0,802993,802866,871739,0,73728,359612416,12800000,6877184,0
[2014-12-04T22:06:06.285525272Z] 20455424,371384320,197132288,397312,0,0,804531,802891,873162,0,73728,371523584,13320192,6922240,0,18446744073709551615,18446744073709551615,20455424,371384320,197132288,397312,0,0,804531,802891,873162,0,73728,371523584,13320192,6922240,0
[2014-12-04T22:06:06.694604872Z] 15847424,193798144,142606336,32768,0,0,816788,846343,884427,0,8192,193900544,13119488,2580480,0,18446744073709551615,18446744073709551615,15847424,193798144,142606336,32768,0,0,816788,846343,884427,0,8192,193900544,13119488,2580480,0
[2014-12-04T22:06:07.709574701Z] 17367040,212529152,148897792,327680,36864,0,820494,846638,888073,0,73728,212668416,14344192,2809856,0,18446744073709551615,18446744073709551615,17367040,212529152,148897792,327680,36864,0,820494,846638,888073,0,73728,212668416,14344192,2809856,0
[2014-12-04T22:06:08.722998743Z] 17395712,218607616,150994944,294912,0,0,821581,846745,889434,0,73728,218746880,14401536,2781184,0,18446744073709551615,18446744073709551615,17395712,218607616,150994944,294912,0,0,821581,846745,889434,0,73728,218746880,14401536,2781184,0
[2014-12-04T22:06:09.749341626Z] 17764352,212160512,148897792,331776,0,0,832759,861449,905149,0,73728,212299776,13819904,3698688,0,18446744073709551615,18446744073709551615,17772544,212160512,148897792,331776,0,0,832759,861449,905149,0,73728,212299776,13819904,3698688,0
[2014-12-04T22:06:10.771765891Z] 18350080,238415872,155189248,364544,0,0,837906,862089,910556,0,73728,238551040,14274560,3862528,0,18446744073709551615,18446744073709551615,18350080,238415872,155189248,364544,0,0,837906,862089,910556,0,73728,238551040,14274560,3862528,0
[2014-12-04T22:06:11.809941116Z] 18366464,260505600,155189248,364544,0,0,843308,862094,916506,0,73728,260616192,12271616,5881856,0,18446744073709551615,18446744073709551615,18366464,260505600,155189248,364544,0,0,843308,862094,916506,0,73728,260616192,12271616,5881856,0
[2014-12-04T22:06:12.846681707Z] 18550784,275410944,155189248,397312,0,0,847010,862112,920246,0,73728,275550208,11902976,6434816,0,18446744073709551615,18446744073709551615,18550784,275410944,155189248,397312,0,0,847010,862112,920246,0,73728,275550208,11902976,6434816,0
[2014-12-04T22:06:13.870841043Z] 18636800,289873920,159383552,397312,0,0,849705,862277,922972,0,73728,290013184,11714560,6709248,0,18446744073709551615,18446744073709551615,18636800,289873920,159383552,397312,0,0,849705,862277,922972,0,73728,290013184,11714560,6709248,0
[2014-12-04T22:06:14.905646617Z] 19091456,296706048,159383552,397312,0,0,851501,862294,924792,0,73728,296845312,12070912,6807552,0,18446744073709551615,18446744073709551615,19091456,296706048,159383552,397312,0,0,851501,862294,924792,0,73728,296845312,12070912,6807552,0
[2014-12-04T22:06:15.978776856Z] 19427328,316366848,161480704,397312,0,0,856225,862647,929722,0,73728,316493824,12361728,6852608,0,18446744073709551615,18446744073709551615,19427328,316366848,161480704,397312,0,0,856225,862647,929722,0,73728,316493824,12361728,6852608,0
[2014-12-04T22:06:17.064108727Z] 19972096,362029056,188743680,397312,0,0,863738,866544,937119,0,73728,362168320,12865536,6893568,0,18446744073709551615,18446744073709551615,19972096,362029056,188743680,397312,0,0,863738,866544,937119,0,73728,362168320,12865536,6893568,0
[2014-12-04T22:06:17.994945286Z] 20451328,370786304,190840832,397312,0,0,867017,868079,940281,0,73728,370925568,13266944,6971392,0,18446744073709551615,18446744073709551615,20451328,370786304,190840832,397312,0,0,867017,868079,940281,0,73728,370925568,13266944,6971392,0
[2014-12-04T22:06:19.755415811Z] 15634432,173289472,142606336,32768,0,0,872647,911349,942681,0,8192,173428736,12939264,2547712,0,18446744073709551615,18446744073709551615,15634432,173289472,142606336,32768,0,0,872647,911349,942681,0,8192,173428736,12939264,2547712,0
[2014-12-04T22:06:20.035997317Z] 17235968,210055168,148897792,327680,4096,0,882546,913925,954811,0,73728,210194432,14254080,2768896,0,18446744073709551615,18446744073709551615,17235968,210055168,148897792,327680,4096,0,882546,913925,954811,0,73728,210194432,14254080,2768896,0
[2014-12-04T22:06:21.104544313Z] 17575936,215502848,148897792,294912,36864,0,885041,915007,957518,0,73728,215642112,14536704,2826240,0,18446744073709551615,18446744073709551615,17575936,215502848,148897792,294912,36864,0,885041,915007,957518,0,73728,215642112,14536704,2826240,0
[2014-12-04T22:06:22.079987256Z] 17539072,200151040,146800640,299008,0,0,892998,927743,969788,0,73728,200290304,14311424,3014656,0,18446744073709551615,18446744073709551615,17539072,200151040,146800640,299008,0,0,892998,927743,969788,0,73728,200290304,14311424,3014656,0
[2014-12-04T22:06:23.089968078Z] 18710528,229474304,148897792,364544,0,0,899949,927760,977075,0,73728,229613568,14159872,4337664,0,18446744073709551615,18446744073709551615,18710528,229474304,148897792,364544,0,0,899949,927760,977075,0,73728,229613568,14159872,4337664,0
[2014-12-04T22:06:24.112200574Z] 18714624,244006912,148897792,364544,0,0,903498,927760,980963,0,73728,244113408,14143488,4358144,0,18446744073709551615,18446744073709551615,18714624,244006912,148897792,364544,0,0,903498,927760,980963,0,73728,244113408,14143488,4358144,0
[2014-12-04T22:06:25.144432448Z] 18735104,267988992,150994944,364544,0,0,908854,927767,986898,0,73728,268128256,11661312,6860800,0,18446744073709551615,18446744073709551615,18735104,267988992,150994944,364544,0,0,908854,927767,986898,0,73728,268128256,11661312,6860800,0
[2014-12-04T22:06:26.154015710Z] 19095552,289882112,157286400,397312,0,0,912807,927820,991011,0,73728,290021376,11714560,7168000,0,18446744073709551615,18446744073709551615,19095552,289882112,157286400,397312,0,0,912807,927820,991011,0,73728,290021376,11714560,7168000,0
[2014-12-04T22:06:27.168407230Z] 19513344,305029120,157286400,397312,0,0,916623,927836,995005,0,73728,305164288,11907072,7393280,0,18446744073709551615,18446744073709551615,19513344,305029120,157286400,397312,0,0,916623,927836,995005,0,73728,305164288,11907072,7393280,0
[2014-12-04T22:06:28.185725874Z] 19963904,343035904,178257920,397312,0,0,921254,928188,999564,0,73728,343175168,12312576,7438336,0,18446744073709551615,18446744073709551615,19963904,343035904,178257920,397312,0,0,921254,928188,999564,0,73728,343175168,12312576,7438336,0
[2014-12-04T22:06:29.199467217Z] 20893696,369127424,186646528,397312,0,0,927612,930504,1005702,0,73728,369266688,13193216,7487488,0,18446744073709551615,18446744073709551615,20893696,369127424,186646528,397312,0,0,927612,930504,1005702,0,73728,369266688,13193216,7487488,0
[2014-12-04T22:06:30.216943815Z] 5427200,173346816,142606336,32768,0,0,927740,971475,1006658,0,8192,173486080,5033984,245760,0,18446744073709551615,18446744073709551615,5427200,173346816,142606336,32768,0,0,927740,971475,1006658,0,8192,173486080,5033984,245760,0
[2014-12-04T22:06:31.244311024Z] 15634432,180510720,142606336,32768,0,0,935201,974695,1010584,0,8192,180649984,12939264,2547712,0,18446744073709551615,18446744073709551615,15634432,180510720,142606336,32768,0,0,935201,974695,1010584,0,8192,180649984,12939264,2547712,0
[2014-12-04T22:06:32.304585680Z] 15978496,202686464,146800640,294912,0,0,941586,976603,1019048,0,73728,202809344,13099008,2666496,0,18446744073709551615,18446744073709551615,15978496,202690560,146800640,294912,0,0,941586,976603,1019048,0,73728,202809344,13099008,2666496,0
[2014-12-04T22:06:33.327560993Z] 17334272,215457792,150994944,327680,0,0,944284,976875,1021397,0,73728,215597056,14340096,2781184,0,18446744073709551615,18446744073709551615,17334272,215457792,150994944,327680,0,0,944284,976875,1021397,0,73728,215597056,14340096,2781184,0
[2014-12-04T22:06:34.342466503Z] 17510400,173469696,142606336,32768,0,0,946081,989391,1024611,0,8192,173604864,14319616,3043328,0,18446744073709551615,18446744073709551615,17510400,173469696,142606336,32768,0,0,946081,989391,1024611,0,8192,173604864,14319616,3043328,0
[2014-12-04T22:06:35.380857855Z] 17641472,226549760,155189248,331776,0,0,958473,992880,1040488,0,73728,226615296,13656064,3772416,0,18446744073709551615,18446744073709551615,17641472,226549760,155189248,331776,0,0,958473,992880,1040488,0,73728,226615296,13656064,3772416,0
[2014-12-04T22:06:36.390455439Z] 18219008,241872896,153092096,364544,0,0,962874,992888,1045196,0,73728,241963008,14155776,3850240,0,18446744073709551615,18446744073709551615,18219008,241872896,153092096,364544,0,0,962874,992888,1045196,0,73728,241963008,14155776,3850240,0
[2014-12-04T22:06:37.405250481Z] 18235392,266072064,153092096,364544,0,0,968792,992894,1051750,0,73728,266211328,11657216,6365184,0,18446744073709551615,18446744073709551615,18235392,266072064,153092096,364544,0,0,968792,992894,1051750,0,73728,266211328,11657216,6365184,0
[2014-12-04T22:06:38.421988260Z] 18636800,286380032,157286400,397312,0,0,972975,993043,1055925,0,73728,286511104,11747328,6676480,0,18446744073709551615,18446744073709551615,18636800,286380032,157286400,397312,0,0,972975,993043,1055925,0,73728,286511104,11747328,6676480,0
[2014-12-04T22:06:39.469169120Z] 18976768,297197568,159383552,397312,0,0,975201,993056,1058303,0,73728,297336832,11968512,6795264,0,18446744073709551615,18446744073709551615,18976768,297197568,159383552,397312,0,0,975201,993056,1058303,0,73728,297336832,11968512,6795264,0
[2014-12-04T22:06:40.468131324Z] 19181568,322015232,167772160,397312,0,0,979621,993411,1062714,0,73728,320049152,12144640,6815744,0,18446744073709551615,18446744073709551615,19181568,322015232,167772160,397312,0,0,979621,993411,1062714,0,73728,320049152,12144640,6815744,0
[2014-12-04T22:06:41.507207017Z] 19607552,355799040,190840832,397312,0,0,985122,996692,1067653,0,73728,355938304,12521472,6873088,0,18446744073709551615,18446744073709551615,19607552,355799040,190840832,397312,0,0,985122,996692,1067653,0,73728,355938304,12521472,6873088,0
[2014-12-04T22:06:42.559916174Z] 20004864,370778112,199229440,397312,0,0,988849,999220,1070923,0,73728,370913280,12861440,6930432,0,18446744073709551615,18446744073709551615,20004864,370778112,199229440,397312,0,0,988849,999220,1070923,0,73728,370913280,12861440,6930432,0
[2014-12-04T22:06:43.562855872Z] 20262912,371396608,199229440,397312,0,0,989065,999222,1071076,0,73728,371535872,13115392,6934528,0,18446744073709551615,18446744073709551615,20262912,371396608,199229440,397312,0,0,989065,999222,1071076,0,73728,371535872,13115392,6934528,0
[2014-12-04T22:06:44.579219004Z] 4857856,173383680,142606336,32768,0,0,989780,1038244,1073216,0,8192,173522944,4677632,32768,0,18446744073709551615,18446744073709551615,4857856,173383680,142606336,32768,0,0,989780,1038244,1073216,0,8192,173522944,4677632,32768,0
[2014-12-04T22:06:45.589618019Z] 4857856,173383680,142606336,32768,0,0,989780,1038244,1073216,0,8192,173522944,4677632,32768,0,18446744073709551615,18446744073709551615,4857856,173383680,142606336,32768,0,0,989780,1038244,1073216,0,8192,173522944,4677632,32768,0
[2014-12-04T22:06:46.597799074Z] 4857856,173383680,142606336,32768,0,0,989780,1038244,1073216,0,8192,173522944,4677632,32768,0,18446744073709551615,18446744073709551615,4857856,173383680,142606336,32768,0,0,989780,1038244,1073216,0,8192,173522944,4677632,32768,0
[2014-12-04T22:06:47.609362562Z] 4857856,173383680,142606336,32768,0,0,989780,1038244,1073216,0,8192,173522944,4677632,32768,0,18446744073709551615,18446744073709551615,4857856,173383680,142606336,32768,0,0,989780,1038244,1073216,0,8192,173522944,4677632,32768,0
[2014-12-04T22:06:48.652519692Z] 4857856,173383680,142606336,32768,0,0,989780,1038244,1073216,0,8192,173522944,4677632,32768,0,18446744073709551615,18446744073709551615,4857856,173383680,142606336,32768,0,0,989780,1038244,1073216,0,8192,173522944,4677632,32768,0
[2014-12-04T22:06:49.684626604Z] 4857856,173383680,142606336,32768,0,0,989780,1038244,1073217,0,8192,173522944,4677632,32768,0,18446744073709551615,18446744073709551615,4857856,173383680,142606336,32768,0,0,989780,1038244,1073217,0,8192,173522944,4677632,32768,0
