2014-12-04T21:57:02.969906848Z cache,rss,rss_huge,mapped_file,writeback,swap,pgpgin,pgpgout,pgfault,pgmajfault,inactive_anon,active_anon,inactive_file,active_file,unevictable,hierarchical_memory_limit,hierarchical_memsw_limit,total_cache,total_rss,total_rss_huge,total_mapped_file,total_writeback,total_swap,total_pgpgin,total_pgpgout,total_pgfault,total_pgmajfault,total_inactive_anon,total_active_anon,total_inactive_file,total_active_file,total_unevictable
2014-12-04T21:57:02.971862285Z 77824,77037568,67108864,32768,0,0,2979,504,3703,0,12288,74960896,32768,0,0,18446744073709551615,18446744073709551615,77824,77037568,67108864,32768,0,0,2979,504,3703,0,12288,74960896,32768,0,0
[2014-12-04T21:57:03.980032623Z] 81920,100757504,88080384,32768,0,0,4094,937,4871,0,16384,100790272,32768,0,0,18446744073709551615,18446744073709551615,81920,100757504,88080384,32768,0,0,4094,937,4871,0,16384,100790272,32768,0,0
[2014-12-04T21:57:04.985186125Z] 81920,100757504,88080384,32768,0,0,4094,937,4871,0,16384,100790272,32768,0,0,18446744073709551615,18446744073709551615,81920,100757504,88080384,32768,0,0,4094,937,4871,0,16384,100790272,32768,0,0
[2014-12-04T21:57:05.988689477Z] 81920,107548672,94371840,32768,0,0,4243,961,5021,0,16384,107544576,32768,0,0,18446744073709551615,18446744073709551615,81920,107548672,94371840,32768,0,0,4243,961,5021,0,16384,107544576,32768,0,0
[2014-12-04T21:57:06.993029045Z] 81920,112242688,98566144,32768,0,0,4403,997,5183,0,16384,112275456,32768,0,0,18446744073709551615,18446744073709551615,81920,112242688,98566144,32768,0,0,4403,997,5183,0,16384,112275456,32768,0,0
[2014-12-04T21:57:07.997987105Z] 81920,116699136,102760448,32768,0,0,4544,1072,5334,0,16384,116731904,32768,0,0,18446744073709551615,18446744073709551615,81920,116699136,102760448,32768,0,0,4544,1072,5334,0,16384,116731904,32768,0,0
[2014-12-04T21:57:09.002002214Z] 81920,118804480,104857600,32768,0,0,4547,1072,5341,0,16384,118837248,32768,0,0,18446744073709551615,18446744073709551615,81920,118804480,104857600,32768,0,0,4547,1072,5341,0,16384,118837248,32768,0,0
[2014-12-04T21:57:10.007757092Z] 81920,120983552,106954752,32768,0,0,4568,1072,5370,0,16384,121016320,32768,0,0,18446744073709551615,18446744073709551615,81920,120983552,106954752,32768,0,0,4568,1072,5370,0,16384,121016320,32768,0,0
[2014-12-04T21:57:11.011952912Z] 81920,123285504,109051904,32768,0,0,4619,1072,5429,0,16384,123318272,32768,0,0,18446744073709551615,18446744073709551615,81920,123285504,109051904,32768,0,0,4619,1072,5429,0,16384,123318272,32768,0,0
[2014-12-04T21:57:12.016539859Z] 81920,128323584,113246208,32768,0,0,4833,1078,5654,0,16384,128356352,32768,0,0,18446744073709551615,18446744073709551615,81920,128323584,113246208,32768,0,0,4833,1078,5654,0,16384,128356352,32768,0,0
[2014-12-04T21:57:13.019763588Z] 81920,141258752,125829120,32768,0,0,4930,1083,5782,0,16384,141291520,32768,0,0,18446744073709551615,18446744073709551615,81920,141258752,125829120,32768,0,0,4930,1083,5782,0,16384,141291520,32768,0,0
[2014-12-04T21:57:14.024856658Z] 81920,141258752,125829120,32768,0,0,4930,1083,5782,0,16384,141291520,32768,0,0,18446744073709551615,18446744073709551615,81920,141258752,125829120,32768,0,0,4930,1083,5782,0,16384,141291520,32768,0,0
[2014-12-04T21:57:15.028717611Z] 81920,141258752,125829120,32768,0,0,4930,1083,5782,0,16384,141291520,32768,0,0,18446744073709551615,18446744073709551615,81920,141258752,125829120,32768,0,0,4930,1083,5782,0,16384,141291520,32768,0,0
[2014-12-04T21:57:16.032835549Z] 81920,141258752,125829120,32768,0,0,4930,1083,5782,0,16384,141291520,32768,0,0,18446744073709551615,18446744073709551615,81920,141258752,125829120,32768,0,0,4930,1083,5782,0,16384,141291520,32768,0,0
[2014-12-04T21:57:17.036114114Z] 81920,142819328,125829120,32768,0,0,5684,1456,6542,0,16384,142852096,32768,0,0,18446744073709551615,18446744073709551615,81920,142819328,125829120,32768,0,0,5684,1456,6542,0,16384,142852096,32768,0,0
[2014-12-04T21:57:18.040179538Z] 81920,142491648,125829120,32768,0,0,5684,1536,6548,0,16384,142524416,32768,0,0,18446744073709551615,18446744073709551615,81920,142491648,125829120,32768,0,0,5684,1536,6548,0,16384,142524416,32768,0,0
[2014-12-04T21:57:19.045352287Z] 81920,142491648,125829120,32768,0,0,5684,1536,6548,0,16384,142524416,32768,0,0,18446744073709551615,18446744073709551615,81920,142491648,125829120,32768,0,0,5684,1536,6548,0,16384,142524416,32768,0,0
[2014-12-04T21:57:20.051158092Z] 81920,142491648,125829120,32768,0,0,5684,1536,6548,0,16384,142524416,32768,0,0,18446744073709551615,18446744073709551615,81920,142491648,125829120,32768,0,0,5684,1536,6548,0,16384,142524416,32768,0,0
[2014-12-04T21:57:21.062408292Z] 81920,142491648,125829120,32768,0,0,5684,1536,6548,0,16384,142524416,32768,0,0,18446744073709551615,18446744073709551615,81920,142491648,125829120,32768,0,0,5684,1536,6548,0,16384,142524416,32768,0,0
[2014-12-04T21:57:22.166230284Z] 81920,143101952,125829120,32768,0,0,5833,1536,6714,0,16384,143097856,32768,0,0,18446744073709551615,18446744073709551615,81920,143101952,125829120,32768,0,0,5833,1536,6714,0,16384,143097856,32768,0,0
[2014-12-04T21:57:23.089530448Z] 81920,143794176,125829120,32768,0,0,6002,1536,6894,0,16384,143818752,32768,0,0,18446744073709551615,18446744073709551615,81920,143794176,125829120,32768,0,0,6002,1536,6894,0,16384,143818752,32768,0,0
[2014-12-04T21:57:24.101668794Z] 81920,147247104,127926272,32768,0,0,6825,2027,7739,0,16384,147279872,32768,0,0,18446744073709551615,18446744073709551615,81920,147247104,127926272,32768,0,0,6825,2027,7739,0,16384,147279872,32768,0,0
[2014-12-04T21:57:25.105893136Z] 81920,147578880,127926272,32768,0,0,6906,2027,7835,0,16384,147611648,32768,0,0,18446744073709551615,18446744073709551615,81920,147578880,127926272,32768,0,0,6906,2027,7835,0,16384,147611648,32768,0,0
[2014-12-04T21:57:26.116124040Z] 81920,147578880,127926272,32768,0,0,6906,2027,7835,0,16384,147611648,32768,0,0,18446744073709551615,18446744073709551615,81920,147578880,127926272,32768,0,0,6906,2027,7835,0,16384,147611648,32768,0,0
[2014-12-04T21:57:27.124657689Z] 81920,147587072,127926272,32768,0,0,6908,2027,7849,0,16384,147619840,32768,0,0,18446744073709551615,18446744073709551615,81920,147587072,127926272,32768,0,0,6908,2027,7849,0,16384,147619840,32768,0,0
[2014-12-04T21:57:28.240950644Z] 81920,147861504,127926272,32768,0,0,7055,2107,8007,0,16384,147894272,32768,0,0,18446744073709551615,18446744073709551615,81920,147861504,127926272,32768,0,0,7055,2107,8007,0,16384,147894272,32768,0,0
[2014-12-04T21:57:29.598653461Z] 81920,147927040,127926272,32768,0,0,7087,2123,8043,0,16384,147959808,32768,0,0,18446744073709551615,18446744073709551615,81920,147927040,127926272,32768,0,0,7087,2123,8043,0,16384,147959808,32768,0,0
[2014-12-04T21:57:30.146793969Z] 81920,156348416,127926272,32768,0,0,11961,4941,12918,0,16384,156381184,32768,0,0,18446744073709551615,18446744073709551615,81920,156348416,127926272,32768,0,0,11961,4941,12918,0,16384,156381184,32768,0,0
[2014-12-04T21:57:31.151647851Z] 81920,156352512,127926272,32768,0,0,11962,4941,12923,0,16384,156385280,32768,0,0,18446744073709551615,18446744073709551615,81920,156352512,127926272,32768,0,0,11962,4941,12923,0,16384,156385280,32768,0,0
[2014-12-04T21:57:32.192365492Z] 81920,157351936,127926272,32768,0,0,12778,5513,13748,0,16384,157384704,32768,0,0,18446744073709551615,18446744073709551615,81920,157351936,127926272,32768,0,0,12778,5513,13748,0,16384,157384704,32768,0,0
[2014-12-04T21:57:33.170308139Z] 81920,156921856,127926272,32768,0,0,12842,5682,13817,0,16384,156954624,32768,0,0,18446744073709551615,18446744073709551615,81920,156921856,127926272,32768,0,0,12842,5682,13817,0,16384,156954624,32768,0,0
[2014-12-04T21:57:34.190292029Z] 81920,156934144,127926272,32768,0,0,12845,5682,13823,0,16384,156966912,32768,0,0,18446744073709551615,18446744073709551615,81920,156934144,127926272,32768,0,0,12845,5682,13823,0,16384,156966912,32768,0,0
[2014-12-04T21:57:35.207817554Z] 81920,157003776,127926272,32768,0,0,12862,5682,13844,0,16384,157028352,32768,0,0,18446744073709551615,18446744073709551615,81920,157003776,127926272,32768,0,0,12862,5682,13844,0,16384,157028352,32768,0,0
[2014-12-04T21:57:36.236769535Z] 81920,157073408,127926272,32768,0,0,12911,5714,13897,0,16384,157106176,32768,0,0,18446744073709551615,18446744073709551615,81920,157073408,127926272,32768,0,0,12911,5714,13897,0,16384,157106176,32768,0,0
[2014-12-04T21:57:37.636832150Z] 81920,164950016,127926272,32768,0,0,17115,7995,18107,0,16384,164982784,32768,0,0,18446744073709551615,18446744073709551615,81920,164950016,127926272,32768,0,0,17115,7995,18107,0,16384,164982784,32768,0,0
[2014-12-04T21:57:38.449052949Z] 81920,160956416,127926272,32768,0,0,17145,9000,18138,0,16384,160989184,32768,0,0,18446744073709551615,18446744073709551615,81920,160956416,127926272,32768,0,0,17145,9000,18138,0,16384,160989184,32768,0,0
[2014-12-04T21:57:39.260725189Z] 81920,160956416,127926272,32768,0,0,17145,9000,18139,0,16384,160989184,32768,0,0,18446744073709551615,18446744073709551615,81920,160956416,127926272,32768,0,0,17145,9000,18139,0,16384,160989184,32768,0,0
[2014-12-04T21:57:40.269195505Z] 81920,161021952,127926272,32768,0,0,17177,9016,18172,0,16384,161054720,32768,0,0,18446744073709551615,18446744073709551615,81920,161021952,127926272,32768,0,0,17177,9016,18172,0,16384,161054720,32768,0,0
[2014-12-04T21:57:41.281897512Z] 81920,161157120,127926272,32768,0,0,17242,9048,18240,0,16384,161189888,32768,0,0,18446744073709551615,18446744073709551615,81920,161157120,127926272,32768,0,0,17242,9048,18240,0,16384,161189888,32768,0,0
[2014-12-04T21:57:42.466291351Z] 81920,161226752,127926272,32768,0,0,17275,9064,18275,0,16384,161259520,32768,0,0,18446744073709551615,18446744073709551615,81920,161226752,127926272,32768,0,0,17275,9064,18275,0,16384,161259520,32768,0,0
[2014-12-04T21:57:43.292964964Z] 81920,161226752,127926272,32768,0,0,17275,9064,18275,0,16384,161259520,32768,0,0,18446744073709551615,18446744073709551615,81920,161226752,127926272,32768,0,0,17275,9064,18275,0,16384,161259520,32768,0,0
[2014-12-04T21:57:44.297819306Z] 81920,162234368,127926272,32768,0,0,17537,9080,18538,0,16384,162267136,32768,0,0,18446744073709551615,18446744073709551615,81920,162234368,127926272,32768,0,0,17537,9080,18538,0,16384,162267136,32768,0,0
[2014-12-04T21:57:45.303444167Z] 81920,162234368,127926272,32768,0,0,17537,9080,18539,0,16384,162267136,32768,0,0,18446744073709551615,18446744073709551615,81920,162234368,127926272,32768,0,0,17537,9080,18539,0,16384,162267136,32768,0,0
[2014-12-04T21:57:46.307903395Z] 81920,162246656,127926272,32768,0,0,17556,9096,18560,0,16384,162279424,32768,0,0,18446744073709551615,18446744073709551615,81920,162246656,127926272,32768,0,0,17556,9096,18560,0,16384,162279424,32768,0,0
[2014-12-04T21:57:47.326135239Z] 81920,162250752,127926272,32768,0,0,17573,9112,18579,0,16384,162283520,32768,0,0,18446744073709551615,18446744073709551615,81920,162250752,127926272,32768,0,0,17573,9112,18579,0,16384,162283520,32768,0,0
[2014-12-04T21:57:48.320647989Z] 81920,161529856,127926272,32768,0,0,17589,9304,18597,0,16384,161562624,32768,0,0,18446744073709551615,18446744073709551615,81920,161529856,127926272,32768,0,0,17589,9304,18597,0,16384,161562624,32768,0,0
[2014-12-04T21:57:49.337166587Z] 81920,161529856,127926272,32768,0,0,17589,9304,18598,0,16384,161562624,32768,0,0,18446744073709551615,18446744073709551615,81920,161529856,127926272,32768,0,0,17589,9304,18598,0,16384,161562624,32768,0,0
[2014-12-04T21:57:50.341469238Z] 81920,161529856,127926272,32768,0,0,17605,9320,18615,0,16384,161562624,32768,0,0,18446744073709551615,18446744073709551615,81920,161529856,127926272,32768,0,0,17605,9320,18615,0,16384,161562624,32768,0,0
[2014-12-04T21:57:51.346317657Z] 81920,161529856,127926272,32768,0,0,17605,9320,18616,0,16384,161562624,32768,0,0,18446744073709551615,18446744073709551615,81920,161529856,127926272,32768,0,0,17605,9320,18616,0,16384,161562624,32768,0,0
[2014-12-04T21:57:52.355381284Z] 81920,161529856,127926272,32768,0,0,17621,9336,18633,0,16384,161562624,32768,0,0,18446744073709551615,18446744073709551615,81920,161529856,127926272,32768,0,0,17621,9336,18633,0,16384,161562624,32768,0,0
[2014-12-04T21:57:53.715200754Z] 81920,160677888,127926272,32768,0,0,17637,9560,18651,0,16384,160710656,32768,0,0,18446744073709551615,18446744073709551615,81920,160677888,127926272,32768,0,0,17637,9560,18651,0,16384,160710656,32768,0,0
[2014-12-04T21:57:54.377192652Z] 81920,160677888,127926272,32768,0,0,17637,9560,18652,0,16384,160710656,32768,0,0,18446744073709551615,18446744073709551615,81920,160677888,127926272,32768,0,0,17637,9560,18652,0,16384,160710656,32768,0,0
[2014-12-04T21:57:55.806442897Z] 81920,160681984,127926272,32768,0,0,17654,9576,18670,0,16384,160714752,32768,0,0,18446744073709551615,18446744073709551615,81920,160681984,127926272,32768,0,0,17654,9576,18670,0,16384,160714752,32768,0,0
[2014-12-04T21:57:56.615605609Z] 81920,160681984,127926272,32768,0,0,17670,9592,18688,0,16384,160714752,32768,0,0,18446744073709551615,18446744073709551615,81920,160681984,127926272,32768,0,0,17670,9592,18688,0,16384,160714752,32768,0,0
[2014-12-04T21:57:57.544636377Z] 81920,160681984,127926272,32768,0,0,17686,9608,18705,0,16384,160714752,32768,0,0,18446744073709551615,18446744073709551615,81920,160681984,127926272,32768,0,0,17686,9608,18705,0,16384,160714752,32768,0,0
[2014-12-04T21:57:58.404076896Z] 81920,165593088,132120576,32768,0,0,20041,11786,21083,0,16384,165625856,32768,0,0,18446744073709551615,18446744073709551615,81920,165593088,132120576,32768,0,0,20041,11786,21083,0,16384,165625856,32768,0,0
[2014-12-04T21:57:59.633207534Z] 81920,165597184,132120576,32768,0,0,20074,11818,21119,0,16384,165629952,32768,0,0,18446744073709551615,18446744073709551615,81920,165597184,132120576,32768,0,0,20074,11818,21119,0,16384,165629952,32768,0,0
[2014-12-04T21:58:00.412973428Z] 81920,165597184,132120576,32768,0,0,20074,11818,21121,0,16384,165629952,32768,0,0,18446744073709551615,18446744073709551615,81920,165597184,132120576,32768,0,0,20074,11818,21121,0,16384,165629952,32768,0,0
[2014-12-04T21:58:01.678831933Z] 81920,165597184,132120576,32768,0,0,20090,11834,21139,0,16384,165629952,32768,0,0,18446744073709551615,18446744073709551615,81920,165597184,132120576,32768,0,0,20090,11834,21139,0,16384,165629952,32768,0,0
[2014-12-04T21:58:02.435400078Z] 81920,165810176,132120576,32768,0,0,20174,11866,21226,0,16384,165842944,32768,0,0,18446744073709551615,18446744073709551615,81920,165810176,132120576,32768,0,0,20174,11866,21226,0,16384,165842944,32768,0,0
[2014-12-04T21:58:03.805459179Z] 81920,165494784,132120576,32768,0,0,20209,11978,21264,0,16384,165527552,32768,0,0,18446744073709551615,18446744073709551615,81920,165494784,132120576,32768,0,0,20209,11978,21264,0,16384,165527552,32768,0,0
[2014-12-04T21:58:04.693679192Z] 81920,165494784,132120576,32768,0,0,20209,11978,21270,0,16384,165527552,32768,0,0,18446744073709551615,18446744073709551615,81920,165494784,132120576,32768,0,0,20209,11978,21270,0,16384,165527552,32768,0,0
[2014-12-04T21:58:05.466358595Z] 81920,165494784,132120576,32768,0,0,20209,11978,21272,0,16384,165527552,32768,0,0,18446744073709551615,18446744073709551615,81920,165494784,132120576,32768,0,0,20209,11978,21272,0,16384,165527552,32768,0,0
[2014-12-04T21:58:06.635948347Z] 81920,165904384,132120576,32768,0,0,20357,12026,21423,0,16384,165937152,32768,0,0,18446744073709551615,18446744073709551615,81920,165904384,132120576,32768,0,0,20357,12026,21423,0,16384,165937152,32768,0,0
[2014-12-04T21:58:07.515244808Z] 81920,166068224,132120576,32768,0,0,20413,12042,21480,0,16384,166100992,32768,0,0,18446744073709551615,18446744073709551615,81920,166068224,132120576,32768,0,0,20413,12042,21480,0,16384,166100992,32768,0,0
[2014-12-04T21:58:08.527351029Z] 81920,167178240,132120576,32768,0,0,20716,12074,21785,0,16384,167211008,32768,0,0,18446744073709551615,18446744073709551615,81920,167178240,132120576,32768,0,0,20716,12074,21785,0,16384,167211008,32768,0,0
[2014-12-04T21:58:09.541826529Z] 81920,167186432,132120576,32768,0,0,20718,12074,21787,0,16384,167219200,32768,0,0,18446744073709551615,18446744073709551615,81920,167186432,132120576,32768,0,0,20718,12074,21787,0,16384,167219200,32768,0,0
[2014-12-04T21:58:10.551354837Z] 81920,167272448,132120576,32768,0,0,20739,12074,21808,0,16384,167305216,32768,0,0,18446744073709551615,18446744073709551615,81920,167272448,132120576,32768,0,0,20739,12074,21808,0,16384,167305216,32768,0,0
[2014-12-04T21:58:11.567509526Z] 81920,167350272,132120576,32768,0,0,20790,12106,21859,0,16384,167383040,32768,0,0,18446744073709551615,18446744073709551615,81920,167350272,132120576,32768,0,0,20790,12106,21859,0,16384,167383040,32768,0,0
[2014-12-04T21:58:13.201975919Z] 81920,167350272,132120576,32768,0,0,20806,12122,21875,0,16384,167383040,32768,0,0,18446744073709551615,18446744073709551615,81920,167350272,132120576,32768,0,0,20806,12122,21875,0,16384,167383040,32768,0,0
[2014-12-04T21:58:13.604703766Z] 81920,167354368,132120576,32768,0,0,20839,12154,21908,0,16384,167387136,32768,0,0,18446744073709551615,18446744073709551615,81920,167354368,132120576,32768,0,0,20839,12154,21908,0,16384,167387136,32768,0,0
[2014-12-04T21:58:14.627362442Z] 81920,167354368,132120576,32768,0,0,20839,12154,21908,0,16384,167387136,32768,0,0,18446744073709551615,18446744073709551615,81920,167354368,132120576,32768,0,0,20839,12154,21908,0,16384,167387136,32768,0,0
[2014-12-04T21:58:15.644122364Z] 81920,167354368,132120576,32768,0,0,20839,12154,21908,0,16384,167387136,32768,0,0,18446744073709551615,18446744073709551615,81920,167354368,132120576,32768,0,0,20839,12154,21908,0,16384,167387136,32768,0,0
[2014-12-04T21:58:16.656033342Z] 81920,167354368,132120576,32768,0,0,20855,12170,21924,0,16384,167387136,32768,0,0,18446744073709551615,18446744073709551615,81920,167354368,132120576,32768,0,0,20855,12170,21924,0,16384,167387136,32768,0,0
[2014-12-04T21:58:17.677892671Z] 81920,167546880,132120576,32768,0,0,20950,12218,22019,0,16384,167579648,32768,0,0,18446744073709551615,18446744073709551615,81920,167546880,132120576,32768,0,0,20950,12218,22019,0,16384,167579648,32768,0,0
[2014-12-04T21:58:18.695988447Z] 81920,167120896,132120576,32768,0,0,20950,12322,22019,0,16384,167153664,32768,0,0,18446744073709551615,18446744073709551615,81920,167120896,132120576,32768,0,0,20950,12322,22019,0,16384,167153664,32768,0,0
[2014-12-04T21:58:19.710470435Z] 81920,167124992,132120576,32768,0,0,20967,12338,22037,0,16384,167157760,32768,0,0,18446744073709551615,18446744073709551615,81920,167124992,132120576,32768,0,0,20967,12338,22037,0,16384,167157760,32768,0,0
[2014-12-04T21:58:20.731201236Z] 81920,167124992,132120576,32768,0,0,20983,12354,22053,0,16384,167157760,32768,0,0,18446744073709551615,18446744073709551615,81920,167124992,132120576,32768,0,0,20983,12354,22053,0,16384,167157760,32768,0,0
[2014-12-04T21:58:21.744419838Z] 81920,167124992,132120576,32768,0,0,20983,12354,22053,0,16384,167157760,32768,0,0,18446744073709551615,18446744073709551615,81920,167124992,132120576,32768,0,0,20983,12354,22053,0,16384,167157760,32768,0,0
[2014-12-04T21:58:22.750930504Z] 81920,167329792,132120576,32768,0,0,21049,12370,22119,0,16384,167362560,32768,0,0,18446744073709551615,18446744073709551615,81920,167329792,132120576,32768,0,0,21049,12370,22119,0,16384,167362560,32768,0,0
[2014-12-04T21:58:23.789593593Z] 81920,166748160,132120576,32768,0,0,21099,12562,22169,0,16384,166780928,32768,0,0,18446744073709551615,18446744073709551615,81920,166748160,132120576,32768,0,0,21099,12562,22169,0,16384,166780928,32768,0,0
[2014-12-04T21:58:24.841293167Z] 81920,166608896,132120576,32768,0,0,21115,12612,22185,0,16384,166641664,32768,0,0,18446744073709551615,18446744073709551615,81920,166608896,132120576,32768,0,0,21115,12612,22185,0,16384,166641664,32768,0,0
[2014-12-04T21:58:25.865458237Z] 81920,166608896,132120576,32768,0,0,21115,12612,22185,0,16384,166641664,32768,0,0,18446744073709551615,18446744073709551615,81920,166608896,132120576,32768,0,0,21115,12612,22185,0,16384,166641664,32768,0,0
[2014-12-04T21:58:26.956124694Z] 81920,166776832,132120576,32768,0,0,21204,12660,22275,0,16384,166809600,32768,0,0,18446744073709551615,18446744073709551615,81920,166776832,132120576,32768,0,0,21204,12660,22275,0,16384,166809600,32768,0,0
[2014-12-04T21:58:27.912139443Z] 81920,167514112,132120576,32768,0,0,21384,12660,22477,0,16384,167546880,32768,0,0,18446744073709551615,18446744073709551615,81920,167514112,132120576,32768,0,0,21384,12660,22477,0,16384,167546880,32768,0,0
[2014-12-04T21:58:28.934723969Z] 81920,167350272,132120576,32768,0,0,21384,12700,22478,0,16384,167383040,32768,0,0,18446744073709551615,18446744073709551615,81920,167350272,132120576,32768,0,0,21384,12700,22478,0,16384,167383040,32768,0,0
[2014-12-04T21:58:29.960713473Z] 81920,167522304,132120576,32768,0,0,21442,12716,22536,0,16384,167555072,32768,0,0,18446744073709551615,18446744073709551615,81920,167522304,132120576,32768,0,0,21442,12716,22536,0,16384,167555072,32768,0,0
[2014-12-04T21:58:30.975997731Z] 81920,168431616,132120576,32768,0,0,23724,14776,24818,0,16384,168464384,32768,0,0,18446744073709551615,18446744073709551615,81920,168431616,132120576,32768,0,0,23724,14776,24818,0,16384,168464384,32768,0,0
[2014-12-04T21:58:32.030813120Z] 81920,168439808,132120576,32768,0,0,23726,14776,24821,0,16384,168472576,32768,0,0,18446744073709551615,18446744073709551615,81920,168439808,132120576,32768,0,0,23726,14776,24821,0,16384,168472576,32768,0,0
[2014-12-04T21:58:33.024338932Z] 81920,168443904,132120576,32768,0,0,23727,14776,24823,0,16384,168476672,32768,0,0,18446744073709551615,18446744073709551615,81920,168443904,132120576,32768,0,0,23727,14776,24823,0,16384,168476672,32768,0,0
[2014-12-04T21:58:34.092446334Z] 81920,167034880,132120576,32768,0,0,23759,15152,24855,0,16384,167067648,32768,0,0,18446744073709551615,18446744073709551615,81920,167034880,132120576,32768,0,0,23759,15152,24855,0,16384,167067648,32768,0,0
[2014-12-04T21:58:35.457548804Z] 81920,167034880,132120576,32768,0,0,23775,15168,24873,0,16384,167067648,32768,0,0,18446744073709551615,18446744073709551615,81920,167034880,132120576,32768,0,0,23775,15168,24873,0,16384,167067648,32768,0,0
[2014-12-04T21:58:36.150407565Z] 81920,167034880,132120576,32768,0,0,23775,15168,24875,0,16384,167067648,32768,0,0,18446744073709551615,18446744073709551615,81920,167034880,132120576,32768,0,0,23775,15168,24875,0,16384,167067648,32768,0,0
[2014-12-04T21:58:37.171338159Z] 81920,167034880,132120576,32768,0,0,23791,15184,24892,0,16384,167067648,32768,0,0,18446744073709551615,18446744073709551615,81920,167034880,132120576,32768,0,0,23791,15184,24892,0,16384,167067648,32768,0,0
[2014-12-04T21:58:38.201068501Z] 81920,167034880,132120576,32768,0,0,23839,15232,24941,0,16384,167067648,32768,0,0,18446744073709551615,18446744073709551615,81920,167034880,132120576,32768,0,0,23839,15232,24941,0,16384,167067648,32768,0,0
[2014-12-04T21:58:39.203512325Z] 81920,167034880,132120576,32768,0,0,23855,15248,24957,0,16384,167067648,32768,0,0,18446744073709551615,18446744073709551615,81920,167034880,132120576,32768,0,0,23855,15248,24957,0,16384,167067648,32768,0,0
[2014-12-04T21:58:40.219365491Z] 81920,167034880,132120576,32768,0,0,23855,15248,24957,0,16384,167067648,32768,0,0,18446744073709551615,18446744073709551615,81920,167034880,132120576,32768,0,0,23855,15248,24957,0,16384,167067648,32768,0,0
[2014-12-04T21:58:41.238185236Z] 81920,167034880,132120576,32768,0,0,23871,15264,24973,0,16384,167067648,32768,0,0,18446744073709551615,18446744073709551615,81920,167034880,132120576,32768,0,0,23871,15264,24973,0,16384,167067648,32768,0,0
[2014-12-04T21:58:42.276658175Z] 81920,167034880,132120576,32768,0,0,23903,15296,25005,0,16384,167067648,32768,0,0,18446744073709551615,18446744073709551615,81920,167034880,132120576,32768,0,0,23903,15296,25005,0,16384,167067648,32768,0,0
[2014-12-04T21:58:43.372666255Z] 81920,167034880,132120576,32768,0,0,23919,15312,25021,0,16384,167067648,32768,0,0,18446744073709551615,18446744073709551615,81920,167034880,132120576,32768,0,0,23919,15312,25021,0,16384,167067648,32768,0,0
[2014-12-04T21:58:44.380910136Z] 81920,167034880,132120576,32768,0,0,23935,15328,25037,0,16384,167067648,32768,0,0,18446744073709551615,18446744073709551615,81920,167034880,132120576,32768,0,0,23935,15328,25037,0,16384,167067648,32768,0,0
[2014-12-04T21:58:45.398109672Z] 81920,167034880,132120576,32768,0,0,23967,15360,25070,0,16384,167067648,32768,0,0,18446744073709551615,18446744073709551615,81920,167034880,132120576,32768,0,0,23967,15360,25070,0,16384,167067648,32768,0,0
[2014-12-04T21:58:46.712453837Z] 81920,167034880,132120576,32768,0,0,23983,15376,25086,0,16384,167067648,32768,0,0,18446744073709551615,18446744073709551615,81920,167034880,132120576,32768,0,0,23983,15376,25086,0,16384,167067648,32768,0,0
[2014-12-04T21:58:47.478450779Z] 81920,167096320,132120576,32768,0,0,23998,15376,25101,0,16384,167129088,32768,0,0,18446744073709551615,18446744073709551615,81920,167096320,132120576,32768,0,0,23998,15376,25101,0,16384,167129088,32768,0,0
[2014-12-04T21:58:48.521743331Z] 81920,167096320,132120576,32768,0,0,24030,15408,25133,0,16384,167129088,32768,0,0,18446744073709551615,18446744073709551615,81920,167096320,132120576,32768,0,0,24030,15408,25133,0,16384,167129088,32768,0,0
[2014-12-04T21:58:49.878780853Z] 81920,167096320,132120576,32768,0,0,24046,15424,25149,0,16384,167129088,32768,0,0,18446744073709551615,18446744073709551615,81920,167096320,132120576,32768,0,0,24046,15424,25149,0,16384,167129088,32768,0,0
[2014-12-04T21:58:50.557476404Z] 81920,167096320,132120576,32768,0,0,24078,15456,25181,0,16384,167129088,32768,0,0,18446744073709551615,18446744073709551615,81920,167096320,132120576,32768,0,0,24078,15456,25181,0,16384,167129088,32768,0,0
[2014-12-04T21:58:51.566878121Z] 81920,167096320,132120576,32768,0,0,24078,15456,25182,0,16384,167129088,32768,0,0,18446744073709551615,18446744073709551615,81920,167096320,132120576,32768,0,0,24078,15456,25182,0,16384,167129088,32768,0,0
[2014-12-04T21:58:52.586537851Z] 81920,167100416,132120576,32768,0,0,24095,15472,25200,0,16384,167133184,32768,0,0,18446744073709551615,18446744073709551615,81920,167100416,132120576,32768,0,0,24095,15472,25200,0,16384,167133184,32768,0,0
[2014-12-04T21:58:53.605757950Z] 81920,167100416,132120576,32768,0,0,24111,15488,25216,0,16384,167133184,32768,0,0,18446744073709551615,18446744073709551615,81920,167100416,132120576,32768,0,0,24111,15488,25216,0,16384,167133184,32768,0,0
[2014-12-04T21:58:54.635617973Z] 81920,167100416,132120576,32768,0,0,24111,15488,25216,0,16384,167133184,32768,0,0,18446744073709551615,18446744073709551615,81920,167100416,132120576,32768,0,0,24111,15488,25216,0,16384,167133184,32768,0,0
[2014-12-04T21:58:55.657881915Z] 81920,167104512,132120576,32768,0,0,24160,15536,25266,0,16384,167137280,32768,0,0,18446744073709551615,18446744073709551615,81920,167104512,132120576,32768,0,0,24160,15536,25266,0,16384,167137280,32768,0,0
[2014-12-04T21:58:56.800088843Z] 81920,168136704,132120576,32768,0,0,24444,15568,25571,0,16384,168169472,32768,0,0,18446744073709551615,18446744073709551615,81920,168136704,132120576,32768,0,0,24444,15568,25571,0,16384,168169472,32768,0,0
[2014-12-04T21:58:57.776665943Z] 81920,168136704,132120576,32768,0,0,24460,15584,25587,0,16384,168169472,32768,0,0,18446744073709551615,18446744073709551615,81920,168136704,132120576,32768,0,0,24460,15584,25587,0,16384,168169472,32768,0,0
[2014-12-04T21:58:58.796949860Z] 81920,168259584,132120576,32768,0,0,24506,15600,25633,0,16384,168292352,32768,0,0,18446744073709551615,18446744073709551615,81920,168259584,132120576,32768,0,0,24506,15600,25633,0,16384,168292352,32768,0,0
[2014-12-04T21:58:59.840998516Z] 81920,167964672,132120576,32768,0,0,24522,15688,25649,0,16384,167997440,32768,0,0,18446744073709551615,18446744073709551615,81920,167964672,132120576,32768,0,0,24522,15688,25649,0,16384,167997440,32768,0,0
[2014-12-04T21:59:00.852874839Z] 81920,167964672,132120576,32768,0,0,24522,15688,25649,0,16384,167997440,32768,0,0,18446744073709551615,18446744073709551615,81920,167964672,132120576,32768,0,0,24522,15688,25649,0,16384,167997440,32768,0,0
[2014-12-04T21:59:01.867575864Z] 81920,167964672,132120576,32768,0,0,24538,15704,25665,0,16384,167997440,32768,0,0,18446744073709551615,18446744073709551615,81920,167964672,132120576,32768,0,0,24538,15704,25665,0,16384,167997440,32768,0,0
[2014-12-04T21:59:02.882539547Z] 81920,168038400,132120576,32768,0,0,24620,15768,25747,0,16384,168071168,32768,0,0,18446744073709551615,18446744073709551615,81920,168038400,132120576,32768,0,0,24620,15768,25747,0,16384,168071168,32768,0,0
[2014-12-04T21:59:03.897652907Z] 81920,167464960,132120576,32768,0,0,24636,15935,25764,0,16384,168071168,32768,0,0,18446744073709551615,18446744073709551615,81920,167354368,132120576,32768,0,0,24636,15958,25764,0,16384,168071168,32768,0,0
[2014-12-04T21:59:04.972516237Z] 81920,167317504,132120576,32768,0,0,24636,15960,25766,0,16384,167350272,32768,0,0,18446744073709551615,18446744073709551615,81920,167317504,132120576,32768,0,0,24636,15960,25766,0,16384,167350272,32768,0,0
[2014-12-04T21:59:05.924067065Z] 81920,167378944,132120576,32768,0,0,24683,15992,25814,0,16384,167411712,32768,0,0,18446744073709551615,18446744073709551615,81920,167378944,132120576,32768,0,0,24683,15992,25814,0,16384,167411712,32768,0,0
[2014-12-04T21:59:06.944769320Z] 81920,167378944,132120576,32768,0,0,24683,15992,25815,0,16384,167411712,32768,0,0,18446744073709551615,18446744073709551615,81920,167378944,132120576,32768,0,0,24683,15992,25815,0,16384,167411712,32768,0,0
[2014-12-04T21:59:07.959428239Z] 81920,167383040,132120576,32768,0,0,24684,15992,25816,0,16384,167415808,32768,0,0,18446744073709551615,18446744073709551615,81920,167383040,132120576,32768,0,0,24684,15992,25816,0,16384,167415808,32768,0,0
[2014-12-04T21:59:08.974325992Z] 81920,167383040,132120576,32768,0,0,24732,16040,25865,0,16384,167415808,32768,0,0,18446744073709551615,18446744073709551615,81920,167383040,132120576,32768,0,0,24732,16040,25865,0,16384,167415808,32768,0,0
[2014-12-04T21:59:10.232568961Z] 81920,167383040,132120576,32768,0,0,24764,16072,25898,0,16384,167415808,32768,0,0,18446744073709551615,18446744073709551615,81920,167383040,132120576,32768,0,0,24764,16072,25898,0,16384,167415808,32768,0,0
[2014-12-04T21:59:11.008480732Z] 81920,167383040,132120576,32768,0,0,24780,16088,25914,0,16384,167415808,32768,0,0,18446744073709551615,18446744073709551615,81920,167383040,132120576,32768,0,0,24780,16088,25914,0,16384,167415808,32768,0,0
[2014-12-04T21:59:12.051076879Z] 81920,167383040,132120576,32768,0,0,24796,16104,25930,0,16384,167415808,32768,0,0,18446744073709551615,18446744073709551615,81920,167383040,132120576,32768,0,0,24796,16104,25930,0,16384,167415808,32768,0,0
[2014-12-04T21:59:13.268694358Z] 81920,167383040,132120576,32768,0,0,24812,16120,25946,0,16384,167415808,32768,0,0,18446744073709551615,18446744073709551615,81920,167383040,132120576,32768,0,0,24812,16120,25946,0,16384,167415808,32768,0,0
[2014-12-04T21:59:14.107149156Z] 81920,167383040,132120576,32768,0,0,24812,16120,25946,0,16384,167415808,32768,0,0,18446744073709551615,18446744073709551615,81920,167383040,132120576,32768,0,0,24812,16120,25946,0,16384,167415808,32768,0,0
[2014-12-04T21:59:15.115428182Z] 81920,167383040,132120576,32768,0,0,24828,16136,25962,0,16384,167415808,32768,0,0,18446744073709551615,18446744073709551615,81920,167383040,132120576,32768,0,0,24828,16136,25962,0,16384,167415808,32768,0,0
[2014-12-04T21:59:16.525916944Z] 81920,167383040,132120576,32768,0,0,24876,16184,26010,0,16384,167415808,32768,0,0,18446744073709551615,18446744073709551615,81920,167383040,132120576,32768,0,0,24876,16184,26010,0,16384,167415808,32768,0,0
[2014-12-04T21:59:17.157129765Z] 81920,167383040,132120576,32768,0,0,24892,16200,26026,0,16384,167415808,32768,0,0,18446744073709551615,18446744073709551615,81920,167383040,132120576,32768,0,0,24892,16200,26026,0,16384,167415808,32768,0,0
[2014-12-04T21:59:18.270230112Z] 81920,167383040,132120576,32768,0,0,24908,16216,26042,0,16384,167415808,32768,0,0,18446744073709551615,18446744073709551615,81920,167383040,132120576,32768,0,0,24908,16216,26042,0,16384,167415808,32768,0,0
[2014-12-04T21:59:19.257062377Z] 81920,167383040,132120576,32768,0,0,24940,16248,26074,0,16384,167415808,32768,0,0,18446744073709551615,18446744073709551615,81920,167383040,132120576,32768,0,0,24940,16248,26074,0,16384,167415808,32768,0,0
[2014-12-04T21:59:20.201631456Z] 81920,167383040,132120576,32768,0,0,24940,16248,26074,0,16384,167415808,32768,0,0,18446744073709551615,18446744073709551615,81920,167383040,132120576,32768,0,0,24940,16248,26074,0,16384,167415808,32768,0,0
[2014-12-04T21:59:21.456380524Z] 81920,167383040,132120576,32768,0,0,24956,16264,26090,0,16384,167415808,32768,0,0,18446744073709551615,18446744073709551615,81920,167383040,132120576,32768,0,0,24956,16264,26090,0,16384,167415808,32768,0,0
[2014-12-04T21:59:22.248598259Z] 81920,167383040,132120576,32768,0,0,24972,16280,26106,0,16384,167415808,32768,0,0,18446744073709551615,18446744073709551615,81920,167383040,132120576,32768,0,0,24972,16280,26106,0,16384,167415808,32768,0,0
[2014-12-04T21:59:23.641634414Z] 81920,167383040,132120576,32768,0,0,25020,16328,26155,0,16384,167415808,32768,0,0,18446744073709551615,18446744073709551615,81920,167383040,132120576,32768,0,0,25020,16328,26155,0,16384,167415808,32768,0,0
[2014-12-04T21:59:24.284998222Z] 81920,167243776,132120576,32768,0,0,25036,16378,26171,0,16384,167276544,32768,0,0,18446744073709551615,18446744073709551615,81920,167243776,132120576,32768,0,0,25036,16378,26171,0,16384,167276544,32768,0,0
[2014-12-04T21:59:25.320355426Z] 81920,167243776,132120576,32768,0,0,25068,16410,26203,0,16384,167276544,32768,0,0,18446744073709551615,18446744073709551615,81920,167243776,132120576,32768,0,0,25068,16410,26203,0,16384,167276544,32768,0,0
[2014-12-04T21:59:26.395116862Z] 81920,168308736,132120576,32768,0,0,25329,16411,26485,0,16384,168341504,32768,0,0,18446744073709551615,18446744073709551615,81920,168308736,132120576,32768,0,0,25329,16411,26485,0,16384,168341504,32768,0,0
[2014-12-04T21:59:27.415360773Z] 81920,168329216,132120576,32768,0,0,25350,16427,26506,0,16384,168361984,32768,0,0,18446744073709551615,18446744073709551615,81920,168329216,132120576,32768,0,0,25350,16427,26506,0,16384,168361984,32768,0,0
[2014-12-04T21:59:28.426651997Z] 81920,168329216,132120576,32768,0,0,25350,16427,26506,0,16384,168361984,32768,0,0,18446744073709551615,18446744073709551615,81920,168329216,132120576,32768,0,0,25350,16427,26506,0,16384,168361984,32768,0,0
[2014-12-04T21:59:29.693891365Z] 81920,168329216,132120576,32768,0,0,25398,16475,26555,0,16384,168361984,32768,0,0,18446744073709551615,18446744073709551615,81920,168329216,132120576,32768,0,0,25398,16475,26555,0,16384,168361984,32768,0,0
[2014-12-04T21:59:30.465993814Z] 81920,168329216,132120576,32768,0,0,25414,16491,26571,0,16384,168361984,32768,0,0,18446744073709551615,18446744073709551615,81920,168329216,132120576,32768,0,0,25414,16491,26571,0,16384,168361984,32768,0,0
[2014-12-04T21:59:31.506281253Z] 81920,168329216,132120576,32768,0,0,25430,16507,26587,0,16384,168361984,32768,0,0,18446744073709551615,18446744073709551615,81920,168329216,132120576,32768,0,0,25430,16507,26587,0,16384,168361984,32768,0,0
[2014-12-04T21:59:32.522782735Z] 81920,168329216,132120576,32768,0,0,25446,16523,26603,0,16384,168361984,32768,0,0,18446744073709551615,18446744073709551615,81920,168329216,132120576,32768,0,0,25446,16523,26603,0,16384,168361984,32768,0,0
[2014-12-04T21:59:33.546876420Z] 81920,168329216,132120576,32768,0,0,25446,16523,26604,0,16384,168361984,32768,0,0,18446744073709551615,18446744073709551615,81920,168329216,132120576,32768,0,0,25446,16523,26604,0,16384,168361984,32768,0,0
[2014-12-04T21:59:34.566470508Z] 81920,167247872,132120576,32768,0,0,25462,16803,26620,0,16384,167280640,32768,0,0,18446744073709551615,18446744073709551615,81920,167247872,132120576,32768,0,0,25462,16803,26620,0,16384,167280640,32768,0,0
[2014-12-04T21:59:35.589675575Z] 81920,167247872,132120576,32768,0,0,25462,16803,26622,0,16384,167280640,32768,0,0,18446744073709551615,18446744073709551615,81920,167247872,132120576,32768,0,0,25462,16803,26622,0,16384,167280640,32768,0,0
[2014-12-04T21:59:36.637750055Z] 81920,167313408,132120576,32768,0,0,25510,16835,26674,0,16384,167337984,32768,0,0,18446744073709551615,18446744073709551615,81920,167313408,132120576,32768,0,0,25510,16835,26674,0,16384,167337984,32768,0,0
[2014-12-04T21:59:37.661313085Z] 81920,167247872,132120576,32768,0,0,25526,16867,26690,0,16384,167280640,32768,0,0,18446744073709551615,18446744073709551615,81920,167247872,132120576,32768,0,0,25526,16867,26690,0,16384,167280640,32768,0,0
[2014-12-04T21:59:39.482573212Z] 81920,167247872,132120576,32768,0,0,25558,16899,26722,0,16384,167280640,32768,0,0,18446744073709551615,18446744073709551615,81920,167247872,132120576,32768,0,0,25558,16899,26722,0,16384,167280640,32768,0,0
[2014-12-04T21:59:39.698835735Z] 81920,167247872,132120576,32768,0,0,25558,16899,26722,0,16384,167280640,32768,0,0,18446744073709551615,18446744073709551615,81920,167247872,132120576,32768,0,0,25558,16899,26722,0,16384,167280640,32768,0,0
[2014-12-04T21:59:40.717952171Z] 81920,167247872,132120576,32768,0,0,25558,16899,26722,0,16384,167280640,32768,0,0,18446744073709551615,18446744073709551615,81920,167247872,132120576,32768,0,0,25558,16899,26722,0,16384,167280640,32768,0,0
[2014-12-04T21:59:41.776931585Z] 81920,167247872,132120576,32768,0,0,25574,16915,26738,0,16384,167280640,32768,0,0,18446744073709551615,18446744073709551615,81920,167247872,132120576,32768,0,0,25574,16915,26738,0,16384,167280640,32768,0,0
[2014-12-04T21:59:42.751770252Z] 81920,167256064,132120576,32768,0,0,25592,16931,26756,0,16384,167288832,32768,0,0,18446744073709551615,18446744073709551615,81920,167256064,132120576,32768,0,0,25592,16931,26756,0,16384,167288832,32768,0,0
[2014-12-04T21:59:43.809139113Z] 81920,167256064,132120576,32768,0,0,25640,16979,26804,0,16384,167288832,32768,0,0,18446744073709551615,18446744073709551615,81920,167256064,132120576,32768,0,0,25640,16979,26804,0,16384,167288832,32768,0,0
[2014-12-04T21:59:45.135429136Z] 81920,167256064,132120576,32768,0,0,25656,16995,26820,0,16384,167288832,32768,0,0,18446744073709551615,18446744073709551615,81920,167256064,132120576,32768,0,0,25656,16995,26820,0,16384,167288832,32768,0,0
[2014-12-04T21:59:45.840100232Z] 81920,167256064,132120576,32768,0,0,25672,17011,26836,0,16384,167288832,32768,0,0,18446744073709551615,18446744073709551615,81920,167256064,132120576,32768,0,0,25672,17011,26836,0,16384,167288832,32768,0,0
[2014-12-04T21:59:46.916362000Z] 81920,167256064,132120576,32768,0,0,25688,17027,26852,0,16384,167288832,32768,0,0,18446744073709551615,18446744073709551615,81920,167256064,132120576,32768,0,0,25688,17027,26852,0,16384,167288832,32768,0,0
[2014-12-04T21:59:47.966693988Z] 81920,167256064,132120576,32768,0,0,25688,17027,26852,0,16384,167288832,32768,0,0,18446744073709551615,18446744073709551615,81920,167256064,132120576,32768,0,0,25688,17027,26852,0,16384,167288832,32768,0,0
[2014-12-04T21:59:48.971228349Z] 81920,167256064,132120576,32768,0,0,25688,17027,26852,0,16384,167288832,32768,0,0,18446744073709551615,18446744073709551615,81920,167256064,132120576,32768,0,0,25688,17027,26852,0,16384,167288832,32768,0,0
[2014-12-04T21:59:49.980742207Z] 81920,167256064,132120576,32768,0,0,25688,17027,26852,0,16384,167288832,32768,0,0,18446744073709551615,18446744073709551615,81920,167256064,132120576,32768,0,0,25688,17027,26852,0,16384,167288832,32768,0,0
[2014-12-04T21:59:50.991557273Z] 81920,167260160,132120576,32768,0,0,25737,17075,26901,0,16384,167292928,32768,0,0,18446744073709551615,18446744073709551615,81920,167260160,132120576,32768,0,0,25737,17075,26901,0,16384,167292928,32768,0,0
[2014-12-04T21:59:52.024579424Z] 81920,167260160,132120576,32768,0,0,25737,17075,26901,0,16384,167292928,32768,0,0,18446744073709551615,18446744073709551615,81920,167260160,132120576,32768,0,0,25737,17075,26901,0,16384,167292928,32768,0,0
[2014-12-04T21:59:53.292482406Z] 81920,167260160,132120576,32768,0,0,25769,17107,26934,0,16384,167292928,32768,0,0,18446744073709551615,18446744073709551615,81920,167260160,132120576,32768,0,0,25769,17107,26934,0,16384,167292928,32768,0,0
[2014-12-04T21:59:54.076876259Z] 81920,166232064,130023424,32768,0,0,25807,17396,26993,0,16384,166264832,32768,0,0,18446744073709551615,18446744073709551615,81920,166232064,130023424,32768,0,0,25807,17396,26993,0,16384,166264832,32768,0,0
[2014-12-04T21:59:55.126712196Z] 81920,166236160,130023424,32768,0,0,25808,17396,26994,0,16384,166268928,32768,0,0,18446744073709551615,18446744073709551615,81920,166236160,130023424,32768,0,0,25808,17396,26994,0,16384,166268928,32768,0,0
[2014-12-04T21:59:56.157920592Z] 81920,166236160,130023424,32768,0,0,25808,17396,26994,0,16384,166268928,32768,0,0,18446744073709551615,18446744073709551615,81920,166236160,130023424,32768,0,0,25808,17396,26994,0,16384,166268928,32768,0,0
[2014-12-04T21:59:57.246814778Z] 81920,166236160,130023424,32768,0,0,25808,17396,26994,0,16384,166268928,32768,0,0,18446744073709551615,18446744073709551615,81920,166236160,130023424,32768,0,0,25808,17396,26994,0,16384,166268928,32768,0,0
[2014-12-04T21:59:58.244243717Z] 81920,166236160,130023424,32768,0,0,25872,17460,27058,0,16384,166268928,32768,0,0,18446744073709551615,18446744073709551615,81920,166236160,130023424,32768,0,0,25872,17460,27058,0,16384,166268928,32768,0,0
[2014-12-04T21:59:59.291724430Z] 81920,166236160,130023424,32768,0,0,25872,17460,27059,0,16384,166268928,32768,0,0,18446744073709551615,18446744073709551615,81920,166236160,130023424,32768,0,0,25872,17460,27059,0,16384,166268928,32768,0,0
[2014-12-04T22:00:00.482778880Z] 81920,166236160,130023424,32768,0,0,25904,17492,27091,0,16384,166268928,32768,0,0,18446744073709551615,18446744073709551615,81920,166236160,130023424,32768,0,0,25904,17492,27091,0,16384,166268928,32768,0,0
[2014-12-04T22:00:01.363903571Z] 81920,166236160,130023424,32768,0,0,25904,17492,27091,0,16384,166268928,32768,0,0,18446744073709551615,18446744073709551615,81920,166236160,130023424,32768,0,0,25904,17492,27091,0,16384,166268928,32768,0,0
[2014-12-04T22:00:02.403091251Z] 81920,166236160,130023424,32768,0,0,25920,17508,27108,0,16384,166268928,32768,0,0,18446744073709551615,18446744073709551615,81920,166236160,130023424,32768,0,0,25920,17508,27108,0,16384,166268928,32768,0,0
[2014-12-04T22:00:03.422493074Z] 81920,166236160,130023424,32768,0,0,25920,17508,27108,0,16384,166268928,32768,0,0,18446744073709551615,18446744073709551615,81920,166236160,130023424,32768,0,0,25920,17508,27108,0,16384,166268928,32768,0,0
[2014-12-04T22:00:04.458130851Z] 81920,166236160,130023424,32768,0,0,25968,17556,27156,0,16384,166268928,32768,0,0,18446744073709551615,18446744073709551615,81920,166236160,130023424,32768,0,0,25968,17556,27156,0,16384,166268928,32768,0,0
[2014-12-04T22:00:05.917743904Z] 81920,166236160,130023424,32768,0,0,25984,17572,27174,0,16384,166268928,32768,0,0,18446744073709551615,18446744073709551615,81920,166236160,130023424,32768,0,0,25984,17572,27174,0,16384,166268928,32768,0,0
[2014-12-04T22:00:07.235358581Z] 81920,166236160,130023424,32768,0,0,26000,17588,27193,0,16384,166268928,32768,0,0,18446744073709551615,18446744073709551615,81920,166236160,130023424,32768,0,0,26000,17588,27193,0,16384,166268928,32768,0,0
[2014-12-04T22:00:07.487271157Z] 81920,166236160,130023424,32768,0,0,26016,17604,27209,0,16384,166268928,32768,0,0,18446744073709551615,18446744073709551615,81920,166236160,130023424,32768,0,0,26016,17604,27209,0,16384,166268928,32768,0,0
[2014-12-04T22:00:08.597474176Z] 81920,166236160,130023424,32768,0,0,26032,17620,27225,0,16384,166268928,32768,0,0,18446744073709551615,18446744073709551615,81920,166236160,130023424,32768,0,0,26032,17620,27225,0,16384,166268928,32768,0,0
[2014-12-04T22:00:09.546837037Z] 81920,166236160,130023424,32768,0,0,26032,17620,27225,0,16384,166268928,32768,0,0,18446744073709551615,18446744073709551615,81920,166236160,130023424,32768,0,0,26032,17620,27225,0,16384,166268928,32768,0,0
[2014-12-04T22:00:10.581465876Z] 81920,166236160,130023424,32768,0,0,26032,17620,27225,0,16384,166268928,32768,0,0,18446744073709551615,18446744073709551615,81920,166236160,130023424,32768,0,0,26032,17620,27225,0,16384,166268928,32768,0,0
[2014-12-04T22:00:12.078191875Z] 81920,166236160,130023424,32768,0,0,26096,17684,27289,0,16384,166268928,32768,0,0,18446744073709551615,18446744073709551615,81920,166236160,130023424,32768,0,0,26096,17684,27289,0,16384,166268928,32768,0,0
[2014-12-04T22:00:12.631696496Z] 81920,166236160,130023424,32768,0,0,26112,17700,27305,0,16384,166268928,32768,0,0,18446744073709551615,18446744073709551615,81920,166236160,130023424,32768,0,0,26112,17700,27305,0,16384,166268928,32768,0,0
[2014-12-04T22:00:13.657751128Z] 81920,166236160,130023424,32768,0,0,26128,17716,27321,0,16384,166268928,32768,0,0,18446744073709551615,18446744073709551615,81920,166236160,130023424,32768,0,0,26128,17716,27321,0,16384,166268928,32768,0,0
[2014-12-04T22:00:14.671990853Z] 81920,166236160,130023424,32768,0,0,26144,17732,27337,0,16384,166268928,32768,0,0,18446744073709551615,18446744073709551615,81920,166236160,130023424,32768,0,0,26144,17732,27337,0,16384,166268928,32768,0,0
[2014-12-04T22:00:15.685919393Z] 81920,166236160,130023424,32768,0,0,26144,17732,27337,0,16384,166268928,32768,0,0,18446744073709551615,18446744073709551615,81920,166236160,130023424,32768,0,0,26144,17732,27337,0,16384,166268928,32768,0,0
[2014-12-04T22:00:16.699206023Z] 81920,166236160,130023424,32768,0,0,26160,17748,27353,0,16384,166268928,32768,0,0,18446744073709551615,18446744073709551615,81920,166236160,130023424,32768,0,0,26160,17748,27353,0,16384,166268928,32768,0,0
[2014-12-04T22:00:17.718800760Z] 81920,166297600,130023424,32768,0,0,26223,17796,27417,0,16384,166330368,32768,0,0,18446744073709551615,18446744073709551615,81920,166297600,130023424,32768,0,0,26223,17796,27417,0,16384,166330368,32768,0,0
[2014-12-04T22:00:18.726480546Z] 81920,166297600,130023424,32768,0,0,26223,17796,27418,0,16384,166330368,32768,0,0,18446744073709551615,18446744073709551615,81920,166297600,130023424,32768,0,0,26223,17796,27418,0,16384,166330368,32768,0,0
[2014-12-04T22:00:19.736774723Z] 81920,166297600,130023424,32768,0,0,26255,17828,27450,0,16384,166330368,32768,0,0,18446744073709551615,18446744073709551615,81920,166297600,130023424,32768,0,0,26255,17828,27450,0,16384,166330368,32768,0,0
[2014-12-04T22:00:20.748286808Z] 81920,166297600,130023424,32768,0,0,26271,17844,27466,0,16384,166330368,32768,0,0,18446744073709551615,18446744073709551615,81920,166297600,130023424,32768,0,0,26271,17844,27466,0,16384,166330368,32768,0,0
[2014-12-04T22:00:21.776142600Z] 81920,166297600,130023424,32768,0,0,26287,17860,27482,0,16384,166330368,32768,0,0,18446744073709551615,18446744073709551615,81920,166297600,130023424,32768,0,0,26287,17860,27482,0,16384,166330368,32768,0,0
[2014-12-04T22:00:22.791032844Z] 81920,166297600,130023424,32768,0,0,26319,17892,27514,0,16384,166330368,32768,0,0,18446744073709551615,18446744073709551615,81920,166297600,130023424,32768,0,0,26319,17892,27514,0,16384,166330368,32768,0,0
[2014-12-04T22:00:23.802578112Z] 81920,166297600,130023424,32768,0,0,26335,17908,27531,0,16384,166330368,32768,0,0,18446744073709551615,18446744073709551615,81920,166297600,130023424,32768,0,0,26335,17908,27531,0,16384,166330368,32768,0,0
[2014-12-04T22:00:24.836720941Z] 81920,166158336,130023424,32768,0,0,26367,17974,27563,0,16384,166191104,32768,0,0,18446744073709551615,18446744073709551615,81920,166158336,130023424,32768,0,0,26367,17974,27563,0,16384,166191104,32768,0,0
[2014-12-04T22:00:25.814725608Z] 81920,166158336,130023424,32768,0,0,26367,17974,27563,0,16384,166191104,32768,0,0,18446744073709551615,18446744073709551615,81920,166158336,130023424,32768,0,0,26367,17974,27563,0,16384,166191104,32768,0,0
[2014-12-04T22:00:26.818054344Z] 81920,166158336,130023424,32768,0,0,26367,17974,27563,0,16384,166191104,32768,0,0,18446744073709551615,18446744073709551615,81920,166158336,130023424,32768,0,0,26367,17974,27563,0,16384,166191104,32768,0,0
[2014-12-04T22:00:27.926751819Z] 81920,166158336,130023424,32768,0,0,26383,17990,27579,0,16384,166191104,32768,0,0,18446744073709551615,18446744073709551615,81920,166158336,130023424,32768,0,0,26383,17990,27579,0,16384,166191104,32768,0,0
[2014-12-04T22:00:28.826218656Z] 81920,166158336,130023424,32768,0,0,26383,17990,27579,0,16384,166191104,32768,0,0,18446744073709551615,18446744073709551615,81920,166158336,130023424,32768,0,0,26383,17990,27579,0,16384,166191104,32768,0,0
[2014-12-04T22:00:29.830367339Z] 81920,166158336,130023424,32768,0,0,26399,18006,27595,0,16384,166191104,32768,0,0,18446744073709551615,18446744073709551615,81920,166158336,130023424,32768,0,0,26399,18006,27595,0,16384,166191104,32768,0,0
[2014-12-04T22:00:30.836887048Z] 81920,166158336,130023424,32768,0,0,26399,18006,27595,0,16384,166191104,32768,0,0,18446744073709551615,18446744073709551615,81920,166158336,130023424,32768,0,0,26399,18006,27595,0,16384,166191104,32768,0,0
[2014-12-04T22:00:31.845858068Z] 81920,166174720,130023424,32768,0,0,26403,18006,27599,0,16384,166207488,32768,0,0,18446744073709551615,18446744073709551615,81920,166174720,130023424,32768,0,0,26403,18006,27599,0,16384,166207488,32768,0,0
[2014-12-04T22:00:32.850689802Z] 81920,166174720,130023424,32768,0,0,26419,18022,27615,0,16384,166207488,32768,0,0,18446744073709551615,18446744073709551615,81920,166174720,130023424,32768,0,0,26419,18022,27615,0,16384,166207488,32768,0,0
[2014-12-04T22:00:33.856113747Z] 81920,166174720,130023424,32768,0,0,26419,18022,27615,0,16384,166207488,32768,0,0,18446744073709551615,18446744073709551615,81920,166174720,130023424,32768,0,0,26419,18022,27615,0,16384,166207488,32768,0,0
[2014-12-04T22:00:34.859876414Z] 81920,166174720,130023424,32768,0,0,26435,18038,27631,0,16384,166207488,32768,0,0,18446744073709551615,18446744073709551615,81920,166174720,130023424,32768,0,0,26435,18038,27631,0,16384,166207488,32768,0,0
[2014-12-04T22:00:35.864868009Z] 81920,166174720,130023424,32768,0,0,26435,18038,27633,0,16384,166207488,32768,0,0,18446744073709551615,18446744073709551615,81920,166174720,130023424,32768,0,0,26435,18038,27633,0,16384,166207488,32768,0,0
[2014-12-04T22:00:36.868422355Z] 81920,166174720,130023424,32768,0,0,26435,18038,27633,0,16384,166207488,32768,0,0,18446744073709551615,18446744073709551615,81920,166174720,130023424,32768,0,0,26435,18038,27633,0,16384,166207488,32768,0,0
[2014-12-04T22:00:38.055612682Z] 81920,168722432,132120576,32768,0,0,26566,18058,27787,0,16384,168755200,32768,0,0,18446744073709551615,18446744073709551615,81920,168722432,132120576,32768,0,0,26566,18058,27787,0,16384,168755200,32768,0,0
[2014-12-04T22:00:38.875919154Z] 81920,168722432,132120576,32768,0,0,26566,18058,27787,0,16384,168755200,32768,0,0,18446744073709551615,18446744073709551615,81920,168722432,132120576,32768,0,0,26566,18058,27787,0,16384,168755200,32768,0,0
[2014-12-04T22:00:39.880549477Z] 81920,168722432,132120576,32768,0,0,26566,18058,27787,0,16384,168755200,32768,0,0,18446744073709551615,18446744073709551615,81920,168722432,132120576,32768,0,0,26566,18058,27787,0,16384,168755200,32768,0,0
[2014-12-04T22:00:41.310584247Z] 81920,168722432,132120576,32768,0,0,26582,18074,27803,0,16384,168755200,32768,0,0,18446744073709551615,18446744073709551615,81920,168722432,132120576,32768,0,0,26582,18074,27803,0,16384,168755200,32768,0,0
[2014-12-04T22:00:42.124836558Z] 81920,168730624,132120576,32768,0,0,26584,18074,27806,0,16384,168763392,32768,0,0,18446744073709551615,18446744073709551615,81920,168730624,132120576,32768,0,0,26584,18074,27806,0,16384,168763392,32768,0,0
[2014-12-04T22:00:42.894816805Z] 81920,168730624,132120576,32768,0,0,26584,18074,27806,0,16384,168763392,32768,0,0,18446744073709551615,18446744073709551615,81920,168730624,132120576,32768,0,0,26584,18074,27806,0,16384,168763392,32768,0,0
[2014-12-04T22:00:43.900152583Z] 81920,168730624,132120576,32768,0,0,26600,18090,27822,0,16384,168763392,32768,0,0,18446744073709551615,18446744073709551615,81920,168730624,132120576,32768,0,0,26600,18090,27822,0,16384,168763392,32768,0,0
[2014-12-04T22:00:44.905305717Z] 81920,168730624,132120576,32768,0,0,26600,18090,27822,0,16384,168763392,32768,0,0,18446744073709551615,18446744073709551615,81920,168730624,132120576,32768,0,0,26600,18090,27822,0,16384,168763392,32768,0,0
[2014-12-04T22:00:45.909688535Z] 81920,168730624,132120576,32768,0,0,26616,18106,27838,0,16384,168763392,32768,0,0,18446744073709551615,18446744073709551615,81920,168730624,132120576,32768,0,0,26616,18106,27838,0,16384,168763392,32768,0,0
[2014-12-04T22:00:46.914491367Z] 81920,168742912,132120576,32768,0,0,26619,18106,27841,0,16384,168775680,32768,0,0,18446744073709551615,18446744073709551615,81920,168742912,132120576,32768,0,0,26619,18106,27841,0,16384,168775680,32768,0,0
[2014-12-04T22:00:47.920774003Z] 81920,168742912,132120576,32768,0,0,26619,18106,27841,0,16384,168775680,32768,0,0,18446744073709551615,18446744073709551615,81920,168742912,132120576,32768,0,0,26619,18106,27841,0,16384,168775680,32768,0,0
[2014-12-04T22:00:48.926376010Z] 81920,168742912,132120576,32768,0,0,26619,18106,27841,0,16384,168775680,32768,0,0,18446744073709551615,18446744073709551615,81920,168742912,132120576,32768,0,0,26619,18106,27841,0,16384,168775680,32768,0,0
[2014-12-04T22:00:50.116551757Z] 81920,168742912,132120576,32768,0,0,26635,18122,27857,0,16384,168775680,32768,0,0,18446744073709551615,18446744073709551615,81920,168742912,132120576,32768,0,0,26635,18122,27857,0,16384,168775680,32768,0,0
[2014-12-04T22:00:50.934890675Z] 81920,168742912,132120576,32768,0,0,26635,18122,27857,0,16384,168775680,32768,0,0,18446744073709551615,18446744073709551615,81920,168742912,132120576,32768,0,0,26635,18122,27857,0,16384,168775680,32768,0,0
[2014-12-04T22:00:51.940208862Z] 81920,168742912,132120576,32768,0,0,26635,18122,27857,0,16384,168775680,32768,0,0,18446744073709551615,18446744073709551615,81920,168742912,132120576,32768,0,0,26635,18122,27857,0,16384,168775680,32768,0,0
[2014-12-04T22:00:52.944614527Z] 81920,168742912,132120576,32768,0,0,26635,18122,27857,0,16384,168775680,32768,0,0,18446744073709551615,18446744073709551615,81920,168742912,132120576,32768,0,0,26635,18122,27857,0,16384,168775680,32768,0,0
[2014-12-04T22:00:53.955732597Z] 81920,168742912,132120576,32768,0,0,26651,18138,27873,0,16384,168775680,32768,0,0,18446744073709551615,18446744073709551615,81920,168742912,132120576,32768,0,0,26651,18138,27873,0,16384,168775680,32768,0,0
[2014-12-04T22:00:54.953728527Z] 81920,168321024,132120576,32768,0,0,26651,18241,27873,0,16384,168353792,32768,0,0,18446744073709551615,18446744073709551615,81920,168321024,132120576,32768,0,0,26651,18241,27873,0,16384,168353792,32768,0,0
[2014-12-04T22:00:55.957422286Z] 81920,168321024,132120576,32768,0,0,26651,18241,27873,0,16384,168353792,32768,0,0,18446744073709551615,18446744073709551615,81920,168321024,132120576,32768,0,0,26651,18241,27873,0,16384,168353792,32768,0,0
[2014-12-04T22:00:56.961737526Z] 81920,168321024,132120576,32768,0,0,26651,18241,27873,0,16384,168353792,32768,0,0,18446744073709551615,18446744073709551615,81920,168321024,132120576,32768,0,0,26651,18241,27873,0,16384,168353792,32768,0,0
[2014-12-04T22:00:57.967083300Z] 81920,168321024,132120576,32768,0,0,26667,18257,27889,0,16384,168353792,32768,0,0,18446744073709551615,18446744073709551615,81920,168321024,132120576,32768,0,0,26667,18257,27889,0,16384,168353792,32768,0,0
[2014-12-04T22:00:59.335592582Z] 81920,168321024,132120576,32768,0,0,26667,18257,27889,0,16384,168353792,32768,0,0,18446744073709551615,18446744073709551615,81920,168321024,132120576,32768,0,0,26667,18257,27889,0,16384,168353792,32768,0,0
[2014-12-04T22:00:59.977789714Z] 81920,168321024,132120576,32768,0,0,26667,18257,27889,0,16384,168353792,32768,0,0,18446744073709551615,18446744073709551615,81920,168321024,132120576,32768,0,0,26667,18257,27889,0,16384,168353792,32768,0,0
[2014-12-04T22:01:00.983718015Z] 81920,168321024,132120576,32768,0,0,26667,18257,27889,0,16384,168353792,32768,0,0,18446744073709551615,18446744073709551615,81920,168321024,132120576,32768,0,0,26667,18257,27889,0,16384,168353792,32768,0,0
[2014-12-04T22:01:01.987367888Z] 81920,168321024,132120576,32768,0,0,26667,18257,27889,0,16384,168353792,32768,0,0,18446744073709551615,18446744073709551615,81920,168321024,132120576,32768,0,0,26667,18257,27889,0,16384,168353792,32768,0,0
[2014-12-04T22:01:02.994291882Z] 81920,168321024,132120576,32768,0,0,26667,18257,27889,0,16384,168353792,32768,0,0,18446744073709551615,18446744073709551615,81920,168321024,132120576,32768,0,0,26667,18257,27889,0,16384,168353792,32768,0,0
[2014-12-04T22:01:04.001446552Z] 81920,168321024,132120576,32768,0,0,26683,18273,27905,0,16384,168353792,32768,0,0,18446744073709551615,18446744073709551615,81920,168321024,132120576,32768,0,0,26683,18273,27905,0,16384,168353792,32768,0,0
[2014-12-04T22:01:05.006156168Z] 81920,168321024,132120576,32768,0,0,26683,18273,27905,0,16384,168353792,32768,0,0,18446744073709551615,18446744073709551615,81920,168321024,132120576,32768,0,0,26683,18273,27905,0,16384,168353792,32768,0,0
[2014-12-04T22:01:06.010017285Z] 81920,168321024,132120576,32768,0,0,26683,18273,27907,0,16384,168353792,32768,0,0,18446744073709551615,18446744073709551615,81920,168321024,132120576,32768,0,0,26683,18273,27907,0,16384,168353792,32768,0,0
[2014-12-04T22:01:07.014874541Z] 81920,168321024,132120576,32768,0,0,26683,18273,27907,0,16384,168353792,32768,0,0,18446744073709551615,18446744073709551615,81920,168321024,132120576,32768,0,0,26683,18273,27907,0,16384,168353792,32768,0,0
[2014-12-04T22:01:08.020943927Z] 81920,168321024,132120576,32768,0,0,26683,18273,27908,0,16384,168353792,32768,0,0,18446744073709551615,18446744073709551615,81920,168321024,132120576,32768,0,0,26683,18273,27908,0,16384,168353792,32768,0,0
