2014-12-04T21:57:07.039045926Z 21:57:07.038 INFO - Launching a selenium grid node
[2014-12-04T21:57:07.527399697Z] 21:57:07.527 INFO - Java: Oracle Corporation 24.65-b04
[2014-12-04T21:57:07.527457718Z] 21:57:07.527 INFO - OS: Linux 3.16.7-tinycore64 amd64
[2014-12-04T21:57:07.532103251Z] 21:57:07.531 INFO - v2.44.0, with Core v2.44.0. Built from revision 76d78cf
[2014-12-04T21:57:07.604902621Z] 21:57:07.603 INFO - Default driver org.openqa.selenium.ie.InternetExplorerDriver registration is skipped: registration capabilities Capabilities [{platform=WINDOWS, ensureCleanSession=true, browserName=internet explorer, version=}] does not match with current platform: LINUX
[2014-12-04T21:57:07.626126706Z] 21:57:07.625 INFO - RemoteWebDriver instances should connect to: http://127.0.0.1:5555/wd/hub
[2014-12-04T21:57:07.627037767Z] 21:57:07.626 INFO - Version Jetty/5.1.x
[2014-12-04T21:57:07.628104205Z] 21:57:07.627 INFO - Started HttpContext[/selenium-server/driver,/selenium-server/driver]
[2014-12-04T21:57:07.628869065Z] 21:57:07.628 INFO - Started HttpContext[/selenium-server,/selenium-server]
[2014-12-04T21:57:07.628995715Z] 21:57:07.628 INFO - Started HttpContext[/,/]
[2014-12-04T21:57:07.636234143Z] 21:57:07.636 INFO - Started org.openqa.jetty.jetty.servlet.ServletHandler@6cb7c7ef
[2014-12-04T21:57:07.636266058Z] 21:57:07.636 INFO - Started HttpContext[/wd,/wd]
[2014-12-04T21:57:07.638758314Z] 21:57:07.638 INFO - Started SocketListener on 0.0.0.0:5555
[2014-12-04T21:57:07.638786596Z] 21:57:07.638 INFO - Started org.openqa.jetty.jetty.Server@d0adc0c
[2014-12-04T21:57:07.668347428Z] 21:57:07.668 INFO - using the json request : {"class":"org.openqa.grid.common.RegistrationRequest","configuration":{"nodeConfig":"/opt/selenium/config.json","register":true,"port":5555,"host":"172.17.2.213","proxy":"org.openqa.grid.selenium.proxy.DefaultRemoteProxy","maxSession":1,"role":"node","hubHost":"172.17.2.205","registerCycle":5000,"hub":"http://172.17.2.205:4444/grid/register","hubPort":4444,"url":"http://172.17.2.213:5555","remoteHost":"http://172.17.2.213:5555"},"capabilities":[{"platform":"LINUX","seleniumProtocol":"Selenium","browserName":"*googlechrome","maxInstances":1},{"platform":"LINUX","seleniumProtocol":"WebDriver","browserName":"chrome","maxInstances":1}]}
[2014-12-04T21:57:07.669254755Z] 21:57:07.669 INFO - Starting auto register thread. Will try to register every 5000 ms.
[2014-12-04T21:57:07.669290893Z] 21:57:07.669 INFO - Registering the node to hub :http://172.17.2.205:4444/grid/register
[2014-12-04T21:57:22.166261730Z] 21:57:22.071 INFO - Executing: [new session: Capabilities [{platform=ANY, javascriptEnabled=true, browserName=chrome, version=}]])
[2014-12-04T21:57:22.190506647Z] 21:57:22.097 INFO - Creating a new session for Capabilities [{platform=ANY, javascriptEnabled=true, browserName=chrome, version=}]
[2014-12-04T21:57:22.223579629Z] Starting ChromeDriver 2.12.301324 (de8ab311bc9374d0ade71f7c167bad61848c7c48) on port 8492
[2014-12-04T21:57:22.223579629Z] Only local connections are allowed.
[2014-12-04T21:57:22.820750816Z] [0.537][WARNING]: PAC support disabled because there is no system implementation
[2014-12-04T21:57:23.877786534Z] 21:57:23.877 INFO - Done: [new session: Capabilities [{platform=ANY, javascriptEnabled=true, browserName=chrome, version=}]]
[2014-12-04T21:57:24.046955216Z] 21:57:24.045 INFO - Executing: [get: https://github.com])
[2014-12-04T21:57:28.240813361Z] 21:57:28.031 INFO - Done: [get: https://github.com]
[2014-12-04T21:57:28.287576165Z] 21:57:28.042 INFO - Executing: [get title])
[2014-12-04T21:57:28.287576165Z] 21:57:28.054 INFO - Done: [get title]
[2014-12-04T21:57:28.287576165Z] 21:57:28.063 INFO - Executing: [delete session: 06787628-7694-45f2-9b5b-1a3966c2c5fe])
[2014-12-04T21:57:28.864847647Z] 21:57:28.626 INFO - Done: [delete session: 06787628-7694-45f2-9b5b-1a3966c2c5fe]
[2014-12-04T21:57:28.899902671Z] 21:57:28.640 INFO - Executing: [new session: Capabilities [{platform=ANY, javascriptEnabled=true, browserName=chrome, version=}]])
[2014-12-04T21:57:28.899902671Z] 21:57:28.655 INFO - Creating a new session for Capabilities [{platform=ANY, javascriptEnabled=true, browserName=chrome, version=}]
[2014-12-04T21:57:28.899902671Z] Starting ChromeDriver 2.12.301324 (de8ab311bc9374d0ade71f7c167bad61848c7c48) on port 12331
[2014-12-04T21:57:28.899902671Z] Only local connections are allowed.
[2014-12-04T21:57:29.598677615Z] [0.491][WARNING]: PAC support disabled because there is no system implementation
[2014-12-04T21:57:29.626946316Z] 21:57:29.584 INFO - Done: [new session: Capabilities [{platform=ANY, javascriptEnabled=true, browserName=chrome, version=}]]
[2014-12-04T21:57:29.664049645Z] 21:57:29.663 INFO - Executing: [get: https://github.com])
[2014-12-04T21:57:32.697140881Z] 21:57:32.422 INFO - Done: [get: https://github.com]
[2014-12-04T21:57:32.700967000Z] 21:57:32.434 INFO - Executing: [get title])
[2014-12-04T21:57:32.700967000Z] 21:57:32.471 INFO - Done: [get title]
[2014-12-04T21:57:32.700967000Z] 21:57:32.485 INFO - Executing: [delete session: 2e458da5-05de-4144-9b4a-d541fe54972d])
[2014-12-04T21:57:33.159382901Z] 21:57:33.053 INFO - Done: [delete session: 2e458da5-05de-4144-9b4a-d541fe54972d]
[2014-12-04T21:57:33.195096976Z] 21:57:33.062 INFO - Executing: [new session: Capabilities [{platform=ANY, javascriptEnabled=true, browserName=chrome, version=}]])
[2014-12-04T21:57:33.195096976Z] 21:57:33.064 INFO - Creating a new session for Capabilities [{platform=ANY, javascriptEnabled=true, browserName=chrome, version=}]
[2014-12-04T21:57:33.195096976Z] Starting ChromeDriver 2.12.301324 (de8ab311bc9374d0ade71f7c167bad61848c7c48) on port 28792
[2014-12-04T21:57:33.195096976Z] Only local connections are allowed.
[2014-12-04T21:57:34.018124151Z] [0.529][WARNING]: PAC support disabled because there is no system implementation
[2014-12-04T21:57:34.236552502Z] 21:57:34.235 INFO - Done: [new session: Capabilities [{platform=ANY, javascriptEnabled=true, browserName=chrome, version=}]]
[2014-12-04T21:57:34.259121589Z] 21:57:34.258 INFO - Executing: [get: https://github.com])
[2014-12-04T21:57:36.392279798Z] 21:57:36.391 INFO - Done: [get: https://github.com]
[2014-12-04T21:57:36.416004892Z] 21:57:36.415 INFO - Executing: [get title])
[2014-12-04T21:57:36.435033707Z] 21:57:36.432 INFO - Done: [get title]
[2014-12-04T21:57:36.466495066Z] 21:57:36.466 INFO - Executing: [delete session: 6dbd326e-e538-4cd0-b9fd-d1fe922ec20b])
[2014-12-04T21:57:37.037179066Z] 21:57:37.036 INFO - Done: [delete session: 6dbd326e-e538-4cd0-b9fd-d1fe922ec20b]
[2014-12-04T21:57:37.050198832Z] 21:57:37.049 INFO - Executing: [new session: Capabilities [{platform=ANY, javascriptEnabled=true, browserName=chrome, version=}]])
[2014-12-04T21:57:37.055780760Z] 21:57:37.054 INFO - Creating a new session for Capabilities [{platform=ANY, javascriptEnabled=true, browserName=chrome, version=}]
[2014-12-04T21:57:37.070379491Z] Starting ChromeDriver 2.12.301324 (de8ab311bc9374d0ade71f7c167bad61848c7c48) on port 25502
[2014-12-04T21:57:37.070379491Z] Only local connections are allowed.
[2014-12-04T21:57:37.637173412Z] [0.512][WARNING]: PAC support disabled because there is no system implementation
[2014-12-04T21:57:38.449479356Z] 21:57:38.270 INFO - Done: [new session: Capabilities [{platform=ANY, javascriptEnabled=true, browserName=chrome, version=}]]
[2014-12-04T21:57:38.490401846Z] 21:57:38.340 INFO - Executing: [get: https://github.com])
[2014-12-04T21:57:40.941810147Z] 21:57:40.941 INFO - Done: [get: https://github.com]
[2014-12-04T21:57:40.955256369Z] 21:57:40.954 INFO - Executing: [get title])
[2014-12-04T21:57:40.968646826Z] 21:57:40.968 INFO - Done: [get title]
[2014-12-04T21:57:40.979364048Z] 21:57:40.979 INFO - Executing: [delete session: 96e33e54-2d4c-43f3-8b95-edc6f5bebeca])
[2014-12-04T21:57:41.855559947Z] 21:57:41.540 INFO - Done: [delete session: 96e33e54-2d4c-43f3-8b95-edc6f5bebeca]
[2014-12-04T21:57:41.914583398Z] 21:57:41.554 INFO - Executing: [new session: Capabilities [{platform=ANY, javascriptEnabled=true, browserName=chrome, version=}]])
[2014-12-04T21:57:41.914583398Z] 21:57:41.555 INFO - Creating a new session for Capabilities [{platform=ANY, javascriptEnabled=true, browserName=chrome, version=}]
[2014-12-04T21:57:41.914583398Z] Starting ChromeDriver 2.12.301324 (de8ab311bc9374d0ade71f7c167bad61848c7c48) on port 2224
[2014-12-04T21:57:41.914583398Z] Only local connections are allowed.
[2014-12-04T21:57:42.084282137Z] [0.517][WARNING]: PAC support disabled because there is no system implementation
[2014-12-04T21:57:42.674591850Z] 21:57:42.674 INFO - Done: [new session: Capabilities [{platform=ANY, javascriptEnabled=true, browserName=chrome, version=}]]
[2014-12-04T21:57:42.699022170Z] 21:57:42.698 INFO - Executing: [get: https://github.com])
[2014-12-04T21:57:45.888219340Z] 21:57:45.887 INFO - Done: [get: https://github.com]
[2014-12-04T21:57:45.903817983Z] 21:57:45.900 INFO - Executing: [get title])
[2014-12-04T21:57:45.936579638Z] 21:57:45.936 INFO - Done: [get title]
[2014-12-04T21:57:45.945358833Z] 21:57:45.945 INFO - Executing: [delete session: ca24273e-05aa-4664-838c-9b9bf58b0537])
[2014-12-04T21:57:46.504544169Z] 21:57:46.504 INFO - Done: [delete session: ca24273e-05aa-4664-838c-9b9bf58b0537]
[2014-12-04T21:57:46.531129661Z] 21:57:46.530 INFO - Executing: [new session: Capabilities [{platform=ANY, javascriptEnabled=true, browserName=chrome, version=}]])
[2014-12-04T21:57:46.539582005Z] 21:57:46.538 INFO - Creating a new session for Capabilities [{platform=ANY, javascriptEnabled=true, browserName=chrome, version=}]
[2014-12-04T21:57:46.586111320Z] Starting ChromeDriver 2.12.301324 (de8ab311bc9374d0ade71f7c167bad61848c7c48) on port 17486
[2014-12-04T21:57:46.586111320Z] Only local connections are allowed.
[2014-12-04T21:57:47.325928342Z] [0.495][WARNING]: PAC support disabled because there is no system implementation
[2014-12-04T21:57:47.441319329Z] 21:57:47.440 INFO - Done: [new session: Capabilities [{platform=ANY, javascriptEnabled=true, browserName=chrome, version=}]]
[2014-12-04T21:57:47.469214384Z] 21:57:47.468 INFO - Executing: [get: https://github.com])
[2014-12-04T21:57:50.908680068Z] 21:57:50.761 INFO - Done: [get: https://github.com]
[2014-12-04T21:57:50.954761316Z] 21:57:50.779 INFO - Executing: [get title])
[2014-12-04T21:57:50.954761316Z] 21:57:50.806 INFO - Done: [get title]
[2014-12-04T21:57:50.954761316Z] 21:57:50.815 INFO - Executing: [delete session: 81219244-04ef-4fc7-bbba-a6e5f4b07c16])
[2014-12-04T21:57:51.382458475Z] 21:57:51.382 INFO - Done: [delete session: 81219244-04ef-4fc7-bbba-a6e5f4b07c16]
[2014-12-04T21:57:51.395762872Z] 21:57:51.395 INFO - Executing: [new session: Capabilities [{platform=ANY, javascriptEnabled=true, browserName=chrome, version=}]])
[2014-12-04T21:57:51.399878585Z] 21:57:51.397 INFO - Creating a new session for Capabilities [{platform=ANY, javascriptEnabled=true, browserName=chrome, version=}]
[2014-12-04T21:57:51.415514672Z] Starting ChromeDriver 2.12.301324 (de8ab311bc9374d0ade71f7c167bad61848c7c48) on port 8400
[2014-12-04T21:57:51.415514672Z] Only local connections are allowed.
[2014-12-04T21:57:52.176867185Z] [0.504][WARNING]: PAC support disabled because there is no system implementation
[2014-12-04T21:57:52.336367908Z] 21:57:52.335 INFO - Done: [new session: Capabilities [{platform=ANY, javascriptEnabled=true, browserName=chrome, version=}]]
[2014-12-04T21:57:52.364226948Z] 21:57:52.363 INFO - Executing: [get: https://github.com])
[2014-12-04T21:57:54.826458592Z] 21:57:54.824 INFO - Done: [get: https://github.com]
[2014-12-04T21:57:54.836781328Z] 21:57:54.836 INFO - Executing: [get title])
[2014-12-04T21:57:54.854161990Z] 21:57:54.852 INFO - Done: [get title]
[2014-12-04T21:57:54.864300014Z] 21:57:54.864 INFO - Executing: [delete session: 5c6da12b-1d59-408d-bf4f-41b00ce38dd3])
[2014-12-04T21:57:55.806504562Z] 21:57:55.420 INFO - Done: [delete session: 5c6da12b-1d59-408d-bf4f-41b00ce38dd3]
[2014-12-04T21:57:55.835367475Z] 21:57:55.429 INFO - Executing: [new session: Capabilities [{platform=ANY, javascriptEnabled=true, browserName=chrome, version=}]])
[2014-12-04T21:57:55.835367475Z] 21:57:55.432 INFO - Creating a new session for Capabilities [{platform=ANY, javascriptEnabled=true, browserName=chrome, version=}]
[2014-12-04T21:57:55.835367475Z] Starting ChromeDriver 2.12.301324 (de8ab311bc9374d0ade71f7c167bad61848c7c48) on port 9863
[2014-12-04T21:57:55.835367475Z] Only local connections are allowed.
[2014-12-04T21:57:55.969981520Z] [0.524][WARNING]: PAC support disabled because there is no system implementation
[2014-12-04T21:57:56.596399103Z] 21:57:56.358 INFO - Done: [new session: Capabilities [{platform=ANY, javascriptEnabled=true, browserName=chrome, version=}]]
[2014-12-04T21:57:56.619578720Z] 21:57:56.378 INFO - Executing: [get: https://github.com])
[2014-12-04T21:57:58.631335373Z] 21:57:58.631 INFO - Done: [get: https://github.com]
[2014-12-04T21:57:58.640197101Z] 21:57:58.640 INFO - Executing: [get title])
[2014-12-04T21:57:58.646776852Z] 21:57:58.646 INFO - Done: [get title]
[2014-12-04T21:57:58.657340590Z] 21:57:58.657 INFO - Executing: [delete session: 0d7c2f0a-a48f-4fe4-b96e-e44758388971])
[2014-12-04T21:57:59.632992790Z] 21:57:59.218 INFO - Done: [delete session: 0d7c2f0a-a48f-4fe4-b96e-e44758388971]
[2014-12-04T21:57:59.654931107Z] 21:57:59.229 INFO - Executing: [new session: Capabilities [{platform=ANY, javascriptEnabled=true, browserName=chrome, version=}]])
[2014-12-04T21:57:59.654931107Z] 21:57:59.230 INFO - Creating a new session for Capabilities [{platform=ANY, javascriptEnabled=true, browserName=chrome, version=}]
[2014-12-04T21:57:59.654931107Z] Starting ChromeDriver 2.12.301324 (de8ab311bc9374d0ade71f7c167bad61848c7c48) on port 22946
[2014-12-04T21:57:59.654931107Z] Only local connections are allowed.
[2014-12-04T21:57:59.794734076Z] [0.519][WARNING]: PAC support disabled because there is no system implementation
[2014-12-04T21:58:00.466178599Z] 21:58:00.465 INFO - Done: [new session: Capabilities [{platform=ANY, javascriptEnabled=true, browserName=chrome, version=}]]
[2014-12-04T21:58:00.504123671Z] 21:58:00.503 INFO - Executing: [get: https://github.com])
[2014-12-04T21:58:02.994537229Z] 21:58:02.702 INFO - Done: [get: https://github.com]
[2014-12-04T21:58:03.025423157Z] 21:58:02.711 INFO - Executing: [get title])
[2014-12-04T21:58:03.025423157Z] 21:58:02.720 INFO - Done: [get title]
[2014-12-04T21:58:03.025423157Z] 21:58:02.731 INFO - Executing: [delete session: e0229f4d-bf02-48a5-9440-adb5d1239f79])
[2014-12-04T21:58:03.294326374Z] 21:58:03.294 INFO - Done: [delete session: e0229f4d-bf02-48a5-9440-adb5d1239f79]
[2014-12-04T21:58:03.312319942Z] 21:58:03.312 INFO - Executing: [new session: Capabilities [{platform=ANY, javascriptEnabled=true, browserName=chrome, version=}]])
[2014-12-04T21:58:03.319727134Z] 21:58:03.317 INFO - Creating a new session for Capabilities [{platform=ANY, javascriptEnabled=true, browserName=chrome, version=}]
[2014-12-04T21:58:03.336642603Z] Starting ChromeDriver 2.12.301324 (de8ab311bc9374d0ade71f7c167bad61848c7c48) on port 9211
[2014-12-04T21:58:03.336642603Z] Only local connections are allowed.
[2014-12-04T21:58:03.846054807Z] [0.497][WARNING]: PAC support disabled because there is no system implementation
[2014-12-04T21:58:04.771533854Z] 21:58:04.769 INFO - Done: [new session: Capabilities [{platform=ANY, javascriptEnabled=true, browserName=chrome, version=}]]
[2014-12-04T21:58:04.827038216Z] 21:58:04.826 INFO - Executing: [get: https://github.com])
[2014-12-04T21:58:07.442026040Z] 21:58:07.438 INFO - Done: [get: https://github.com]
[2014-12-04T21:58:07.455313513Z] 21:58:07.454 INFO - Executing: [get title])
[2014-12-04T21:58:07.519342592Z] 21:58:07.518 INFO - Done: [get title]
[2014-12-04T21:58:07.550119441Z] 21:58:07.549 INFO - Executing: [delete session: 97912879-991b-4f1e-bcd6-339b688990b6])
[2014-12-04T21:58:08.173406400Z] 21:58:08.169 INFO - Done: [delete session: 97912879-991b-4f1e-bcd6-339b688990b6]
[2014-12-04T21:58:08.232807906Z] 21:58:08.230 INFO - Executing: [new session: Capabilities [{platform=ANY, javascriptEnabled=true, browserName=chrome, version=}]])
[2014-12-04T21:58:08.232807906Z] 21:58:08.232 INFO - Creating a new session for Capabilities [{platform=ANY, javascriptEnabled=true, browserName=chrome, version=}]
[2014-12-04T21:58:08.319233849Z] Starting ChromeDriver 2.12.301324 (de8ab311bc9374d0ade71f7c167bad61848c7c48) on port 10710
[2014-12-04T21:58:08.319233849Z] Only local connections are allowed.
[2014-12-04T21:58:08.789748725Z] [0.480][WARNING]: PAC support disabled because there is no system implementation
[2014-12-04T21:58:10.003395396Z] 21:58:10.002 INFO - Done: [new session: Capabilities [{platform=ANY, javascriptEnabled=true, browserName=chrome, version=}]]
[2014-12-04T21:58:10.069073477Z] 21:58:10.068 INFO - Executing: [get: https://github.com])
[2014-12-04T21:58:13.202115579Z] 21:58:12.767 INFO - Done: [get: https://github.com]
[2014-12-04T21:58:13.275526995Z] 21:58:12.791 INFO - Executing: [get title])
[2014-12-04T21:58:13.275526995Z] 21:58:12.867 INFO - Done: [get title]
[2014-12-04T21:58:13.275526995Z] 21:58:12.885 INFO - Executing: [delete session: 29ef14a2-1d2d-4ace-b908-5f18f0045d4f])
[2014-12-04T21:58:13.459725830Z] 21:58:13.457 INFO - Done: [delete session: 29ef14a2-1d2d-4ace-b908-5f18f0045d4f]
[2014-12-04T21:58:13.475026503Z] 21:58:13.474 INFO - Executing: [new session: Capabilities [{platform=ANY, javascriptEnabled=true, browserName=chrome, version=}]])
[2014-12-04T21:58:13.503031540Z] 21:58:13.484 INFO - Creating a new session for Capabilities [{platform=ANY, javascriptEnabled=true, browserName=chrome, version=}]
[2014-12-04T21:58:13.510735726Z] Starting ChromeDriver 2.12.301324 (de8ab311bc9374d0ade71f7c167bad61848c7c48) on port 26678
[2014-12-04T21:58:13.510735726Z] Only local connections are allowed.
[2014-12-04T21:58:14.555064392Z] [0.545][WARNING]: PAC support disabled because there is no system implementation
[2014-12-04T21:58:15.170353998Z] 21:58:15.170 INFO - Done: [new session: Capabilities [{platform=ANY, javascriptEnabled=true, browserName=chrome, version=}]]
[2014-12-04T21:58:15.295240966Z] 21:58:15.293 INFO - Executing: [get: https://github.com])
[2014-12-04T21:58:18.397909955Z] 21:58:18.397 INFO - Done: [get: https://github.com]
[2014-12-04T21:58:18.455259412Z] 21:58:18.454 INFO - Executing: [get title])
[2014-12-04T21:58:18.518856844Z] 21:58:18.512 INFO - Done: [get title]
[2014-12-04T21:58:18.544176791Z] 21:58:18.541 INFO - Executing: [delete session: 9e13be04-c3a0-41b1-91ff-a47d233a6591])
[2014-12-04T21:58:19.230507374Z] 21:58:19.230 INFO - Done: [delete session: 9e13be04-c3a0-41b1-91ff-a47d233a6591]
[2014-12-04T21:58:19.248524311Z] 21:58:19.247 INFO - Executing: [new session: Capabilities [{platform=ANY, javascriptEnabled=true, browserName=chrome, version=}]])
[2014-12-04T21:58:19.251208853Z] 21:58:19.251 INFO - Creating a new session for Capabilities [{platform=ANY, javascriptEnabled=true, browserName=chrome, version=}]
[2014-12-04T21:58:19.279281030Z] Starting ChromeDriver 2.12.301324 (de8ab311bc9374d0ade71f7c167bad61848c7c48) on port 29843
[2014-12-04T21:58:19.279359746Z] Only local connections are allowed.
[2014-12-04T21:58:20.108196290Z] [0.510][WARNING]: PAC support disabled because there is no system implementation
[2014-12-04T21:58:20.661680321Z] 21:58:20.652 INFO - Done: [new session: Capabilities [{platform=ANY, javascriptEnabled=true, browserName=chrome, version=}]]
[2014-12-04T21:58:20.720489691Z] 21:58:20.718 INFO - Executing: [get: https://github.com])
[2014-12-04T21:58:25.895744203Z] 21:58:25.894 INFO - Done: [get: https://github.com]
[2014-12-04T21:58:25.921444089Z] 21:58:25.919 INFO - Executing: [get title])
[2014-12-04T21:58:25.988240191Z] 21:58:25.986 INFO - Done: [get title]
[2014-12-04T21:58:26.016730955Z] 21:58:26.015 INFO - Executing: [delete session: ffe171b1-b51c-4dcc-9c44-b55ae28396ef])
[2014-12-04T21:58:26.602197310Z] 21:58:26.601 INFO - Done: [delete session: ffe171b1-b51c-4dcc-9c44-b55ae28396ef]
[2014-12-04T21:58:26.626048978Z] 21:58:26.615 INFO - Executing: [new session: Capabilities [{platform=ANY, javascriptEnabled=true, browserName=chrome, version=}]])
[2014-12-04T21:58:26.627521781Z] 21:58:26.620 INFO - Creating a new session for Capabilities [{platform=ANY, javascriptEnabled=true, browserName=chrome, version=}]
[2014-12-04T21:58:26.938133020Z] Starting ChromeDriver 2.12.301324 (de8ab311bc9374d0ade71f7c167bad61848c7c48) on port 25350
[2014-12-04T21:58:26.938133020Z] Only local connections are allowed.
[2014-12-04T21:58:27.150525894Z] [0.429][WARNING]: PAC support disabled because there is no system implementation
[2014-12-04T21:58:28.699361223Z] 21:58:28.699 INFO - Done: [new session: Capabilities [{platform=ANY, javascriptEnabled=true, browserName=chrome, version=}]]
[2014-12-04T21:58:28.753470991Z] 21:58:28.752 INFO - Executing: [get: https://github.com])
[2014-12-04T21:58:33.046153378Z] 21:58:33.045 INFO - Done: [get: https://github.com]
[2014-12-04T21:58:33.120639014Z] 21:58:33.119 INFO - Executing: [get title])
[2014-12-04T21:58:33.267999165Z] 21:58:33.267 INFO - Done: [get title]
[2014-12-04T21:58:33.282027420Z] 21:58:33.281 INFO - Executing: [delete session: b98c12ec-bb74-4e40-9dc7-99214b128c3a])
[2014-12-04T21:58:33.855241174Z] 21:58:33.854 INFO - Done: [delete session: b98c12ec-bb74-4e40-9dc7-99214b128c3a]
[2014-12-04T21:58:33.879006762Z] 21:58:33.878 INFO - Executing: [new session: Capabilities [{platform=ANY, javascriptEnabled=true, browserName=chrome, version=}]])
[2014-12-04T21:58:33.899186142Z] 21:58:33.896 INFO - Creating a new session for Capabilities [{platform=ANY, javascriptEnabled=true, browserName=chrome, version=}]
[2014-12-04T21:58:33.920014021Z] Starting ChromeDriver 2.12.301324 (de8ab311bc9374d0ade71f7c167bad61848c7c48) on port 16451
[2014-12-04T21:58:33.920105138Z] Only local connections are allowed.
[2014-12-04T21:58:34.446189105Z] [0.517][WARNING]: PAC support disabled because there is no system implementation
[2014-12-04T21:58:35.964224608Z] 21:58:35.939 INFO - Done: [new session: Capabilities [{platform=ANY, javascriptEnabled=true, browserName=chrome, version=}]]
[2014-12-04T21:58:35.996515366Z] 21:58:35.995 INFO - Executing: [get: https://github.com])
[2014-12-04T21:58:40.098644324Z] 21:58:40.098 INFO - Done: [get: https://github.com]
[2014-12-04T21:58:40.116866780Z] 21:58:40.116 INFO - Executing: [get title])
[2014-12-04T21:58:40.256116773Z] 21:58:40.253 INFO - Done: [get title]
[2014-12-04T21:58:40.280592076Z] 21:58:40.275 INFO - Executing: [delete session: c98631a4-046f-4f7e-8727-6ac615787094])
[2014-12-04T21:58:40.979224046Z] 21:58:40.979 INFO - Done: [delete session: c98631a4-046f-4f7e-8727-6ac615787094]
[2014-12-04T21:58:41.018440067Z] 21:58:41.014 INFO - Executing: [new session: Capabilities [{platform=ANY, javascriptEnabled=true, browserName=chrome, version=}]])
[2014-12-04T21:58:41.038335574Z] 21:58:41.027 INFO - Creating a new session for Capabilities [{platform=ANY, javascriptEnabled=true, browserName=chrome, version=}]
[2014-12-04T21:58:41.095205584Z] Starting ChromeDriver 2.12.301324 (de8ab311bc9374d0ade71f7c167bad61848c7c48) on port 7201
[2014-12-04T21:58:41.095205584Z] Only local connections are allowed.
[2014-12-04T21:58:41.778661762Z] [0.482][WARNING]: PAC support disabled because there is no system implementation
[2014-12-04T21:58:42.703814537Z] 21:58:42.701 INFO - Done: [new session: Capabilities [{platform=ANY, javascriptEnabled=true, browserName=chrome, version=}]]
[2014-12-04T21:58:42.830416906Z] 21:58:42.802 INFO - Executing: [get: https://github.com])
[2014-12-04T21:58:46.889460963Z] 21:58:46.870 INFO - Done: [get: https://github.com]
[2014-12-04T21:58:46.916463815Z] 21:58:46.915 INFO - Executing: [get title])
[2014-12-04T21:58:47.055480002Z] 21:58:47.053 INFO - Done: [get title]
[2014-12-04T21:58:47.111309736Z] 21:58:47.110 INFO - Executing: [delete session: f88e4162-fdd7-4311-8a99-b4922a3fe2c2])
[2014-12-04T21:58:47.799672073Z] 21:58:47.799 INFO - Done: [delete session: f88e4162-fdd7-4311-8a99-b4922a3fe2c2]
[2014-12-04T21:58:47.817578612Z] 21:58:47.814 INFO - Executing: [new session: Capabilities [{platform=ANY, javascriptEnabled=true, browserName=chrome, version=}]])
[2014-12-04T21:58:47.817578612Z] 21:58:47.815 INFO - Creating a new session for Capabilities [{platform=ANY, javascriptEnabled=true, browserName=chrome, version=}]
[2014-12-04T21:58:47.837351934Z] Starting ChromeDriver 2.12.301324 (de8ab311bc9374d0ade71f7c167bad61848c7c48) on port 28397
[2014-12-04T21:58:47.837351934Z] Only local connections are allowed.
[2014-12-04T21:58:48.360537731Z] [0.512][WARNING]: PAC support disabled because there is no system implementation
[2014-12-04T21:58:49.878808441Z] 21:58:49.560 INFO - Done: [new session: Capabilities [{platform=ANY, javascriptEnabled=true, browserName=chrome, version=}]]
[2014-12-04T21:58:50.015568876Z] 21:58:49.615 INFO - Executing: [get: https://github.com])
[2014-12-04T21:58:54.042616747Z] 21:58:54.042 INFO - Done: [get: https://github.com]
[2014-12-04T21:58:54.074862601Z] 21:58:54.064 INFO - Executing: [get title])
[2014-12-04T21:58:54.157771116Z] 21:58:54.156 INFO - Done: [get title]
[2014-12-04T21:58:54.254122835Z] 21:58:54.253 INFO - Executing: [delete session: 083f4531-36a4-43e0-b25d-44995da35889])
[2014-12-04T21:58:54.829119494Z] 21:58:54.828 INFO - Done: [delete session: 083f4531-36a4-43e0-b25d-44995da35889]
[2014-12-04T21:58:54.901458393Z] 21:58:54.891 INFO - Executing: [new session: Capabilities [{platform=ANY, javascriptEnabled=true, browserName=chrome, version=}]])
[2014-12-04T21:58:54.936824754Z] 21:58:54.917 INFO - Creating a new session for Capabilities [{platform=ANY, javascriptEnabled=true, browserName=chrome, version=}]
[2014-12-04T21:58:54.953420524Z] Starting ChromeDriver 2.12.301324 (de8ab311bc9374d0ade71f7c167bad61848c7c48) on port 9194
[2014-12-04T21:58:54.953420524Z] Only local connections are allowed.
[2014-12-04T21:58:55.464817491Z] [0.501][WARNING]: PAC support disabled because there is no system implementation
[2014-12-04T21:58:56.799928076Z] 21:58:56.490 INFO - Done: [new session: Capabilities [{platform=ANY, javascriptEnabled=true, browserName=chrome, version=}]]
[2014-12-04T21:58:56.881205226Z] 21:58:56.530 INFO - Executing: [get: https://github.com])
[2014-12-04T21:59:00.590822105Z] 21:59:00.590 INFO - Done: [get: https://github.com]
[2014-12-04T21:59:00.612491842Z] 21:59:00.610 INFO - Executing: [get title])
[2014-12-04T21:59:00.888054073Z] 21:59:00.887 INFO - Done: [get title]
[2014-12-04T21:59:00.932901000Z] 21:59:00.931 INFO - Executing: [delete session: 23cf0dde-677a-4b36-a541-2803ce64b24f])
[2014-12-04T21:59:01.500229960Z] 21:59:01.500 INFO - Done: [delete session: 23cf0dde-677a-4b36-a541-2803ce64b24f]
[2014-12-04T21:59:01.561975679Z] 21:59:01.561 INFO - Executing: [new session: Capabilities [{platform=ANY, javascriptEnabled=true, browserName=chrome, version=}]])
[2014-12-04T21:59:01.564775976Z] 21:59:01.564 INFO - Creating a new session for Capabilities [{platform=ANY, javascriptEnabled=true, browserName=chrome, version=}]
[2014-12-04T21:59:01.591964802Z] Starting ChromeDriver 2.12.301324 (de8ab311bc9374d0ade71f7c167bad61848c7c48) on port 10191
[2014-12-04T21:59:01.591964802Z] Only local connections are allowed.
[2014-12-04T21:59:02.130779695Z] [0.519][WARNING]: PAC support disabled because there is no system implementation
[2014-12-04T21:59:03.228395014Z] 21:59:03.222 INFO - Done: [new session: Capabilities [{platform=ANY, javascriptEnabled=true, browserName=chrome, version=}]]
[2014-12-04T21:59:03.336224676Z] 21:59:03.335 INFO - Executing: [get: https://github.com])
[2014-12-04T21:59:07.351851257Z] 21:59:07.350 INFO - Done: [get: https://github.com]
[2014-12-04T21:59:07.415631841Z] 21:59:07.415 INFO - Executing: [get title])
[2014-12-04T21:59:07.525332623Z] 21:59:07.523 INFO - Done: [get title]
[2014-12-04T21:59:07.602625102Z] 21:59:07.601 INFO - Executing: [delete session: e4a35e36-dc38-4459-94f9-fde2c69b3b88])
[2014-12-04T21:59:08.232465869Z] 21:59:08.232 INFO - Done: [delete session: e4a35e36-dc38-4459-94f9-fde2c69b3b88]
[2014-12-04T21:59:08.256501192Z] 21:59:08.256 INFO - Executing: [new session: Capabilities [{platform=ANY, javascriptEnabled=true, browserName=chrome, version=}]])
[2014-12-04T21:59:08.261828339Z] 21:59:08.261 INFO - Creating a new session for Capabilities [{platform=ANY, javascriptEnabled=true, browserName=chrome, version=}]
[2014-12-04T21:59:08.322990591Z] Starting ChromeDriver 2.12.301324 (de8ab311bc9374d0ade71f7c167bad61848c7c48) on port 6315
[2014-12-04T21:59:08.322990591Z] Only local connections are allowed.
[2014-12-04T21:59:08.800423964Z] [0.471][WARNING]: PAC support disabled because there is no system implementation
[2014-12-04T21:59:09.826630191Z] 21:59:09.826 INFO - Done: [new session: Capabilities [{platform=ANY, javascriptEnabled=true, browserName=chrome, version=}]]
[2014-12-04T21:59:09.935154098Z] 21:59:09.869 INFO - Executing: [get: https://github.com])
[2014-12-04T21:59:13.576747936Z] 21:59:13.571 INFO - Done: [get: https://github.com]
[2014-12-04T21:59:13.597870500Z] 21:59:13.594 INFO - Executing: [get title])
[2014-12-04T21:59:13.846018692Z] 21:59:13.845 INFO - Done: [get title]
[2014-12-04T21:59:13.876611433Z] 21:59:13.876 INFO - Executing: [delete session: 62ad215c-52b1-4a04-90c4-8b4ca6cacd6e])
[2014-12-04T21:59:14.641384707Z] 21:59:14.637 INFO - Done: [delete session: 62ad215c-52b1-4a04-90c4-8b4ca6cacd6e]
[2014-12-04T21:59:14.751651060Z] 21:59:14.711 INFO - Executing: [new session: Capabilities [{platform=ANY, javascriptEnabled=true, browserName=chrome, version=}]])
[2014-12-04T21:59:14.751651060Z] 21:59:14.711 INFO - Creating a new session for Capabilities [{platform=ANY, javascriptEnabled=true, browserName=chrome, version=}]
[2014-12-04T21:59:14.774923755Z] Starting ChromeDriver 2.12.301324 (de8ab311bc9374d0ade71f7c167bad61848c7c48) on port 14475
[2014-12-04T21:59:14.774923755Z] Only local connections are allowed.
[2014-12-04T21:59:15.580931650Z] [0.476][WARNING]: PAC support disabled because there is no system implementation
[2014-12-04T21:59:15.974863277Z] 21:59:15.973 INFO - Done: [new session: Capabilities [{platform=ANY, javascriptEnabled=true, browserName=chrome, version=}]]
[2014-12-04T21:59:16.036146041Z] 21:59:16.033 INFO - Executing: [get: https://github.com])
[2014-12-04T21:59:19.727006497Z] 21:59:19.724 INFO - Done: [get: https://github.com]
[2014-12-04T21:59:19.761683140Z] 21:59:19.760 INFO - Executing: [get title])
[2014-12-04T21:59:19.810807660Z] 21:59:19.810 INFO - Done: [get title]
[2014-12-04T21:59:19.905851085Z] 21:59:19.900 INFO - Executing: [delete session: 62d46836-e5fe-4103-8185-0ef968fb3573])
[2014-12-04T21:59:20.630111179Z] 21:59:20.628 INFO - Done: [delete session: 62d46836-e5fe-4103-8185-0ef968fb3573]
[2014-12-04T21:59:20.646138576Z] 21:59:20.643 INFO - Executing: [new session: Capabilities [{platform=ANY, javascriptEnabled=true, browserName=chrome, version=}]])
[2014-12-04T21:59:20.649553265Z] 21:59:20.649 INFO - Creating a new session for Capabilities [{platform=ANY, javascriptEnabled=true, browserName=chrome, version=}]
[2014-12-04T21:59:20.694801805Z] Starting ChromeDriver 2.12.301324 (de8ab311bc9374d0ade71f7c167bad61848c7c48) on port 1064
[2014-12-04T21:59:20.694883369Z] Only local connections are allowed.
[2014-12-04T21:59:21.194992050Z] [0.501][WARNING]: PAC support disabled because there is no system implementation
[2014-12-04T21:59:22.232867895Z] 21:59:22.231 INFO - Done: [new session: Capabilities [{platform=ANY, javascriptEnabled=true, browserName=chrome, version=}]]
[2014-12-04T21:59:22.272326373Z] 21:59:22.269 INFO - Executing: [get: https://github.com])
[2014-12-04T21:59:26.015213416Z] 21:59:25.903 INFO - Done: [get: https://github.com]
[2014-12-04T21:59:26.015285156Z] 21:59:25.920 INFO - Executing: [get title])
[2014-12-04T21:59:26.015285156Z] 21:59:25.966 INFO - Done: [get title]
[2014-12-04T21:59:26.015285156Z] 21:59:25.989 INFO - Executing: [delete session: 968ddf15-1018-43fc-849b-e4cd5220d897])
[2014-12-04T21:59:26.764737436Z] 21:59:26.763 INFO - Done: [delete session: 968ddf15-1018-43fc-849b-e4cd5220d897]
[2014-12-04T21:59:26.779101383Z] 21:59:26.778 INFO - Executing: [new session: Capabilities [{platform=ANY, javascriptEnabled=true, browserName=chrome, version=}]])
[2014-12-04T21:59:26.779766123Z] 21:59:26.779 INFO - Creating a new session for Capabilities [{platform=ANY, javascriptEnabled=true, browserName=chrome, version=}]
[2014-12-04T21:59:26.867223324Z] Starting ChromeDriver 2.12.301324 (de8ab311bc9374d0ade71f7c167bad61848c7c48) on port 22624
[2014-12-04T21:59:26.867223324Z] Only local connections are allowed.
[2014-12-04T21:59:27.328247071Z] [0.455][WARNING]: PAC support disabled because there is no system implementation
[2014-12-04T21:59:28.295401453Z] 21:59:28.294 INFO - Done: [new session: Capabilities [{platform=ANY, javascriptEnabled=true, browserName=chrome, version=}]]
[2014-12-04T21:59:28.327356049Z] 21:59:28.325 INFO - Executing: [get: https://github.com])
[2014-12-04T21:59:33.192431699Z] 21:59:33.191 INFO - Done: [get: https://github.com]
[2014-12-04T21:59:33.258141011Z] 21:59:33.238 INFO - Executing: [get title])
[2014-12-04T21:59:33.294232325Z] 21:59:33.286 INFO - Done: [get title]
[2014-12-04T21:59:33.327592355Z] 21:59:33.327 INFO - Executing: [delete session: f8ce3859-75fa-4127-b2b6-9a283fe7ad82])
[2014-12-04T21:59:33.935004788Z] 21:59:33.934 INFO - Done: [delete session: f8ce3859-75fa-4127-b2b6-9a283fe7ad82]
[2014-12-04T21:59:33.977549046Z] 21:59:33.975 INFO - Executing: [new session: Capabilities [{platform=ANY, javascriptEnabled=true, browserName=chrome, version=}]])
[2014-12-04T21:59:33.990953042Z] 21:59:33.989 INFO - Creating a new session for Capabilities [{platform=ANY, javascriptEnabled=true, browserName=chrome, version=}]
[2014-12-04T21:59:34.019312764Z] Starting ChromeDriver 2.12.301324 (de8ab311bc9374d0ade71f7c167bad61848c7c48) on port 21097
[2014-12-04T21:59:34.019312764Z] Only local connections are allowed.
[2014-12-04T21:59:34.522218040Z] [0.503][WARNING]: PAC support disabled because there is no system implementation
[2014-12-04T21:59:35.427389215Z] 21:59:35.425 INFO - Done: [new session: Capabilities [{platform=ANY, javascriptEnabled=true, browserName=chrome, version=}]]
[2014-12-04T21:59:35.494600905Z] 21:59:35.493 INFO - Executing: [get: https://github.com])
[2014-12-04T21:59:39.776741887Z] 21:59:39.773 INFO - Done: [get: https://github.com]
[2014-12-04T21:59:39.836043643Z] 21:59:39.835 INFO - Executing: [get title])
[2014-12-04T21:59:40.059113628Z] 21:59:40.058 INFO - Done: [get title]
[2014-12-04T21:59:40.133984820Z] 21:59:40.126 INFO - Executing: [delete session: 026eb167-bf10-43c4-93e1-13f30c2b3a1c])
[2014-12-04T21:59:40.814401763Z] 21:59:40.813 INFO - Done: [delete session: 026eb167-bf10-43c4-93e1-13f30c2b3a1c]
[2014-12-04T21:59:40.882084993Z] 21:59:40.875 INFO - Executing: [new session: Capabilities [{platform=ANY, javascriptEnabled=true, browserName=chrome, version=}]])
[2014-12-04T21:59:40.891200871Z] 21:59:40.888 INFO - Creating a new session for Capabilities [{platform=ANY, javascriptEnabled=true, browserName=chrome, version=}]
[2014-12-04T21:59:40.928495912Z] Starting ChromeDriver 2.12.301324 (de8ab311bc9374d0ade71f7c167bad61848c7c48) on port 20866
[2014-12-04T21:59:40.928495912Z] Only local connections are allowed.
[2014-12-04T21:59:41.487071467Z] [0.542][WARNING]: PAC support disabled because there is no system implementation
[2014-12-04T21:59:42.417048701Z] 21:59:42.415 INFO - Done: [new session: Capabilities [{platform=ANY, javascriptEnabled=true, browserName=chrome, version=}]]
[2014-12-04T21:59:42.460555929Z] 21:59:42.454 INFO - Executing: [get: https://github.com])
[2014-12-04T21:59:45.847047193Z] 21:59:45.844 INFO - Done: [get: https://github.com]
[2014-12-04T21:59:45.889446228Z] 21:59:45.887 INFO - Executing: [get title])
[2014-12-04T21:59:45.926754317Z] 21:59:45.924 INFO - Done: [get title]
[2014-12-04T21:59:45.975229415Z] 21:59:45.969 INFO - Executing: [delete session: d72cbc0d-fdea-46ef-a13b-eeb3974e98fa])
[2014-12-04T21:59:46.555026454Z] 21:59:46.552 INFO - Done: [delete session: d72cbc0d-fdea-46ef-a13b-eeb3974e98fa]
[2014-12-04T21:59:46.567275054Z] 21:59:46.564 INFO - Executing: [new session: Capabilities [{platform=ANY, javascriptEnabled=true, browserName=chrome, version=}]])
[2014-12-04T21:59:46.567275054Z] 21:59:46.564 INFO - Creating a new session for Capabilities [{platform=ANY, javascriptEnabled=true, browserName=chrome, version=}]
[2014-12-04T21:59:46.587208235Z] Starting ChromeDriver 2.12.301324 (de8ab311bc9374d0ade71f7c167bad61848c7c48) on port 21295
[2014-12-04T21:59:46.587208235Z] Only local connections are allowed.
[2014-12-04T21:59:47.086178600Z] [0.502][WARNING]: PAC support disabled because there is no system implementation
[2014-12-04T21:59:48.560101986Z] 21:59:48.557 INFO - Done: [new session: Capabilities [{platform=ANY, javascriptEnabled=true, browserName=chrome, version=}]]
[2014-12-04T21:59:48.635366324Z] 21:59:48.634 INFO - Executing: [get: https://github.com])
[2014-12-04T21:59:52.047172322Z] 21:59:52.044 INFO - Done: [get: https://github.com]
[2014-12-04T21:59:52.078967039Z] 21:59:52.076 INFO - Executing: [get title])
[2014-12-04T21:59:52.266930497Z] 21:59:52.265 INFO - Done: [get title]
[2014-12-04T21:59:52.282760413Z] 21:59:52.282 INFO - Executing: [delete session: 39399ca3-9dd0-4055-b378-fc744ba049c9])
[2014-12-04T21:59:53.292433439Z] 21:59:52.907 INFO - Done: [delete session: 39399ca3-9dd0-4055-b378-fc744ba049c9]
[2014-12-04T21:59:53.331667643Z] 21:59:52.919 INFO - Executing: [new session: Capabilities [{platform=ANY, javascriptEnabled=true, browserName=chrome, version=}]])
[2014-12-04T21:59:53.331667643Z] 21:59:52.920 INFO - Creating a new session for Capabilities [{platform=ANY, javascriptEnabled=true, browserName=chrome, version=}]
[2014-12-04T21:59:53.331667643Z] Starting ChromeDriver 2.12.301324 (de8ab311bc9374d0ade71f7c167bad61848c7c48) on port 15344
[2014-12-04T21:59:53.331667643Z] Only local connections are allowed.
[2014-12-04T21:59:53.445702218Z] [0.513][WARNING]: PAC support disabled because there is no system implementation
[2014-12-04T21:59:55.015820722Z] 21:59:55.015 INFO - Done: [new session: Capabilities [{platform=ANY, javascriptEnabled=true, browserName=chrome, version=}]]
[2014-12-04T21:59:55.077637053Z] 21:59:55.076 INFO - Executing: [get: https://github.com])
[2014-12-04T21:59:59.283040031Z] 21:59:59.228 INFO - Done: [get: https://github.com]
[2014-12-04T21:59:59.306970038Z] 21:59:59.248 INFO - Executing: [get title])
[2014-12-04T21:59:59.306970038Z] 21:59:59.294 INFO - Done: [get title]
[2014-12-04T21:59:59.306970038Z] 21:59:59.304 INFO - Executing: [delete session: 88c79cdd-5e63-45cc-af94-b7f12c8a137c])
[2014-12-04T21:59:59.986925111Z] 21:59:59.980 INFO - Done: [delete session: 88c79cdd-5e63-45cc-af94-b7f12c8a137c]
[2014-12-04T21:59:59.997782540Z] 21:59:59.996 INFO - Executing: [new session: Capabilities [{platform=ANY, javascriptEnabled=true, browserName=chrome, version=}]])
[2014-12-04T22:00:00.024596879Z] 22:00:00.024 INFO - Creating a new session for Capabilities [{platform=ANY, javascriptEnabled=true, browserName=chrome, version=}]
[2014-12-04T22:00:00.070590135Z] Starting ChromeDriver 2.12.301324 (de8ab311bc9374d0ade71f7c167bad61848c7c48) on port 18313
[2014-12-04T22:00:00.070590135Z] Only local connections are allowed.
[2014-12-04T22:00:00.594433350Z] [0.522][WARNING]: PAC support disabled because there is no system implementation
[2014-12-04T22:00:02.085597118Z] 22:00:02.085 INFO - Done: [new session: Capabilities [{platform=ANY, javascriptEnabled=true, browserName=chrome, version=}]]
[2014-12-04T22:00:02.168938002Z] 22:00:02.168 INFO - Executing: [get: https://github.com])
[2014-12-04T22:00:05.917993710Z] 22:00:05.750 INFO - Done: [get: https://github.com]
[2014-12-04T22:00:05.960812855Z] 22:00:05.761 INFO - Executing: [get title])
[2014-12-04T22:00:05.960812855Z] 22:00:05.868 INFO - Done: [get title]
[2014-12-04T22:00:05.960812855Z] 22:00:05.904 INFO - Executing: [delete session: 6a2825f0-90d0-4d71-9f0e-1e5809b7f7d5])
[2014-12-04T22:00:07.289149746Z] 22:00:06.547 INFO - Done: [delete session: 6a2825f0-90d0-4d71-9f0e-1e5809b7f7d5]
[2014-12-04T22:00:07.289440105Z] 22:00:06.561 INFO - Executing: [new session: Capabilities [{platform=ANY, javascriptEnabled=true, browserName=chrome, version=}]])
[2014-12-04T22:00:07.289440105Z] 22:00:06.565 INFO - Creating a new session for Capabilities [{platform=ANY, javascriptEnabled=true, browserName=chrome, version=}]
[2014-12-04T22:00:07.289440105Z] Starting ChromeDriver 2.12.301324 (de8ab311bc9374d0ade71f7c167bad61848c7c48) on port 2992
[2014-12-04T22:00:07.289440105Z] Only local connections are allowed.
[2014-12-04T22:00:07.289440105Z] [0.522][WARNING]: PAC support disabled because there is no system implementation
[2014-12-04T22:00:08.597428137Z] 22:00:08.436 INFO - Done: [new session: Capabilities [{platform=ANY, javascriptEnabled=true, browserName=chrome, version=}]]
[2014-12-04T22:00:08.668470415Z] 22:00:08.520 INFO - Executing: [get: https://github.com])
[2014-12-04T22:00:12.262522275Z] 22:00:12.224 INFO - Done: [get: https://github.com]
[2014-12-04T22:00:12.308325688Z] 22:00:12.306 INFO - Executing: [get title])
[2014-12-04T22:00:12.476899184Z] 22:00:12.470 INFO - Done: [get title]
[2014-12-04T22:00:12.495020073Z] 22:00:12.492 INFO - Executing: [delete session: 13581c42-0c03-45d3-b1c9-39fee414ca4b])
[2014-12-04T22:00:13.381718002Z] 22:00:13.143 INFO - Done: [delete session: 13581c42-0c03-45d3-b1c9-39fee414ca4b]
[2014-12-04T22:00:13.446141561Z] 22:00:13.156 INFO - Executing: [new session: Capabilities [{platform=ANY, javascriptEnabled=true, browserName=chrome, version=}]])
[2014-12-04T22:00:13.446141561Z] 22:00:13.159 INFO - Creating a new session for Capabilities [{platform=ANY, javascriptEnabled=true, browserName=chrome, version=}]
[2014-12-04T22:00:13.446141561Z] Starting ChromeDriver 2.12.301324 (de8ab311bc9374d0ade71f7c167bad61848c7c48) on port 20323
[2014-12-04T22:00:13.446141561Z] Only local connections are allowed.
[2014-12-04T22:00:13.675602253Z] [0.502][WARNING]: PAC support disabled because there is no system implementation
[2014-12-04T22:00:14.720207617Z] 22:00:14.719 INFO - Done: [new session: Capabilities [{platform=ANY, javascriptEnabled=true, browserName=chrome, version=}]]
[2014-12-04T22:00:14.751156009Z] 22:00:14.749 INFO - Executing: [get: https://github.com])
[2014-12-04T22:00:18.194905298Z] 22:00:18.194 INFO - Done: [get: https://github.com]
[2014-12-04T22:00:18.210802771Z] 22:00:18.210 INFO - Executing: [get title])
[2014-12-04T22:00:18.277060362Z] 22:00:18.275 INFO - Done: [get title]
[2014-12-04T22:00:18.295996460Z] 22:00:18.295 INFO - Executing: [delete session: f2990473-7b59-48f1-a2d7-b93092a49b01])
[2014-12-04T22:00:18.910770679Z] 22:00:18.910 INFO - Done: [delete session: f2990473-7b59-48f1-a2d7-b93092a49b01]
[2014-12-04T22:00:18.925983290Z] 22:00:18.925 INFO - Executing: [new session: Capabilities [{platform=ANY, javascriptEnabled=true, browserName=chrome, version=}]])
[2014-12-04T22:00:18.933011684Z] 22:00:18.930 INFO - Creating a new session for Capabilities [{platform=ANY, javascriptEnabled=true, browserName=chrome, version=}]
[2014-12-04T22:00:18.959766894Z] Starting ChromeDriver 2.12.301324 (de8ab311bc9374d0ade71f7c167bad61848c7c48) on port 3496
[2014-12-04T22:00:18.959766894Z] Only local connections are allowed.
[2014-12-04T22:00:19.462768590Z] [0.503][WARNING]: PAC support disabled because there is no system implementation
[2014-12-04T22:00:20.235559069Z] 22:00:20.234 INFO - Done: [new session: Capabilities [{platform=ANY, javascriptEnabled=true, browserName=chrome, version=}]]
[2014-12-04T22:00:20.282577459Z] 22:00:20.282 INFO - Executing: [get: https://github.com])
[2014-12-04T22:00:23.430391105Z] 22:00:23.430 INFO - Done: [get: https://github.com]
[2014-12-04T22:00:23.446205212Z] 22:00:23.445 INFO - Executing: [get title])
[2014-12-04T22:00:23.469510778Z] 22:00:23.469 INFO - Done: [get title]
[2014-12-04T22:00:23.482935074Z] 22:00:23.482 INFO - Executing: [delete session: ebc45c62-c276-47d0-885f-78378797832e])
[2014-12-04T22:00:24.045894867Z] 22:00:24.045 INFO - Done: [delete session: ebc45c62-c276-47d0-885f-78378797832e]
[2014-12-04T22:00:25.317966166Z] 22:00:25.315 INFO - Executing: [new session: Capabilities [{platform=ANY, javascriptEnabled=true, browserName=chrome, version=}]])
[2014-12-04T22:00:25.318814790Z] 22:00:25.318 INFO - Creating a new session for Capabilities [{platform=ANY, javascriptEnabled=true, browserName=chrome, version=}]
[2014-12-04T22:00:25.327483580Z] Starting ChromeDriver 2.12.301324 (de8ab311bc9374d0ade71f7c167bad61848c7c48) on port 13037
[2014-12-04T22:00:25.327543816Z] Only local connections are allowed.
[2014-12-04T22:00:25.830974343Z] [0.503][WARNING]: PAC support disabled because there is no system implementation
[2014-12-04T22:00:26.129588546Z] 22:00:26.129 INFO - Done: [new session: Capabilities [{platform=ANY, javascriptEnabled=true, browserName=chrome, version=}]]
[2014-12-04T22:00:26.149157136Z] 22:00:26.148 INFO - Executing: [get: https://github.com])
[2014-12-04T22:00:28.560370885Z] 22:00:28.560 INFO - Done: [get: https://github.com]
[2014-12-04T22:00:28.569432633Z] 22:00:28.569 INFO - Executing: [get title])
[2014-12-04T22:00:28.576353220Z] 22:00:28.576 INFO - Done: [get title]
[2014-12-04T22:00:28.583953778Z] 22:00:28.583 INFO - Executing: [delete session: 13bec89e-92d5-4d21-af2e-1d89a383b899])
[2014-12-04T22:00:29.144913455Z] 22:00:29.143 INFO - Done: [delete session: 13bec89e-92d5-4d21-af2e-1d89a383b899]
[2014-12-04T22:00:30.166992509Z] 22:00:30.166 INFO - Executing: [new session: Capabilities [{platform=ANY, javascriptEnabled=true, browserName=chrome, version=}]])
[2014-12-04T22:00:30.167765593Z] 22:00:30.167 INFO - Creating a new session for Capabilities [{platform=ANY, javascriptEnabled=true, browserName=chrome, version=}]
[2014-12-04T22:00:30.174222323Z] Starting ChromeDriver 2.12.301324 (de8ab311bc9374d0ade71f7c167bad61848c7c48) on port 10284
[2014-12-04T22:00:30.174222323Z] Only local connections are allowed.
[2014-12-04T22:00:30.676238065Z] [0.502][WARNING]: PAC support disabled because there is no system implementation
[2014-12-04T22:00:31.007536686Z] 22:00:31.007 INFO - Done: [new session: Capabilities [{platform=ANY, javascriptEnabled=true, browserName=chrome, version=}]]
[2014-12-04T22:00:31.024121808Z] 22:00:31.023 INFO - Executing: [get: https://github.com])
[2014-12-04T22:00:34.064592069Z] 22:00:34.063 INFO - Done: [get: https://github.com]
[2014-12-04T22:00:34.074209960Z] 22:00:34.073 INFO - Executing: [get title])
[2014-12-04T22:00:34.083347949Z] 22:00:34.082 INFO - Done: [get title]
[2014-12-04T22:00:34.091285090Z] 22:00:34.091 INFO - Executing: [delete session: ad3cf0b1-a6e6-432e-8b1b-0dde0cce7362])
[2014-12-04T22:00:34.648877932Z] 22:00:34.648 INFO - Done: [delete session: ad3cf0b1-a6e6-432e-8b1b-0dde0cce7362]
[2014-12-04T22:00:36.040699780Z] 22:00:36.040 INFO - Executing: [new session: Capabilities [{platform=ANY, javascriptEnabled=true, browserName=chrome, version=}]])
[2014-12-04T22:00:36.041536134Z] 22:00:36.041 INFO - Creating a new session for Capabilities [{platform=ANY, javascriptEnabled=true, browserName=chrome, version=}]
[2014-12-04T22:00:36.048677495Z] Starting ChromeDriver 2.12.301324 (de8ab311bc9374d0ade71f7c167bad61848c7c48) on port 4180
[2014-12-04T22:00:36.048677495Z] Only local connections are allowed.
[2014-12-04T22:00:36.550673348Z] [0.502][WARNING]: PAC support disabled because there is no system implementation
[2014-12-04T22:00:36.901247974Z] 22:00:36.900 INFO - Done: [new session: Capabilities [{platform=ANY, javascriptEnabled=true, browserName=chrome, version=}]]
[2014-12-04T22:00:36.919003296Z] 22:00:36.918 INFO - Executing: [get: https://github.com])
[2014-12-04T22:00:39.901737801Z] 22:00:39.901 INFO - Done: [get: https://github.com]
[2014-12-04T22:00:39.912472015Z] 22:00:39.912 INFO - Executing: [get title])
[2014-12-04T22:00:39.922888244Z] 22:00:39.922 INFO - Done: [get title]
[2014-12-04T22:00:39.933895571Z] 22:00:39.933 INFO - Executing: [delete session: 0128ea1b-9d69-4dc2-99a6-51650e997107])
[2014-12-04T22:00:40.490883228Z] 22:00:40.490 INFO - Done: [delete session: 0128ea1b-9d69-4dc2-99a6-51650e997107]
[2014-12-04T22:00:42.124794303Z] 22:00:41.849 INFO - Executing: [new session: Capabilities [{platform=ANY, javascriptEnabled=true, browserName=chrome, version=}]])
[2014-12-04T22:00:42.150561048Z] 22:00:41.850 INFO - Creating a new session for Capabilities [{platform=ANY, javascriptEnabled=true, browserName=chrome, version=}]
[2014-12-04T22:00:42.150561048Z] Starting ChromeDriver 2.12.301324 (de8ab311bc9374d0ade71f7c167bad61848c7c48) on port 9926
[2014-12-04T22:00:42.150561048Z] Only local connections are allowed.
[2014-12-04T22:00:42.362635644Z] [0.504][WARNING]: PAC support disabled because there is no system implementation
[2014-12-04T22:00:42.676744226Z] 22:00:42.676 INFO - Done: [new session: Capabilities [{platform=ANY, javascriptEnabled=true, browserName=chrome, version=}]]
[2014-12-04T22:00:42.704755139Z] 22:00:42.702 INFO - Executing: [get: https://github.com])
[2014-12-04T22:00:44.439286594Z] 22:00:44.439 INFO - Done: [get: https://github.com]
[2014-12-04T22:00:44.450625492Z] 22:00:44.450 INFO - Executing: [get title])
[2014-12-04T22:00:44.457341876Z] 22:00:44.457 INFO - Done: [get title]
[2014-12-04T22:00:44.467306971Z] 22:00:44.467 INFO - Executing: [delete session: 43acf517-a0f1-4940-ac4c-7c5bef236092])
[2014-12-04T22:00:45.025436896Z] 22:00:45.025 INFO - Done: [delete session: 43acf517-a0f1-4940-ac4c-7c5bef236092]
